<?xml version="1.0" encoding="UTF-8"?>
<TestRun id="d4053d36-ecfa-435f-bc65-28d5286668d6" name="Mark@MACPC 2012-12-20 16:02:24" runUser="MacPc\Mark" xmlns="http://microsoft.com/schemas/VisualStudio/TeamTest/2010">
  <TestSettings name="Local" id="f45b0aff-07a5-4726-a4ce-984b897c8a14">
    <Description>These are default test settings for a local test run.</Description>
    <Deployment enabled="false" runDeploymentRoot="Mark_MACPC 2012-12-20 16_02_24" />
    <Execution>
      <TestTypeSpecific />
      <AgentRule name="Execution Agents">
      </AgentRule>
    </Execution>
  </TestSettings>
  <Times creation="2012-12-20T16:02:24.8853043+01:00" queuing="2012-12-20T16:02:25.3181153+01:00" start="2012-12-20T16:02:25.7479953+01:00" finish="2012-12-20T16:02:31.7370053+01:00" />
  <ResultSummary outcome="Failed">
    <Counters total="1" executed="1" error="0" failed="1" timeout="0" aborted="0" inconclusive="0" passedButRunAborted="0" notRunnable="0" notExecuted="0" disconnected="0" warning="0" passed="0" completed="0" inProgress="0" pending="0" />
  </ResultSummary>
  <TestDefinitions>
    <UnitTest name="insert_inventory_data" storage="c:\sourcecode\ecohotels\ecohotels.core.tests\bin\debug\ecohotels.core.tests.dll" id="1cc80d08-41ae-fbe4-c02f-ebd2d23eccc2">
      <Execution timeOut="1800000" id="74042d1e-24c2-4268-92f2-45f81577b543" />
      <TestMethod codeBase="C:/SourceCode/EcoHotels/EcoHotels.Core.Tests/bin/Debug/EcoHotels.Core.Tests.DLL" adapterTypeName="Microsoft.VisualStudio.TestTools.TestTypes.Unit.UnitTestAdapter, Microsoft.VisualStudio.QualityTools.Tips.UnitTest.Adapter, Version=10.0.0.0, Culture=neutral, PublicKeyToken=b03f5f7f11d50a3a" className="EcoHotels.Core.Tests.Install.DataInstaller, EcoHotels.Core.Tests, Version=1.0.0.0, Culture=neutral, PublicKeyToken=null" name="insert_inventory_data" />
    </UnitTest>
  </TestDefinitions>
  <TestLists>
    <TestList name="Results Not in a List" id="8c84fa94-04c1-424b-9868-57a2d4851a1d" />
    <TestList name="All Loaded Results" id="19431567-8539-422a-85d7-44ee4e166bda" />
  </TestLists>
  <TestEntries>
    <TestEntry testId="1cc80d08-41ae-fbe4-c02f-ebd2d23eccc2" executionId="74042d1e-24c2-4268-92f2-45f81577b543" testListId="8c84fa94-04c1-424b-9868-57a2d4851a1d" />
  </TestEntries>
  <Results>
    <UnitTestResult executionId="74042d1e-24c2-4268-92f2-45f81577b543" testId="1cc80d08-41ae-fbe4-c02f-ebd2d23eccc2" testName="insert_inventory_data" computerName="MACPC" duration="00:00:05.2273833" startTime="2012-12-20T16:02:26.0508653+01:00" endTime="2012-12-20T16:02:31.6246503+01:00" testType="13cdc9d9-ddb5-4fa4-a97d-d965ccfc6d4b" outcome="Failed" testListId="8c84fa94-04c1-424b-9868-57a2d4851a1d" relativeResultsDirectory="74042d1e-24c2-4268-92f2-45f81577b543">
      <Output>
        <DebugTrace>SessionScope Initializing...
SessionScope BeginTransaction
SessionScope EndTransaction
</DebugTrace>
        <ErrorInfo>
          <Message>Test method EcoHotels.Core.Tests.Install.DataInstaller.insert_inventory_data threw exception: 
NHibernate.TypeMismatchException: Provided id of the wrong type. Expected: System.DateTime, got System.Int32</Message>
          <StackTrace>    at NHibernate.Event.Default.DefaultLoadEventListener.OnLoad(LoadEvent event, LoadType loadType)
   at NHibernate.Impl.SessionImpl.FireLoad(LoadEvent event, LoadType loadType)
   at NHibernate.Impl.SessionImpl.Get(String entityName, Object id)
   at NHibernate.Impl.SessionImpl.Get(Type entityClass, Object id)
   at NHibernate.Impl.SessionImpl.Get[T](Object id)
   at EcoHotels.Core.Tests.Install.DataInstaller.insert_inventory_data() in C:\SourceCode\EcoHotels\EcoHotels.Core.Tests\Install\DataInstaller.cs:line 47
</StackTrace>
        </ErrorInfo>
      </Output>
    </UnitTestResult>
  </Results>
</TestRun>