<?xml version="1.0" encoding="UTF-8"?>
<TestRun id="2f9cdef8-b779-44bb-810f-99df5bd79f7b" name="Mark@MACPC 2012-06-19 10:22:29" runUser="MacPc\Mark" xmlns="http://microsoft.com/schemas/VisualStudio/TeamTest/2010">
  <TestSettings name="Local" id="f45b0aff-07a5-4726-a4ce-984b897c8a14">
    <Description>These are default test settings for a local test run.</Description>
    <Deployment enabled="false" runDeploymentRoot="Mark_MACPC 2012-06-19 10_22_29" />
    <Execution>
      <TestTypeSpecific />
      <AgentRule name="Execution Agents">
      </AgentRule>
    </Execution>
  </TestSettings>
  <Times creation="2012-06-19T10:22:29.5176333+02:00" queuing="2012-06-19T10:22:30.0039303+02:00" start="2012-06-19T10:22:30.8027073+02:00" finish="2012-06-19T10:22:32.8611693+02:00" />
  <ResultSummary outcome="Failed">
    <Counters total="1" executed="1" error="0" failed="1" timeout="0" aborted="0" inconclusive="0" passedButRunAborted="0" notRunnable="0" notExecuted="0" disconnected="0" warning="0" passed="0" completed="0" inProgress="0" pending="0" />
  </ResultSummary>
  <TestDefinitions>
    <UnitTest name="can_convert_from_usd_to_dkk" storage="c:\sourcecode\ecohotels\ecohotels.core.tests\bin\debug\ecohotels.core.tests.dll" id="a09dbd99-82e0-273e-3a06-ea04ba08d948">
      <Execution timeOut="1800000" id="1bf8cb2b-7f22-430b-bf40-fbe91ad7d9dc" />
      <TestMethod codeBase="C:/SourceCode/EcoHotels/EcoHotels.Core.Tests/bin/Debug/EcoHotels.Core.Tests.DLL" adapterTypeName="Microsoft.VisualStudio.TestTools.TestTypes.Unit.UnitTestAdapter, Microsoft.VisualStudio.QualityTools.Tips.UnitTest.Adapter, Version=10.0.0.0, Culture=neutral, PublicKeyToken=b03f5f7f11d50a3a" className="EcoHotels.Core.Tests.Unit.MoneyTester, EcoHotels.Core.Tests, Version=1.0.0.0, Culture=neutral, PublicKeyToken=null" name="can_convert_from_usd_to_dkk" />
    </UnitTest>
  </TestDefinitions>
  <TestLists>
    <TestList name="Results Not in a List" id="8c84fa94-04c1-424b-9868-57a2d4851a1d" />
    <TestList name="All Loaded Results" id="19431567-8539-422a-85d7-44ee4e166bda" />
  </TestLists>
  <TestEntries>
    <TestEntry testId="a09dbd99-82e0-273e-3a06-ea04ba08d948" executionId="1bf8cb2b-7f22-430b-bf40-fbe91ad7d9dc" testListId="8c84fa94-04c1-424b-9868-57a2d4851a1d" />
  </TestEntries>
  <Results>
    <UnitTestResult executionId="1bf8cb2b-7f22-430b-bf40-fbe91ad7d9dc" testId="a09dbd99-82e0-273e-3a06-ea04ba08d948" testName="can_convert_from_usd_to_dkk" computerName="MACPC" duration="00:00:00.2344965" startTime="2012-06-19T10:22:32.0789928+02:00" endTime="2012-06-19T10:22:32.7029763+02:00" testType="13cdc9d9-ddb5-4fa4-a97d-d965ccfc6d4b" outcome="Failed" testListId="8c84fa94-04c1-424b-9868-57a2d4851a1d" relativeResultsDirectory="1bf8cb2b-7f22-430b-bf40-fbe91ad7d9dc">
      <Output>
        <ErrorInfo>
          <Message>Assert.AreEqual failed. Expected:&lt;584,070&gt;. Actual:&lt;100&gt;. </Message>
          <StackTrace>   at EcoHotels.Core.Tests.Unit.MoneyTester.can_convert_from_usd_to_dkk() in C:\SourceCode\EcoHotels\EcoHotels.Core.Tests\Unit\MoneyTester.cs:line 24
</StackTrace>
        </ErrorInfo>
      </Output>
    </UnitTestResult>
  </Results>
</TestRun>