<?xml version="1.0" encoding="UTF-8"?>
<TestRun id="bb02b694-d379-44cc-b33f-060f0bbe56fb" name="Mark@MACPC 2012-06-15 17:35:32" runUser="MacPc\Mark" xmlns="http://microsoft.com/schemas/VisualStudio/TeamTest/2010">
  <TestSettings name="Local" id="f45b0aff-07a5-4726-a4ce-984b897c8a14">
    <Description>These are default test settings for a local test run.</Description>
    <Deployment enabled="false" runDeploymentRoot="Mark_MACPC 2012-06-15 17_35_32" />
    <Execution>
      <TestTypeSpecific />
      <AgentRule name="Execution Agents">
      </AgentRule>
    </Execution>
  </TestSettings>
  <Times creation="2012-06-15T17:35:32.7206952+02:00" queuing="2012-06-15T17:35:33.1182935+02:00" start="2012-06-15T17:35:33.6067435+02:00" finish="2012-06-15T17:35:39.5785332+02:00" />
  <ResultSummary outcome="Failed">
    <Counters total="1" executed="1" error="0" failed="1" timeout="0" aborted="0" inconclusive="0" passedButRunAborted="0" notRunnable="0" notExecuted="0" disconnected="0" warning="0" passed="0" completed="0" inProgress="0" pending="0" />
  </ResultSummary>
  <TestDefinitions>
    <UnitTest name="nHibernate_unit_test" storage="c:\sourcecode\ecohotels\ecohotels.core.tests\bin\debug\ecohotels.core.tests.dll" id="6655d7da-001d-2fe6-3c18-8215c08a45dc">
      <Execution timeOut="1800000" id="8ff89abd-fa20-445b-9b3c-860f502bdefc" />
      <TestMethod codeBase="C:/SourceCode/EcoHotels/EcoHotels.Core.Tests/bin/Debug/EcoHotels.Core.Tests.DLL" adapterTypeName="Microsoft.VisualStudio.TestTools.TestTypes.Unit.UnitTestAdapter, Microsoft.VisualStudio.QualityTools.Tips.UnitTest.Adapter, Version=10.0.0.0, Culture=neutral, PublicKeyToken=b03f5f7f11d50a3a" className="EcoHotels.Core.Tests.UnitTest1, EcoHotels.Core.Tests, Version=1.0.0.0, Culture=neutral, PublicKeyToken=null" name="nHibernate_unit_test" />
    </UnitTest>
  </TestDefinitions>
  <TestLists>
    <TestList name="Results Not in a List" id="8c84fa94-04c1-424b-9868-57a2d4851a1d" />
    <TestList name="All Loaded Results" id="19431567-8539-422a-85d7-44ee4e166bda" />
  </TestLists>
  <TestEntries>
    <TestEntry testId="6655d7da-001d-2fe6-3c18-8215c08a45dc" executionId="8ff89abd-fa20-445b-9b3c-860f502bdefc" testListId="8c84fa94-04c1-424b-9868-57a2d4851a1d" />
  </TestEntries>
  <Results>
    <UnitTestResult executionId="8ff89abd-fa20-445b-9b3c-860f502bdefc" testId="6655d7da-001d-2fe6-3c18-8215c08a45dc" testName="nHibernate_unit_test" computerName="MACPC" duration="00:00:04.8474431" startTime="2012-06-15T17:35:34.2378209+02:00" endTime="2012-06-15T17:35:39.4700973+02:00" testType="13cdc9d9-ddb5-4fa4-a97d-d965ccfc6d4b" outcome="Failed" testListId="8c84fa94-04c1-424b-9868-57a2d4851a1d" relativeResultsDirectory="8ff89abd-fa20-445b-9b3c-860f502bdefc">
      <Output>
        <DebugTrace>SessionScope Initializing...
</DebugTrace>
        <ErrorInfo>
          <Message>Test method EcoHotels.Core.Tests.UnitTest1.nHibernate_unit_test threw exception: 
NHibernate.HibernateException: No session bound to the current context</Message>
          <StackTrace>    at NHibernate.Context.CurrentSessionContext.CurrentSession() in c:\Users\oskar.berggren\Documents\Projects\nhibernate-core-3\src\NHibernate\Context\CurrentSessionContext.cs:line 35
   at NHibernate.Impl.SessionFactoryImpl.GetCurrentSession() in c:\Users\oskar.berggren\Documents\Projects\nhibernate-core-3\src\NHibernate\Impl\SessionFactoryImpl.cs:line 1042
   at EcoHotels.Core.Infrastructure.NHibernate.SessionFactory.GetCurrentSession() in C:\SourceCode\EcoHotels\EcoHotels.Core\Infrastructure\NHibernate\SessionFactory.cs:line 96
   at EcoHotels.Core.Infrastructure.Repositories.NH.RepositoryBase`1.get_Session() in C:\SourceCode\EcoHotels\EcoHotels.Core\Infrastructure\Repositories\NH\RepositoryBase.cs:line 23
   at EcoHotels.Core.Infrastructure.Repositories.NH.RepositoryBase`1.FindBy(Guid key) in C:\SourceCode\EcoHotels\EcoHotels.Core\Infrastructure\Repositories\NH\RepositoryBase.cs:line 35
   at EcoHotels.Core.Infrastructure.Services.Property.OrganizationService.FindById(Guid id) in C:\SourceCode\EcoHotels\EcoHotels.Core\Infrastructure\Services\Property\OrganizationService.cs:line 40
   at EcoHotels.Core.Tests.UnitTest1.nHibernate_unit_test() in C:\SourceCode\EcoHotels\EcoHotels.Core.Tests\UnitTest1.cs:line 47
</StackTrace>
        </ErrorInfo>
      </Output>
    </UnitTestResult>
  </Results>
</TestRun>