<?xml version="1.0" encoding="UTF-8"?>
<TestRun id="87284830-a1cb-4bfb-a5ef-713f7a06047c" name="Mark@MACPC 2012-06-15 17:51:35" runUser="MacPc\Mark" xmlns="http://microsoft.com/schemas/VisualStudio/TeamTest/2010">
  <TestSettings name="Local" id="f45b0aff-07a5-4726-a4ce-984b897c8a14">
    <Description>These are default test settings for a local test run.</Description>
    <Deployment enabled="false" runDeploymentRoot="Mark_MACPC 2012-06-15 17_51_35" />
    <Execution>
      <TestTypeSpecific />
      <AgentRule name="Execution Agents">
      </AgentRule>
    </Execution>
  </TestSettings>
  <Times creation="2012-06-15T17:51:35.7996512+02:00" queuing="2012-06-15T17:51:36.4474685+02:00" start="2012-06-15T17:51:37.1187362+02:00" finish="2012-06-15T17:51:38.7778520+02:00" />
  <ResultSummary outcome="Error">
    <Counters total="1" executed="1" error="1" failed="0" timeout="0" aborted="0" inconclusive="0" passedButRunAborted="0" notRunnable="0" notExecuted="0" disconnected="0" warning="0" passed="0" completed="0" inProgress="0" pending="0" />
  </ResultSummary>
  <TestDefinitions>
    <UnitTest name="nHibernate_unit_test" storage="c:\sourcecode\ecohotels\ecohotels.core.tests\bin\debug\ecohotels.core.tests.dll" id="6655d7da-001d-2fe6-3c18-8215c08a45dc">
      <Execution timeOut="1800000" id="7b5ce43e-3bfd-4454-a494-671ca6b8deaa" />
      <TestMethod codeBase="C:/SourceCode/EcoHotels/EcoHotels.Core.Tests/bin/Debug/EcoHotels.Core.Tests.DLL" adapterTypeName="Microsoft.VisualStudio.TestTools.TestTypes.Unit.UnitTestAdapter, Microsoft.VisualStudio.QualityTools.Tips.UnitTest.Adapter, Version=10.0.0.0, Culture=neutral, PublicKeyToken=b03f5f7f11d50a3a" className="EcoHotels.Core.Tests.UnitTest1, EcoHotels.Core.Tests, Version=1.0.0.0, Culture=neutral, PublicKeyToken=null" name="nHibernate_unit_test" />
    </UnitTest>
  </TestDefinitions>
  <TestLists>
    <TestList name="Results Not in a List" id="8c84fa94-04c1-424b-9868-57a2d4851a1d" />
    <TestList name="All Loaded Results" id="19431567-8539-422a-85d7-44ee4e166bda" />
  </TestLists>
  <TestEntries>
    <TestEntry testId="6655d7da-001d-2fe6-3c18-8215c08a45dc" executionId="7b5ce43e-3bfd-4454-a494-671ca6b8deaa" testListId="8c84fa94-04c1-424b-9868-57a2d4851a1d" />
  </TestEntries>
  <Results>
    <UnitTestResult executionId="7b5ce43e-3bfd-4454-a494-671ca6b8deaa" testId="6655d7da-001d-2fe6-3c18-8215c08a45dc" testName="nHibernate_unit_test" computerName="MACPC" startTime="2012-06-15T17:51:37.3835303+02:00" endTime="2012-06-15T17:51:38.4984014+02:00" testType="13cdc9d9-ddb5-4fa4-a97d-d965ccfc6d4b" testListId="8c84fa94-04c1-424b-9868-57a2d4851a1d" relativeResultsDirectory="7b5ce43e-3bfd-4454-a494-671ca6b8deaa">
      <Output>
        <ErrorInfo>
          <Message>Method EcoHotels.Core.Tests.UnitTest1.ClassCleanup has wrong signature.  The method should be marked static.</Message>
        </ErrorInfo>
      </Output>
    </UnitTestResult>
  </Results>
</TestRun>