<?xml version="1.0" encoding="UTF-8"?>
<TestRun id="c571dab0-aca7-4261-bea1-a75b1d642e08" name="Mark@MACPC 2012-06-19 10:35:37" runUser="MacPc\Mark" xmlns="http://microsoft.com/schemas/VisualStudio/TeamTest/2010">
  <TestSettings name="Local" id="f45b0aff-07a5-4726-a4ce-984b897c8a14">
    <Description>These are default test settings for a local test run.</Description>
    <Deployment enabled="false" runDeploymentRoot="Mark_MACPC 2012-06-19 10_35_37" />
    <Execution>
      <TestTypeSpecific />
      <AgentRule name="Execution Agents">
      </AgentRule>
    </Execution>
  </TestSettings>
  <Times creation="2012-06-19T10:35:37.9895555+02:00" queuing="2012-06-19T10:35:38.5677027+02:00" start="2012-06-19T10:35:39.5208643+02:00" finish="2012-06-19T10:35:46.2576089+02:00" />
  <ResultSummary outcome="Completed">
    <Counters total="1" executed="1" passed="1" error="0" failed="0" timeout="0" aborted="0" inconclusive="0" passedButRunAborted="0" notRunnable="0" notExecuted="0" disconnected="0" warning="0" completed="0" inProgress="0" pending="0" />
  </ResultSummary>
  <TestDefinitions>
    <UnitTest name="can_convert_from_usd_to_dkk" storage="c:\sourcecode\ecohotels\ecohotels.core.tests\bin\debug\ecohotels.core.tests.dll" id="a09dbd99-82e0-273e-3a06-ea04ba08d948">
      <Execution timeOut="1800000" id="9fca2856-dbda-4168-af8b-de0214353ece" />
      <TestMethod codeBase="C:/SourceCode/EcoHotels/EcoHotels.Core.Tests/bin/Debug/EcoHotels.Core.Tests.DLL" adapterTypeName="Microsoft.VisualStudio.TestTools.TestTypes.Unit.UnitTestAdapter, Microsoft.VisualStudio.QualityTools.Tips.UnitTest.Adapter, Version=10.0.0.0, Culture=neutral, PublicKeyToken=b03f5f7f11d50a3a" className="EcoHotels.Core.Tests.Unit.MoneyTester, EcoHotels.Core.Tests, Version=1.0.0.0, Culture=neutral, PublicKeyToken=null" name="can_convert_from_usd_to_dkk" />
    </UnitTest>
  </TestDefinitions>
  <TestLists>
    <TestList name="Results Not in a List" id="8c84fa94-04c1-424b-9868-57a2d4851a1d" />
    <TestList name="All Loaded Results" id="19431567-8539-422a-85d7-44ee4e166bda" />
  </TestLists>
  <TestEntries>
    <TestEntry testId="a09dbd99-82e0-273e-3a06-ea04ba08d948" executionId="9fca2856-dbda-4168-af8b-de0214353ece" testListId="8c84fa94-04c1-424b-9868-57a2d4851a1d" />
  </TestEntries>
  <Results>
    <UnitTestResult executionId="9fca2856-dbda-4168-af8b-de0214353ece" testId="a09dbd99-82e0-273e-3a06-ea04ba08d948" testName="can_convert_from_usd_to_dkk" computerName="MACPC" duration="00:00:04.7539433" startTime="2012-06-19T10:35:39.9124809+02:00" endTime="2012-06-19T10:35:45.7134849+02:00" testType="13cdc9d9-ddb5-4fa4-a97d-d965ccfc6d4b" outcome="Passed" testListId="8c84fa94-04c1-424b-9868-57a2d4851a1d" relativeResultsDirectory="9fca2856-dbda-4168-af8b-de0214353ece">
    </UnitTestResult>
  </Results>
</TestRun>