<?xml version="1.0" encoding="UTF-8"?>
<TestRun id="339c94a9-09e4-4d96-ad25-927c914ca7c3" name="Mark@MACPC 2012-12-20 11:50:18" runUser="MacPc\Mark" xmlns="http://microsoft.com/schemas/VisualStudio/TeamTest/2010">
  <TestSettings name="Local" id="f45b0aff-07a5-4726-a4ce-984b897c8a14">
    <Description>These are default test settings for a local test run.</Description>
    <Deployment enabled="false" runDeploymentRoot="Mark_MACPC 2012-12-20 11_50_18" />
    <Execution>
      <TestTypeSpecific />
      <AgentRule name="Execution Agents">
      </AgentRule>
    </Execution>
  </TestSettings>
  <Times creation="2012-12-20T11:50:18.1227793+01:00" queuing="2012-12-20T11:50:18.7918873+01:00" start="2012-12-20T11:50:19.2929857+01:00" finish="2012-12-20T11:50:25.8590353+01:00" />
  <ResultSummary outcome="Completed">
    <Counters total="1" executed="1" passed="1" error="0" failed="0" timeout="0" aborted="0" inconclusive="0" passedButRunAborted="0" notRunnable="0" notExecuted="0" disconnected="0" warning="0" completed="0" inProgress="0" pending="0" />
  </ResultSummary>
  <TestDefinitions>
    <UnitTest name="TestMethod2" storage="c:\sourcecode\ecohotels\ecohotels.core.tests\bin\debug\ecohotels.core.tests.dll" id="62c35dd6-a878-d319-ed5d-b6e3af41173d">
      <Execution timeOut="1800000" id="993d3bff-e402-4acd-8f07-8b598bd38b61" />
      <TestMethod codeBase="C:/SourceCode/EcoHotels/EcoHotels.Core.Tests/bin/Debug/EcoHotels.Core.Tests.DLL" adapterTypeName="Microsoft.VisualStudio.TestTools.TestTypes.Unit.UnitTestAdapter, Microsoft.VisualStudio.QualityTools.Tips.UnitTest.Adapter, Version=10.0.0.0, Culture=neutral, PublicKeyToken=b03f5f7f11d50a3a" className="EcoHotels.Core.Tests.Install.SearchTagCitiyTester, EcoHotels.Core.Tests, Version=1.0.0.0, Culture=neutral, PublicKeyToken=null" name="TestMethod2" />
    </UnitTest>
  </TestDefinitions>
  <TestLists>
    <TestList name="Results Not in a List" id="8c84fa94-04c1-424b-9868-57a2d4851a1d" />
    <TestList name="All Loaded Results" id="19431567-8539-422a-85d7-44ee4e166bda" />
  </TestLists>
  <TestEntries>
    <TestEntry testId="62c35dd6-a878-d319-ed5d-b6e3af41173d" executionId="993d3bff-e402-4acd-8f07-8b598bd38b61" testListId="8c84fa94-04c1-424b-9868-57a2d4851a1d" />
  </TestEntries>
  <Results>
    <UnitTestResult executionId="993d3bff-e402-4acd-8f07-8b598bd38b61" testId="62c35dd6-a878-d319-ed5d-b6e3af41173d" testName="TestMethod2" computerName="MACPC" duration="00:00:05.8089005" startTime="2012-12-20T11:50:19.5801649+01:00" endTime="2012-12-20T11:50:25.7379121+01:00" testType="13cdc9d9-ddb5-4fa4-a97d-d965ccfc6d4b" outcome="Passed" testListId="8c84fa94-04c1-424b-9868-57a2d4851a1d" relativeResultsDirectory="993d3bff-e402-4acd-8f07-8b598bd38b61">
      <Output>
        <StdOut>1356000625</StdOut>
        <DebugTrace>SessionScope Initializing...
SessionScope BeginTransaction
SessionScope EndTransaction
</DebugTrace>
      </Output>
    </UnitTestResult>
  </Results>
</TestRun>