<?xml version="1.0" encoding="UTF-8"?>
<TestRun id="b94c390a-97dd-4eaa-9f3e-043c725b66ee" name="Mark@MACPC 2013-07-24 15:54:13" runUser="MacPc\Mark" xmlns="http://microsoft.com/schemas/VisualStudio/TeamTest/2010">
  <TestSettings name="Local" id="f45b0aff-07a5-4726-a4ce-984b897c8a14">
    <Description>These are default test settings for a local test run.</Description>
    <Deployment enabled="false" runDeploymentRoot="Mark_MACPC 2013-07-24 15_54_13" />
    <Execution>
      <TestTypeSpecific />
      <AgentRule name="Execution Agents">
      </AgentRule>
    </Execution>
  </TestSettings>
  <Times creation="2013-07-24T15:54:13.2293667+02:00" queuing="2013-07-24T15:54:14.0383227+02:00" start="2013-07-24T15:54:14.5629717+02:00" finish="2013-07-24T15:54:15.8584737+02:00" />
  <ResultSummary outcome="Error">
    <Counters total="1" executed="1" error="1" failed="0" timeout="0" aborted="0" inconclusive="0" passedButRunAborted="0" notRunnable="0" notExecuted="0" disconnected="0" warning="0" passed="0" completed="0" inProgress="0" pending="0" />
  </ResultSummary>
  <TestDefinitions>
    <UnitTest name="TestMethod1" storage="c:\sourcecode\ecohotels\ecohotels.core.tests\bin\debug\ecohotels.core.tests.dll" id="eb5d4132-c775-6d56-788f-17980df0f4f8">
      <Execution timeOut="1800000" id="5299119f-06b4-4476-867e-1262bea3d663" />
      <TestMethod codeBase="C:/SourceCode/EcoHotels/EcoHotels.Core.Tests/bin/Debug/EcoHotels.Core.Tests.DLL" adapterTypeName="Microsoft.VisualStudio.TestTools.TestTypes.Unit.UnitTestAdapter, Microsoft.VisualStudio.QualityTools.Tips.UnitTest.Adapter, Version=10.0.0.0, Culture=neutral, PublicKeyToken=b03f5f7f11d50a3a" className="EcoHotels.Core.Tests.Unit.SearchTester, EcoHotels.Core.Tests, Version=1.0.0.0, Culture=neutral, PublicKeyToken=null" name="TestMethod1" />
    </UnitTest>
  </TestDefinitions>
  <TestLists>
    <TestList name="Results Not in a List" id="8c84fa94-04c1-424b-9868-57a2d4851a1d" />
    <TestList name="All Loaded Results" id="19431567-8539-422a-85d7-44ee4e166bda" />
  </TestLists>
  <TestEntries>
    <TestEntry testId="eb5d4132-c775-6d56-788f-17980df0f4f8" executionId="5299119f-06b4-4476-867e-1262bea3d663" testListId="8c84fa94-04c1-424b-9868-57a2d4851a1d" />
  </TestEntries>
  <Results>
    <UnitTestResult executionId="5299119f-06b4-4476-867e-1262bea3d663" testId="eb5d4132-c775-6d56-788f-17980df0f4f8" testName="TestMethod1" computerName="MACPC" startTime="2013-07-24T15:54:15.0260697+02:00" endTime="2013-07-24T15:54:15.7158317+02:00" testType="13cdc9d9-ddb5-4fa4-a97d-d965ccfc6d4b" testListId="8c84fa94-04c1-424b-9868-57a2d4851a1d" relativeResultsDirectory="5299119f-06b4-4476-867e-1262bea3d663">
      <Output>
        <ErrorInfo>
          <Message>Method EcoHotels.Core.Tests.Unit.SearchTester.Startup has wrong signature.  The method should be marked static.</Message>
        </ErrorInfo>
      </Output>
    </UnitTestResult>
  </Results>
</TestRun>