<?xml version="1.0" encoding="UTF-8"?>
<TestRun id="47823b53-3102-4e87-9774-08858824f7a8" name="Mark@MACPC 2013-01-03 21:40:33" runUser="MacPc\Mark" xmlns="http://microsoft.com/schemas/VisualStudio/TeamTest/2010">
  <TestSettings name="Local" id="f45b0aff-07a5-4726-a4ce-984b897c8a14">
    <Description>These are default test settings for a local test run.</Description>
    <Deployment enabled="false" runDeploymentRoot="Mark_MACPC 2013-01-03 21_40_33" />
    <Execution>
      <TestTypeSpecific />
      <AgentRule name="Execution Agents">
      </AgentRule>
    </Execution>
  </TestSettings>
  <Times creation="2013-01-03T21:40:33.6897864+01:00" queuing="2013-01-03T21:40:34.7590620+01:00" start="2013-01-03T21:40:35.7051852+01:00" finish="2013-01-03T21:40:43.9749666+01:00" />
  <ResultSummary outcome="Completed">
    <Counters total="1" executed="1" passed="1" error="0" failed="0" timeout="0" aborted="0" inconclusive="0" passedButRunAborted="0" notRunnable="0" notExecuted="0" disconnected="0" warning="0" completed="0" inProgress="0" pending="0" />
  </ResultSummary>
  <TestDefinitions>
    <UnitTest name="Can_persist_entity" storage="c:\sourcecode\ecohotels\ecohotels.core.tests\bin\debug\ecohotels.core.tests.dll" id="b0ae0b6e-3641-ab1e-bcc9-76e5f1467160">
      <Execution timeOut="1800000" id="4675caa9-9f06-4fe1-8004-180342c1bdbc" />
      <TestMethod codeBase="C:/SourceCode/EcoHotels/EcoHotels.Core.Tests/bin/Debug/EcoHotels.Core.Tests.DLL" adapterTypeName="Microsoft.VisualStudio.TestTools.TestTypes.Unit.UnitTestAdapter, Microsoft.VisualStudio.QualityTools.Tips.UnitTest.Adapter, Version=10.0.0.0, Culture=neutral, PublicKeyToken=b03f5f7f11d50a3a" className="EcoHotels.Core.Tests.Integration.Services.UserServiceTester, EcoHotels.Core.Tests, Version=1.0.0.0, Culture=neutral, PublicKeyToken=null" name="Can_persist_entity" />
    </UnitTest>
  </TestDefinitions>
  <TestLists>
    <TestList name="Results Not in a List" id="8c84fa94-04c1-424b-9868-57a2d4851a1d" />
    <TestList name="All Loaded Results" id="19431567-8539-422a-85d7-44ee4e166bda" />
  </TestLists>
  <TestEntries>
    <TestEntry testId="b0ae0b6e-3641-ab1e-bcc9-76e5f1467160" executionId="4675caa9-9f06-4fe1-8004-180342c1bdbc" testListId="8c84fa94-04c1-424b-9868-57a2d4851a1d" />
  </TestEntries>
  <Results>
    <UnitTestResult executionId="4675caa9-9f06-4fe1-8004-180342c1bdbc" testId="b0ae0b6e-3641-ab1e-bcc9-76e5f1467160" testName="Can_persist_entity" computerName="MACPC" duration="00:00:07.0186168" startTime="2013-01-03T21:40:36.1499022+01:00" endTime="2013-01-03T21:40:43.7853510+01:00" testType="13cdc9d9-ddb5-4fa4-a97d-d965ccfc6d4b" outcome="Passed" testListId="8c84fa94-04c1-424b-9868-57a2d4851a1d" relativeResultsDirectory="4675caa9-9f06-4fe1-8004-180342c1bdbc">
      <Output>
        <StdOut>Starting NH Session
NHibernate: SELECT organizati0_.Id as Id13_0_, organizati0_.Name as Name13_0_, organizati0_.VatNo as VatNo13_0_, organizati0_.Phone as Phone13_0_, organizati0_.Email as Email13_0_, organizati0_.Address1 as Address6_13_0_, organizati0_.Address2 as Address7_13_0_, organizati0_.City as City13_0_, organizati0_.Zipcode as Zipcode13_0_, organizati0_.Country as Country13_0_, organizati0_.Created as Created13_0_ FROM Organizations organizati0_ WHERE organizati0_.Id=@p0;@p0 = 1 [Type: Int32 (0)]
NHibernate: SELECT users0_.OrganizationId as Organiza8_1_, users0_.Id as Id1_, users0_.Id as Id28_0_, users0_.Firstname as Firstname28_0_, users0_.Lastname as Lastname28_0_, users0_.Email as Email28_0_, users0_.Password as Password28_0_, users0_.Role as Role28_0_, users0_.IsActive as IsActive28_0_, users0_.OrganizationId as Organiza8_28_0_ FROM Users users0_ WHERE users0_.OrganizationId=@p0;@p0 = 1 [Type: Int32 (0)]
NHibernate: INSERT INTO Users (Firstname, Lastname, Email, Password, Role, IsActive, OrganizationId) VALUES (@p0, @p1, @p2, @p3, @p4, @p5, @p6); select SCOPE_IDENTITY();@p0 = '' [Type: String (4000)], @p1 = '' [Type: String (4000)], @p2 = 'donnib@gmail.com' [Type: String (4000)], @p3 = '74a7fc4936e2a6c4181e21650dd134e534bd945bc67472aaff154fcf9a6c1f61cd5d687efca73b9b775ee5024447a0733497bafc67b2d889af4d649f4e172add' [Type: String (4000)], @p4 = 10 [Type: Int32 (0)], @p5 = True [Type: Boolean (0)], @p6 = 1 [Type: Int32 (0)]
Ending NH Session</StdOut>
        <StdErr>log4net:ERROR [RollingFileAppender] Unable to acquire lock on file C:\SourceCode\EcoHotels\EcoHotels.Core.Tests\Logs\log-unittest.txt. The process cannot access the file 'C:\SourceCode\EcoHotels\EcoHotels.Core.Tests\Logs\log-unittest.txt' because it is being used by another process.</StdErr>
        <DebugTrace>log4net:ERROR [RollingFileAppender] Unable to acquire lock on file C:\SourceCode\EcoHotels\EcoHotels.Core.Tests\Logs\log-unittest.txt. The process cannot access the file 'C:\SourceCode\EcoHotels\EcoHotels.Core.Tests\Logs\log-unittest.txt' because it is being used by another process.
SessionScope Initializing...
SessionScope BeginTransaction
SessionScope EndTransaction
</DebugTrace>
      </Output>
    </UnitTestResult>
  </Results>
</TestRun>