<?xml version="1.0" encoding="UTF-8"?>
<TestRun id="b68e3213-5066-4fce-afec-54c1d179ac87" name="Mark@MACPC 2012-09-19 14:33:45" runUser="MacPc\Mark" xmlns="http://microsoft.com/schemas/VisualStudio/TeamTest/2010">
  <TestSettings name="Local" id="f45b0aff-07a5-4726-a4ce-984b897c8a14">
    <Description>These are default test settings for a local test run.</Description>
    <Deployment enabled="false" runDeploymentRoot="Mark_MACPC 2012-09-19 14_33_45" />
    <Execution>
      <TestTypeSpecific />
      <AgentRule name="Execution Agents">
      </AgentRule>
    </Execution>
  </TestSettings>
  <Times creation="2012-09-19T14:33:45.2473824+02:00" queuing="2012-09-19T14:33:45.9432200+02:00" start="2012-09-19T14:33:46.6498079+02:00" finish="2012-09-19T14:33:53.4078374+02:00" />
  <ResultSummary outcome="Failed">
    <Counters total="1" executed="1" error="0" failed="1" timeout="0" aborted="0" inconclusive="0" passedButRunAborted="0" notRunnable="0" notExecuted="0" disconnected="0" warning="0" passed="0" completed="0" inProgress="0" pending="0" />
  </ResultSummary>
  <TestDefinitions>
    <UnitTest name="Tes2t" storage="c:\sourcecode\ecohotels\ecohotels.core.tests\bin\debug\ecohotels.core.tests.dll" id="b036e0c1-7fa7-30d1-16a2-959bd0c6e442">
      <Execution timeOut="1800000" id="8350b9ec-6864-4957-b71f-9eb4b4cf9a3b" />
      <TestMethod codeBase="C:/SourceCode/EcoHotels/EcoHotels.Core.Tests/bin/Debug/EcoHotels.Core.Tests.DLL" adapterTypeName="Microsoft.VisualStudio.TestTools.TestTypes.Unit.UnitTestAdapter, Microsoft.VisualStudio.QualityTools.Tips.UnitTest.Adapter, Version=10.0.0.0, Culture=neutral, PublicKeyToken=b03f5f7f11d50a3a" className="EcoHotels.Core.Tests.Integration.Repositories.Ip2LocationRepoTester, EcoHotels.Core.Tests, Version=1.0.0.0, Culture=neutral, PublicKeyToken=null" name="Tes2t" />
    </UnitTest>
  </TestDefinitions>
  <TestLists>
    <TestList name="Results Not in a List" id="8c84fa94-04c1-424b-9868-57a2d4851a1d" />
    <TestList name="All Loaded Results" id="19431567-8539-422a-85d7-44ee4e166bda" />
  </TestLists>
  <TestEntries>
    <TestEntry testId="b036e0c1-7fa7-30d1-16a2-959bd0c6e442" executionId="8350b9ec-6864-4957-b71f-9eb4b4cf9a3b" testListId="8c84fa94-04c1-424b-9868-57a2d4851a1d" />
  </TestEntries>
  <Results>
    <UnitTestResult executionId="8350b9ec-6864-4957-b71f-9eb4b4cf9a3b" testId="b036e0c1-7fa7-30d1-16a2-959bd0c6e442" testName="Tes2t" computerName="MACPC" duration="00:00:06.1578005" startTime="2012-09-19T14:33:46.9967494+02:00" endTime="2012-09-19T14:33:53.2397418+02:00" testType="13cdc9d9-ddb5-4fa4-a97d-d965ccfc6d4b" outcome="Failed" testListId="8c84fa94-04c1-424b-9868-57a2d4851a1d" relativeResultsDirectory="8350b9ec-6864-4957-b71f-9eb4b4cf9a3b">
      <Output>
        <StdOut>Danish</StdOut>
        <DebugTrace>SessionScope Initializing...
</DebugTrace>
        <ErrorInfo>
          <Message>Test method EcoHotels.Core.Tests.Integration.Repositories.Ip2LocationRepoTester.Tes2t threw exception: 
NHibernate.HibernateException: No session bound to the current context</Message>
          <StackTrace>    at NHibernate.Context.CurrentSessionContext.CurrentSession() in c:\Users\oskar.berggren\Documents\Projects\nhibernate-core-3\src\NHibernate\Context\CurrentSessionContext.cs:line 35
   at NHibernate.Impl.SessionFactoryImpl.GetCurrentSession() in c:\Users\oskar.berggren\Documents\Projects\nhibernate-core-3\src\NHibernate\Impl\SessionFactoryImpl.cs:line 1042
   at EcoHotels.Core.Infrastructure.NHibernate.SessionFactory.GetCurrentSession() in C:\SourceCode\EcoHotels\EcoHotels.Core\Infrastructure\NHibernate\SessionFactory.cs:line 97
   at EcoHotels.Core.Infrastructure.Repositories.NH.RepositoryBase`1.get_Session() in C:\SourceCode\EcoHotels\EcoHotels.Core\Infrastructure\Repositories\NH\RepositoryBase.cs:line 23
   at EcoHotels.Core.Infrastructure.Repositories.NH.RepositoryBase`1.FindOne(DetachedCriteria criteria) in C:\SourceCode\EcoHotels\EcoHotels.Core\Infrastructure\Repositories\NH\RepositoryBase.cs:line 56
   at EcoHotels.Core.Infrastructure.Repositories.NH.CountryRepo.FindByISOCode(String code) in C:\SourceCode\EcoHotels\EcoHotels.Core\Infrastructure\Repositories\NH\CountryRepo.cs:line 14
   at EcoHotels.Core.Tests.Integration.Repositories.Ip2LocationRepoTester.Tes2t() in C:\SourceCode\EcoHotels\EcoHotels.Core.Tests\Integration\Repositories\Ip2LocationRepoTester.cs:line 54
</StackTrace>
        </ErrorInfo>
      </Output>
    </UnitTestResult>
  </Results>
</TestRun>