<?xml version="1.0" encoding="UTF-8"?>
<TestRun id="3c727fe0-268d-4186-ac5e-1c64e531a332" name="Mark@MACPC 2012-12-20 15:27:37" runUser="MacPc\Mark" xmlns="http://microsoft.com/schemas/VisualStudio/TeamTest/2010">
  <TestSettings name="Local" id="f45b0aff-07a5-4726-a4ce-984b897c8a14">
    <Description>These are default test settings for a local test run.</Description>
    <Deployment enabled="false" runDeploymentRoot="Mark_MACPC 2012-12-20 15_27_37" />
    <Execution>
      <TestTypeSpecific />
      <AgentRule name="Execution Agents">
      </AgentRule>
    </Execution>
  </TestSettings>
  <Times creation="2012-12-20T15:27:37.0500089+01:00" queuing="2012-12-20T15:27:37.8715818+01:00" start="2012-12-20T15:27:39.0848916+01:00" finish="2012-12-20T15:27:44.3142373+01:00" />
  <ResultSummary outcome="Failed">
    <Counters total="1" executed="1" error="0" failed="1" timeout="0" aborted="0" inconclusive="0" passedButRunAborted="0" notRunnable="0" notExecuted="0" disconnected="0" warning="0" passed="0" completed="0" inProgress="0" pending="0" />
  </ResultSummary>
  <TestDefinitions>
    <UnitTest name="Insert_dates_into_calendar" storage="c:\sourcecode\ecohotels\ecohotels.core.tests\bin\debug\ecohotels.core.tests.dll" id="a9222e75-00f3-e2f0-3786-38194d1e0f15">
      <Execution timeOut="1800000" id="ecd79d8d-2783-45ee-b1b2-36a5a79fba03" />
      <TestMethod codeBase="C:/SourceCode/EcoHotels/EcoHotels.Core.Tests/bin/Debug/EcoHotels.Core.Tests.DLL" adapterTypeName="Microsoft.VisualStudio.TestTools.TestTypes.Unit.UnitTestAdapter, Microsoft.VisualStudio.QualityTools.Tips.UnitTest.Adapter, Version=10.0.0.0, Culture=neutral, PublicKeyToken=b03f5f7f11d50a3a" className="EcoHotels.Core.Tests.Install.DataInstaller, EcoHotels.Core.Tests, Version=1.0.0.0, Culture=neutral, PublicKeyToken=null" name="Insert_dates_into_calendar" />
    </UnitTest>
  </TestDefinitions>
  <TestLists>
    <TestList name="Results Not in a List" id="8c84fa94-04c1-424b-9868-57a2d4851a1d" />
    <TestList name="All Loaded Results" id="19431567-8539-422a-85d7-44ee4e166bda" />
  </TestLists>
  <TestEntries>
    <TestEntry testId="a9222e75-00f3-e2f0-3786-38194d1e0f15" executionId="ecd79d8d-2783-45ee-b1b2-36a5a79fba03" testListId="8c84fa94-04c1-424b-9868-57a2d4851a1d" />
  </TestEntries>
  <Results>
    <UnitTestResult executionId="ecd79d8d-2783-45ee-b1b2-36a5a79fba03" testId="a9222e75-00f3-e2f0-3786-38194d1e0f15" testName="Insert_dates_into_calendar" computerName="MACPC" duration="00:00:03.7135739" startTime="2012-12-20T15:27:39.7286687+01:00" endTime="2012-12-20T15:27:44.0983424+01:00" testType="13cdc9d9-ddb5-4fa4-a97d-d965ccfc6d4b" outcome="Failed" testListId="8c84fa94-04c1-424b-9868-57a2d4851a1d" relativeResultsDirectory="ecd79d8d-2783-45ee-b1b2-36a5a79fba03">
      <Output>
        <DebugTrace>SessionScope Initializing...
</DebugTrace>
        <ErrorInfo>
          <Message>Initialization method EcoHotels.Core.Tests.Install.DataInstaller.ClassInit threw exception. System.TypeInitializationException: System.TypeInitializationException: The type initializer for 'EcoHotels.Core.Infrastructure.NH.SessionFactory' threw an exception. ---&gt; FluentNHibernate.Cfg.FluentConfigurationException: An invalid or incomplete configuration was used while creating a SessionFactory. Check PotentialReasons collection, and InnerException for more detail.

 ---&gt; NHibernate.InvalidProxyTypeException: The following types may not be used as proxies:
EcoHotels.Core.Domain.Models.Date: type should have a visible (public or protected) no-argument constructor.</Message>
          <StackTrace>    at NHibernate.Cfg.Configuration.ValidateEntities()
   at NHibernate.Cfg.Configuration.Validate()
   at NHibernate.Cfg.Configuration.BuildSessionFactory()
   at FluentNHibernate.Cfg.FluentConfiguration.BuildSessionFactory() in C:\SourceCode\Hotelr - Copy\Libraries\Fluent NHibernate\src\FluentNHibernate\Cfg\FluentConfiguration.cs:line 230
 --- End of inner exception stack trace ---
    at FluentNHibernate.Cfg.FluentConfiguration.BuildSessionFactory() in C:\SourceCode\Hotelr - Copy\Libraries\Fluent NHibernate\src\FluentNHibernate\Cfg\FluentConfiguration.cs:line 235
   at EcoHotels.Core.Infrastructure.NH.SessionFactory.Init() in C:\SourceCode\EcoHotels\EcoHotels.Core\Infrastructure\NH\SessionFactory.cs:line 39
   at EcoHotels.Core.Infrastructure.NH.SessionFactory..cctor() in C:\SourceCode\EcoHotels\EcoHotels.Core\Infrastructure\NH\SessionFactory.cs:line 24
 --- End of inner exception stack trace ---
    at EcoHotels.Core.Infrastructure.NH.SessionFactory.BeginTransaction()
   at EcoHotels.Core.Tests.Install.DataInstaller.ClassInit() in C:\SourceCode\EcoHotels\EcoHotels.Core.Tests\Install\DataInstaller.cs:line 17
</StackTrace>
        </ErrorInfo>
      </Output>
    </UnitTestResult>
  </Results>
</TestRun>