<?xml version="1.0" encoding="UTF-8"?>
<TestRun id="5a06e0de-06c1-4bd3-8ddf-7ac2ea2b9a18" name="Mark@MACPC 2012-06-19 10:32:17" runUser="MacPc\Mark" xmlns="http://microsoft.com/schemas/VisualStudio/TeamTest/2010">
  <TestSettings name="Local" id="f45b0aff-07a5-4726-a4ce-984b897c8a14">
    <Description>These are default test settings for a local test run.</Description>
    <Deployment enabled="false" runDeploymentRoot="Mark_MACPC 2012-06-19 10_32_17" />
    <Execution>
      <TestTypeSpecific />
      <AgentRule name="Execution Agents">
      </AgentRule>
    </Execution>
  </TestSettings>
  <Times creation="2012-06-19T10:32:17.7779929+02:00" queuing="2012-06-19T10:32:18.7486339+02:00" start="2012-06-19T10:32:20.8285789+02:00" finish="2012-06-19T10:32:23.9592379+02:00" />
  <ResultSummary outcome="Completed">
    <Counters total="1" executed="1" passed="1" error="0" failed="0" timeout="0" aborted="0" inconclusive="0" passedButRunAborted="0" notRunnable="0" notExecuted="0" disconnected="0" warning="0" completed="0" inProgress="0" pending="0" />
  </ResultSummary>
  <TestDefinitions>
    <UnitTest name="can_convert_from_dkk_to_usd" storage="c:\sourcecode\ecohotels\ecohotels.core.tests\bin\debug\ecohotels.core.tests.dll" id="0d8bf745-a89b-a12c-eb25-9d40b08d50b9">
      <Execution timeOut="1800000" id="de923cfe-be8a-4152-86f5-b40e2a3af1f8" />
      <TestMethod codeBase="C:/SourceCode/EcoHotels/EcoHotels.Core.Tests/bin/Debug/EcoHotels.Core.Tests.DLL" adapterTypeName="Microsoft.VisualStudio.TestTools.TestTypes.Unit.UnitTestAdapter, Microsoft.VisualStudio.QualityTools.Tips.UnitTest.Adapter, Version=10.0.0.0, Culture=neutral, PublicKeyToken=b03f5f7f11d50a3a" className="EcoHotels.Core.Tests.Unit.MoneyTester, EcoHotels.Core.Tests, Version=1.0.0.0, Culture=neutral, PublicKeyToken=null" name="can_convert_from_dkk_to_usd" />
    </UnitTest>
  </TestDefinitions>
  <TestLists>
    <TestList name="Results Not in a List" id="8c84fa94-04c1-424b-9868-57a2d4851a1d" />
    <TestList name="All Loaded Results" id="19431567-8539-422a-85d7-44ee4e166bda" />
  </TestLists>
  <TestEntries>
    <TestEntry testId="0d8bf745-a89b-a12c-eb25-9d40b08d50b9" executionId="de923cfe-be8a-4152-86f5-b40e2a3af1f8" testListId="8c84fa94-04c1-424b-9868-57a2d4851a1d" />
  </TestEntries>
  <Results>
    <UnitTestResult executionId="de923cfe-be8a-4152-86f5-b40e2a3af1f8" testId="0d8bf745-a89b-a12c-eb25-9d40b08d50b9" testName="can_convert_from_dkk_to_usd" computerName="MACPC" duration="00:00:00.3545512" startTime="2012-06-19T10:32:21.9720604+02:00" endTime="2012-06-19T10:32:23.1399544+02:00" testType="13cdc9d9-ddb5-4fa4-a97d-d965ccfc6d4b" outcome="Passed" testListId="8c84fa94-04c1-424b-9868-57a2d4851a1d" relativeResultsDirectory="de923cfe-be8a-4152-86f5-b40e2a3af1f8">
    </UnitTestResult>
  </Results>
</TestRun>