<?xml version="1.0" encoding="UTF-8"?>
<TestRun id="457ff224-cab8-4966-b3f9-89a1861eb56b" name="Mark@MACPC 2012-06-19 13:58:39" runUser="MacPc\Mark" xmlns="http://microsoft.com/schemas/VisualStudio/TeamTest/2010">
  <TestSettings name="Local" id="f45b0aff-07a5-4726-a4ce-984b897c8a14">
    <Description>These are default test settings for a local test run.</Description>
    <Deployment enabled="false" runDeploymentRoot="Mark_MACPC 2012-06-19 13_58_39" />
    <Execution>
      <TestTypeSpecific />
      <AgentRule name="Execution Agents">
      </AgentRule>
    </Execution>
  </TestSettings>
  <Times creation="2012-06-19T13:58:39.4486765+02:00" queuing="2012-06-19T13:58:39.8314645+02:00" start="2012-06-19T13:58:40.3597510+02:00" finish="2012-06-19T13:58:41.4280420+02:00" />
  <ResultSummary outcome="Completed">
    <Counters total="1" executed="1" passed="1" error="0" failed="0" timeout="0" aborted="0" inconclusive="0" passedButRunAborted="0" notRunnable="0" notExecuted="0" disconnected="0" warning="0" completed="0" inProgress="0" pending="0" />
  </ResultSummary>
  <TestDefinitions>
    <UnitTest name="TestMethod1" storage="c:\sourcecode\ecohotels\ecohotels.core.tests\bin\debug\ecohotels.core.tests.dll" id="9193d417-81ee-9a8c-b811-a8a6a4e38992">
      <Execution timeOut="1800000" id="dcb69efc-7ebb-4419-ab71-412b569c2578" />
      <TestMethod codeBase="C:/SourceCode/EcoHotels/EcoHotels.Core.Tests/bin/Debug/EcoHotels.Core.Tests.DLL" adapterTypeName="Microsoft.VisualStudio.TestTools.TestTypes.Unit.UnitTestAdapter, Microsoft.VisualStudio.QualityTools.Tips.UnitTest.Adapter, Version=10.0.0.0, Culture=neutral, PublicKeyToken=b03f5f7f11d50a3a" className="EcoHotels.Core.Tests.Unit.PasswordHelperTester, EcoHotels.Core.Tests, Version=1.0.0.0, Culture=neutral, PublicKeyToken=null" name="TestMethod1" />
    </UnitTest>
  </TestDefinitions>
  <TestLists>
    <TestList name="Results Not in a List" id="8c84fa94-04c1-424b-9868-57a2d4851a1d" />
    <TestList name="All Loaded Results" id="19431567-8539-422a-85d7-44ee4e166bda" />
  </TestLists>
  <TestEntries>
    <TestEntry testId="9193d417-81ee-9a8c-b811-a8a6a4e38992" executionId="dcb69efc-7ebb-4419-ab71-412b569c2578" testListId="8c84fa94-04c1-424b-9868-57a2d4851a1d" />
  </TestEntries>
  <Results>
    <UnitTestResult executionId="dcb69efc-7ebb-4419-ab71-412b569c2578" testId="9193d417-81ee-9a8c-b811-a8a6a4e38992" testName="TestMethod1" computerName="MACPC" duration="00:00:00.0588764" startTime="2012-06-19T13:58:40.8255415+02:00" endTime="2012-06-19T13:58:41.2688725+02:00" testType="13cdc9d9-ddb5-4fa4-a97d-d965ccfc6d4b" outcome="Passed" testListId="8c84fa94-04c1-424b-9868-57a2d4851a1d" relativeResultsDirectory="dcb69efc-7ebb-4419-ab71-412b569c2578">
      <Output>
        <StdOut>WseCY7S7</StdOut>
      </Output>
    </UnitTestResult>
  </Results>
</TestRun>