<?xml version="1.0" encoding="UTF-8"?>
<TestRun id="90897962-5f19-4080-9735-c8bc3f32a35d" name="Mark@MACPC 2012-06-27 13:33:42" runUser="MacPc\Mark" xmlns="http://microsoft.com/schemas/VisualStudio/TeamTest/2010">
  <TestSettings name="Local" id="f45b0aff-07a5-4726-a4ce-984b897c8a14">
    <Description>These are default test settings for a local test run.</Description>
    <Deployment enabled="false" runDeploymentRoot="Mark_MACPC 2012-06-27 13_33_42" />
    <Execution>
      <TestTypeSpecific />
      <AgentRule name="Execution Agents">
      </AgentRule>
    </Execution>
  </TestSettings>
  <Times creation="2012-06-27T13:33:42.3041441+02:00" queuing="2012-06-27T13:33:43.0653829+02:00" start="2012-06-27T13:33:44.5673393+02:00" finish="2012-06-27T13:33:47.1823265+02:00" />
  <ResultSummary outcome="Completed">
    <Counters total="1" executed="1" passed="1" error="0" failed="0" timeout="0" aborted="0" inconclusive="0" passedButRunAborted="0" notRunnable="0" notExecuted="0" disconnected="0" warning="0" completed="0" inProgress="0" pending="0" />
  </ResultSummary>
  <TestDefinitions>
    <UnitTest name="TestMethod2" storage="c:\sourcecode\ecohotels\ecohotels.core.tests\bin\debug\ecohotels.core.tests.dll" id="4a446110-e4cd-75b0-cc3f-b76248508346">
      <Execution timeOut="1800000" id="df7fa968-e1b4-4168-9567-8ba1c0f3a6b9" />
      <TestMethod codeBase="C:/SourceCode/EcoHotels/EcoHotels.Core.Tests/bin/Debug/EcoHotels.Core.Tests.DLL" adapterTypeName="Microsoft.VisualStudio.TestTools.TestTypes.Unit.UnitTestAdapter, Microsoft.VisualStudio.QualityTools.Tips.UnitTest.Adapter, Version=10.0.0.0, Culture=neutral, PublicKeyToken=b03f5f7f11d50a3a" className="EcoHotels.Core.Tests.Unit.CultureTester, EcoHotels.Core.Tests, Version=1.0.0.0, Culture=neutral, PublicKeyToken=null" name="TestMethod2" />
    </UnitTest>
  </TestDefinitions>
  <TestLists>
    <TestList name="Results Not in a List" id="8c84fa94-04c1-424b-9868-57a2d4851a1d" />
    <TestList name="All Loaded Results" id="19431567-8539-422a-85d7-44ee4e166bda" />
  </TestLists>
  <TestEntries>
    <TestEntry testId="4a446110-e4cd-75b0-cc3f-b76248508346" executionId="df7fa968-e1b4-4168-9567-8ba1c0f3a6b9" testListId="8c84fa94-04c1-424b-9868-57a2d4851a1d" />
  </TestEntries>
  <Results>
    <UnitTestResult executionId="df7fa968-e1b4-4168-9567-8ba1c0f3a6b9" testId="4a446110-e4cd-75b0-cc3f-b76248508346" testName="TestMethod2" computerName="MACPC" duration="00:00:00.1103779" startTime="2012-06-27T13:33:45.3188061+02:00" endTime="2012-06-27T13:33:46.6468209+02:00" testType="13cdc9d9-ddb5-4fa4-a97d-d965ccfc6d4b" outcome="Passed" testListId="8c84fa94-04c1-424b-9868-57a2d4851a1d" relativeResultsDirectory="df7fa968-e1b4-4168-9567-8ba1c0f3a6b9">
      <Output>
        <StdOut>129852704265442149
06/27/2012 13:33:46
2012-06-27T11:33:46+02:00</StdOut>
      </Output>
    </UnitTestResult>
  </Results>
</TestRun>