<?xml version="1.0" encoding="UTF-8"?>
<TestRun id="7c34709f-2f09-400c-81a6-284336564197" name="Mark@MACPC 2012-06-14 10:06:54" runUser="MacPc\Mark" xmlns="http://microsoft.com/schemas/VisualStudio/TeamTest/2010">
  <TestSettings name="Local" id="f45b0aff-07a5-4726-a4ce-984b897c8a14">
    <Description>These are default test settings for a local test run.</Description>
    <Deployment enabled="false" runDeploymentRoot="Mark_MACPC 2012-06-14 10_06_54" />
    <Execution>
      <TestTypeSpecific />
      <AgentRule name="Execution Agents">
      </AgentRule>
    </Execution>
  </TestSettings>
  <Times creation="2012-06-14T10:06:54.3313829+02:00" queuing="2012-06-14T10:06:55.7414489+02:00" start="2012-06-14T10:06:57.0206639+02:00" finish="2012-06-14T10:07:22.9701749+02:00" />
  <ResultSummary outcome="Completed">
    <Counters total="1" executed="1" passed="1" error="0" failed="0" timeout="0" aborted="0" inconclusive="0" passedButRunAborted="0" notRunnable="0" notExecuted="0" disconnected="0" warning="0" completed="0" inProgress="0" pending="0" />
  </ResultSummary>
  <TestDefinitions>
    <UnitTest name="Can_import_currencies" storage="c:\sourcecode\ecohotels\ecohotels.core.tests\bin\debug\ecohotels.core.tests.dll" id="0b057ebe-f9d0-3bb1-141c-ae1d6eb83d1c">
      <Execution timeOut="1800000" id="a949c0b8-a24d-49e6-81e0-43beea4143dd" />
      <TestMethod codeBase="C:/SourceCode/EcoHotels/EcoHotels.Core.Tests/bin/Debug/EcoHotels.Core.Tests.DLL" adapterTypeName="Microsoft.VisualStudio.TestTools.TestTypes.Unit.UnitTestAdapter, Microsoft.VisualStudio.QualityTools.Tips.UnitTest.Adapter, Version=10.0.0.0, Culture=neutral, PublicKeyToken=b03f5f7f11d50a3a" className="EcoHotels.Core.Tests.Install.CurrencyTester, EcoHotels.Core.Tests, Version=1.0.0.0, Culture=neutral, PublicKeyToken=null" name="Can_import_currencies" />
    </UnitTest>
  </TestDefinitions>
  <TestLists>
    <TestList name="Results Not in a List" id="8c84fa94-04c1-424b-9868-57a2d4851a1d" />
    <TestList name="All Loaded Results" id="19431567-8539-422a-85d7-44ee4e166bda" />
  </TestLists>
  <TestEntries>
    <TestEntry testId="0b057ebe-f9d0-3bb1-141c-ae1d6eb83d1c" executionId="a949c0b8-a24d-49e6-81e0-43beea4143dd" testListId="8c84fa94-04c1-424b-9868-57a2d4851a1d" />
  </TestEntries>
  <Results>
    <UnitTestResult executionId="a949c0b8-a24d-49e6-81e0-43beea4143dd" testId="0b057ebe-f9d0-3bb1-141c-ae1d6eb83d1c" testName="Can_import_currencies" computerName="MACPC" duration="00:00:22.5841940" startTime="2012-06-14T10:06:57.6299999+02:00" endTime="2012-06-14T10:07:22.3696274+02:00" testType="13cdc9d9-ddb5-4fa4-a97d-d965ccfc6d4b" outcome="Passed" testListId="8c84fa94-04c1-424b-9868-57a2d4851a1d" relativeResultsDirectory="a949c0b8-a24d-49e6-81e0-43beea4143dd">
    </UnitTestResult>
  </Results>
</TestRun>