<?xml version="1.0" encoding="UTF-8"?>
<TestRun id="f4f76c95-1732-436b-9e54-6cbc6b894192" name="Mark@MACPC 2012-06-13 11:35:43" runUser="MacPc\Mark" xmlns="http://microsoft.com/schemas/VisualStudio/TeamTest/2010">
  <TestSettings name="Local" id="f45b0aff-07a5-4726-a4ce-984b897c8a14">
    <Description>These are default test settings for a local test run.</Description>
    <Deployment enabled="false" runDeploymentRoot="Mark_MACPC 2012-06-13 11_35_43" />
    <Execution>
      <TestTypeSpecific />
      <AgentRule name="Execution Agents">
      </AgentRule>
    </Execution>
  </TestSettings>
  <Times creation="2012-06-13T11:35:43.3597413+02:00" queuing="2012-06-13T11:35:43.8822223+02:00" start="2012-06-13T11:35:44.4799015+02:00" finish="2012-06-13T11:35:50.1676199+02:00" />
  <ResultSummary outcome="Inconclusive">
    <Counters total="3" executed="3" passed="2" error="0" failed="0" timeout="0" aborted="0" inconclusive="1" passedButRunAborted="0" notRunnable="0" notExecuted="0" disconnected="0" warning="0" completed="0" inProgress="0" pending="0" />
  </ResultSummary>
  <TestDefinitions>
    <UnitTest name="Test_first_level_cache" storage="c:\sourcecode\ecohotels\ecohotels.core.tests\bin\debug\ecohotels.core.tests.dll" id="8b19d8fc-0483-e63a-4b3a-e0773c9abfd8">
      <Execution timeOut="1800000" id="da92ab2f-b988-49c5-b14c-87dc8fb2a344" />
      <TestMethod codeBase="C:/SourceCode/EcoHotels/EcoHotels.Core.Tests/bin/Debug/EcoHotels.Core.Tests.DLL" adapterTypeName="Microsoft.VisualStudio.TestTools.TestTypes.Unit.UnitTestAdapter, Microsoft.VisualStudio.QualityTools.Tips.UnitTest.Adapter, Version=10.0.0.0, Culture=neutral, PublicKeyToken=b03f5f7f11d50a3a" className="EcoHotels.Core.Tests.UnitTest1, EcoHotels.Core.Tests, Version=1.0.0.0, Culture=neutral, PublicKeyToken=null" name="Test_first_level_cache" />
    </UnitTest>
    <UnitTest name="TestMethod1" storage="c:\sourcecode\ecohotels\ecohotels.core.tests\bin\debug\ecohotels.core.tests.dll" id="99c2fd44-120c-2c4c-b432-60559c7d15a5">
      <Execution timeOut="1800000" id="70c21404-c42e-4463-821c-0f302a9253db" />
      <TestMethod codeBase="C:/SourceCode/EcoHotels/EcoHotels.Core.Tests/bin/Debug/EcoHotels.Core.Tests.DLL" adapterTypeName="Microsoft.VisualStudio.TestTools.TestTypes.Unit.UnitTestAdapter, Microsoft.VisualStudio.QualityTools.Tips.UnitTest.Adapter, Version=10.0.0.0, Culture=neutral, PublicKeyToken=b03f5f7f11d50a3a" className="EcoHotels.Core.Tests.UnitTest1, EcoHotels.Core.Tests, Version=1.0.0.0, Culture=neutral, PublicKeyToken=null" name="TestMethod1" />
    </UnitTest>
    <UnitTest name="Test" storage="c:\sourcecode\ecohotels\ecohotels.core.tests\bin\debug\ecohotels.core.tests.dll" id="a8346873-92d1-9365-b4cf-3038ef102245">
      <Execution timeOut="1800000" id="72ebcad9-1a55-4d1b-8a7a-8620745fd746" />
      <TestMethod codeBase="C:/SourceCode/EcoHotels/EcoHotels.Core.Tests/bin/Debug/EcoHotels.Core.Tests.DLL" adapterTypeName="Microsoft.VisualStudio.TestTools.TestTypes.Unit.UnitTestAdapter, Microsoft.VisualStudio.QualityTools.Tips.UnitTest.Adapter, Version=10.0.0.0, Culture=neutral, PublicKeyToken=b03f5f7f11d50a3a" className="EcoHotels.Core.Tests.UnitTest1, EcoHotels.Core.Tests, Version=1.0.0.0, Culture=neutral, PublicKeyToken=null" name="Test" />
    </UnitTest>
  </TestDefinitions>
  <TestLists>
    <TestList name="Results Not in a List" id="8c84fa94-04c1-424b-9868-57a2d4851a1d" />
    <TestList name="All Loaded Results" id="19431567-8539-422a-85d7-44ee4e166bda" />
  </TestLists>
  <TestEntries>
    <TestEntry testId="a8346873-92d1-9365-b4cf-3038ef102245" executionId="72ebcad9-1a55-4d1b-8a7a-8620745fd746" testListId="8c84fa94-04c1-424b-9868-57a2d4851a1d" />
    <TestEntry testId="8b19d8fc-0483-e63a-4b3a-e0773c9abfd8" executionId="da92ab2f-b988-49c5-b14c-87dc8fb2a344" testListId="8c84fa94-04c1-424b-9868-57a2d4851a1d" />
    <TestEntry testId="99c2fd44-120c-2c4c-b432-60559c7d15a5" executionId="70c21404-c42e-4463-821c-0f302a9253db" testListId="8c84fa94-04c1-424b-9868-57a2d4851a1d" />
  </TestEntries>
  <Results>
    <UnitTestResult executionId="72ebcad9-1a55-4d1b-8a7a-8620745fd746" testId="a8346873-92d1-9365-b4cf-3038ef102245" testName="Test" computerName="MACPC" duration="00:00:04.0668892" startTime="2012-06-13T11:35:44.6898705+02:00" endTime="2012-06-13T11:35:49.3121183+02:00" testType="13cdc9d9-ddb5-4fa4-a97d-d965ccfc6d4b" outcome="Passed" testListId="8c84fa94-04c1-424b-9868-57a2d4851a1d" relativeResultsDirectory="72ebcad9-1a55-4d1b-8a7a-8620745fd746">
      <Output>
        <StdOut>English                       , Name        , Currency    , TwoIso      
Arabic (Saudi Arabia)         , ar-SA       , SAR         , ara         
Bulgarian (Bulgaria)          , bg-BG       , BGN         , bul         
Catalan (Catalan)             , ca-ES       , EUR         , cat         
Chinese (Traditional, Taiwan) , zh-TW       , TWD         , zho         
Czech (Czech Republic)        , cs-CZ       , CZK         , ces         
Danish (Denmark)              , da-DK       , DKK         , dan         
German (Germany)              , de-DE       , EUR         , deu         
Greek (Greece)                , el-GR       , EUR         , ell         
English (United States)       , en-US       , USD         , eng         
Finnish (Finland)             , fi-FI       , EUR         , fin         
French (France)               , fr-FR       , EUR         , fra         
Hebrew (Israel)               , he-IL       , ILS         , heb         
Hungarian (Hungary)           , hu-HU       , HUF         , hun         
Icelandic (Iceland)           , is-IS       , ISK         , isl         
Italian (Italy)               , it-IT       , EUR         , ita         
Japanese (Japan)              , ja-JP       , JPY         , jpn         
Korean (Korea)                , ko-KR       , KRW         , kor         
Dutch (Netherlands)           , nl-NL       , EUR         , nld         
Norwegian, Bokmål (Norway)    , nb-NO       , NOK         , nob         
Polish (Poland)               , pl-PL       , PLN         , pol         
Portuguese (Brazil)           , pt-BR       , BRL         , por         
Romansh (Switzerland)         , rm-CH       , CHF         , roh         
Romanian (Romania)            , ro-RO       , RON         , ron         
Russian (Russia)              , ru-RU       , RUB         , rus         
Croatian (Croatia)            , hr-HR       , HRK         , hrv         
Slovak (Slovakia)             , sk-SK       , EUR         , slk         
Albanian (Albania)            , sq-AL       , ALL         , sqi         
Swedish (Sweden)              , sv-SE       , SEK         , swe         
Thai (Thailand)               , th-TH       , THB         , tha         
Turkish (Turkey)              , tr-TR       , TRY         , tur         
Urdu (Islamic Republic of Pakistan), ur-PK       , PKR         , urd         
Indonesian (Indonesia)        , id-ID       , IDR         , ind         
Ukrainian (Ukraine)           , uk-UA       , UAH         , ukr         
Belarusian (Belarus)          , be-BY       , BYR         , bel         
Slovenian (Slovenia)          , sl-SI       , EUR         , slv         
Estonian (Estonia)            , et-EE       , EEK         , est         
Latvian (Latvia)              , lv-LV       , LVL         , lav         
Lithuanian (Lithuania)        , lt-LT       , LTL         , lit         
Tajik (Cyrillic, Tajikistan)  , tg-Cyrl-TJ  , TJS         , tgk         
Persian                       , fa-IR       , IRR         , fas         
Vietnamese (Vietnam)          , vi-VN       , VND         , vie         
Armenian (Armenia)            , hy-AM       , AMD         , hye         
Azeri (Latin, Azerbaijan)     , az-Latn-AZ  , AZN         , aze         
Basque (Basque)               , eu-ES       , EUR         , eus         
Upper Sorbian (Germany)       , hsb-DE      , EUR         , hsb         
Macedonian (Former Yugoslav Republic of Macedonia), mk-MK       , MKD         , mkd         
Setswana (South Africa)       , tn-ZA       , ZAR         , tsn         
isiXhosa (South Africa)       , xh-ZA       , ZAR         , xho         
isiZulu (South Africa)        , zu-ZA       , ZAR         , zul         
Afrikaans (South Africa)      , af-ZA       , ZAR         , afr         
Georgian (Georgia)            , ka-GE       , GEL         , kat         
Faroese (Faroe Islands)       , fo-FO       , DKK         , fao         
Hindi (India)                 , hi-IN       , INR         , hin         
Maltese (Malta)               , mt-MT       , EUR         , mlt         
Sami, Northern (Norway)       , se-NO       , NOK         , sme         
Malay (Malaysia)              , ms-MY       , MYR         , msa         
Kazakh (Kazakhstan)           , kk-KZ       , KZT         , kaz         
Kyrgyz (Kyrgyzstan)           , ky-KG       , KGS         , kir         
Kiswahili (Kenya)             , sw-KE       , KES         , swa         
Turkmen (Turkmenistan)        , tk-TM       , TMT         , tuk         
Uzbek (Latin, Uzbekistan)     , uz-Latn-UZ  , UZS         , uzb         
Tatar (Russia)                , tt-RU       , RUB         , tat         
Bengali (India)               , bn-IN       , INR         , bng         
Punjabi (India)               , pa-IN       , INR         , pan         
Gujarati (India)              , gu-IN       , INR         , guj         
Oriya (India)                 , or-IN       , INR         , ori         
Tamil (India)                 , ta-IN       , INR         , tam         
Telugu (India)                , te-IN       , INR         , tel         
Kannada (India)               , kn-IN       , INR         , kan         
Malayalam (India)             , ml-IN       , INR         , mym         
Assamese (India)              , as-IN       , INR         , asm         
Marathi (India)               , mr-IN       , INR         , mar         
Sanskrit (India)              , sa-IN       , INR         , san         
Mongolian (Cyrillic, Mongolia), mn-MN       , MNT         , mon         
Tibetan (PRC)                 , bo-CN       , CNY         , bod         
Welsh (United Kingdom)        , cy-GB       , GBP         , cym         
Khmer (Cambodia)              , km-KH       , KHR         , khm         
Lao (Lao P.D.R.)              , lo-LA       , LAK         , lao         
Galician (Galician)           , gl-ES       , EUR         , glg         
Konkani (India)               , kok-IN      , INR         , kok         
Syriac (Syria)                , syr-SY      , SYP         , syr         
Sinhala (Sri Lanka)           , si-LK       , LKR         , sin         
Inuktitut (Syllabics, Canada) , iu-Cans-CA  , CAD         , iku         
Amharic (Ethiopia)            , am-ET       , ETB         , amh         
Nepali (Nepal)                , ne-NP       , NPR         , nep         
Frisian (Netherlands)         , fy-NL       , EUR         , fry         
Pashto (Afghanistan)          , ps-AF       , AFN         , pus         
Filipino (Philippines)        , fil-PH      , PHP         , fil         
Divehi (Maldives)             , dv-MV       , MVR         , div         
Hausa (Latin, Nigeria)        , ha-Latn-NG  , NIO         , hau         
Yoruba (Nigeria)              , yo-NG       , NIO         , yor         
Quechua (Bolivia)             , quz-BO      , BOB         , qub         
Sesotho sa Leboa (South Africa), nso-ZA      , ZAR         , nso         
Bashkir (Russia)              , ba-RU       , RUB         , bak         
Luxembourgish (Luxembourg)    , lb-LU       , EUR         , ltz         
Greenlandic (Greenland)       , kl-GL       , DKK         , kal         
Igbo (Nigeria)                , ig-NG       , NIO         , ibo         
Yi (PRC)                      , ii-CN       , CNY         , iii         
Mapudungun (Chile)            , arn-CL      , CLP         , arn         
Mohawk (Mohawk)               , moh-CA      , CAD         , moh         
Breton (France)               , br-FR       , EUR         , bre         
Uyghur (PRC)                  , ug-CN       , CNY         , uig         
Maori (New Zealand)           , mi-NZ       , NZD         , mri         
Occitan (France)              , oc-FR       , EUR         , oci         
Corsican (France)             , co-FR       , EUR         , cos         
Alsatian (France)             , gsw-FR      , EUR         , gsw         
Yakut (Russia)                , sah-RU      , RUB         , sah         
K'iche (Guatemala)            , qut-GT      , GTQ         , qut         
Kinyarwanda (Rwanda)          , rw-RW       , RWF         , kin         
Wolof (Senegal)               , wo-SN       , XOF         , wol         
Dari (Afghanistan)            , prs-AF      , AFN         , prs         
Scottish Gaelic (United Kingdom), gd-GB       , GBP         , gla         
Arabic (Iraq)                 , ar-IQ       , IQD         , ara         
Chinese (Simplified, PRC)     , zh-CN       , CNY         , zho         
German (Switzerland)          , de-CH       , CHF         , deu         
English (United Kingdom)      , en-GB       , GBP         , eng         
Spanish (Mexico)              , es-MX       , MXN         , spa         
French (Belgium)              , fr-BE       , EUR         , fra         
Italian (Switzerland)         , it-CH       , CHF         , ita         
Dutch (Belgium)               , nl-BE       , EUR         , nld         
Norwegian, Nynorsk (Norway)   , nn-NO       , NOK         , nno         
Portuguese (Portugal)         , pt-PT       , EUR         , por         
Serbian (Latin, Serbia and Montenegro (Former)), sr-Latn-CS  , CSD         , srp         
Swedish (Finland)             , sv-FI       , EUR         , swe         
Azeri (Cyrillic, Azerbaijan)  , az-Cyrl-AZ  , AZN         , aze         
Lower Sorbian (Germany)       , dsb-DE      , EUR         , dsb         
Sami, Northern (Sweden)       , se-SE       , SEK         , smf         
Irish (Ireland)               , ga-IE       , EUR         , gle         
Malay (Brunei Darussalam)     , ms-BN       , BND         , msa         
Uzbek (Cyrillic, Uzbekistan)  , uz-Cyrl-UZ  , UZS         , uzb         
Bengali (Bangladesh)          , bn-BD       , BDT         , bng         
Mongolian (Traditional Mongolian, PRC), mn-Mong-CN  , CNY         , mon         
Inuktitut (Latin, Canada)     , iu-Latn-CA  , CAD         , iku         
Tamazight (Latin, Algeria)    , tzm-Latn-DZ , DZD         , tzm         
Quechua (Ecuador)             , quz-EC      , USD         , que         
Arabic (Egypt)                , ar-EG       , EGP         , ara         
Chinese (Traditional, Hong Kong S.A.R.), zh-HK       , HKD         , zho         
German (Austria)              , de-AT       , EUR         , deu         
English (Australia)           , en-AU       , AUD         , eng         
Spanish (Spain, International Sort), es-ES       , EUR         , spa         
French (Canada)               , fr-CA       , CAD         , fra         
Serbian (Cyrillic, Serbia and Montenegro (Former)), sr-Cyrl-CS  , CSD         , srp         
Sami, Northern (Finland)      , se-FI       , EUR         , smg         
Quechua (Peru)                , quz-PE      , PEN         , qup         
Arabic (Libya)                , ar-LY       , LYD         , ara         
Chinese (Simplified, Singapore), zh-SG       , SGD         , zho         
German (Luxembourg)           , de-LU       , EUR         , deu         
English (Canada)              , en-CA       , CAD         , eng         
Spanish (Guatemala)           , es-GT       , GTQ         , spa         
French (Switzerland)          , fr-CH       , CHF         , fra         
Croatian (Latin, Bosnia and Herzegovina), hr-BA       , BAM         , hrb         
Sami, Lule (Norway)           , smj-NO      , NOK         , smj         
Arabic (Algeria)              , ar-DZ       , DZD         , ara         
Chinese (Traditional, Macao S.A.R.), zh-MO       , MOP         , zho         
German (Liechtenstein)        , de-LI       , CHF         , deu         
English (New Zealand)         , en-NZ       , NZD         , eng         
Spanish (Costa Rica)          , es-CR       , CRC         , spa         
French (Luxembourg)           , fr-LU       , EUR         , fra         
Bosnian (Latin, Bosnia and Herzegovina), bs-Latn-BA  , BAM         , bsb         
Sami, Lule (Sweden)           , smj-SE      , SEK         , smk         
Arabic (Morocco)              , ar-MA       , MAD         , ara         
English (Ireland)             , en-IE       , EUR         , eng         
Spanish (Panama)              , es-PA       , PAB         , spa         
French (Monaco)               , fr-MC       , EUR         , fra         
Serbian (Latin, Bosnia and Herzegovina), sr-Latn-BA  , BAM         , srs         
Sami, Southern (Norway)       , sma-NO      , NOK         , sma         
Arabic (Tunisia)              , ar-TN       , TND         , ara         
English (South Africa)        , en-ZA       , ZAR         , eng         
Spanish (Dominican Republic)  , es-DO       , DOP         , spa         
Serbian (Cyrillic, Bosnia and Herzegovina), sr-Cyrl-BA  , BAM         , srn         
Sami, Southern (Sweden)       , sma-SE      , SEK         , smb         
Arabic (Oman)                 , ar-OM       , OMR         , ara         
English (Jamaica)             , en-JM       , JMD         , eng         
Spanish (Bolivarian Republic of Venezuela), es-VE       , VEF         , spa         
Bosnian (Cyrillic, Bosnia and Herzegovina), bs-Cyrl-BA  , BAM         , bsc         
Sami, Skolt (Finland)         , sms-FI      , EUR         , sms         
Arabic (Yemen)                , ar-YE       , YER         , ara         
English (Caribbean)           , en-029      , USD         , eng         
Spanish (Colombia)            , es-CO       , COP         , spa         
Serbian (Latin, Serbia)       , sr-Latn-RS  , RSD         , srp         
Sami, Inari (Finland)         , smn-FI      , EUR         , smn         
Arabic (Syria)                , ar-SY       , SYP         , ara         
English (Belize)              , en-BZ       , BZD         , eng         
Spanish (Peru)                , es-PE       , PEN         , spa         
Serbian (Cyrillic, Serbia)    , sr-Cyrl-RS  , RSD         , srp         
Arabic (Jordan)               , ar-JO       , JOD         , ara         
English (Trinidad and Tobago) , en-TT       , TTD         , eng         
Spanish (Argentina)           , es-AR       , ARS         , spa         
Serbian (Latin, Montenegro)   , sr-Latn-ME  , EUR         , srp         
Arabic (Lebanon)              , ar-LB       , LBP         , ara         
English (Zimbabwe)            , en-ZW       , ZWL         , eng         
Spanish (Ecuador)             , es-EC       , USD         , spa         
Serbian (Cyrillic, Montenegro), sr-Cyrl-ME  , EUR         , srp         
Arabic (Kuwait)               , ar-KW       , KWD         , ara         
English (Republic of the Philippines), en-PH       , PHP         , eng         
Spanish (Chile)               , es-CL       , CLP         , spa         
Arabic (U.A.E.)               , ar-AE       , AED         , ara         
Spanish (Uruguay)             , es-UY       , UYU         , spa         
Arabic (Bahrain)              , ar-BH       , BHD         , ara         
Spanish (Paraguay)            , es-PY       , PYG         , spa         
Arabic (Qatar)                , ar-QA       , QAR         , ara         
English (India)               , en-IN       , INR         , eng         
Spanish (Bolivia)             , es-BO       , BOB         , spa         
English (Malaysia)            , en-MY       , MYR         , eng         
Spanish (El Salvador)         , es-SV       , USD         , spa         
English (Singapore)           , en-SG       , SGD         , eng         
Spanish (Honduras)            , es-HN       , HNL         , spa         
Spanish (Nicaragua)           , es-NI       , NIO         , spa         
Spanish (Puerto Rico)         , es-PR       , USD         , spa         
Spanish (United States)       , es-US       , USD         , spa</StdOut>
      </Output>
    </UnitTestResult>
    <UnitTestResult executionId="da92ab2f-b988-49c5-b14c-87dc8fb2a344" testId="8b19d8fc-0483-e63a-4b3a-e0773c9abfd8" testName="Test_first_level_cache" computerName="MACPC" duration="00:00:00.4283100" startTime="2012-06-13T11:35:49.3492291+02:00" endTime="2012-06-13T11:35:49.9127273+02:00" testType="13cdc9d9-ddb5-4fa4-a97d-d965ccfc6d4b" outcome="Passed" testListId="8c84fa94-04c1-424b-9868-57a2d4851a1d" relativeResultsDirectory="da92ab2f-b988-49c5-b14c-87dc8fb2a344">
      <Output>
        <StdErr>log4net:ERROR [RollingFileAppender] Unable to acquire lock on file C:\SourceCode\EcoHotels\EcoHotels.Core.Tests\Logs\log-unittest.txt. The process cannot access the file 'C:\SourceCode\EcoHotels\EcoHotels.Core.Tests\Logs\log-unittest.txt' because it is being used by another process.</StdErr>
        <DebugTrace>log4net:ERROR [RollingFileAppender] Unable to acquire lock on file C:\SourceCode\EcoHotels\EcoHotels.Core.Tests\Logs\log-unittest.txt. The process cannot access the file 'C:\SourceCode\EcoHotels\EcoHotels.Core.Tests\Logs\log-unittest.txt' because it is being used by another process.
</DebugTrace>
      </Output>
    </UnitTestResult>
    <UnitTestResult executionId="70c21404-c42e-4463-821c-0f302a9253db" testId="99c2fd44-120c-2c4c-b432-60559c7d15a5" testName="TestMethod1" computerName="MACPC" duration="00:00:00.1519894" startTime="2012-06-13T11:35:49.9195635+02:00" endTime="2012-06-13T11:35:50.0748429+02:00" testType="13cdc9d9-ddb5-4fa4-a97d-d965ccfc6d4b" outcome="Inconclusive" testListId="8c84fa94-04c1-424b-9868-57a2d4851a1d" relativeResultsDirectory="70c21404-c42e-4463-821c-0f302a9253db">
      <Output>
        <StdOut>+UtxiHCWOdFJknwJW6JciYAqIuak/wC8M+AZZTLOkp4=
f94b7188709639d149927c095ba25c89802a22e6a4ff00bc33e0196532ce929e</StdOut>
        <ErrorInfo>
          <Message>Assert.Inconclusive failed. </Message>
          <StackTrace>   at EcoHotels.Core.Tests.UnitTest1.TestMethod1() in C:\SourceCode\EcoHotels\EcoHotels.Core.Tests\UnitTest1.cs:line 167
</StackTrace>
        </ErrorInfo>
      </Output>
    </UnitTestResult>
  </Results>
</TestRun>