<?xml version="1.0" encoding="UTF-8"?>
<TestRun id="71c49ffc-ba32-4997-b7d7-5f9a43f0b523" name="Mark@MACPC 2013-07-13 15:39:44" runUser="MacPc\Mark" xmlns="http://microsoft.com/schemas/VisualStudio/TeamTest/2010">
  <TestSettings name="Local" id="f45b0aff-07a5-4726-a4ce-984b897c8a14">
    <Description>These are default test settings for a local test run.</Description>
    <Deployment enabled="false" runDeploymentRoot="Mark_MACPC 2013-07-13 15_39_44" />
    <Execution>
      <TestTypeSpecific />
      <AgentRule name="Execution Agents">
      </AgentRule>
    </Execution>
  </TestSettings>
  <Times creation="2013-07-13T15:39:44.3789846+02:00" queuing="2013-07-13T15:39:44.9163896+02:00" start="2013-07-13T15:39:45.3179777+02:00" finish="2013-07-13T15:39:52.3755710+02:00" />
  <ResultSummary outcome="Completed">
    <Counters total="1" executed="1" passed="1" error="0" failed="0" timeout="0" aborted="0" inconclusive="0" passedButRunAborted="0" notRunnable="0" notExecuted="0" disconnected="0" warning="0" completed="0" inProgress="0" pending="0" />
  </ResultSummary>
  <TestDefinitions>
    <UnitTest name="TestMethod1" storage="c:\sourcecode\ecohotels\ecohotels.core.tests\bin\debug\ecohotels.core.tests.dll" id="fe1b11d9-7505-7444-4c79-a617aaa573cf">
      <Execution timeOut="1800000" id="a51a8461-e4b8-46af-8322-4aadafa6459c" />
      <TestMethod codeBase="C:/SourceCode/EcoHotels/EcoHotels.Core.Tests/bin/Debug/EcoHotels.Core.Tests.DLL" adapterTypeName="Microsoft.VisualStudio.TestTools.TestTypes.Unit.UnitTestAdapter, Microsoft.VisualStudio.QualityTools.Tips.UnitTest.Adapter, Version=10.0.0.0, Culture=neutral, PublicKeyToken=b03f5f7f11d50a3a" className="EcoHotels.Core.Tests.Integration.Repositories.UserRepoTester, EcoHotels.Core.Tests, Version=1.0.0.0, Culture=neutral, PublicKeyToken=null" name="TestMethod1" />
    </UnitTest>
  </TestDefinitions>
  <TestLists>
    <TestList name="Results Not in a List" id="8c84fa94-04c1-424b-9868-57a2d4851a1d" />
    <TestList name="All Loaded Results" id="19431567-8539-422a-85d7-44ee4e166bda" />
  </TestLists>
  <TestEntries>
    <TestEntry testId="fe1b11d9-7505-7444-4c79-a617aaa573cf" executionId="a51a8461-e4b8-46af-8322-4aadafa6459c" testListId="8c84fa94-04c1-424b-9868-57a2d4851a1d" />
  </TestEntries>
  <Results>
    <UnitTestResult executionId="a51a8461-e4b8-46af-8322-4aadafa6459c" testId="fe1b11d9-7505-7444-4c79-a617aaa573cf" testName="TestMethod1" computerName="MACPC" duration="00:00:05.8981599" startTime="2013-07-13T15:39:45.7967567+02:00" endTime="2013-07-13T15:39:52.2104411+02:00" testType="13cdc9d9-ddb5-4fa4-a97d-d965ccfc6d4b" outcome="Passed" testListId="8c84fa94-04c1-424b-9868-57a2d4851a1d" relativeResultsDirectory="a51a8461-e4b8-46af-8322-4aadafa6459c">
      <Output>
        <StdOut>Starting NH Session
NHibernate: SELECT this_.Id as Id28_0_, this_.Firstname as Firstname28_0_, this_.Lastname as Lastname28_0_, this_.Email as Email28_0_, this_.Password as Password28_0_, this_.Role as Role28_0_, this_.IsActive as IsActive28_0_, this_.OrganizationId as Organiza8_28_0_ FROM Users this_ WHERE this_.Email = @p0;@p0 = ''; DROP TABLE [Users3] --' [Type: String (4000)]
Ending NH Session</StdOut>
        <DebugTrace>SessionScope Initializing...
SessionScope BeginTransaction
SessionScope EndTransaction
</DebugTrace>
      </Output>
    </UnitTestResult>
  </Results>
</TestRun>