<?xml version="1.0" encoding="UTF-8"?>
<TestRun id="78580cd2-34f4-4a42-8a77-0696bc8db615" name="Mark@MACPC 2012-09-20 18:49:58" runUser="MacPc\Mark" xmlns="http://microsoft.com/schemas/VisualStudio/TeamTest/2010">
  <TestSettings name="Local" id="f45b0aff-07a5-4726-a4ce-984b897c8a14">
    <Description>These are default test settings for a local test run.</Description>
    <Deployment enabled="false" runDeploymentRoot="Mark_MACPC 2012-09-20 18_49_58" />
    <Execution>
      <TestTypeSpecific />
      <AgentRule name="Execution Agents">
      </AgentRule>
    </Execution>
  </TestSettings>
  <Times creation="2012-09-20T18:49:58.0978236+02:00" queuing="2012-09-20T18:49:58.6028809+02:00" start="2012-09-20T18:49:59.2271200+02:00" finish="2012-09-20T18:50:04.8560178+02:00" />
  <ResultSummary outcome="Failed">
    <Counters total="1" executed="1" error="0" failed="1" timeout="0" aborted="0" inconclusive="0" passedButRunAborted="0" notRunnable="0" notExecuted="0" disconnected="0" warning="0" passed="0" completed="0" inProgress="0" pending="0" />
  </ResultSummary>
  <TestDefinitions>
    <UnitTest name="TEST" storage="c:\sourcecode\ecohotels\ecohotels.core.tests\bin\debug\ecohotels.core.tests.dll" id="23763737-3a1e-4738-ae1f-0b48cbd62d81">
      <Execution timeOut="1800000" id="51b58f67-13ad-4edf-a9be-b38c2058dc64" />
      <TestMethod codeBase="C:/SourceCode/EcoHotels/EcoHotels.Core.Tests/bin/Debug/EcoHotels.Core.Tests.DLL" adapterTypeName="Microsoft.VisualStudio.TestTools.TestTypes.Unit.UnitTestAdapter, Microsoft.VisualStudio.QualityTools.Tips.UnitTest.Adapter, Version=10.0.0.0, Culture=neutral, PublicKeyToken=b03f5f7f11d50a3a" className="EcoHotels.Core.Tests.Integration.NHCachingTester, EcoHotels.Core.Tests, Version=1.0.0.0, Culture=neutral, PublicKeyToken=null" name="TEST" />
    </UnitTest>
  </TestDefinitions>
  <TestLists>
    <TestList name="Results Not in a List" id="8c84fa94-04c1-424b-9868-57a2d4851a1d" />
    <TestList name="All Loaded Results" id="19431567-8539-422a-85d7-44ee4e166bda" />
  </TestLists>
  <TestEntries>
    <TestEntry testId="23763737-3a1e-4738-ae1f-0b48cbd62d81" executionId="51b58f67-13ad-4edf-a9be-b38c2058dc64" testListId="8c84fa94-04c1-424b-9868-57a2d4851a1d" />
  </TestEntries>
  <Results>
    <UnitTestResult executionId="51b58f67-13ad-4edf-a9be-b38c2058dc64" testId="23763737-3a1e-4738-ae1f-0b48cbd62d81" testName="TEST" computerName="MACPC" duration="00:00:04.8218077" startTime="2012-09-20T18:49:59.5319128+02:00" endTime="2012-09-20T18:50:04.7524664+02:00" testType="13cdc9d9-ddb5-4fa4-a97d-d965ccfc6d4b" outcome="Failed" testListId="8c84fa94-04c1-424b-9868-57a2d4851a1d" relativeResultsDirectory="51b58f67-13ad-4edf-a9be-b38c2058dc64">
      <Output>
        <StdOut>Starting NH Session
NHibernate: SELECT country0_.Id as Id4_0_, country0_.Name as Name4_0_, country0_.[Alpha-2 code] as column3_4_0_, country0_.CurrencyId as CurrencyId4_0_, country0_.LanguageId as LanguageId4_0_ FROM Countries country0_ WHERE country0_.Id=@p0;@p0 = 61 [Type: Int32 (0)]
Ending NH Session</StdOut>
        <DebugTrace>SessionScope Initializing...
SessionScope BeginTransaction
SessionScope EndTransaction
</DebugTrace>
        <ErrorInfo>
          <Message>Test method EcoHotels.Core.Tests.Integration.NHCachingTester.TEST threw exception: 
System.ObjectDisposedException: Session is closed!
Object name: 'ISession'.
TestCleanup method EcoHotels.Core.Tests.Integration.NHCachingTester.TestCleanup threw exception. NHibernate.SessionException: NHibernate.SessionException: Session was already closed.</Message>
          <StackTrace>    at NHibernate.Impl.AbstractSessionImpl.ErrorIfClosed()
   at NHibernate.Impl.AbstractSessionImpl.CheckAndUpdateSessionStatus()
   at NHibernate.Impl.SessionImpl.FireLoad(LoadEvent event, LoadType loadType)
   at NHibernate.Impl.SessionImpl.Get(String entityName, Object id)
   at NHibernate.Impl.SessionImpl.Get(Type entityClass, Object id)
   at NHibernate.Impl.SessionImpl.Get[T](Object id)
   at EcoHotels.Core.Infrastructure.Repositories.NH.CountryRepo.FindBy(Int32 id) in C:\SourceCode\EcoHotels\EcoHotels.Core\Infrastructure\Repositories\NH\CountryRepo.cs:line 11
   at EcoHotels.Core.Tests.Integration.NHCachingTester.TEST() in C:\SourceCode\EcoHotels\EcoHotels.Core.Tests\Integration\NHCachingTester.cs:line 59

TestCleanup Stack Trace
    at NHibernate.Impl.SessionImpl.Close()
   at EcoHotels.Core.Infrastructure.NH.SessionFactory.EndTransaction() in C:\SourceCode\EcoHotels\EcoHotels.Core\Infrastructure\NH\SessionFactory.cs:line 101
   at EcoHotels.Core.Tests.NhibernateContext.TestCleanup() in C:\SourceCode\EcoHotels\EcoHotels.Core.Tests\NhibernateContext.cs:line 58
</StackTrace>
        </ErrorInfo>
      </Output>
    </UnitTestResult>
  </Results>
</TestRun>