<?xml version="1.0" encoding="UTF-8"?>
<TestRun id="b354d8e8-6f27-45e5-bcdd-c6ad401c7b79" name="Mark@MACPC 2012-06-13 09:56:45" runUser="MacPc\Mark" xmlns="http://microsoft.com/schemas/VisualStudio/TeamTest/2010">
  <TestSettings name="Local" id="f45b0aff-07a5-4726-a4ce-984b897c8a14">
    <Description>These are default test settings for a local test run.</Description>
    <Deployment enabled="false" runDeploymentRoot="Mark_MACPC 2012-06-13 09_56_45" />
    <Execution>
      <TestTypeSpecific />
      <AgentRule name="Execution Agents">
      </AgentRule>
    </Execution>
  </TestSettings>
  <Times creation="2012-06-13T09:56:45.4916827+02:00" queuing="2012-06-13T09:56:45.9118787+02:00" start="2012-06-13T09:56:46.5998275+02:00" finish="2012-06-13T09:56:52.7982071+02:00" />
  <ResultSummary outcome="Failed">
    <Counters total="2" executed="2" passed="1" error="0" failed="1" timeout="0" aborted="0" inconclusive="0" passedButRunAborted="0" notRunnable="0" notExecuted="0" disconnected="0" warning="0" completed="0" inProgress="0" pending="0" />
  </ResultSummary>
  <TestDefinitions>
    <UnitTest name="Test" storage="c:\sourcecode\ecohotels\ecohotels.core.tests\bin\debug\ecohotels.core.tests.dll" id="d75c8714-168d-8b15-2b06-a263426686c2">
      <Execution timeOut="1800000" id="c7d69ccc-58d1-4c8c-9af7-79cc972e8b36" />
      <TestMethod codeBase="C:/SourceCode/EcoHotels/EcoHotels.Core.Tests/bin/Debug/EcoHotels.Core.Tests.DLL" adapterTypeName="Microsoft.VisualStudio.TestTools.TestTypes.Unit.UnitTestAdapter, Microsoft.VisualStudio.QualityTools.Tips.UnitTest.Adapter, Version=10.0.0.0, Culture=neutral, PublicKeyToken=b03f5f7f11d50a3a" className="EcoHotels.Core.Tests.Integration.Repositories.Ip2LocationRepoTester, EcoHotels.Core.Tests, Version=1.0.0.0, Culture=neutral, PublicKeyToken=null" name="Test" />
    </UnitTest>
    <UnitTest name="TestMethod1" storage="c:\sourcecode\ecohotels\ecohotels.core.tests\bin\debug\ecohotels.core.tests.dll" id="31853b94-b4e6-faf6-dab5-9fbef20709e9">
      <Execution timeOut="1800000" id="74bc3699-cf8a-4730-8393-c096916f93e4" />
      <TestMethod codeBase="C:/SourceCode/EcoHotels/EcoHotels.Core.Tests/bin/Debug/EcoHotels.Core.Tests.DLL" adapterTypeName="Microsoft.VisualStudio.TestTools.TestTypes.Unit.UnitTestAdapter, Microsoft.VisualStudio.QualityTools.Tips.UnitTest.Adapter, Version=10.0.0.0, Culture=neutral, PublicKeyToken=b03f5f7f11d50a3a" className="EcoHotels.Core.Tests.Integration.Repositories.Ip2LocationRepoTester, EcoHotels.Core.Tests, Version=1.0.0.0, Culture=neutral, PublicKeyToken=null" name="TestMethod1" />
    </UnitTest>
  </TestDefinitions>
  <TestLists>
    <TestList name="Results Not in a List" id="8c84fa94-04c1-424b-9868-57a2d4851a1d" />
    <TestList name="All Loaded Results" id="19431567-8539-422a-85d7-44ee4e166bda" />
  </TestLists>
  <TestEntries>
    <TestEntry testId="d75c8714-168d-8b15-2b06-a263426686c2" executionId="c7d69ccc-58d1-4c8c-9af7-79cc972e8b36" testListId="8c84fa94-04c1-424b-9868-57a2d4851a1d" />
    <TestEntry testId="31853b94-b4e6-faf6-dab5-9fbef20709e9" executionId="74bc3699-cf8a-4730-8393-c096916f93e4" testListId="8c84fa94-04c1-424b-9868-57a2d4851a1d" />
  </TestEntries>
  <Results>
    <UnitTestResult executionId="c7d69ccc-58d1-4c8c-9af7-79cc972e8b36" testId="d75c8714-168d-8b15-2b06-a263426686c2" testName="Test" computerName="MACPC" duration="00:00:05.0235379" startTime="2012-06-13T09:56:46.8538995+02:00" endTime="2012-06-13T09:56:52.2636787+02:00" testType="13cdc9d9-ddb5-4fa4-a97d-d965ccfc6d4b" outcome="Failed" testListId="8c84fa94-04c1-424b-9868-57a2d4851a1d" relativeResultsDirectory="c7d69ccc-58d1-4c8c-9af7-79cc972e8b36">
      <Output>
        <ErrorInfo>
          <Message>Test method EcoHotels.Core.Tests.Integration.Repositories.Ip2LocationRepoTester.Test threw exception: 
System.ArgumentException: Culture name 'dan' is not supported.
Parameter name: name</Message>
          <StackTrace>    at System.Globalization.RegionInfo..ctor(String name)
   at EcoHotels.Core.Tests.Integration.Repositories.Ip2LocationRepoTester.Test() in C:\SourceCode\EcoHotels\EcoHotels.Core.Tests\Integration\Repositories\Ip2LocationRepoTester.cs:line 36
</StackTrace>
        </ErrorInfo>
      </Output>
    </UnitTestResult>
    <UnitTestResult executionId="74bc3699-cf8a-4730-8393-c096916f93e4" testId="31853b94-b4e6-faf6-dab5-9fbef20709e9" testName="TestMethod1" computerName="MACPC" duration="00:00:00.4168915" startTime="2012-06-13T09:56:52.2881087+02:00" endTime="2012-06-13T09:56:52.7063503+02:00" testType="13cdc9d9-ddb5-4fa4-a97d-d965ccfc6d4b" outcome="Passed" testListId="8c84fa94-04c1-424b-9868-57a2d4851a1d" relativeResultsDirectory="74bc3699-cf8a-4730-8393-c096916f93e4">
      <Output>
        <StdOut>NHibernate: SELECT TOP (@p0)  ip.countrySHORT FROM IP2Location ip WHERE ipFROM &lt;= @p1 AND @p1 &lt;= ipTO;@p0 = 1 [Type: Int32 (0)], @p1 = 16776331264 [Type: Double (0)]</StdOut>
      </Output>
    </UnitTestResult>
  </Results>
</TestRun>