<?xml version="1.0" encoding="UTF-8"?>
<TestRun id="3ac806a9-fb68-4fda-94e3-7efa5e98f468" name="Mark@MACPC 2012-09-20 18:56:23" runUser="MacPc\Mark" xmlns="http://microsoft.com/schemas/VisualStudio/TeamTest/2010">
  <TestSettings name="Local" id="f45b0aff-07a5-4726-a4ce-984b897c8a14">
    <Description>These are default test settings for a local test run.</Description>
    <Deployment enabled="false" runDeploymentRoot="Mark_MACPC 2012-09-20 18_56_23" />
    <Execution>
      <TestTypeSpecific />
      <AgentRule name="Execution Agents">
      </AgentRule>
    </Execution>
  </TestSettings>
  <Times creation="2012-09-20T18:56:23.9933948+02:00" queuing="2012-09-20T18:56:24.5317218+02:00" start="2012-09-20T18:56:25.0026358+02:00" finish="2012-09-20T18:56:30.2530338+02:00" />
  <ResultSummary outcome="Completed">
    <Counters total="1" executed="1" passed="1" error="0" failed="0" timeout="0" aborted="0" inconclusive="0" passedButRunAborted="0" notRunnable="0" notExecuted="0" disconnected="0" warning="0" completed="0" inProgress="0" pending="0" />
  </ResultSummary>
  <TestDefinitions>
    <UnitTest name="Will_fetch_from_Second_Level_Cache_when_using_Id_with_different_SessionScopes" storage="c:\sourcecode\ecohotels\ecohotels.core.tests\bin\debug\ecohotels.core.tests.dll" id="f93091aa-5648-82d3-2752-ab97d55bb584">
      <Execution timeOut="1800000" id="fdd617dc-8dc0-4ede-b002-35662edbd7b6" />
      <TestMethod codeBase="C:/SourceCode/EcoHotels/EcoHotels.Core.Tests/bin/Debug/EcoHotels.Core.Tests.DLL" adapterTypeName="Microsoft.VisualStudio.TestTools.TestTypes.Unit.UnitTestAdapter, Microsoft.VisualStudio.QualityTools.Tips.UnitTest.Adapter, Version=10.0.0.0, Culture=neutral, PublicKeyToken=b03f5f7f11d50a3a" className="EcoHotels.Core.Tests.Integration.NHCachingTester, EcoHotels.Core.Tests, Version=1.0.0.0, Culture=neutral, PublicKeyToken=null" name="Will_fetch_from_Second_Level_Cache_when_using_Id_with_different_SessionScopes" />
    </UnitTest>
  </TestDefinitions>
  <TestLists>
    <TestList name="Results Not in a List" id="8c84fa94-04c1-424b-9868-57a2d4851a1d" />
    <TestList name="All Loaded Results" id="19431567-8539-422a-85d7-44ee4e166bda" />
  </TestLists>
  <TestEntries>
    <TestEntry testId="f93091aa-5648-82d3-2752-ab97d55bb584" executionId="fdd617dc-8dc0-4ede-b002-35662edbd7b6" testListId="8c84fa94-04c1-424b-9868-57a2d4851a1d" />
  </TestEntries>
  <Results>
    <UnitTestResult executionId="fdd617dc-8dc0-4ede-b002-35662edbd7b6" testId="f93091aa-5648-82d3-2752-ab97d55bb584" testName="Will_fetch_from_Second_Level_Cache_when_using_Id_with_different_SessionScopes" computerName="MACPC" duration="00:00:04.4709573" startTime="2012-09-20T18:56:25.2879198+02:00" endTime="2012-09-20T18:56:30.1524028+02:00" testType="13cdc9d9-ddb5-4fa4-a97d-d965ccfc6d4b" outcome="Passed" testListId="8c84fa94-04c1-424b-9868-57a2d4851a1d" relativeResultsDirectory="fdd617dc-8dc0-4ede-b002-35662edbd7b6">
      <Output>
        <StdOut>Starting NH Session
NHibernate: SELECT country0_.Id as Id4_0_, country0_.Name as Name4_0_, country0_.[Alpha-2 code] as column3_4_0_, country0_.CurrencyId as CurrencyId4_0_, country0_.LanguageId as LanguageId4_0_ FROM Countries country0_ WHERE country0_.Id=@p0;@p0 = 61 [Type: Int32 (0)]
Ending NH Session</StdOut>
        <DebugTrace>SessionScope Initializing...
SessionScope BeginTransaction
SessionScope EndTransaction
</DebugTrace>
      </Output>
    </UnitTestResult>
  </Results>
</TestRun>