<?xml version="1.0" encoding="UTF-8"?>
<TestRun id="ff945201-463e-49b6-85bc-2832fd68cbcf" name="Mark@MACPC 2012-06-12 19:06:58" runUser="MacPc\Mark" xmlns="http://microsoft.com/schemas/VisualStudio/TeamTest/2010">
  <TestSettings name="Local" id="f45b0aff-07a5-4726-a4ce-984b897c8a14">
    <Description>These are default test settings for a local test run.</Description>
    <Deployment enabled="false" runDeploymentRoot="Mark_MACPC 2012-06-12 19_06_58" />
    <Execution>
      <TestTypeSpecific />
      <AgentRule name="Execution Agents">
      </AgentRule>
    </Execution>
  </TestSettings>
  <Times creation="2012-06-12T19:06:58.4094759+02:00" queuing="2012-06-12T19:06:58.9595269+02:00" start="2012-06-12T19:06:59.6346339+02:00" finish="2012-06-12T19:07:04.7423899+02:00" />
  <ResultSummary outcome="Completed">
    <Counters total="1" executed="1" passed="1" error="0" failed="0" timeout="0" aborted="0" inconclusive="0" passedButRunAborted="0" notRunnable="0" notExecuted="0" disconnected="0" warning="0" completed="0" inProgress="0" pending="0" />
  </ResultSummary>
  <TestDefinitions>
    <UnitTest name="TestMethod1" storage="c:\sourcecode\ecohotels\ecohotels.core.tests\bin\debug\ecohotels.core.tests.dll" id="8eac6221-589f-6773-4e34-9508143ccf9c">
      <Execution timeOut="1800000" id="78ee935a-b867-49a1-a0b2-72e299823c5f" />
      <TestMethod codeBase="C:/SourceCode/EcoHotels/EcoHotels.Core.Tests/bin/Debug/EcoHotels.Core.Tests.DLL" adapterTypeName="Microsoft.VisualStudio.TestTools.TestTypes.Unit.UnitTestAdapter, Microsoft.VisualStudio.QualityTools.Tips.UnitTest.Adapter, Version=10.0.0.0, Culture=neutral, PublicKeyToken=b03f5f7f11d50a3a" className="EcoHotels.Core.Tests.Data.CurrencyTester, EcoHotels.Core.Tests, Version=1.0.0.0, Culture=neutral, PublicKeyToken=null" name="TestMethod1" />
    </UnitTest>
  </TestDefinitions>
  <TestLists>
    <TestList name="Results Not in a List" id="8c84fa94-04c1-424b-9868-57a2d4851a1d" />
    <TestList name="All Loaded Results" id="19431567-8539-422a-85d7-44ee4e166bda" />
  </TestLists>
  <TestEntries>
    <TestEntry testId="8eac6221-589f-6773-4e34-9508143ccf9c" executionId="78ee935a-b867-49a1-a0b2-72e299823c5f" testListId="8c84fa94-04c1-424b-9868-57a2d4851a1d" />
  </TestEntries>
  <Results>
    <UnitTestResult executionId="78ee935a-b867-49a1-a0b2-72e299823c5f" testId="8eac6221-589f-6773-4e34-9508143ccf9c" testName="TestMethod1" computerName="MACPC" duration="00:00:04.1922917" startTime="2012-06-12T19:07:00.0098019+02:00" endTime="2012-06-12T19:07:04.5841159+02:00" testType="13cdc9d9-ddb5-4fa4-a97d-d965ccfc6d4b" outcome="Passed" testListId="8c84fa94-04c1-424b-9868-57a2d4851a1d" relativeResultsDirectory="78ee935a-b867-49a1-a0b2-72e299823c5f">
    </UnitTestResult>
  </Results>
</TestRun>