<?xml version="1.0" encoding="UTF-8"?>
<TestRun id="762936f0-cdae-4a53-b6e4-9cf1e1537dd7" name="Mark@MACPC 2012-09-19 14:30:54" runUser="MacPc\Mark" xmlns="http://microsoft.com/schemas/VisualStudio/TeamTest/2010">
  <TestSettings name="Local" id="f45b0aff-07a5-4726-a4ce-984b897c8a14">
    <Description>These are default test settings for a local test run.</Description>
    <Deployment enabled="false" runDeploymentRoot="Mark_MACPC 2012-09-19 14_30_54" />
    <Execution>
      <TestTypeSpecific />
      <AgentRule name="Execution Agents">
      </AgentRule>
    </Execution>
  </TestSettings>
  <Times creation="2012-09-19T14:30:54.7509587+02:00" queuing="2012-09-19T14:30:55.3696529+02:00" start="2012-09-19T14:30:56.4535895+02:00" finish="2012-09-19T14:30:57.0928091+02:00" />
  <ResultSummary outcome="Completed">
    <Counters total="1" executed="1" passed="1" error="0" failed="0" timeout="0" aborted="0" inconclusive="0" passedButRunAborted="0" notRunnable="0" notExecuted="0" disconnected="0" warning="0" completed="0" inProgress="0" pending="0" />
  </ResultSummary>
  <TestDefinitions>
    <UnitTest name="Tes2t" storage="c:\sourcecode\ecohotels\ecohotels.core.tests\bin\debug\ecohotels.core.tests.dll" id="b036e0c1-7fa7-30d1-16a2-959bd0c6e442">
      <Execution timeOut="1800000" id="8ca57dfd-3f46-411a-bf6c-4f95acfa129f" />
      <TestMethod codeBase="C:/SourceCode/EcoHotels/EcoHotels.Core.Tests/bin/Debug/EcoHotels.Core.Tests.DLL" adapterTypeName="Microsoft.VisualStudio.TestTools.TestTypes.Unit.UnitTestAdapter, Microsoft.VisualStudio.QualityTools.Tips.UnitTest.Adapter, Version=10.0.0.0, Culture=neutral, PublicKeyToken=b03f5f7f11d50a3a" className="EcoHotels.Core.Tests.Integration.Repositories.Ip2LocationRepoTester, EcoHotels.Core.Tests, Version=1.0.0.0, Culture=neutral, PublicKeyToken=null" name="Tes2t" />
    </UnitTest>
  </TestDefinitions>
  <TestLists>
    <TestList name="Results Not in a List" id="8c84fa94-04c1-424b-9868-57a2d4851a1d" />
    <TestList name="All Loaded Results" id="19431567-8539-422a-85d7-44ee4e166bda" />
  </TestLists>
  <TestEntries>
    <TestEntry testId="b036e0c1-7fa7-30d1-16a2-959bd0c6e442" executionId="8ca57dfd-3f46-411a-bf6c-4f95acfa129f" testListId="8c84fa94-04c1-424b-9868-57a2d4851a1d" />
  </TestEntries>
  <Results>
    <UnitTestResult executionId="8ca57dfd-3f46-411a-bf6c-4f95acfa129f" testId="b036e0c1-7fa7-30d1-16a2-959bd0c6e442" testName="Tes2t" computerName="MACPC" duration="00:00:00.0168722" startTime="2012-09-19T14:30:56.8416173+02:00" endTime="2012-09-19T14:30:56.9452217+02:00" testType="13cdc9d9-ddb5-4fa4-a97d-d965ccfc6d4b" outcome="Passed" testListId="8c84fa94-04c1-424b-9868-57a2d4851a1d" relativeResultsDirectory="8ca57dfd-3f46-411a-bf6c-4f95acfa129f">
      <Output>
        <StdOut>Danish</StdOut>
      </Output>
    </UnitTestResult>
  </Results>
</TestRun>