<?xml version="1.0" encoding="UTF-8"?>
<TestRun id="d3afa1d0-a33f-428c-82b7-0ee5ab7f8a6d" name="Mark@MACPC 2012-06-19 10:29:51" runUser="MacPc\Mark" xmlns="http://microsoft.com/schemas/VisualStudio/TeamTest/2010">
  <TestSettings name="Local" id="f45b0aff-07a5-4726-a4ce-984b897c8a14">
    <Description>These are default test settings for a local test run.</Description>
    <Deployment enabled="false" runDeploymentRoot="Mark_MACPC 2012-06-19 10_29_51" />
    <Execution>
      <TestTypeSpecific />
      <AgentRule name="Execution Agents">
      </AgentRule>
    </Execution>
  </TestSettings>
  <Times creation="2012-06-19T10:29:51.2812254+02:00" queuing="2012-06-19T10:29:52.3534224+02:00" start="2012-06-19T10:29:55.1784369+02:00" finish="2012-06-19T10:29:58.8500769+02:00" />
  <ResultSummary outcome="Completed">
    <Counters total="1" executed="1" passed="1" error="0" failed="0" timeout="0" aborted="0" inconclusive="0" passedButRunAborted="0" notRunnable="0" notExecuted="0" disconnected="0" warning="0" completed="0" inProgress="0" pending="0" />
  </ResultSummary>
  <TestDefinitions>
    <UnitTest name="can_convert_from_dkk_to_usd" storage="c:\sourcecode\ecohotels\ecohotels.core.tests\bin\debug\ecohotels.core.tests.dll" id="0d8bf745-a89b-a12c-eb25-9d40b08d50b9">
      <Execution timeOut="1800000" id="b1332099-b47c-4f33-8d53-21a0beae548a" />
      <TestMethod codeBase="C:/SourceCode/EcoHotels/EcoHotels.Core.Tests/bin/Debug/EcoHotels.Core.Tests.DLL" adapterTypeName="Microsoft.VisualStudio.TestTools.TestTypes.Unit.UnitTestAdapter, Microsoft.VisualStudio.QualityTools.Tips.UnitTest.Adapter, Version=10.0.0.0, Culture=neutral, PublicKeyToken=b03f5f7f11d50a3a" className="EcoHotels.Core.Tests.Unit.MoneyTester, EcoHotels.Core.Tests, Version=1.0.0.0, Culture=neutral, PublicKeyToken=null" name="can_convert_from_dkk_to_usd" />
    </UnitTest>
  </TestDefinitions>
  <TestLists>
    <TestList name="Results Not in a List" id="8c84fa94-04c1-424b-9868-57a2d4851a1d" />
    <TestList name="All Loaded Results" id="19431567-8539-422a-85d7-44ee4e166bda" />
  </TestLists>
  <TestEntries>
    <TestEntry testId="0d8bf745-a89b-a12c-eb25-9d40b08d50b9" executionId="b1332099-b47c-4f33-8d53-21a0beae548a" testListId="8c84fa94-04c1-424b-9868-57a2d4851a1d" />
  </TestEntries>
  <Results>
    <UnitTestResult executionId="b1332099-b47c-4f33-8d53-21a0beae548a" testId="0d8bf745-a89b-a12c-eb25-9d40b08d50b9" testName="can_convert_from_dkk_to_usd" computerName="MACPC" duration="00:00:00.4110047" startTime="2012-06-19T10:29:57.0581994+02:00" endTime="2012-06-19T10:29:58.7075079+02:00" testType="13cdc9d9-ddb5-4fa4-a97d-d965ccfc6d4b" outcome="Passed" testListId="8c84fa94-04c1-424b-9868-57a2d4851a1d" relativeResultsDirectory="b1332099-b47c-4f33-8d53-21a0beae548a">
    </UnitTestResult>
  </Results>
</TestRun>