<?xml version="1.0" encoding="UTF-8"?>
<TestRun id="4fc79309-d785-4532-b8ee-8aaf53a97612" name="Mark@MACPC 2012-06-19 10:45:58" runUser="MacPc\Mark" xmlns="http://microsoft.com/schemas/VisualStudio/TeamTest/2010">
  <TestSettings name="Local" id="f45b0aff-07a5-4726-a4ce-984b897c8a14">
    <Description>These are default test settings for a local test run.</Description>
    <Deployment enabled="false" runDeploymentRoot="Mark_MACPC 2012-06-19 10_45_58" />
    <Execution>
      <TestTypeSpecific />
      <AgentRule name="Execution Agents">
      </AgentRule>
    </Execution>
  </TestSettings>
  <Times creation="2012-06-19T10:45:58.8963093+02:00" queuing="2012-06-19T10:45:59.2722618+02:00" start="2012-06-19T10:45:59.7780888+02:00" finish="2012-06-19T10:46:01.0397268+02:00" />
  <ResultSummary outcome="Failed">
    <Counters total="1" executed="1" error="0" failed="1" timeout="0" aborted="0" inconclusive="0" passedButRunAborted="0" notRunnable="0" notExecuted="0" disconnected="0" warning="0" passed="0" completed="0" inProgress="0" pending="0" />
  </ResultSummary>
  <TestDefinitions>
    <UnitTest name="can_convert_from_usd_to_nok" storage="c:\sourcecode\ecohotels\ecohotels.core.tests\bin\debug\ecohotels.core.tests.dll" id="7532cc48-465c-6aaf-a33e-e51f624234d1">
      <Execution timeOut="1800000" id="4ffe8e93-f43b-4838-91fd-7c98e947adca" />
      <TestMethod codeBase="C:/SourceCode/EcoHotels/EcoHotels.Core.Tests/bin/Debug/EcoHotels.Core.Tests.DLL" adapterTypeName="Microsoft.VisualStudio.TestTools.TestTypes.Unit.UnitTestAdapter, Microsoft.VisualStudio.QualityTools.Tips.UnitTest.Adapter, Version=10.0.0.0, Culture=neutral, PublicKeyToken=b03f5f7f11d50a3a" className="EcoHotels.Core.Tests.Unit.MoneyTester, EcoHotels.Core.Tests, Version=1.0.0.0, Culture=neutral, PublicKeyToken=null" name="can_convert_from_usd_to_nok" />
    </UnitTest>
  </TestDefinitions>
  <TestLists>
    <TestList name="Results Not in a List" id="8c84fa94-04c1-424b-9868-57a2d4851a1d" />
    <TestList name="All Loaded Results" id="19431567-8539-422a-85d7-44ee4e166bda" />
  </TestLists>
  <TestEntries>
    <TestEntry testId="7532cc48-465c-6aaf-a33e-e51f624234d1" executionId="4ffe8e93-f43b-4838-91fd-7c98e947adca" testListId="8c84fa94-04c1-424b-9868-57a2d4851a1d" />
  </TestEntries>
  <Results>
    <UnitTestResult executionId="4ffe8e93-f43b-4838-91fd-7c98e947adca" testId="7532cc48-465c-6aaf-a33e-e51f624234d1" testName="can_convert_from_usd_to_nok" computerName="MACPC" duration="00:00:00.2204369" startTime="2012-06-19T10:46:00.0671328+02:00" endTime="2012-06-19T10:46:00.6579153+02:00" testType="13cdc9d9-ddb5-4fa4-a97d-d965ccfc6d4b" outcome="Failed" testListId="8c84fa94-04c1-424b-9868-57a2d4851a1d" relativeResultsDirectory="4ffe8e93-f43b-4838-91fd-7c98e947adca">
      <Output>
        <ErrorInfo>
          <Message>Assert.AreEqual failed. Expected:&lt;591,344&gt;. Actual:&lt;584,07&gt;. </Message>
          <StackTrace>   at EcoHotels.Core.Tests.Unit.MoneyTester.can_convert_from_usd_to_nok() in C:\SourceCode\EcoHotels\EcoHotels.Core.Tests\Unit\MoneyTester.cs:line 47
</StackTrace>
        </ErrorInfo>
      </Output>
    </UnitTestResult>
  </Results>
</TestRun>