<?xml version="1.0" encoding="UTF-8"?>
<TestRun id="dab609c2-37bb-4a5b-b1fa-6dcdff6ff27c" name="Mark@MACPC 2012-06-29 00:01:17" runUser="MacPc\Mark" xmlns="http://microsoft.com/schemas/VisualStudio/TeamTest/2010">
  <TestSettings name="Local" id="f45b0aff-07a5-4726-a4ce-984b897c8a14">
    <Description>These are default test settings for a local test run.</Description>
    <Deployment enabled="false" runDeploymentRoot="Mark_MACPC 2012-06-29 00_01_17" />
    <Execution>
      <TestTypeSpecific />
      <AgentRule name="Execution Agents">
      </AgentRule>
    </Execution>
  </TestSettings>
  <Times creation="2012-06-29T00:01:17.7648438+02:00" queuing="2012-06-29T00:01:18.5310044+02:00" start="2012-06-29T00:01:19.6459896+02:00" finish="2012-06-29T00:01:21.7371976+02:00" />
  <ResultSummary outcome="Completed">
    <Counters total="1" executed="1" passed="1" error="0" failed="0" timeout="0" aborted="0" inconclusive="0" passedButRunAborted="0" notRunnable="0" notExecuted="0" disconnected="0" warning="0" completed="0" inProgress="0" pending="0" />
  </ResultSummary>
  <TestDefinitions>
    <UnitTest name="TestMethod2" storage="c:\sourcecode\ecohotels\ecohotels.core.tests\bin\debug\ecohotels.core.tests.dll" id="4a446110-e4cd-75b0-cc3f-b76248508346">
      <Execution timeOut="1800000" id="6ee4a918-6cf6-44c9-9b2b-1783892fc75d" />
      <TestMethod codeBase="C:/SourceCode/EcoHotels/EcoHotels.Core.Tests/bin/Debug/EcoHotels.Core.Tests.DLL" adapterTypeName="Microsoft.VisualStudio.TestTools.TestTypes.Unit.UnitTestAdapter, Microsoft.VisualStudio.QualityTools.Tips.UnitTest.Adapter, Version=10.0.0.0, Culture=neutral, PublicKeyToken=b03f5f7f11d50a3a" className="EcoHotels.Core.Tests.Unit.CultureTester, EcoHotels.Core.Tests, Version=1.0.0.0, Culture=neutral, PublicKeyToken=null" name="TestMethod2" />
    </UnitTest>
  </TestDefinitions>
  <TestLists>
    <TestList name="Results Not in a List" id="8c84fa94-04c1-424b-9868-57a2d4851a1d" />
    <TestList name="All Loaded Results" id="19431567-8539-422a-85d7-44ee4e166bda" />
  </TestLists>
  <TestEntries>
    <TestEntry testId="4a446110-e4cd-75b0-cc3f-b76248508346" executionId="6ee4a918-6cf6-44c9-9b2b-1783892fc75d" testListId="8c84fa94-04c1-424b-9868-57a2d4851a1d" />
  </TestEntries>
  <Results>
    <UnitTestResult executionId="6ee4a918-6cf6-44c9-9b2b-1783892fc75d" testId="4a446110-e4cd-75b0-cc3f-b76248508346" testName="TestMethod2" computerName="MACPC" duration="00:00:00.3760885" startTime="2012-06-29T00:01:20.6476196+02:00" endTime="2012-06-29T00:01:21.5358944+02:00" testType="13cdc9d9-ddb5-4fa4-a97d-d965ccfc6d4b" outcome="Passed" testListId="8c84fa94-04c1-424b-9868-57a2d4851a1d" relativeResultsDirectory="6ee4a918-6cf6-44c9-9b2b-1783892fc75d">
      <Output>
        <StdOut>129853944814987608
06/29/2012 00:01:21
2012-06-28T22:01:21+02:00
2012-06-29 00:01:21Z</StdOut>
      </Output>
    </UnitTestResult>
  </Results>
</TestRun>