<?xml version="1.0" encoding="UTF-8"?>
<TestRun id="2cbb9d99-2d60-40cb-865f-c2116f2f2333" name="Mark@MACPC 2013-01-01 20:00:37" runUser="MacPc\Mark" xmlns="http://microsoft.com/schemas/VisualStudio/TeamTest/2010">
  <TestSettings name="Local" id="f45b0aff-07a5-4726-a4ce-984b897c8a14">
    <Description>These are default test settings for a local test run.</Description>
    <Deployment enabled="false" runDeploymentRoot="Mark_MACPC 2013-01-01 20_00_37" />
    <Execution>
      <TestTypeSpecific />
      <AgentRule name="Execution Agents">
      </AgentRule>
    </Execution>
  </TestSettings>
  <Times creation="2013-01-01T20:00:37.9522058+01:00" queuing="2013-01-01T20:00:38.6021768+01:00" start="2013-01-01T20:00:39.3244754+01:00" finish="2013-01-01T20:00:45.9766598+01:00" />
  <ResultSummary outcome="Completed">
    <Counters total="1" executed="1" passed="1" error="0" failed="0" timeout="0" aborted="0" inconclusive="0" passedButRunAborted="0" notRunnable="0" notExecuted="0" disconnected="0" warning="0" completed="0" inProgress="0" pending="0" />
  </ResultSummary>
  <TestDefinitions>
    <UnitTest name="Can_delete_entity" storage="c:\sourcecode\ecohotels\ecohotels.core.tests\bin\debug\ecohotels.core.tests.dll" id="7765dc84-b341-fa7d-fec9-496fb80ae7bc">
      <Execution timeOut="1800000" id="be82922a-efc6-4837-8fbd-28e2f2f5e09c" />
      <TestMethod codeBase="C:/SourceCode/EcoHotels/EcoHotels.Core.Tests/bin/Debug/EcoHotels.Core.Tests.DLL" adapterTypeName="Microsoft.VisualStudio.TestTools.TestTypes.Unit.UnitTestAdapter, Microsoft.VisualStudio.QualityTools.Tips.UnitTest.Adapter, Version=10.0.0.0, Culture=neutral, PublicKeyToken=b03f5f7f11d50a3a" className="EcoHotels.Core.Tests.Integration.Services.RateServiceTester, EcoHotels.Core.Tests, Version=1.0.0.0, Culture=neutral, PublicKeyToken=null" name="Can_delete_entity" />
    </UnitTest>
  </TestDefinitions>
  <TestLists>
    <TestList name="Results Not in a List" id="8c84fa94-04c1-424b-9868-57a2d4851a1d" />
    <TestList name="All Loaded Results" id="19431567-8539-422a-85d7-44ee4e166bda" />
  </TestLists>
  <TestEntries>
    <TestEntry testId="7765dc84-b341-fa7d-fec9-496fb80ae7bc" executionId="be82922a-efc6-4837-8fbd-28e2f2f5e09c" testListId="8c84fa94-04c1-424b-9868-57a2d4851a1d" />
  </TestEntries>
  <Results>
    <UnitTestResult executionId="be82922a-efc6-4837-8fbd-28e2f2f5e09c" testId="7765dc84-b341-fa7d-fec9-496fb80ae7bc" testName="Can_delete_entity" computerName="MACPC" duration="00:00:05.6889347" startTime="2013-01-01T20:00:39.7037066+01:00" endTime="2013-01-01T20:00:45.8662136+01:00" testType="13cdc9d9-ddb5-4fa4-a97d-d965ccfc6d4b" outcome="Passed" testListId="8c84fa94-04c1-424b-9868-57a2d4851a1d" relativeResultsDirectory="be82922a-efc6-4837-8fbd-28e2f2f5e09c">
      <Output>
        <StdOut>Starting NH Session
NHibernate: Batch commands:
command 0:INSERT INTO RateCategories (HotelId, Name, Description, Id) VALUES (@p0, @p1, @p2, @p3);@p0 = 3bbddb5c-8d98-42f2-9ac3-7aee68ea23a4 [Type: Guid (0)], @p1 = 'lalala' [Type: String (4000)], @p2 = 'sdfsdfsdf' [Type: String (4000)], @p3 = d6def498-05cc-43fb-83b0-a1390149cc5c [Type: Guid (0)]

NHibernate: Batch commands:
command 0:INSERT INTO RatePrices (RoomTypeId, Value, IsActive, RateCategoryId, Id) VALUES (@p0, @p1, @p2, @p3, @p4);@p0 = 6130ce96-1c6e-4bae-b9ca-d036f84710e3 [Type: Guid (0)], @p1 = 0 [Type: Double (0)], @p2 = True [Type: Boolean (0)], @p3 = d6def498-05cc-43fb-83b0-a1390149cc5c [Type: Guid (0)], @p4 = e355c640-88b3-4c48-af85-a1390149cc66 [Type: Guid (0)]

Ending NH Session
NHibernate: Batch commands:
command 0:DELETE FROM RatePrices WHERE Id = @p0;@p0 = e355c640-88b3-4c48-af85-a1390149cc66 [Type: Guid (0)]

NHibernate: Batch commands:
command 0:DELETE FROM RateCategories WHERE Id = @p0;@p0 = d6def498-05cc-43fb-83b0-a1390149cc5c [Type: Guid (0)]</StdOut>
        <DebugTrace>SessionScope Initializing...
SessionScope BeginTransaction
SessionScope EndTransaction
</DebugTrace>
      </Output>
    </UnitTestResult>
  </Results>
</TestRun>