<?xml version="1.0" encoding="UTF-8"?>
<TestRun id="37d9295f-718b-4bc3-a925-0fdd634b424f" name="Mark@MACPC 2013-01-01 19:30:23" runUser="MacPc\Mark" xmlns="http://microsoft.com/schemas/VisualStudio/TeamTest/2010">
  <TestSettings name="Local" id="f45b0aff-07a5-4726-a4ce-984b897c8a14">
    <Description>These are default test settings for a local test run.</Description>
    <Deployment enabled="false" runDeploymentRoot="Mark_MACPC 2013-01-01 19_30_23" />
    <Execution>
      <TestTypeSpecific />
      <AgentRule name="Execution Agents">
      </AgentRule>
    </Execution>
  </TestSettings>
  <Times creation="2013-01-01T19:30:23.3269427+01:00" queuing="2013-01-01T19:30:24.2631003+01:00" start="2013-01-01T19:30:24.9344367+01:00" finish="2013-01-01T19:30:35.9250051+01:00" />
  <ResultSummary outcome="Failed">
    <Counters total="1" executed="1" error="0" failed="1" timeout="0" aborted="0" inconclusive="0" passedButRunAborted="0" notRunnable="0" notExecuted="0" disconnected="0" warning="0" passed="0" completed="0" inProgress="0" pending="0" />
  </ResultSummary>
  <TestDefinitions>
    <UnitTest name="TestMethod1" storage="c:\sourcecode\ecohotels\ecohotels.core.tests\bin\debug\ecohotels.core.tests.dll" id="b89f4b58-d56b-7f24-c5dc-b60b14545fb4">
      <Execution timeOut="1800000" id="79f0b029-45f1-4786-96bc-c9b514f01361" />
      <TestMethod codeBase="C:/SourceCode/EcoHotels/EcoHotels.Core.Tests/bin/Debug/EcoHotels.Core.Tests.DLL" adapterTypeName="Microsoft.VisualStudio.TestTools.TestTypes.Unit.UnitTestAdapter, Microsoft.VisualStudio.QualityTools.Tips.UnitTest.Adapter, Version=10.0.0.0, Culture=neutral, PublicKeyToken=b03f5f7f11d50a3a" className="EcoHotels.Core.Tests.Integration.Services.RateServiceTester, EcoHotels.Core.Tests, Version=1.0.0.0, Culture=neutral, PublicKeyToken=null" name="TestMethod1" />
    </UnitTest>
  </TestDefinitions>
  <TestLists>
    <TestList name="Results Not in a List" id="8c84fa94-04c1-424b-9868-57a2d4851a1d" />
    <TestList name="All Loaded Results" id="19431567-8539-422a-85d7-44ee4e166bda" />
  </TestLists>
  <TestEntries>
    <TestEntry testId="b89f4b58-d56b-7f24-c5dc-b60b14545fb4" executionId="79f0b029-45f1-4786-96bc-c9b514f01361" testListId="8c84fa94-04c1-424b-9868-57a2d4851a1d" />
  </TestEntries>
  <Results>
    <UnitTestResult executionId="79f0b029-45f1-4786-96bc-c9b514f01361" testId="b89f4b58-d56b-7f24-c5dc-b60b14545fb4" testName="TestMethod1" computerName="MACPC" duration="00:00:09.2049198" startTime="2013-01-01T19:30:25.5823203+01:00" endTime="2013-01-01T19:30:35.5849395+01:00" testType="13cdc9d9-ddb5-4fa4-a97d-d965ccfc6d4b" outcome="Failed" testListId="8c84fa94-04c1-424b-9868-57a2d4851a1d" relativeResultsDirectory="79f0b029-45f1-4786-96bc-c9b514f01361">
      <Output>
        <StdOut>Starting NH Session
NHibernate: Batch commands:
command 0:INSERT INTO RateCategories (HotelId, Name, Description, Id) VALUES (@p0, @p1, @p2, @p3);@p0 = 7eb1d91e-2400-49d6-be9f-7f8d594cdf87 [Type: Guid (0)], @p1 = 'lalala' [Type: String (4000)], @p2 = 'sdfsdfsdf' [Type: String (4000)], @p3 = 13b9039e-70ea-49a2-b6fc-a1390141827c [Type: Guid (0)]

NHibernate: Batch commands:
command 0:INSERT INTO RatePrices (RoomTypeId, Value, IsActive, ReservationId, Id) VALUES (@p0, @p1, @p2, @p3, @p4);@p0 = 583b55d7-b456-4695-a5af-96962641e0bc [Type: Guid (0)], @p1 = 0 [Type: Double (0)], @p2 = True [Type: Boolean (0)], @p3 = 13b9039e-70ea-49a2-b6fc-a1390141827c [Type: Guid (0)], @p4 = ff45e224-a06b-4a66-a227-a13901418296 [Type: Guid (0)]

Ending NH Session</StdOut>
        <DebugTrace>SessionScope Initializing...
SessionScope BeginTransaction
SessionScope EndTransaction
</DebugTrace>
        <ErrorInfo>
          <Message>Test method EcoHotels.Core.Tests.Integration.Services.RateServiceTester.TestMethod1 threw exception: 
NHibernate.Exceptions.GenericADOException: could not execute batch command.[SQL: SQL not available] ---&gt; System.Data.SqlClient.SqlException: Invalid column name 'ReservationId'.</Message>
          <StackTrace>    at System.Data.SqlClient.SqlConnection.OnError(SqlException exception, Boolean breakConnection)
   at System.Data.SqlClient.SqlInternalConnection.OnError(SqlException exception, Boolean breakConnection)
   at System.Data.SqlClient.TdsParser.ThrowExceptionAndWarning()
   at System.Data.SqlClient.TdsParser.Run(RunBehavior runBehavior, SqlCommand cmdHandler, SqlDataReader dataStream, BulkCopySimpleResultSet bulkCopyHandler, TdsParserStateObject stateObj)
   at System.Data.SqlClient.SqlCommand.FinishExecuteReader(SqlDataReader ds, RunBehavior runBehavior, String resetOptionsString)
   at System.Data.SqlClient.SqlCommand.RunExecuteReaderTds(CommandBehavior cmdBehavior, RunBehavior runBehavior, Boolean returnStream, Boolean async)
   at System.Data.SqlClient.SqlCommand.RunExecuteReader(CommandBehavior cmdBehavior, RunBehavior runBehavior, Boolean returnStream, String method, DbAsyncResult result)
   at System.Data.SqlClient.SqlCommand.InternalExecuteNonQuery(DbAsyncResult result, String methodName, Boolean sendToPipe)
   at System.Data.SqlClient.SqlCommand.ExecuteNonQuery()
   at System.Data.SqlClient.SqlCommand.ExecuteBatchRPCCommand()
   at System.Data.SqlClient.SqlCommandSet.ExecuteNonQuery()
   at NHibernate.AdoNet.SqlClientSqlCommandSet.ExecuteNonQuery()
   at NHibernate.AdoNet.SqlClientBatchingBatcher.DoExecuteBatch(IDbCommand ps)
 --- End of inner exception stack trace ---
    at NHibernate.AdoNet.SqlClientBatchingBatcher.DoExecuteBatch(IDbCommand ps)
   at NHibernate.AdoNet.AbstractBatcher.ExecuteBatchWithTiming(IDbCommand ps)
   at NHibernate.AdoNet.AbstractBatcher.ExecuteBatch()
   at NHibernate.Engine.ActionQueue.ExecuteActions(IList list)
   at NHibernate.Engine.ActionQueue.ExecuteActions()
   at NHibernate.Event.Default.AbstractFlushingEventListener.PerformExecutions(IEventSource session)
   at NHibernate.Event.Default.DefaultFlushEventListener.OnFlush(FlushEvent event)
   at NHibernate.Impl.SessionImpl.Flush()
   at EcoHotels.Core.Infrastructure.NH.Repository`1.Save(T item) in C:\SourceCode\EcoHotels\EcoHotels.Core\Infrastructure\NH\Repository.cs:line 163
   at EcoHotels.Core.Infrastructure.Services.Price.RateService.Save(RateCategory category) in C:\SourceCode\EcoHotels\EcoHotels.Core\Infrastructure\Services\Price\RateService.cs:line 29
   at EcoHotels.Core.Tests.Integration.Services.RateServiceTester.TestMethod1() in C:\SourceCode\EcoHotels\EcoHotels.Core.Tests\Integration\Services\RateServiceTester.cs:line 27
</StackTrace>
        </ErrorInfo>
      </Output>
    </UnitTestResult>
  </Results>
</TestRun>