<?xml version="1.0" encoding="UTF-8"?>
<TestRun id="7ffd4c0a-eab8-44b8-9c6f-b53584b2eeec" name="Mark@MACPC 2012-06-19 10:52:22" runUser="MacPc\Mark" xmlns="http://microsoft.com/schemas/VisualStudio/TeamTest/2010">
  <TestSettings name="Local" id="f45b0aff-07a5-4726-a4ce-984b897c8a14">
    <Description>These are default test settings for a local test run.</Description>
    <Deployment enabled="false" runDeploymentRoot="Mark_MACPC 2012-06-19 10_52_22" />
    <Execution>
      <TestTypeSpecific />
      <AgentRule name="Execution Agents">
      </AgentRule>
    </Execution>
  </TestSettings>
  <Times creation="2012-06-19T10:52:22.2549541+02:00" queuing="2012-06-19T10:52:23.6837199+02:00" start="2012-06-19T10:52:25.2130755+02:00" finish="2012-06-19T10:52:29.0550199+02:00" />
  <ResultSummary outcome="Completed">
    <Counters total="3" executed="3" passed="3" error="0" failed="0" timeout="0" aborted="0" inconclusive="0" passedButRunAborted="0" notRunnable="0" notExecuted="0" disconnected="0" warning="0" completed="0" inProgress="0" pending="0" />
  </ResultSummary>
  <TestDefinitions>
    <UnitTest name="can_convert_from_dkk_to_usd" storage="c:\sourcecode\ecohotels\ecohotels.core.tests\bin\debug\ecohotels.core.tests.dll" id="0d8bf745-a89b-a12c-eb25-9d40b08d50b9">
      <Execution timeOut="1800000" id="66122378-2daf-4ac9-8d4c-cc19b6e87aa2" />
      <TestMethod codeBase="C:/SourceCode/EcoHotels/EcoHotels.Core.Tests/bin/Debug/EcoHotels.Core.Tests.DLL" adapterTypeName="Microsoft.VisualStudio.TestTools.TestTypes.Unit.UnitTestAdapter, Microsoft.VisualStudio.QualityTools.Tips.UnitTest.Adapter, Version=10.0.0.0, Culture=neutral, PublicKeyToken=b03f5f7f11d50a3a" className="EcoHotels.Core.Tests.Unit.MoneyTester, EcoHotels.Core.Tests, Version=1.0.0.0, Culture=neutral, PublicKeyToken=null" name="can_convert_from_dkk_to_usd" />
    </UnitTest>
    <UnitTest name="can_convert_from_usd_to_nok" storage="c:\sourcecode\ecohotels\ecohotels.core.tests\bin\debug\ecohotels.core.tests.dll" id="7532cc48-465c-6aaf-a33e-e51f624234d1">
      <Execution timeOut="1800000" id="528b3c2d-4b21-485e-a14c-54af73775f3e" />
      <TestMethod codeBase="C:/SourceCode/EcoHotels/EcoHotels.Core.Tests/bin/Debug/EcoHotels.Core.Tests.DLL" adapterTypeName="Microsoft.VisualStudio.TestTools.TestTypes.Unit.UnitTestAdapter, Microsoft.VisualStudio.QualityTools.Tips.UnitTest.Adapter, Version=10.0.0.0, Culture=neutral, PublicKeyToken=b03f5f7f11d50a3a" className="EcoHotels.Core.Tests.Unit.MoneyTester, EcoHotels.Core.Tests, Version=1.0.0.0, Culture=neutral, PublicKeyToken=null" name="can_convert_from_usd_to_nok" />
    </UnitTest>
    <UnitTest name="can_convert_from_usd_to_dkk" storage="c:\sourcecode\ecohotels\ecohotels.core.tests\bin\debug\ecohotels.core.tests.dll" id="a09dbd99-82e0-273e-3a06-ea04ba08d948">
      <Execution timeOut="1800000" id="77c676e9-6ff8-4020-a9f9-c3c28dc2c088" />
      <TestMethod codeBase="C:/SourceCode/EcoHotels/EcoHotels.Core.Tests/bin/Debug/EcoHotels.Core.Tests.DLL" adapterTypeName="Microsoft.VisualStudio.TestTools.TestTypes.Unit.UnitTestAdapter, Microsoft.VisualStudio.QualityTools.Tips.UnitTest.Adapter, Version=10.0.0.0, Culture=neutral, PublicKeyToken=b03f5f7f11d50a3a" className="EcoHotels.Core.Tests.Unit.MoneyTester, EcoHotels.Core.Tests, Version=1.0.0.0, Culture=neutral, PublicKeyToken=null" name="can_convert_from_usd_to_dkk" />
    </UnitTest>
  </TestDefinitions>
  <TestLists>
    <TestList name="Results Not in a List" id="8c84fa94-04c1-424b-9868-57a2d4851a1d" />
    <TestList name="All Loaded Results" id="19431567-8539-422a-85d7-44ee4e166bda" />
  </TestLists>
  <TestEntries>
    <TestEntry testId="0d8bf745-a89b-a12c-eb25-9d40b08d50b9" executionId="66122378-2daf-4ac9-8d4c-cc19b6e87aa2" testListId="8c84fa94-04c1-424b-9868-57a2d4851a1d" />
    <TestEntry testId="a09dbd99-82e0-273e-3a06-ea04ba08d948" executionId="77c676e9-6ff8-4020-a9f9-c3c28dc2c088" testListId="8c84fa94-04c1-424b-9868-57a2d4851a1d" />
    <TestEntry testId="7532cc48-465c-6aaf-a33e-e51f624234d1" executionId="528b3c2d-4b21-485e-a14c-54af73775f3e" testListId="8c84fa94-04c1-424b-9868-57a2d4851a1d" />
  </TestEntries>
  <Results>
    <UnitTestResult executionId="66122378-2daf-4ac9-8d4c-cc19b6e87aa2" testId="0d8bf745-a89b-a12c-eb25-9d40b08d50b9" testName="can_convert_from_dkk_to_usd" computerName="MACPC" duration="00:00:00.2621218" startTime="2012-06-19T10:52:26.4787491+02:00" endTime="2012-06-19T10:52:28.1721735+02:00" testType="13cdc9d9-ddb5-4fa4-a97d-d965ccfc6d4b" outcome="Passed" testListId="8c84fa94-04c1-424b-9868-57a2d4851a1d" relativeResultsDirectory="66122378-2daf-4ac9-8d4c-cc19b6e87aa2">
    </UnitTestResult>
    <UnitTestResult executionId="77c676e9-6ff8-4020-a9f9-c3c28dc2c088" testId="a09dbd99-82e0-273e-3a06-ea04ba08d948" testName="can_convert_from_usd_to_dkk" computerName="MACPC" duration="00:00:00.0024243" startTime="2012-06-19T10:52:28.2180737+02:00" endTime="2012-06-19T10:52:28.2639739+02:00" testType="13cdc9d9-ddb5-4fa4-a97d-d965ccfc6d4b" outcome="Passed" testListId="8c84fa94-04c1-424b-9868-57a2d4851a1d" relativeResultsDirectory="77c676e9-6ff8-4020-a9f9-c3c28dc2c088">
    </UnitTestResult>
    <UnitTestResult executionId="528b3c2d-4b21-485e-a14c-54af73775f3e" testId="7532cc48-465c-6aaf-a33e-e51f624234d1" testName="can_convert_from_usd_to_nok" computerName="MACPC" duration="00:00:00.0347700" startTime="2012-06-19T10:52:28.4817557+02:00" endTime="2012-06-19T10:52:28.5813689+02:00" testType="13cdc9d9-ddb5-4fa4-a97d-d965ccfc6d4b" outcome="Passed" testListId="8c84fa94-04c1-424b-9868-57a2d4851a1d" relativeResultsDirectory="528b3c2d-4b21-485e-a14c-54af73775f3e">
    </UnitTestResult>
  </Results>
</TestRun>