<?xml version="1.0" encoding="UTF-8"?>
<TestRun id="d57aaf07-7963-40be-8482-980247a28ed0" name="Mark@MACPC 2012-06-19 13:59:30" runUser="MacPc\Mark" xmlns="http://microsoft.com/schemas/VisualStudio/TeamTest/2010">
  <TestSettings name="Local" id="f45b0aff-07a5-4726-a4ce-984b897c8a14">
    <Description>These are default test settings for a local test run.</Description>
    <Deployment enabled="false" runDeploymentRoot="Mark_MACPC 2012-06-19 13_59_30" />
    <Execution>
      <TestTypeSpecific />
      <AgentRule name="Execution Agents">
      </AgentRule>
    </Execution>
  </TestSettings>
  <Times creation="2012-06-19T13:59:30.6325543+02:00" queuing="2012-06-19T13:59:31.0290539+02:00" start="2012-06-19T13:59:31.5046581+02:00" finish="2012-06-19T13:59:32.3455107+02:00" />
  <ResultSummary outcome="Completed">
    <Counters total="1" executed="1" passed="1" error="0" failed="0" timeout="0" aborted="0" inconclusive="0" passedButRunAborted="0" notRunnable="0" notExecuted="0" disconnected="0" warning="0" completed="0" inProgress="0" pending="0" />
  </ResultSummary>
  <TestDefinitions>
    <UnitTest name="TestMethod1" storage="c:\sourcecode\ecohotels\ecohotels.core.tests\bin\debug\ecohotels.core.tests.dll" id="9193d417-81ee-9a8c-b811-a8a6a4e38992">
      <Execution timeOut="1800000" id="281fec2d-aba7-482a-a888-af56a0fdb2e8" />
      <TestMethod codeBase="C:/SourceCode/EcoHotels/EcoHotels.Core.Tests/bin/Debug/EcoHotels.Core.Tests.DLL" adapterTypeName="Microsoft.VisualStudio.TestTools.TestTypes.Unit.UnitTestAdapter, Microsoft.VisualStudio.QualityTools.Tips.UnitTest.Adapter, Version=10.0.0.0, Culture=neutral, PublicKeyToken=b03f5f7f11d50a3a" className="EcoHotels.Core.Tests.Unit.PasswordHelperTester, EcoHotels.Core.Tests, Version=1.0.0.0, Culture=neutral, PublicKeyToken=null" name="TestMethod1" />
    </UnitTest>
  </TestDefinitions>
  <TestLists>
    <TestList name="Results Not in a List" id="8c84fa94-04c1-424b-9868-57a2d4851a1d" />
    <TestList name="All Loaded Results" id="19431567-8539-422a-85d7-44ee4e166bda" />
  </TestLists>
  <TestEntries>
    <TestEntry testId="9193d417-81ee-9a8c-b811-a8a6a4e38992" executionId="281fec2d-aba7-482a-a888-af56a0fdb2e8" testListId="8c84fa94-04c1-424b-9868-57a2d4851a1d" />
  </TestEntries>
  <Results>
    <UnitTestResult executionId="281fec2d-aba7-482a-a888-af56a0fdb2e8" testId="9193d417-81ee-9a8c-b811-a8a6a4e38992" testName="TestMethod1" computerName="MACPC" duration="00:00:00.0592714" startTime="2012-06-19T13:59:31.8484213+02:00" endTime="2012-06-19T13:59:32.2292953+02:00" testType="13cdc9d9-ddb5-4fa4-a97d-d965ccfc6d4b" outcome="Passed" testListId="8c84fa94-04c1-424b-9868-57a2d4851a1d" relativeResultsDirectory="281fec2d-aba7-482a-a888-af56a0fdb2e8">
      <Output>
        <StdOut>OoE9u9sA
8fccb4e7e5000145c495c825c935210086b6daefa75f99237e8b548d6bf34d6c4a5cb0b0d87f1c4e44b0f7307955d5b2698dff0339193a3acb994fcd7ac86198
6ccc850d92ea7729d25c4545c8e8fe6512d707a36a79ce8339e15a300cd6f39f3a321dd81e4db59a02be23eeec179e888a3e09b606fb115905eede117f435c53</StdOut>
      </Output>
    </UnitTestResult>
  </Results>
</TestRun>