<?xml version="1.0" encoding="UTF-8"?>
<TestRun id="0b425693-0e6b-4b3e-96dd-7673781d1eab" name="Mark@MACPC 2012-09-30 19:54:05" runUser="MacPc\Mark" xmlns="http://microsoft.com/schemas/VisualStudio/TeamTest/2010">
  <TestSettings name="Local" id="f45b0aff-07a5-4726-a4ce-984b897c8a14">
    <Description>These are default test settings for a local test run.</Description>
    <Deployment enabled="false" runDeploymentRoot="Mark_MACPC 2012-09-30 19_54_05" />
    <Execution>
      <TestTypeSpecific />
      <AgentRule name="Execution Agents">
      </AgentRule>
    </Execution>
  </TestSettings>
  <Times creation="2012-09-30T19:54:05.8955941+02:00" queuing="2012-09-30T19:54:06.8683873+02:00" start="2012-09-30T19:54:07.5618443+02:00" finish="2012-09-30T19:54:16.7799389+02:00" />
  <ResultSummary outcome="Failed">
    <Counters total="1" executed="1" error="0" failed="1" timeout="0" aborted="0" inconclusive="0" passedButRunAborted="0" notRunnable="0" notExecuted="0" disconnected="0" warning="0" passed="0" completed="0" inProgress="0" pending="0" />
  </ResultSummary>
  <TestDefinitions>
    <UnitTest name="test" storage="c:\sourcecode\ecohotels\ecohotels.core.tests\bin\debug\ecohotels.core.tests.dll" id="aeb51a13-4d65-c4d0-a4b8-887ff34c3e21">
      <Execution timeOut="1800000" id="cd850cf6-42fa-4f33-9d88-0ded1b50a507" />
      <TestMethod codeBase="C:/SourceCode/EcoHotels/EcoHotels.Core.Tests/bin/Debug/EcoHotels.Core.Tests.DLL" adapterTypeName="Microsoft.VisualStudio.TestTools.TestTypes.Unit.UnitTestAdapter, Microsoft.VisualStudio.QualityTools.Tips.UnitTest.Adapter, Version=10.0.0.0, Culture=neutral, PublicKeyToken=b03f5f7f11d50a3a" className="EcoHotels.Core.Tests.Integration.NHCachingTester, EcoHotels.Core.Tests, Version=1.0.0.0, Culture=neutral, PublicKeyToken=null" name="test" />
    </UnitTest>
  </TestDefinitions>
  <TestLists>
    <TestList name="Results Not in a List" id="8c84fa94-04c1-424b-9868-57a2d4851a1d" />
    <TestList name="All Loaded Results" id="19431567-8539-422a-85d7-44ee4e166bda" />
  </TestLists>
  <TestEntries>
    <TestEntry testId="aeb51a13-4d65-c4d0-a4b8-887ff34c3e21" executionId="cd850cf6-42fa-4f33-9d88-0ded1b50a507" testListId="8c84fa94-04c1-424b-9868-57a2d4851a1d" />
  </TestEntries>
  <Results>
    <UnitTestResult executionId="cd850cf6-42fa-4f33-9d88-0ded1b50a507" testId="aeb51a13-4d65-c4d0-a4b8-887ff34c3e21" testName="test" computerName="MACPC" duration="00:00:07.0084572" startTime="2012-09-30T19:54:09.2046537+02:00" endTime="2012-09-30T19:54:16.6783621+02:00" testType="13cdc9d9-ddb5-4fa4-a97d-d965ccfc6d4b" outcome="Failed" testListId="8c84fa94-04c1-424b-9868-57a2d4851a1d" relativeResultsDirectory="cd850cf6-42fa-4f33-9d88-0ded1b50a507">
      <Output>
        <StdOut>Starting NH Session
NHibernate: SELECT this_.Id as Id4_0_, this_.Name as Name4_0_, this_.[Alpha-2 code] as column3_4_0_, this_.CurrencyId as CurrencyId4_0_, this_.LanguageId as LanguageId4_0_ FROM Countries this_
NHibernate: SELECT this_.Id as Id4_0_, this_.Name as Name4_0_, this_.[Alpha-2 code] as column3_4_0_, this_.CurrencyId as CurrencyId4_0_, this_.LanguageId as LanguageId4_0_ FROM Countries this_ WHERE this_.[Alpha-2 code] = @p0;@p0 = 'DK' [Type: String (4000)]
Ending NH Session</StdOut>
        <StdErr>log4net:ERROR [RollingFileAppender] Exception while rolling file [C:\SourceCode\EcoHotels\EcoHotels.Core.Tests\Logs\log-unittest.txt] -&gt; [C:\SourceCode\EcoHotels\EcoHotels.Core.Tests\Logs\log-unittest.txt2012.09.29]
System.IO.IOException: The process cannot access the file because it is being used by another process.
   at System.IO.__Error.WinIOError(Int32 errorCode, String maybeFullPath)
   at System.IO.__Error.WinIOError()
   at System.IO.File.Move(String sourceFileName, String destFileName)
   at log4net.Appender.RollingFileAppender.RollFile(String fromFile, String toFile)</StdErr>
        <DebugTrace>log4net:ERROR [RollingFileAppender] Exception while rolling file [C:\SourceCode\EcoHotels\EcoHotels.Core.Tests\Logs\log-unittest.txt] -&gt; [C:\SourceCode\EcoHotels\EcoHotels.Core.Tests\Logs\log-unittest.txt2012.09.29]
System.IO.IOException: The process cannot access the file because it is being used by another process.
   at System.IO.__Error.WinIOError(Int32 errorCode, String maybeFullPath)
   at System.IO.__Error.WinIOError()
   at System.IO.File.Move(String sourceFileName, String destFileName)
   at log4net.Appender.RollingFileAppender.RollFile(String fromFile, String toFile)
SessionScope Initializing...
SessionScope BeginTransaction
SessionScope EndTransaction
</DebugTrace>
        <ErrorInfo>
          <Message>Assert.AreEqual failed. Expected:&lt;1&gt;. Actual:&lt;0&gt;. </Message>
          <StackTrace>   at EcoHotels.Core.Tests.Integration.NHCachingTester.test() in C:\SourceCode\EcoHotels\EcoHotels.Core.Tests\Integration\NHCachingTester.cs:line 77
</StackTrace>
        </ErrorInfo>
      </Output>
    </UnitTestResult>
  </Results>
</TestRun>