<?xml version="1.0" encoding="UTF-8"?>
<TestRun id="ca5ad146-40d7-4f72-b271-d84dffe0dc99" name="Mark@MACPC 2012-09-19 16:22:06" runUser="MacPc\Mark" xmlns="http://microsoft.com/schemas/VisualStudio/TeamTest/2010">
  <TestSettings name="Local" id="f45b0aff-07a5-4726-a4ce-984b897c8a14">
    <Description>These are default test settings for a local test run.</Description>
    <Deployment enabled="false" runDeploymentRoot="Mark_MACPC 2012-09-19 16_22_06" />
    <Execution>
      <TestTypeSpecific />
      <AgentRule name="Execution Agents">
      </AgentRule>
    </Execution>
  </TestSettings>
  <Times creation="2012-09-19T16:22:06.1011875+02:00" queuing="2012-09-19T16:22:06.6795715+02:00" start="2012-09-19T16:22:07.3556555+02:00" finish="2012-09-19T16:22:13.5977085+02:00" />
  <ResultSummary outcome="Completed">
    <Counters total="3" executed="3" passed="3" error="0" failed="0" timeout="0" aborted="0" inconclusive="0" passedButRunAborted="0" notRunnable="0" notExecuted="0" disconnected="0" warning="0" completed="0" inProgress="0" pending="0" />
  </ResultSummary>
  <TestDefinitions>
    <UnitTest name="Tes2t" storage="c:\sourcecode\ecohotels\ecohotels.core.tests\bin\debug\ecohotels.core.tests.dll" id="b036e0c1-7fa7-30d1-16a2-959bd0c6e442">
      <Execution timeOut="1800000" id="dca8044a-0f92-44f7-9563-6d2ba245abde" />
      <TestMethod codeBase="C:/SourceCode/EcoHotels/EcoHotels.Core.Tests/bin/Debug/EcoHotels.Core.Tests.DLL" adapterTypeName="Microsoft.VisualStudio.TestTools.TestTypes.Unit.UnitTestAdapter, Microsoft.VisualStudio.QualityTools.Tips.UnitTest.Adapter, Version=10.0.0.0, Culture=neutral, PublicKeyToken=b03f5f7f11d50a3a" className="EcoHotels.Core.Tests.Integration.Repositories.Ip2LocationRepoTester, EcoHotels.Core.Tests, Version=1.0.0.0, Culture=neutral, PublicKeyToken=null" name="Tes2t" />
    </UnitTest>
    <UnitTest name="Test" storage="c:\sourcecode\ecohotels\ecohotels.core.tests\bin\debug\ecohotels.core.tests.dll" id="d75c8714-168d-8b15-2b06-a263426686c2">
      <Execution timeOut="1800000" id="088c8240-8a74-43b8-b744-57b4587438a6" />
      <TestMethod codeBase="C:/SourceCode/EcoHotels/EcoHotels.Core.Tests/bin/Debug/EcoHotels.Core.Tests.DLL" adapterTypeName="Microsoft.VisualStudio.TestTools.TestTypes.Unit.UnitTestAdapter, Microsoft.VisualStudio.QualityTools.Tips.UnitTest.Adapter, Version=10.0.0.0, Culture=neutral, PublicKeyToken=b03f5f7f11d50a3a" className="EcoHotels.Core.Tests.Integration.Repositories.Ip2LocationRepoTester, EcoHotels.Core.Tests, Version=1.0.0.0, Culture=neutral, PublicKeyToken=null" name="Test" />
    </UnitTest>
    <UnitTest name="Tes3t" storage="c:\sourcecode\ecohotels\ecohotels.core.tests\bin\debug\ecohotels.core.tests.dll" id="5bac52e2-e394-bbe2-c82b-7db332a4eeb0">
      <Execution timeOut="1800000" id="42c079b4-65b4-4f2c-88d2-458936737e96" />
      <TestMethod codeBase="C:/SourceCode/EcoHotels/EcoHotels.Core.Tests/bin/Debug/EcoHotels.Core.Tests.DLL" adapterTypeName="Microsoft.VisualStudio.TestTools.TestTypes.Unit.UnitTestAdapter, Microsoft.VisualStudio.QualityTools.Tips.UnitTest.Adapter, Version=10.0.0.0, Culture=neutral, PublicKeyToken=b03f5f7f11d50a3a" className="EcoHotels.Core.Tests.Integration.Repositories.Ip2LocationRepoTester, EcoHotels.Core.Tests, Version=1.0.0.0, Culture=neutral, PublicKeyToken=null" name="Tes3t" />
    </UnitTest>
  </TestDefinitions>
  <TestLists>
    <TestList name="Results Not in a List" id="8c84fa94-04c1-424b-9868-57a2d4851a1d" />
    <TestList name="All Loaded Results" id="19431567-8539-422a-85d7-44ee4e166bda" />
  </TestLists>
  <TestEntries>
    <TestEntry testId="b036e0c1-7fa7-30d1-16a2-959bd0c6e442" executionId="dca8044a-0f92-44f7-9563-6d2ba245abde" testListId="8c84fa94-04c1-424b-9868-57a2d4851a1d" />
    <TestEntry testId="5bac52e2-e394-bbe2-c82b-7db332a4eeb0" executionId="42c079b4-65b4-4f2c-88d2-458936737e96" testListId="8c84fa94-04c1-424b-9868-57a2d4851a1d" />
    <TestEntry testId="d75c8714-168d-8b15-2b06-a263426686c2" executionId="088c8240-8a74-43b8-b744-57b4587438a6" testListId="8c84fa94-04c1-424b-9868-57a2d4851a1d" />
  </TestEntries>
  <Results>
    <UnitTestResult executionId="dca8044a-0f92-44f7-9563-6d2ba245abde" testId="b036e0c1-7fa7-30d1-16a2-959bd0c6e442" testName="Tes2t" computerName="MACPC" duration="00:00:05.0076724" startTime="2012-09-19T16:22:07.6419165+02:00" endTime="2012-09-19T16:22:13.3798375+02:00" testType="13cdc9d9-ddb5-4fa4-a97d-d965ccfc6d4b" outcome="Passed" testListId="8c84fa94-04c1-424b-9868-57a2d4851a1d" relativeResultsDirectory="dca8044a-0f92-44f7-9563-6d2ba245abde">
      <Output>
        <StdOut>Starting NH Session
Danish
NHibernate: SELECT this_.Id as Id4_0_, this_.Name as Name4_0_, this_.[Alpha-2 code] as column3_4_0_, this_.CurrencyId as CurrencyId4_0_, this_.LanguageId as LanguageId4_0_ FROM Countries this_ WHERE this_.[Alpha-2 code] = @p0;@p0 = 'DK' [Type: String (4000)]
Ending NH Session</StdOut>
        <DebugTrace>SessionScope Initializing...
SessionScope BeginTransaction
SessionScope EndTransaction
</DebugTrace>
      </Output>
    </UnitTestResult>
    <UnitTestResult executionId="42c079b4-65b4-4f2c-88d2-458936737e96" testId="5bac52e2-e394-bbe2-c82b-7db332a4eeb0" testName="Tes3t" computerName="MACPC" duration="00:00:00.0455292" startTime="2012-09-19T16:22:13.4306415+02:00" endTime="2012-09-19T16:22:13.4990315+02:00" testType="13cdc9d9-ddb5-4fa4-a97d-d965ccfc6d4b" outcome="Passed" testListId="8c84fa94-04c1-424b-9868-57a2d4851a1d" relativeResultsDirectory="42c079b4-65b4-4f2c-88d2-458936737e96">
      <Output>
        <StdOut>Starting NH Session
Danish
5
Ending NH Session</StdOut>
        <DebugTrace>SessionScope BeginTransaction
SessionScope EndTransaction
</DebugTrace>
      </Output>
    </UnitTestResult>
    <UnitTestResult executionId="088c8240-8a74-43b8-b744-57b4587438a6" testId="d75c8714-168d-8b15-2b06-a263426686c2" testName="Test" computerName="MACPC" duration="00:00:00.0045796" startTime="2012-09-19T16:22:13.5078245+02:00" endTime="2012-09-19T16:22:13.5136865+02:00" testType="13cdc9d9-ddb5-4fa4-a97d-d965ccfc6d4b" outcome="Passed" testListId="8c84fa94-04c1-424b-9868-57a2d4851a1d" relativeResultsDirectory="088c8240-8a74-43b8-b744-57b4587438a6">
      <Output>
        <StdOut>Starting NH Session
Danish
Ending NH Session</StdOut>
        <DebugTrace>SessionScope BeginTransaction
SessionScope EndTransaction
</DebugTrace>
      </Output>
    </UnitTestResult>
  </Results>
</TestRun>