<?xml version="1.0" encoding="UTF-8"?>
<TestRun id="1ae36d77-b874-4ce6-91de-e88c86d69ca3" name="Mark@MACPC 2013-08-14 14:52:37" runUser="MacPc\Mark" xmlns="http://microsoft.com/schemas/VisualStudio/TeamTest/2010">
  <TestSettings name="Local" id="f45b0aff-07a5-4726-a4ce-984b897c8a14">
    <Description>These are default test settings for a local test run.</Description>
    <Deployment enabled="false" runDeploymentRoot="Mark_MACPC 2013-08-14 14_52_37" />
    <Execution>
      <TestTypeSpecific />
      <AgentRule name="Execution Agents">
      </AgentRule>
    </Execution>
  </TestSettings>
  <Times creation="2013-08-14T14:52:37.5585650+02:00" queuing="2013-08-14T14:52:39.4850118+02:00" start="2013-08-14T14:52:40.6455690+02:00" finish="2013-08-14T14:52:53.1469583+02:00" />
  <ResultSummary outcome="Completed">
    <Counters total="1" executed="1" passed="1" error="0" failed="0" timeout="0" aborted="0" inconclusive="0" passedButRunAborted="0" notRunnable="0" notExecuted="0" disconnected="0" warning="0" completed="0" inProgress="0" pending="0" />
  </ResultSummary>
  <TestDefinitions>
    <UnitTest name="insert_system_amenities" storage="c:\sourcecode\ecohotels\ecohotels.core.tests\bin\debug\ecohotels.core.tests.dll" id="175b243a-a718-e41f-f919-02418a38522c">
      <Execution timeOut="1800000" id="ccead6a4-b15c-4cd3-90a8-027816c14337" />
      <TestMethod codeBase="C:/SourceCode/EcoHotels/EcoHotels.Core.Tests/bin/Debug/EcoHotels.Core.Tests.DLL" adapterTypeName="Microsoft.VisualStudio.TestTools.TestTypes.Unit.UnitTestAdapter, Microsoft.VisualStudio.QualityTools.Tips.UnitTest.Adapter, Version=10.0.0.0, Culture=neutral, PublicKeyToken=b03f5f7f11d50a3a" className="EcoHotels.Core.Tests.Install.DataInstaller, EcoHotels.Core.Tests, Version=1.0.0.0, Culture=neutral, PublicKeyToken=null" name="insert_system_amenities" />
    </UnitTest>
  </TestDefinitions>
  <TestLists>
    <TestList name="Results Not in a List" id="8c84fa94-04c1-424b-9868-57a2d4851a1d" />
    <TestList name="All Loaded Results" id="19431567-8539-422a-85d7-44ee4e166bda" />
  </TestLists>
  <TestEntries>
    <TestEntry testId="175b243a-a718-e41f-f919-02418a38522c" executionId="ccead6a4-b15c-4cd3-90a8-027816c14337" testListId="8c84fa94-04c1-424b-9868-57a2d4851a1d" />
  </TestEntries>
  <Results>
    <UnitTestResult executionId="ccead6a4-b15c-4cd3-90a8-027816c14337" testId="175b243a-a718-e41f-f919-02418a38522c" testName="insert_system_amenities" computerName="MACPC" duration="00:00:08.5369861" startTime="2013-08-14T14:52:43.5674769+02:00" endTime="2013-08-14T14:52:52.6448317+02:00" testType="13cdc9d9-ddb5-4fa4-a97d-d965ccfc6d4b" outcome="Passed" testListId="8c84fa94-04c1-424b-9868-57a2d4851a1d" relativeResultsDirectory="ccead6a4-b15c-4cd3-90a8-027816c14337">
      <Output>
        <StdOut>NHibernate: INSERT INTO Amenities (Name) VALUES (@p0); select SCOPE_IDENTITY();@p0 = 'Bar' [Type: String (4000)]
NHibernate: INSERT INTO Amenities (Name) VALUES (@p0); select SCOPE_IDENTITY();@p0 = 'Free Wifi' [Type: String (4000)]
NHibernate: INSERT INTO Amenities (Name) VALUES (@p0); select SCOPE_IDENTITY();@p0 = 'Gym' [Type: String (4000)]
NHibernate: INSERT INTO Amenities (Name) VALUES (@p0); select SCOPE_IDENTITY();@p0 = 'Handicap-accessible' [Type: String (4000)]
NHibernate: INSERT INTO Amenities (Name) VALUES (@p0); select SCOPE_IDENTITY();@p0 = 'Parking on site' [Type: String (4000)]
NHibernate: INSERT INTO Amenities (Name) VALUES (@p0); select SCOPE_IDENTITY();@p0 = 'Pet-friendly' [Type: String (4000)]
NHibernate: INSERT INTO Amenities (Name) VALUES (@p0); select SCOPE_IDENTITY();@p0 = 'Pool' [Type: String (4000)]
NHibernate: INSERT INTO Amenities (Name) VALUES (@p0); select SCOPE_IDENTITY();@p0 = 'Restuarant' [Type: String (4000)]
NHibernate: INSERT INTO Amenities (Name) VALUES (@p0); select SCOPE_IDENTITY();@p0 = 'Room Service' [Type: String (4000)]
NHibernate: INSERT INTO Amenities (Name) VALUES (@p0); select SCOPE_IDENTITY();@p0 = 'Spa' [Type: String (4000)]</StdOut>
        <DebugTrace>SessionScope Initializing...
SessionScope BeginTransaction
SessionScope EndTransaction
</DebugTrace>
      </Output>
    </UnitTestResult>
  </Results>
</TestRun>