<?xml version="1.0" encoding="UTF-8"?>
<TestRun id="d196e5ac-9b46-4374-988b-8a5848d5233e" name="Mark@MACPC 2012-06-07 12:18:09" runUser="MacPc\Mark" xmlns="http://microsoft.com/schemas/VisualStudio/TeamTest/2010">
  <TestSettings name="Local" id="f45b0aff-07a5-4726-a4ce-984b897c8a14">
    <Description>These are default test settings for a local test run.</Description>
    <Deployment enabled="false" runDeploymentRoot="Mark_MACPC 2012-06-07 12_18_09" />
    <Execution>
      <TestTypeSpecific />
      <AgentRule name="Execution Agents">
      </AgentRule>
    </Execution>
  </TestSettings>
  <Times creation="2012-06-07T12:18:09.6490643+02:00" queuing="2012-06-07T12:18:09.9921317+02:00" start="2012-06-07T12:18:10.3997075+02:00" finish="2012-06-07T12:18:15.6678935+02:00" />
  <ResultSummary outcome="Completed">
    <Counters total="1" executed="1" passed="1" error="0" failed="0" timeout="0" aborted="0" inconclusive="0" passedButRunAborted="0" notRunnable="0" notExecuted="0" disconnected="0" warning="0" completed="0" inProgress="0" pending="0" />
  </ResultSummary>
  <TestDefinitions>
    <UnitTest name="Login" storage="c:\sourcecode\ecohotels\ecohotels.core.tests\bin\debug\ecohotels.core.tests.dll" id="fe504532-1b39-b9f8-6fe5-a959432e7479">
      <Execution timeOut="1800000" id="3e106fb2-16b3-4f37-869f-9b838ae6ea55" />
      <TestMethod codeBase="C:/SourceCode/EcoHotels/EcoHotels.Core.Tests/bin/Debug/EcoHotels.Core.Tests.DLL" adapterTypeName="Microsoft.VisualStudio.TestTools.TestTypes.Unit.UnitTestAdapter, Microsoft.VisualStudio.QualityTools.Tips.UnitTest.Adapter, Version=10.0.0.0, Culture=neutral, PublicKeyToken=b03f5f7f11d50a3a" className="EcoHotels.Core.Tests.UnitTest1, EcoHotels.Core.Tests, Version=1.0.0.0, Culture=neutral, PublicKeyToken=null" name="Login" />
    </UnitTest>
  </TestDefinitions>
  <TestLists>
    <TestList name="Results Not in a List" id="8c84fa94-04c1-424b-9868-57a2d4851a1d" />
    <TestList name="All Loaded Results" id="19431567-8539-422a-85d7-44ee4e166bda" />
  </TestLists>
  <TestEntries>
    <TestEntry testId="fe504532-1b39-b9f8-6fe5-a959432e7479" executionId="3e106fb2-16b3-4f37-869f-9b838ae6ea55" testListId="8c84fa94-04c1-424b-9868-57a2d4851a1d" />
  </TestEntries>
  <Results>
    <UnitTestResult executionId="3e106fb2-16b3-4f37-869f-9b838ae6ea55" testId="fe504532-1b39-b9f8-6fe5-a959432e7479" testName="Login" computerName="MACPC" duration="00:00:04.4865763" startTime="2012-06-07T12:18:10.6909727+02:00" endTime="2012-06-07T12:18:15.4988033+02:00" testType="13cdc9d9-ddb5-4fa4-a97d-d965ccfc6d4b" outcome="Passed" testListId="8c84fa94-04c1-424b-9868-57a2d4851a1d" relativeResultsDirectory="3e106fb2-16b3-4f37-869f-9b838ae6ea55">
    </UnitTestResult>
  </Results>
</TestRun>