<?xml version="1.0" encoding="UTF-8"?>
<TestRun id="447f59ac-8b39-4a49-9e97-3d9bef245c3a" name="Mark@MACPC 2012-12-20 16:25:51" runUser="MacPc\Mark" xmlns="http://microsoft.com/schemas/VisualStudio/TeamTest/2010">
  <TestSettings name="Local" id="f45b0aff-07a5-4726-a4ce-984b897c8a14">
    <Description>These are default test settings for a local test run.</Description>
    <Deployment enabled="false" runDeploymentRoot="Mark_MACPC 2012-12-20 16_25_51" />
    <Execution>
      <TestTypeSpecific />
      <AgentRule name="Execution Agents">
      </AgentRule>
    </Execution>
  </TestSettings>
  <Times creation="2012-12-20T16:25:51.8255858+01:00" queuing="2012-12-20T16:25:52.9823538+01:00" start="2012-12-20T16:25:53.8782628+01:00" finish="2012-12-20T16:26:11.0910488+01:00" />
  <ResultSummary outcome="Completed">
    <Counters total="1" executed="1" passed="1" error="0" failed="0" timeout="0" aborted="0" inconclusive="0" passedButRunAborted="0" notRunnable="0" notExecuted="0" disconnected="0" warning="0" completed="0" inProgress="0" pending="0" />
  </ResultSummary>
  <TestDefinitions>
    <UnitTest name="insert_inventory_data2" storage="c:\sourcecode\ecohotels\ecohotels.core.tests\bin\debug\ecohotels.core.tests.dll" id="21941c5b-2f50-336a-6b93-94d81c5c0adb">
      <Execution timeOut="1800000" id="4d608f54-a2b7-4b57-ab89-52599d58fd38" />
      <TestMethod codeBase="C:/SourceCode/EcoHotels/EcoHotels.Core.Tests/bin/Debug/EcoHotels.Core.Tests.DLL" adapterTypeName="Microsoft.VisualStudio.TestTools.TestTypes.Unit.UnitTestAdapter, Microsoft.VisualStudio.QualityTools.Tips.UnitTest.Adapter, Version=10.0.0.0, Culture=neutral, PublicKeyToken=b03f5f7f11d50a3a" className="EcoHotels.Core.Tests.Install.DataInstaller, EcoHotels.Core.Tests, Version=1.0.0.0, Culture=neutral, PublicKeyToken=null" name="insert_inventory_data2" />
    </UnitTest>
  </TestDefinitions>
  <TestLists>
    <TestList name="Results Not in a List" id="8c84fa94-04c1-424b-9868-57a2d4851a1d" />
    <TestList name="All Loaded Results" id="19431567-8539-422a-85d7-44ee4e166bda" />
  </TestLists>
  <TestEntries>
    <TestEntry testId="21941c5b-2f50-336a-6b93-94d81c5c0adb" executionId="4d608f54-a2b7-4b57-ab89-52599d58fd38" testListId="8c84fa94-04c1-424b-9868-57a2d4851a1d" />
  </TestEntries>
  <Results>
    <UnitTestResult executionId="4d608f54-a2b7-4b57-ab89-52599d58fd38" testId="21941c5b-2f50-336a-6b93-94d81c5c0adb" testName="insert_inventory_data2" computerName="MACPC" duration="00:00:16.1327973" startTime="2012-12-20T16:25:54.0629158+01:00" endTime="2012-12-20T16:26:10.7647308+01:00" testType="13cdc9d9-ddb5-4fa4-a97d-d965ccfc6d4b" outcome="Passed" testListId="8c84fa94-04c1-424b-9868-57a2d4851a1d" relativeResultsDirectory="4d608f54-a2b7-4b57-ab89-52599d58fd38">
      <Output>
        <StdOut>NHibernate: SELECT this_.Id as Id20_1_, this_.Quantity as Quantity20_1_, this_.PriceGroup as PriceGroup20_1_, this_.RoomTypeId as RoomTypeId20_1_, this_.CalendarId as CalendarId20_1_, h1_.Id as Id7_0_, h1_.Value as Value7_0_ FROM RoomTypeInventory this_ inner join Calendar h1_ on this_.CalendarId=h1_.Id WHERE h1_.Value &gt;= @p0 and h1_.Value &lt;= @p1;@p0 = 30-12-2012 00:00:00 [Type: DateTime (0)], @p1 = 09-01-2013 00:00:00 [Type: DateTime (0)]</StdOut>
        <DebugTrace>SessionScope Initializing...
SessionScope BeginTransaction
SessionScope EndTransaction
</DebugTrace>
      </Output>
    </UnitTestResult>
  </Results>
</TestRun>