<?xml version="1.0" encoding="UTF-8"?>
<TestRun id="eb3dfad1-4b34-4b96-a602-a58948356ea2" name="Mark@MACPC 2012-06-06 23:24:45" runUser="MacPc\Mark" xmlns="http://microsoft.com/schemas/VisualStudio/TeamTest/2010">
  <TestSettings name="Local" id="f45b0aff-07a5-4726-a4ce-984b897c8a14">
    <Description>These are default test settings for a local test run.</Description>
    <Deployment enabled="false" runDeploymentRoot="Mark_MACPC 2012-06-06 23_24_45" />
    <Execution>
      <TestTypeSpecific />
      <AgentRule name="Execution Agents">
      </AgentRule>
    </Execution>
  </TestSettings>
  <Times creation="2012-06-06T23:24:45.7470318+02:00" queuing="2012-06-06T23:24:46.1015739+02:00" start="2012-06-06T23:24:46.7481493+02:00" finish="2012-06-06T23:24:52.9453108+02:00" />
  <ResultSummary outcome="Completed">
    <Counters total="1" executed="1" passed="1" error="0" failed="0" timeout="0" aborted="0" inconclusive="0" passedButRunAborted="0" notRunnable="0" notExecuted="0" disconnected="0" warning="0" completed="0" inProgress="0" pending="0" />
  </ResultSummary>
  <TestDefinitions>
    <UnitTest name="CreateUser" storage="c:\sourcecode\ecohotels\ecohotels.core.tests\bin\debug\ecohotels.core.tests.dll" id="eb9db0aa-a93e-37a9-9d2c-14ca706497a2">
      <Execution timeOut="1800000" id="6770956e-7600-4e75-b717-a869fabbd2d8" />
      <TestMethod codeBase="C:/SourceCode/EcoHotels/EcoHotels.Core.Tests/bin/Debug/EcoHotels.Core.Tests.DLL" adapterTypeName="Microsoft.VisualStudio.TestTools.TestTypes.Unit.UnitTestAdapter, Microsoft.VisualStudio.QualityTools.Tips.UnitTest.Adapter, Version=10.0.0.0, Culture=neutral, PublicKeyToken=b03f5f7f11d50a3a" className="EcoHotels.Core.Tests.UnitTest1, EcoHotels.Core.Tests, Version=1.0.0.0, Culture=neutral, PublicKeyToken=null" name="CreateUser" />
    </UnitTest>
  </TestDefinitions>
  <TestLists>
    <TestList name="Results Not in a List" id="8c84fa94-04c1-424b-9868-57a2d4851a1d" />
    <TestList name="All Loaded Results" id="19431567-8539-422a-85d7-44ee4e166bda" />
  </TestLists>
  <TestEntries>
    <TestEntry testId="eb9db0aa-a93e-37a9-9d2c-14ca706497a2" executionId="6770956e-7600-4e75-b717-a869fabbd2d8" testListId="8c84fa94-04c1-424b-9868-57a2d4851a1d" />
  </TestEntries>
  <Results>
    <UnitTestResult executionId="6770956e-7600-4e75-b717-a869fabbd2d8" testId="eb9db0aa-a93e-37a9-9d2c-14ca706497a2" testName="CreateUser" computerName="MACPC" duration="00:00:05.3840278" startTime="2012-06-06T23:24:47.0470195+02:00" endTime="2012-06-06T23:24:52.7616912+02:00" testType="13cdc9d9-ddb5-4fa4-a97d-d965ccfc6d4b" outcome="Passed" testListId="8c84fa94-04c1-424b-9868-57a2d4851a1d" relativeResultsDirectory="6770956e-7600-4e75-b717-a869fabbd2d8">
    </UnitTestResult>
  </Results>
</TestRun>