<?xml version="1.0" encoding="UTF-8"?>
<TestRun id="8fd6a839-be14-4966-89ef-1af5da1021df" name="Mark@MACPC 2012-06-15 17:31:59" runUser="MacPc\Mark" xmlns="http://microsoft.com/schemas/VisualStudio/TeamTest/2010">
  <TestSettings name="Local" id="f45b0aff-07a5-4726-a4ce-984b897c8a14">
    <Description>These are default test settings for a local test run.</Description>
    <Deployment enabled="false" runDeploymentRoot="Mark_MACPC 2012-06-15 17_31_59" />
    <Execution>
      <TestTypeSpecific />
      <AgentRule name="Execution Agents">
      </AgentRule>
    </Execution>
  </TestSettings>
  <Times creation="2012-06-15T17:31:59.6546176+02:00" queuing="2012-06-15T17:32:00.2974178+02:00" start="2012-06-15T17:32:00.9451025+02:00" finish="2012-06-15T17:32:03.1870880+02:00" />
  <ResultSummary outcome="Failed">
    <Counters total="1" executed="1" error="0" failed="1" timeout="0" aborted="0" inconclusive="0" passedButRunAborted="0" notRunnable="0" notExecuted="0" disconnected="0" warning="0" passed="0" completed="0" inProgress="0" pending="0" />
  </ResultSummary>
  <TestDefinitions>
    <UnitTest name="nHibernate_unit_test" storage="c:\sourcecode\ecohotels\ecohotels.core.tests\bin\debug\ecohotels.core.tests.dll" id="6655d7da-001d-2fe6-3c18-8215c08a45dc">
      <Execution timeOut="1800000" id="0675c8f0-f823-4621-b352-0b1a19e43188" />
      <TestMethod codeBase="C:/SourceCode/EcoHotels/EcoHotels.Core.Tests/bin/Debug/EcoHotels.Core.Tests.DLL" adapterTypeName="Microsoft.VisualStudio.TestTools.TestTypes.Unit.UnitTestAdapter, Microsoft.VisualStudio.QualityTools.Tips.UnitTest.Adapter, Version=10.0.0.0, Culture=neutral, PublicKeyToken=b03f5f7f11d50a3a" className="EcoHotels.Core.Tests.UnitTest1, EcoHotels.Core.Tests, Version=1.0.0.0, Culture=neutral, PublicKeyToken=null" name="nHibernate_unit_test" />
    </UnitTest>
  </TestDefinitions>
  <TestLists>
    <TestList name="Results Not in a List" id="8c84fa94-04c1-424b-9868-57a2d4851a1d" />
    <TestList name="All Loaded Results" id="19431567-8539-422a-85d7-44ee4e166bda" />
  </TestLists>
  <TestEntries>
    <TestEntry testId="6655d7da-001d-2fe6-3c18-8215c08a45dc" executionId="0675c8f0-f823-4621-b352-0b1a19e43188" testListId="8c84fa94-04c1-424b-9868-57a2d4851a1d" />
  </TestEntries>
  <Results>
    <UnitTestResult executionId="0675c8f0-f823-4621-b352-0b1a19e43188" testId="6655d7da-001d-2fe6-3c18-8215c08a45dc" testName="nHibernate_unit_test" computerName="MACPC" duration="00:00:00.6675261" startTime="2012-06-15T17:32:01.6807082+02:00" endTime="2012-06-15T17:32:03.0210150+02:00" testType="13cdc9d9-ddb5-4fa4-a97d-d965ccfc6d4b" outcome="Failed" testListId="8c84fa94-04c1-424b-9868-57a2d4851a1d" relativeResultsDirectory="0675c8f0-f823-4621-b352-0b1a19e43188">
      <Output>
        <ErrorInfo>
          <Message>Test method EcoHotels.Core.Tests.UnitTest1.nHibernate_unit_test threw exception: 
System.NullReferenceException: Object reference not set to an instance of an object.</Message>
          <StackTrace>    at EcoHotels.Core.Tests.UnitTest1.nHibernate_unit_test() in C:\SourceCode\EcoHotels\EcoHotels.Core.Tests\UnitTest1.cs:line 47
</StackTrace>
        </ErrorInfo>
      </Output>
    </UnitTestResult>
  </Results>
</TestRun>