<?xml version="1.0" encoding="UTF-8"?>
<TestRun id="74b98aca-5fd6-45f9-b95d-784f84b0378a" name="Mark@MACPC 2012-12-19 13:10:36" runUser="MacPc\Mark" xmlns="http://microsoft.com/schemas/VisualStudio/TeamTest/2010">
  <TestSettings name="Local" id="f45b0aff-07a5-4726-a4ce-984b897c8a14">
    <Description>These are default test settings for a local test run.</Description>
    <Deployment enabled="false" runDeploymentRoot="Mark_MACPC 2012-12-19 13_10_36" />
    <Execution>
      <TestTypeSpecific />
      <AgentRule name="Execution Agents">
      </AgentRule>
    </Execution>
  </TestSettings>
  <Times creation="2012-12-19T13:10:36.2847285+01:00" queuing="2012-12-19T13:10:37.2883129+01:00" start="2012-12-19T13:10:37.7954797+01:00" finish="2012-12-19T13:10:45.5153597+01:00" />
  <ResultSummary outcome="Completed">
    <Counters total="1" executed="1" passed="1" error="0" failed="0" timeout="0" aborted="0" inconclusive="0" passedButRunAborted="0" notRunnable="0" notExecuted="0" disconnected="0" warning="0" completed="0" inProgress="0" pending="0" />
  </ResultSummary>
  <TestDefinitions>
    <UnitTest name="TestMethod1" storage="c:\sourcecode\ecohotels\ecohotels.core.tests\bin\debug\ecohotels.core.tests.dll" id="ee7d34af-b578-71a3-226e-abbea2105eb7">
      <Execution timeOut="1800000" id="9dc42cee-78aa-413c-9f21-c24c80ae11c2" />
      <TestMethod codeBase="C:/SourceCode/EcoHotels/EcoHotels.Core.Tests/bin/Debug/EcoHotels.Core.Tests.DLL" adapterTypeName="Microsoft.VisualStudio.TestTools.TestTypes.Unit.UnitTestAdapter, Microsoft.VisualStudio.QualityTools.Tips.UnitTest.Adapter, Version=10.0.0.0, Culture=neutral, PublicKeyToken=b03f5f7f11d50a3a" className="EcoHotels.Core.Tests.Install.SearchTagCitiyTester, EcoHotels.Core.Tests, Version=1.0.0.0, Culture=neutral, PublicKeyToken=null" name="TestMethod1" />
    </UnitTest>
  </TestDefinitions>
  <TestLists>
    <TestList name="Results Not in a List" id="8c84fa94-04c1-424b-9868-57a2d4851a1d" />
    <TestList name="All Loaded Results" id="19431567-8539-422a-85d7-44ee4e166bda" />
  </TestLists>
  <TestEntries>
    <TestEntry testId="ee7d34af-b578-71a3-226e-abbea2105eb7" executionId="9dc42cee-78aa-413c-9f21-c24c80ae11c2" testListId="8c84fa94-04c1-424b-9868-57a2d4851a1d" />
  </TestEntries>
  <Results>
    <UnitTestResult executionId="9dc42cee-78aa-413c-9f21-c24c80ae11c2" testId="ee7d34af-b578-71a3-226e-abbea2105eb7" testName="TestMethod1" computerName="MACPC" duration="00:00:06.1926834" startTime="2012-12-19T13:10:38.2909201+01:00" endTime="2012-12-19T13:10:45.3941869+01:00" testType="13cdc9d9-ddb5-4fa4-a97d-d965ccfc6d4b" outcome="Passed" testListId="8c84fa94-04c1-424b-9868-57a2d4851a1d" relativeResultsDirectory="9dc42cee-78aa-413c-9f21-c24c80ae11c2">
      <Output>
        <StdOut>NHibernate: SELECT country0_.Id as Id4_0_, country0_.Name as Name4_0_, country0_.[Alpha-2 code] as column3_4_0_, country0_.CurrencyId as CurrencyId4_0_, country0_.LanguageId as LanguageId4_0_ FROM Countries country0_ WHERE country0_.Id=@p0;@p0 = 61 [Type: Int32 (0)]
NHibernate: INSERT INTO SearchTagCities (Name, CountryId) VALUES (@p0, @p1); select SCOPE_IDENTITY();@p0 = 'Copenhagen' [Type: String (4000)], @p1 = 61 [Type: Int32 (0)]
NHibernate: INSERT INTO SearchTagCities (Name, CountryId) VALUES (@p0, @p1); select SCOPE_IDENTITY();@p0 = 'Aarhus' [Type: String (4000)], @p1 = 61 [Type: Int32 (0)]
NHibernate: SELECT country0_.Id as Id4_0_, country0_.Name as Name4_0_, country0_.[Alpha-2 code] as column3_4_0_, country0_.CurrencyId as CurrencyId4_0_, country0_.LanguageId as LanguageId4_0_ FROM Countries country0_ WHERE country0_.Id=@p0;@p0 = 166 [Type: Int32 (0)]
NHibernate: INSERT INTO SearchTagCities (Name, CountryId) VALUES (@p0, @p1); select SCOPE_IDENTITY();@p0 = 'Oslo' [Type: String (4000)], @p1 = 166 [Type: Int32 (0)]
NHibernate: SELECT country0_.Id as Id4_0_, country0_.Name as Name4_0_, country0_.[Alpha-2 code] as column3_4_0_, country0_.CurrencyId as CurrencyId4_0_, country0_.LanguageId as LanguageId4_0_ FROM Countries country0_ WHERE country0_.Id=@p0;@p0 = 235 [Type: Int32 (0)]
NHibernate: INSERT INTO SearchTagCities (Name, CountryId) VALUES (@p0, @p1); select SCOPE_IDENTITY();@p0 = 'London' [Type: String (4000)], @p1 = 235 [Type: Int32 (0)]
NHibernate: SELECT country0_.Id as Id4_0_, country0_.Name as Name4_0_, country0_.[Alpha-2 code] as column3_4_0_, country0_.CurrencyId as CurrencyId4_0_, country0_.LanguageId as LanguageId4_0_ FROM Countries country0_ WHERE country0_.Id=@p0;@p0 = 76 [Type: Int32 (0)]
NHibernate: INSERT INTO SearchTagCities (Name, CountryId) VALUES (@p0, @p1); select SCOPE_IDENTITY();@p0 = 'Paris' [Type: String (4000)], @p1 = 76 [Type: Int32 (0)]</StdOut>
        <DebugTrace>SessionScope Initializing...
SessionScope BeginTransaction
SessionScope EndTransaction
</DebugTrace>
      </Output>
    </UnitTestResult>
  </Results>
</TestRun>