<?xml version="1.0" encoding="UTF-8"?>
<TestRun id="592a1b92-8658-4584-ba62-de830ac04a4b" name="Mark@MACPC 2012-12-20 11:51:00" runUser="MacPc\Mark" xmlns="http://microsoft.com/schemas/VisualStudio/TeamTest/2010">
  <TestSettings name="Local" id="f45b0aff-07a5-4726-a4ce-984b897c8a14">
    <Description>These are default test settings for a local test run.</Description>
    <Deployment enabled="false" runDeploymentRoot="Mark_MACPC 2012-12-20 11_51_00" />
    <Execution>
      <TestTypeSpecific />
      <AgentRule name="Execution Agents">
      </AgentRule>
    </Execution>
  </TestSettings>
  <Times creation="2012-12-20T11:51:00.0972598+01:00" queuing="2012-12-20T11:51:00.6786343+01:00" start="2012-12-20T11:51:01.0362529+01:00" finish="2012-12-20T11:51:06.1288981+01:00" />
  <ResultSummary outcome="Completed">
    <Counters total="1" executed="1" passed="1" error="0" failed="0" timeout="0" aborted="0" inconclusive="0" passedButRunAborted="0" notRunnable="0" notExecuted="0" disconnected="0" warning="0" completed="0" inProgress="0" pending="0" />
  </ResultSummary>
  <TestDefinitions>
    <UnitTest name="TestMethod2" storage="c:\sourcecode\ecohotels\ecohotels.core.tests\bin\debug\ecohotels.core.tests.dll" id="62c35dd6-a878-d319-ed5d-b6e3af41173d">
      <Execution timeOut="1800000" id="9242bd72-919e-4f7a-9c0c-b6b7ae51efe4" />
      <TestMethod codeBase="C:/SourceCode/EcoHotels/EcoHotels.Core.Tests/bin/Debug/EcoHotels.Core.Tests.DLL" adapterTypeName="Microsoft.VisualStudio.TestTools.TestTypes.Unit.UnitTestAdapter, Microsoft.VisualStudio.QualityTools.Tips.UnitTest.Adapter, Version=10.0.0.0, Culture=neutral, PublicKeyToken=b03f5f7f11d50a3a" className="EcoHotels.Core.Tests.Install.SearchTagCitiyTester, EcoHotels.Core.Tests, Version=1.0.0.0, Culture=neutral, PublicKeyToken=null" name="TestMethod2" />
    </UnitTest>
  </TestDefinitions>
  <TestLists>
    <TestList name="Results Not in a List" id="8c84fa94-04c1-424b-9868-57a2d4851a1d" />
    <TestList name="All Loaded Results" id="19431567-8539-422a-85d7-44ee4e166bda" />
  </TestLists>
  <TestEntries>
    <TestEntry testId="62c35dd6-a878-d319-ed5d-b6e3af41173d" executionId="9242bd72-919e-4f7a-9c0c-b6b7ae51efe4" testListId="8c84fa94-04c1-424b-9868-57a2d4851a1d" />
  </TestEntries>
  <Results>
    <UnitTestResult executionId="9242bd72-919e-4f7a-9c0c-b6b7ae51efe4" testId="62c35dd6-a878-d319-ed5d-b6e3af41173d" testName="TestMethod2" computerName="MACPC" duration="00:00:04.3080321" startTime="2012-12-20T11:51:01.3127722+01:00" endTime="2012-12-20T11:51:05.9364094+01:00" testType="13cdc9d9-ddb5-4fa4-a97d-d965ccfc6d4b" outcome="Passed" testListId="8c84fa94-04c1-424b-9868-57a2d4851a1d" relativeResultsDirectory="9242bd72-919e-4f7a-9c0c-b6b7ae51efe4">
      <Output>
        <StdOut>1355958000</StdOut>
        <DebugTrace>SessionScope Initializing...
SessionScope BeginTransaction
SessionScope EndTransaction
</DebugTrace>
      </Output>
    </UnitTestResult>
  </Results>
</TestRun>