<?xml version="1.0" encoding="UTF-8"?>
<TestRun id="9818b2d4-4d50-4cde-8c0f-9a448f9a278e" name="Mark@MACPC 2012-12-26 13:08:57" runUser="MacPc\Mark" xmlns="http://microsoft.com/schemas/VisualStudio/TeamTest/2010">
  <TestSettings name="Local" id="f45b0aff-07a5-4726-a4ce-984b897c8a14">
    <Description>These are default test settings for a local test run.</Description>
    <Deployment enabled="false" runDeploymentRoot="Mark_MACPC 2012-12-26 13_08_57" />
    <Execution>
      <TestTypeSpecific />
      <AgentRule name="Execution Agents">
      </AgentRule>
    </Execution>
  </TestSettings>
  <Times creation="2012-12-26T13:08:57.6207053+01:00" queuing="2012-12-26T13:08:58.3184261+01:00" start="2012-12-26T13:08:59.3659845+01:00" finish="2012-12-26T13:09:08.1764197+01:00" />
  <ResultSummary outcome="Completed">
    <Counters total="1" executed="1" passed="1" error="0" failed="0" timeout="0" aborted="0" inconclusive="0" passedButRunAborted="0" notRunnable="0" notExecuted="0" disconnected="0" warning="0" completed="0" inProgress="0" pending="0" />
  </ResultSummary>
  <TestDefinitions>
    <UnitTest name="Insert_dates_into_calendar" storage="c:\sourcecode\ecohotels\ecohotels.core.tests\bin\debug\ecohotels.core.tests.dll" id="a9222e75-00f3-e2f0-3786-38194d1e0f15">
      <Execution timeOut="1800000" id="0b438063-8d73-45e5-a728-de9564b8502a" />
      <TestMethod codeBase="C:/SourceCode/EcoHotels/EcoHotels.Core.Tests/bin/Debug/EcoHotels.Core.Tests.DLL" adapterTypeName="Microsoft.VisualStudio.TestTools.TestTypes.Unit.UnitTestAdapter, Microsoft.VisualStudio.QualityTools.Tips.UnitTest.Adapter, Version=10.0.0.0, Culture=neutral, PublicKeyToken=b03f5f7f11d50a3a" className="EcoHotels.Core.Tests.Install.DataInstaller, EcoHotels.Core.Tests, Version=1.0.0.0, Culture=neutral, PublicKeyToken=null" name="Insert_dates_into_calendar" />
    </UnitTest>
  </TestDefinitions>
  <TestLists>
    <TestList name="Results Not in a List" id="8c84fa94-04c1-424b-9868-57a2d4851a1d" />
    <TestList name="All Loaded Results" id="19431567-8539-422a-85d7-44ee4e166bda" />
  </TestLists>
  <TestEntries>
    <TestEntry testId="a9222e75-00f3-e2f0-3786-38194d1e0f15" executionId="0b438063-8d73-45e5-a728-de9564b8502a" testListId="8c84fa94-04c1-424b-9868-57a2d4851a1d" />
  </TestEntries>
  <Results>
    <UnitTestResult executionId="0b438063-8d73-45e5-a728-de9564b8502a" testId="a9222e75-00f3-e2f0-3786-38194d1e0f15" testName="Insert_dates_into_calendar" computerName="MACPC" duration="00:00:07.4515216" startTime="2012-12-26T13:08:59.9591449+01:00" endTime="2012-12-26T13:09:08.0063869+01:00" testType="13cdc9d9-ddb5-4fa4-a97d-d965ccfc6d4b" outcome="Passed" testListId="8c84fa94-04c1-424b-9868-57a2d4851a1d" relativeResultsDirectory="0b438063-8d73-45e5-a728-de9564b8502a">
      <Output>
        <StdOut>NHibernate: INSERT INTO Calendar (Value) VALUES (@p0); select SCOPE_IDENTITY();@p0 = 01-12-2012 00:00:00 [Type: DateTime (0)]
NHibernate: INSERT INTO Calendar (Value) VALUES (@p0); select SCOPE_IDENTITY();@p0 = 02-12-2012 00:00:00 [Type: DateTime (0)]
NHibernate: INSERT INTO Calendar (Value) VALUES (@p0); select SCOPE_IDENTITY();@p0 = 03-12-2012 00:00:00 [Type: DateTime (0)]
NHibernate: INSERT INTO Calendar (Value) VALUES (@p0); select SCOPE_IDENTITY();@p0 = 04-12-2012 00:00:00 [Type: DateTime (0)]
NHibernate: INSERT INTO Calendar (Value) VALUES (@p0); select SCOPE_IDENTITY();@p0 = 05-12-2012 00:00:00 [Type: DateTime (0)]
NHibernate: INSERT INTO Calendar (Value) VALUES (@p0); select SCOPE_IDENTITY();@p0 = 06-12-2012 00:00:00 [Type: DateTime (0)]
NHibernate: INSERT INTO Calendar (Value) VALUES (@p0); select SCOPE_IDENTITY();@p0 = 07-12-2012 00:00:00 [Type: DateTime (0)]
NHibernate: INSERT INTO Calendar (Value) VALUES (@p0); select SCOPE_IDENTITY();@p0 = 08-12-2012 00:00:00 [Type: DateTime (0)]
NHibernate: INSERT INTO Calendar (Value) VALUES (@p0); select SCOPE_IDENTITY();@p0 = 09-12-2012 00:00:00 [Type: DateTime (0)]
NHibernate: INSERT INTO Calendar (Value) VALUES (@p0); select SCOPE_IDENTITY();@p0 = 10-12-2012 00:00:00 [Type: DateTime (0)]
NHibernate: INSERT INTO Calendar (Value) VALUES (@p0); select SCOPE_IDENTITY();@p0 = 11-12-2012 00:00:00 [Type: DateTime (0)]
NHibernate: INSERT INTO Calendar (Value) VALUES (@p0); select SCOPE_IDENTITY();@p0 = 12-12-2012 00:00:00 [Type: DateTime (0)]
NHibernate: INSERT INTO Calendar (Value) VALUES (@p0); select SCOPE_IDENTITY();@p0 = 13-12-2012 00:00:00 [Type: DateTime (0)]
NHibernate: INSERT INTO Calendar (Value) VALUES (@p0); select SCOPE_IDENTITY();@p0 = 14-12-2012 00:00:00 [Type: DateTime (0)]
NHibernate: INSERT INTO Calendar (Value) VALUES (@p0); select SCOPE_IDENTITY();@p0 = 15-12-2012 00:00:00 [Type: DateTime (0)]
NHibernate: INSERT INTO Calendar (Value) VALUES (@p0); select SCOPE_IDENTITY();@p0 = 16-12-2012 00:00:00 [Type: DateTime (0)]
NHibernate: INSERT INTO Calendar (Value) VALUES (@p0); select SCOPE_IDENTITY();@p0 = 17-12-2012 00:00:00 [Type: DateTime (0)]
NHibernate: INSERT INTO Calendar (Value) VALUES (@p0); select SCOPE_IDENTITY();@p0 = 18-12-2012 00:00:00 [Type: DateTime (0)]
NHibernate: INSERT INTO Calendar (Value) VALUES (@p0); select SCOPE_IDENTITY();@p0 = 19-12-2012 00:00:00 [Type: DateTime (0)]
NHibernate: INSERT INTO Calendar (Value) VALUES (@p0); select SCOPE_IDENTITY();@p0 = 20-12-2012 00:00:00 [Type: DateTime (0)]
NHibernate: INSERT INTO Calendar (Value) VALUES (@p0); select SCOPE_IDENTITY();@p0 = 21-12-2012 00:00:00 [Type: DateTime (0)]
NHibernate: INSERT INTO Calendar (Value) VALUES (@p0); select SCOPE_IDENTITY();@p0 = 22-12-2012 00:00:00 [Type: DateTime (0)]
NHibernate: INSERT INTO Calendar (Value) VALUES (@p0); select SCOPE_IDENTITY();@p0 = 23-12-2012 00:00:00 [Type: DateTime (0)]
NHibernate: INSERT INTO Calendar (Value) VALUES (@p0); select SCOPE_IDENTITY();@p0 = 24-12-2012 00:00:00 [Type: DateTime (0)]
NHibernate: INSERT INTO Calendar (Value) VALUES (@p0); select SCOPE_IDENTITY();@p0 = 25-12-2012 00:00:00 [Type: DateTime (0)]
NHibernate: INSERT INTO Calendar (Value) VALUES (@p0); select SCOPE_IDENTITY();@p0 = 26-12-2012 00:00:00 [Type: DateTime (0)]
NHibernate: INSERT INTO Calendar (Value) VALUES (@p0); select SCOPE_IDENTITY();@p0 = 27-12-2012 00:00:00 [Type: DateTime (0)]
NHibernate: INSERT INTO Calendar (Value) VALUES (@p0); select SCOPE_IDENTITY();@p0 = 28-12-2012 00:00:00 [Type: DateTime (0)]
NHibernate: INSERT INTO Calendar (Value) VALUES (@p0); select SCOPE_IDENTITY();@p0 = 29-12-2012 00:00:00 [Type: DateTime (0)]
NHibernate: INSERT INTO Calendar (Value) VALUES (@p0); select SCOPE_IDENTITY();@p0 = 30-12-2012 00:00:00 [Type: DateTime (0)]
NHibernate: INSERT INTO Calendar (Value) VALUES (@p0); select SCOPE_IDENTITY();@p0 = 31-12-2012 00:00:00 [Type: DateTime (0)]
NHibernate: INSERT INTO Calendar (Value) VALUES (@p0); select SCOPE_IDENTITY();@p0 = 01-01-2013 00:00:00 [Type: DateTime (0)]
NHibernate: INSERT INTO Calendar (Value) VALUES (@p0); select SCOPE_IDENTITY();@p0 = 02-01-2013 00:00:00 [Type: DateTime (0)]
NHibernate: INSERT INTO Calendar (Value) VALUES (@p0); select SCOPE_IDENTITY();@p0 = 03-01-2013 00:00:00 [Type: DateTime (0)]
NHibernate: INSERT INTO Calendar (Value) VALUES (@p0); select SCOPE_IDENTITY();@p0 = 04-01-2013 00:00:00 [Type: DateTime (0)]
NHibernate: INSERT INTO Calendar (Value) VALUES (@p0); select SCOPE_IDENTITY();@p0 = 05-01-2013 00:00:00 [Type: DateTime (0)]
NHibernate: INSERT INTO Calendar (Value) VALUES (@p0); select SCOPE_IDENTITY();@p0 = 06-01-2013 00:00:00 [Type: DateTime (0)]
NHibernate: INSERT INTO Calendar (Value) VALUES (@p0); select SCOPE_IDENTITY();@p0 = 07-01-2013 00:00:00 [Type: DateTime (0)]
NHibernate: INSERT INTO Calendar (Value) VALUES (@p0); select SCOPE_IDENTITY();@p0 = 08-01-2013 00:00:00 [Type: DateTime (0)]
NHibernate: INSERT INTO Calendar (Value) VALUES (@p0); select SCOPE_IDENTITY();@p0 = 09-01-2013 00:00:00 [Type: DateTime (0)]
NHibernate: INSERT INTO Calendar (Value) VALUES (@p0); select SCOPE_IDENTITY();@p0 = 10-01-2013 00:00:00 [Type: DateTime (0)]
NHibernate: INSERT INTO Calendar (Value) VALUES (@p0); select SCOPE_IDENTITY();@p0 = 11-01-2013 00:00:00 [Type: DateTime (0)]
NHibernate: INSERT INTO Calendar (Value) VALUES (@p0); select SCOPE_IDENTITY();@p0 = 12-01-2013 00:00:00 [Type: DateTime (0)]
NHibernate: INSERT INTO Calendar (Value) VALUES (@p0); select SCOPE_IDENTITY();@p0 = 13-01-2013 00:00:00 [Type: DateTime (0)]
NHibernate: INSERT INTO Calendar (Value) VALUES (@p0); select SCOPE_IDENTITY();@p0 = 14-01-2013 00:00:00 [Type: DateTime (0)]
NHibernate: INSERT INTO Calendar (Value) VALUES (@p0); select SCOPE_IDENTITY();@p0 = 15-01-2013 00:00:00 [Type: DateTime (0)]
NHibernate: INSERT INTO Calendar (Value) VALUES (@p0); select SCOPE_IDENTITY();@p0 = 16-01-2013 00:00:00 [Type: DateTime (0)]
NHibernate: INSERT INTO Calendar (Value) VALUES (@p0); select SCOPE_IDENTITY();@p0 = 17-01-2013 00:00:00 [Type: DateTime (0)]
NHibernate: INSERT INTO Calendar (Value) VALUES (@p0); select SCOPE_IDENTITY();@p0 = 18-01-2013 00:00:00 [Type: DateTime (0)]
NHibernate: INSERT INTO Calendar (Value) VALUES (@p0); select SCOPE_IDENTITY();@p0 = 19-01-2013 00:00:00 [Type: DateTime (0)]
NHibernate: INSERT INTO Calendar (Value) VALUES (@p0); select SCOPE_IDENTITY();@p0 = 20-01-2013 00:00:00 [Type: DateTime (0)]
NHibernate: INSERT INTO Calendar (Value) VALUES (@p0); select SCOPE_IDENTITY();@p0 = 21-01-2013 00:00:00 [Type: DateTime (0)]
NHibernate: INSERT INTO Calendar (Value) VALUES (@p0); select SCOPE_IDENTITY();@p0 = 22-01-2013 00:00:00 [Type: DateTime (0)]
NHibernate: INSERT INTO Calendar (Value) VALUES (@p0); select SCOPE_IDENTITY();@p0 = 23-01-2013 00:00:00 [Type: DateTime (0)]
NHibernate: INSERT INTO Calendar (Value) VALUES (@p0); select SCOPE_IDENTITY();@p0 = 24-01-2013 00:00:00 [Type: DateTime (0)]
NHibernate: INSERT INTO Calendar (Value) VALUES (@p0); select SCOPE_IDENTITY();@p0 = 25-01-2013 00:00:00 [Type: DateTime (0)]
NHibernate: INSERT INTO Calendar (Value) VALUES (@p0); select SCOPE_IDENTITY();@p0 = 26-01-2013 00:00:00 [Type: DateTime (0)]
NHibernate: INSERT INTO Calendar (Value) VALUES (@p0); select SCOPE_IDENTITY();@p0 = 27-01-2013 00:00:00 [Type: DateTime (0)]
NHibernate: INSERT INTO Calendar (Value) VALUES (@p0); select SCOPE_IDENTITY();@p0 = 28-01-2013 00:00:00 [Type: DateTime (0)]
NHibernate: INSERT INTO Calendar (Value) VALUES (@p0); select SCOPE_IDENTITY();@p0 = 29-01-2013 00:00:00 [Type: DateTime (0)]
NHibernate: INSERT INTO Calendar (Value) VALUES (@p0); select SCOPE_IDENTITY();@p0 = 30-01-2013 00:00:00 [Type: DateTime (0)]
NHibernate: INSERT INTO Calendar (Value) VALUES (@p0); select SCOPE_IDENTITY();@p0 = 31-01-2013 00:00:00 [Type: DateTime (0)]
NHibernate: INSERT INTO Calendar (Value) VALUES (@p0); select SCOPE_IDENTITY();@p0 = 01-02-2013 00:00:00 [Type: DateTime (0)]
NHibernate: INSERT INTO Calendar (Value) VALUES (@p0); select SCOPE_IDENTITY();@p0 = 02-02-2013 00:00:00 [Type: DateTime (0)]
NHibernate: INSERT INTO Calendar (Value) VALUES (@p0); select SCOPE_IDENTITY();@p0 = 03-02-2013 00:00:00 [Type: DateTime (0)]
NHibernate: INSERT INTO Calendar (Value) VALUES (@p0); select SCOPE_IDENTITY();@p0 = 04-02-2013 00:00:00 [Type: DateTime (0)]
NHibernate: INSERT INTO Calendar (Value) VALUES (@p0); select SCOPE_IDENTITY();@p0 = 05-02-2013 00:00:00 [Type: DateTime (0)]
NHibernate: INSERT INTO Calendar (Value) VALUES (@p0); select SCOPE_IDENTITY();@p0 = 06-02-2013 00:00:00 [Type: DateTime (0)]
NHibernate: INSERT INTO Calendar (Value) VALUES (@p0); select SCOPE_IDENTITY();@p0 = 07-02-2013 00:00:00 [Type: DateTime (0)]
NHibernate: INSERT INTO Calendar (Value) VALUES (@p0); select SCOPE_IDENTITY();@p0 = 08-02-2013 00:00:00 [Type: DateTime (0)]
NHibernate: INSERT INTO Calendar (Value) VALUES (@p0); select SCOPE_IDENTITY();@p0 = 09-02-2013 00:00:00 [Type: DateTime (0)]
NHibernate: INSERT INTO Calendar (Value) VALUES (@p0); select SCOPE_IDENTITY();@p0 = 10-02-2013 00:00:00 [Type: DateTime (0)]
NHibernate: INSERT INTO Calendar (Value) VALUES (@p0); select SCOPE_IDENTITY();@p0 = 11-02-2013 00:00:00 [Type: DateTime (0)]
NHibernate: INSERT INTO Calendar (Value) VALUES (@p0); select SCOPE_IDENTITY();@p0 = 12-02-2013 00:00:00 [Type: DateTime (0)]
NHibernate: INSERT INTO Calendar (Value) VALUES (@p0); select SCOPE_IDENTITY();@p0 = 13-02-2013 00:00:00 [Type: DateTime (0)]
NHibernate: INSERT INTO Calendar (Value) VALUES (@p0); select SCOPE_IDENTITY();@p0 = 14-02-2013 00:00:00 [Type: DateTime (0)]
NHibernate: INSERT INTO Calendar (Value) VALUES (@p0); select SCOPE_IDENTITY();@p0 = 15-02-2013 00:00:00 [Type: DateTime (0)]
NHibernate: INSERT INTO Calendar (Value) VALUES (@p0); select SCOPE_IDENTITY();@p0 = 16-02-2013 00:00:00 [Type: DateTime (0)]
NHibernate: INSERT INTO Calendar (Value) VALUES (@p0); select SCOPE_IDENTITY();@p0 = 17-02-2013 00:00:00 [Type: DateTime (0)]
NHibernate: INSERT INTO Calendar (Value) VALUES (@p0); select SCOPE_IDENTITY();@p0 = 18-02-2013 00:00:00 [Type: DateTime (0)]
NHibernate: INSERT INTO Calendar (Value) VALUES (@p0); select SCOPE_IDENTITY();@p0 = 19-02-2013 00:00:00 [Type: DateTime (0)]
NHibernate: INSERT INTO Calendar (Value) VALUES (@p0); select SCOPE_IDENTITY();@p0 = 20-02-2013 00:00:00 [Type: DateTime (0)]
NHibernate: INSERT INTO Calendar (Value) VALUES (@p0); select SCOPE_IDENTITY();@p0 = 21-02-2013 00:00:00 [Type: DateTime (0)]
NHibernate: INSERT INTO Calendar (Value) VALUES (@p0); select SCOPE_IDENTITY();@p0 = 22-02-2013 00:00:00 [Type: DateTime (0)]
NHibernate: INSERT INTO Calendar (Value) VALUES (@p0); select SCOPE_IDENTITY();@p0 = 23-02-2013 00:00:00 [Type: DateTime (0)]
NHibernate: INSERT INTO Calendar (Value) VALUES (@p0); select SCOPE_IDENTITY();@p0 = 24-02-2013 00:00:00 [Type: DateTime (0)]
NHibernate: INSERT INTO Calendar (Value) VALUES (@p0); select SCOPE_IDENTITY();@p0 = 25-02-2013 00:00:00 [Type: DateTime (0)]
NHibernate: INSERT INTO Calendar (Value) VALUES (@p0); select SCOPE_IDENTITY();@p0 = 26-02-2013 00:00:00 [Type: DateTime (0)]
NHibernate: INSERT INTO Calendar (Value) VALUES (@p0); select SCOPE_IDENTITY();@p0 = 27-02-2013 00:00:00 [Type: DateTime (0)]
NHibernate: INSERT INTO Calendar (Value) VALUES (@p0); select SCOPE_IDENTITY();@p0 = 28-02-2013 00:00:00 [Type: DateTime (0)]
NHibernate: INSERT INTO Calendar (Value) VALUES (@p0); select SCOPE_IDENTITY();@p0 = 01-03-2013 00:00:00 [Type: DateTime (0)]
NHibernate: INSERT INTO Calendar (Value) VALUES (@p0); select SCOPE_IDENTITY();@p0 = 02-03-2013 00:00:00 [Type: DateTime (0)]
NHibernate: INSERT INTO Calendar (Value) VALUES (@p0); select SCOPE_IDENTITY();@p0 = 03-03-2013 00:00:00 [Type: DateTime (0)]
NHibernate: INSERT INTO Calendar (Value) VALUES (@p0); select SCOPE_IDENTITY();@p0 = 04-03-2013 00:00:00 [Type: DateTime (0)]
NHibernate: INSERT INTO Calendar (Value) VALUES (@p0); select SCOPE_IDENTITY();@p0 = 05-03-2013 00:00:00 [Type: DateTime (0)]
NHibernate: INSERT INTO Calendar (Value) VALUES (@p0); select SCOPE_IDENTITY();@p0 = 06-03-2013 00:00:00 [Type: DateTime (0)]
NHibernate: INSERT INTO Calendar (Value) VALUES (@p0); select SCOPE_IDENTITY();@p0 = 07-03-2013 00:00:00 [Type: DateTime (0)]
NHibernate: INSERT INTO Calendar (Value) VALUES (@p0); select SCOPE_IDENTITY();@p0 = 08-03-2013 00:00:00 [Type: DateTime (0)]
NHibernate: INSERT INTO Calendar (Value) VALUES (@p0); select SCOPE_IDENTITY();@p0 = 09-03-2013 00:00:00 [Type: DateTime (0)]
NHibernate: INSERT INTO Calendar (Value) VALUES (@p0); select SCOPE_IDENTITY();@p0 = 10-03-2013 00:00:00 [Type: DateTime (0)]
NHibernate: INSERT INTO Calendar (Value) VALUES (@p0); select SCOPE_IDENTITY();@p0 = 11-03-2013 00:00:00 [Type: DateTime (0)]
NHibernate: INSERT INTO Calendar (Value) VALUES (@p0); select SCOPE_IDENTITY();@p0 = 12-03-2013 00:00:00 [Type: DateTime (0)]
NHibernate: INSERT INTO Calendar (Value) VALUES (@p0); select SCOPE_IDENTITY();@p0 = 13-03-2013 00:00:00 [Type: DateTime (0)]
NHibernate: INSERT INTO Calendar (Value) VALUES (@p0); select SCOPE_IDENTITY();@p0 = 14-03-2013 00:00:00 [Type: DateTime (0)]
NHibernate: INSERT INTO Calendar (Value) VALUES (@p0); select SCOPE_IDENTITY();@p0 = 15-03-2013 00:00:00 [Type: DateTime (0)]
NHibernate: INSERT INTO Calendar (Value) VALUES (@p0); select SCOPE_IDENTITY();@p0 = 16-03-2013 00:00:00 [Type: DateTime (0)]
NHibernate: INSERT INTO Calendar (Value) VALUES (@p0); select SCOPE_IDENTITY();@p0 = 17-03-2013 00:00:00 [Type: DateTime (0)]
NHibernate: INSERT INTO Calendar (Value) VALUES (@p0); select SCOPE_IDENTITY();@p0 = 18-03-2013 00:00:00 [Type: DateTime (0)]
NHibernate: INSERT INTO Calendar (Value) VALUES (@p0); select SCOPE_IDENTITY();@p0 = 19-03-2013 00:00:00 [Type: DateTime (0)]
NHibernate: INSERT INTO Calendar (Value) VALUES (@p0); select SCOPE_IDENTITY();@p0 = 20-03-2013 00:00:00 [Type: DateTime (0)]
NHibernate: INSERT INTO Calendar (Value) VALUES (@p0); select SCOPE_IDENTITY();@p0 = 21-03-2013 00:00:00 [Type: DateTime (0)]
NHibernate: INSERT INTO Calendar (Value) VALUES (@p0); select SCOPE_IDENTITY();@p0 = 22-03-2013 00:00:00 [Type: DateTime (0)]
NHibernate: INSERT INTO Calendar (Value) VALUES (@p0); select SCOPE_IDENTITY();@p0 = 23-03-2013 00:00:00 [Type: DateTime (0)]
NHibernate: INSERT INTO Calendar (Value) VALUES (@p0); select SCOPE_IDENTITY();@p0 = 24-03-2013 00:00:00 [Type: DateTime (0)]
NHibernate: INSERT INTO Calendar (Value) VALUES (@p0); select SCOPE_IDENTITY();@p0 = 25-03-2013 00:00:00 [Type: DateTime (0)]
NHibernate: INSERT INTO Calendar (Value) VALUES (@p0); select SCOPE_IDENTITY();@p0 = 26-03-2013 00:00:00 [Type: DateTime (0)]
NHibernate: INSERT INTO Calendar (Value) VALUES (@p0); select SCOPE_IDENTITY();@p0 = 27-03-2013 00:00:00 [Type: DateTime (0)]
NHibernate: INSERT INTO Calendar (Value) VALUES (@p0); select SCOPE_IDENTITY();@p0 = 28-03-2013 00:00:00 [Type: DateTime (0)]
NHibernate: INSERT INTO Calendar (Value) VALUES (@p0); select SCOPE_IDENTITY();@p0 = 29-03-2013 00:00:00 [Type: DateTime (0)]
NHibernate: INSERT INTO Calendar (Value) VALUES (@p0); select SCOPE_IDENTITY();@p0 = 30-03-2013 00:00:00 [Type: DateTime (0)]
NHibernate: INSERT INTO Calendar (Value) VALUES (@p0); select SCOPE_IDENTITY();@p0 = 31-03-2013 00:00:00 [Type: DateTime (0)]
NHibernate: INSERT INTO Calendar (Value) VALUES (@p0); select SCOPE_IDENTITY();@p0 = 01-04-2013 00:00:00 [Type: DateTime (0)]
NHibernate: INSERT INTO Calendar (Value) VALUES (@p0); select SCOPE_IDENTITY();@p0 = 02-04-2013 00:00:00 [Type: DateTime (0)]
NHibernate: INSERT INTO Calendar (Value) VALUES (@p0); select SCOPE_IDENTITY();@p0 = 03-04-2013 00:00:00 [Type: DateTime (0)]
NHibernate: INSERT INTO Calendar (Value) VALUES (@p0); select SCOPE_IDENTITY();@p0 = 04-04-2013 00:00:00 [Type: DateTime (0)]
NHibernate: INSERT INTO Calendar (Value) VALUES (@p0); select SCOPE_IDENTITY();@p0 = 05-04-2013 00:00:00 [Type: DateTime (0)]
NHibernate: INSERT INTO Calendar (Value) VALUES (@p0); select SCOPE_IDENTITY();@p0 = 06-04-2013 00:00:00 [Type: DateTime (0)]
NHibernate: INSERT INTO Calendar (Value) VALUES (@p0); select SCOPE_IDENTITY();@p0 = 07-04-2013 00:00:00 [Type: DateTime (0)]
NHibernate: INSERT INTO Calendar (Value) VALUES (@p0); select SCOPE_IDENTITY();@p0 = 08-04-2013 00:00:00 [Type: DateTime (0)]
NHibernate: INSERT INTO Calendar (Value) VALUES (@p0); select SCOPE_IDENTITY();@p0 = 09-04-2013 00:00:00 [Type: DateTime (0)]
NHibernate: INSERT INTO Calendar (Value) VALUES (@p0); select SCOPE_IDENTITY();@p0 = 10-04-2013 00:00:00 [Type: DateTime (0)]
NHibernate: INSERT INTO Calendar (Value) VALUES (@p0); select SCOPE_IDENTITY();@p0 = 11-04-2013 00:00:00 [Type: DateTime (0)]
NHibernate: INSERT INTO Calendar (Value) VALUES (@p0); select SCOPE_IDENTITY();@p0 = 12-04-2013 00:00:00 [Type: DateTime (0)]
NHibernate: INSERT INTO Calendar (Value) VALUES (@p0); select SCOPE_IDENTITY();@p0 = 13-04-2013 00:00:00 [Type: DateTime (0)]
NHibernate: INSERT INTO Calendar (Value) VALUES (@p0); select SCOPE_IDENTITY();@p0 = 14-04-2013 00:00:00 [Type: DateTime (0)]
NHibernate: INSERT INTO Calendar (Value) VALUES (@p0); select SCOPE_IDENTITY();@p0 = 15-04-2013 00:00:00 [Type: DateTime (0)]
NHibernate: INSERT INTO Calendar (Value) VALUES (@p0); select SCOPE_IDENTITY();@p0 = 16-04-2013 00:00:00 [Type: DateTime (0)]
NHibernate: INSERT INTO Calendar (Value) VALUES (@p0); select SCOPE_IDENTITY();@p0 = 17-04-2013 00:00:00 [Type: DateTime (0)]
NHibernate: INSERT INTO Calendar (Value) VALUES (@p0); select SCOPE_IDENTITY();@p0 = 18-04-2013 00:00:00 [Type: DateTime (0)]
NHibernate: INSERT INTO Calendar (Value) VALUES (@p0); select SCOPE_IDENTITY();@p0 = 19-04-2013 00:00:00 [Type: DateTime (0)]
NHibernate: INSERT INTO Calendar (Value) VALUES (@p0); select SCOPE_IDENTITY();@p0 = 20-04-2013 00:00:00 [Type: DateTime (0)]
NHibernate: INSERT INTO Calendar (Value) VALUES (@p0); select SCOPE_IDENTITY();@p0 = 21-04-2013 00:00:00 [Type: DateTime (0)]
NHibernate: INSERT INTO Calendar (Value) VALUES (@p0); select SCOPE_IDENTITY();@p0 = 22-04-2013 00:00:00 [Type: DateTime (0)]
NHibernate: INSERT INTO Calendar (Value) VALUES (@p0); select SCOPE_IDENTITY();@p0 = 23-04-2013 00:00:00 [Type: DateTime (0)]
NHibernate: INSERT INTO Calendar (Value) VALUES (@p0); select SCOPE_IDENTITY();@p0 = 24-04-2013 00:00:00 [Type: DateTime (0)]
NHibernate: INSERT INTO Calendar (Value) VALUES (@p0); select SCOPE_IDENTITY();@p0 = 25-04-2013 00:00:00 [Type: DateTime (0)]
NHibernate: INSERT INTO Calendar (Value) VALUES (@p0); select SCOPE_IDENTITY();@p0 = 26-04-2013 00:00:00 [Type: DateTime (0)]
NHibernate: INSERT INTO Calendar (Value) VALUES (@p0); select SCOPE_IDENTITY();@p0 = 27-04-2013 00:00:00 [Type: DateTime (0)]
NHibernate: INSERT INTO Calendar (Value) VALUES (@p0); select SCOPE_IDENTITY();@p0 = 28-04-2013 00:00:00 [Type: DateTime (0)]
NHibernate: INSERT INTO Calendar (Value) VALUES (@p0); select SCOPE_IDENTITY();@p0 = 29-04-2013 00:00:00 [Type: DateTime (0)]
NHibernate: INSERT INTO Calendar (Value) VALUES (@p0); select SCOPE_IDENTITY();@p0 = 30-04-2013 00:00:00 [Type: DateTime (0)]
NHibernate: INSERT INTO Calendar (Value) VALUES (@p0); select SCOPE_IDENTITY();@p0 = 01-05-2013 00:00:00 [Type: DateTime (0)]
NHibernate: INSERT INTO Calendar (Value) VALUES (@p0); select SCOPE_IDENTITY();@p0 = 02-05-2013 00:00:00 [Type: DateTime (0)]
NHibernate: INSERT INTO Calendar (Value) VALUES (@p0); select SCOPE_IDENTITY();@p0 = 03-05-2013 00:00:00 [Type: DateTime (0)]
NHibernate: INSERT INTO Calendar (Value) VALUES (@p0); select SCOPE_IDENTITY();@p0 = 04-05-2013 00:00:00 [Type: DateTime (0)]
NHibernate: INSERT INTO Calendar (Value) VALUES (@p0); select SCOPE_IDENTITY();@p0 = 05-05-2013 00:00:00 [Type: DateTime (0)]
NHibernate: INSERT INTO Calendar (Value) VALUES (@p0); select SCOPE_IDENTITY();@p0 = 06-05-2013 00:00:00 [Type: DateTime (0)]
NHibernate: INSERT INTO Calendar (Value) VALUES (@p0); select SCOPE_IDENTITY();@p0 = 07-05-2013 00:00:00 [Type: DateTime (0)]
NHibernate: INSERT INTO Calendar (Value) VALUES (@p0); select SCOPE_IDENTITY();@p0 = 08-05-2013 00:00:00 [Type: DateTime (0)]
NHibernate: INSERT INTO Calendar (Value) VALUES (@p0); select SCOPE_IDENTITY();@p0 = 09-05-2013 00:00:00 [Type: DateTime (0)]
NHibernate: INSERT INTO Calendar (Value) VALUES (@p0); select SCOPE_IDENTITY();@p0 = 10-05-2013 00:00:00 [Type: DateTime (0)]
NHibernate: INSERT INTO Calendar (Value) VALUES (@p0); select SCOPE_IDENTITY();@p0 = 11-05-2013 00:00:00 [Type: DateTime (0)]
NHibernate: INSERT INTO Calendar (Value) VALUES (@p0); select SCOPE_IDENTITY();@p0 = 12-05-2013 00:00:00 [Type: DateTime (0)]
NHibernate: INSERT INTO Calendar (Value) VALUES (@p0); select SCOPE_IDENTITY();@p0 = 13-05-2013 00:00:00 [Type: DateTime (0)]
NHibernate: INSERT INTO Calendar (Value) VALUES (@p0); select SCOPE_IDENTITY();@p0 = 14-05-2013 00:00:00 [Type: DateTime (0)]
NHibernate: INSERT INTO Calendar (Value) VALUES (@p0); select SCOPE_IDENTITY();@p0 = 15-05-2013 00:00:00 [Type: DateTime (0)]
NHibernate: INSERT INTO Calendar (Value) VALUES (@p0); select SCOPE_IDENTITY();@p0 = 16-05-2013 00:00:00 [Type: DateTime (0)]
NHibernate: INSERT INTO Calendar (Value) VALUES (@p0); select SCOPE_IDENTITY();@p0 = 17-05-2013 00:00:00 [Type: DateTime (0)]
NHibernate: INSERT INTO Calendar (Value) VALUES (@p0); select SCOPE_IDENTITY();@p0 = 18-05-2013 00:00:00 [Type: DateTime (0)]
NHibernate: INSERT INTO Calendar (Value) VALUES (@p0); select SCOPE_IDENTITY();@p0 = 19-05-2013 00:00:00 [Type: DateTime (0)]
NHibernate: INSERT INTO Calendar (Value) VALUES (@p0); select SCOPE_IDENTITY();@p0 = 20-05-2013 00:00:00 [Type: DateTime (0)]
NHibernate: INSERT INTO Calendar (Value) VALUES (@p0); select SCOPE_IDENTITY();@p0 = 21-05-2013 00:00:00 [Type: DateTime (0)]
NHibernate: INSERT INTO Calendar (Value) VALUES (@p0); select SCOPE_IDENTITY();@p0 = 22-05-2013 00:00:00 [Type: DateTime (0)]
NHibernate: INSERT INTO Calendar (Value) VALUES (@p0); select SCOPE_IDENTITY();@p0 = 23-05-2013 00:00:00 [Type: DateTime (0)]
NHibernate: INSERT INTO Calendar (Value) VALUES (@p0); select SCOPE_IDENTITY();@p0 = 24-05-2013 00:00:00 [Type: DateTime (0)]
NHibernate: INSERT INTO Calendar (Value) VALUES (@p0); select SCOPE_IDENTITY();@p0 = 25-05-2013 00:00:00 [Type: DateTime (0)]
NHibernate: INSERT INTO Calendar (Value) VALUES (@p0); select SCOPE_IDENTITY();@p0 = 26-05-2013 00:00:00 [Type: DateTime (0)]
NHibernate: INSERT INTO Calendar (Value) VALUES (@p0); select SCOPE_IDENTITY();@p0 = 27-05-2013 00:00:00 [Type: DateTime (0)]
NHibernate: INSERT INTO Calendar (Value) VALUES (@p0); select SCOPE_IDENTITY();@p0 = 28-05-2013 00:00:00 [Type: DateTime (0)]
NHibernate: INSERT INTO Calendar (Value) VALUES (@p0); select SCOPE_IDENTITY();@p0 = 29-05-2013 00:00:00 [Type: DateTime (0)]
NHibernate: INSERT INTO Calendar (Value) VALUES (@p0); select SCOPE_IDENTITY();@p0 = 30-05-2013 00:00:00 [Type: DateTime (0)]
NHibernate: INSERT INTO Calendar (Value) VALUES (@p0); select SCOPE_IDENTITY();@p0 = 31-05-2013 00:00:00 [Type: DateTime (0)]
NHibernate: INSERT INTO Calendar (Value) VALUES (@p0); select SCOPE_IDENTITY();@p0 = 01-06-2013 00:00:00 [Type: DateTime (0)]
NHibernate: INSERT INTO Calendar (Value) VALUES (@p0); select SCOPE_IDENTITY();@p0 = 02-06-2013 00:00:00 [Type: DateTime (0)]
NHibernate: INSERT INTO Calendar (Value) VALUES (@p0); select SCOPE_IDENTITY();@p0 = 03-06-2013 00:00:00 [Type: DateTime (0)]
NHibernate: INSERT INTO Calendar (Value) VALUES (@p0); select SCOPE_IDENTITY();@p0 = 04-06-2013 00:00:00 [Type: DateTime (0)]
NHibernate: INSERT INTO Calendar (Value) VALUES (@p0); select SCOPE_IDENTITY();@p0 = 05-06-2013 00:00:00 [Type: DateTime (0)]
NHibernate: INSERT INTO Calendar (Value) VALUES (@p0); select SCOPE_IDENTITY();@p0 = 06-06-2013 00:00:00 [Type: DateTime (0)]
NHibernate: INSERT INTO Calendar (Value) VALUES (@p0); select SCOPE_IDENTITY();@p0 = 07-06-2013 00:00:00 [Type: DateTime (0)]
NHibernate: INSERT INTO Calendar (Value) VALUES (@p0); select SCOPE_IDENTITY();@p0 = 08-06-2013 00:00:00 [Type: DateTime (0)]
NHibernate: INSERT INTO Calendar (Value) VALUES (@p0); select SCOPE_IDENTITY();@p0 = 09-06-2013 00:00:00 [Type: DateTime (0)]
NHibernate: INSERT INTO Calendar (Value) VALUES (@p0); select SCOPE_IDENTITY();@p0 = 10-06-2013 00:00:00 [Type: DateTime (0)]
NHibernate: INSERT INTO Calendar (Value) VALUES (@p0); select SCOPE_IDENTITY();@p0 = 11-06-2013 00:00:00 [Type: DateTime (0)]
NHibernate: INSERT INTO Calendar (Value) VALUES (@p0); select SCOPE_IDENTITY();@p0 = 12-06-2013 00:00:00 [Type: DateTime (0)]
NHibernate: INSERT INTO Calendar (Value) VALUES (@p0); select SCOPE_IDENTITY();@p0 = 13-06-2013 00:00:00 [Type: DateTime (0)]
NHibernate: INSERT INTO Calendar (Value) VALUES (@p0); select SCOPE_IDENTITY();@p0 = 14-06-2013 00:00:00 [Type: DateTime (0)]
NHibernate: INSERT INTO Calendar (Value) VALUES (@p0); select SCOPE_IDENTITY();@p0 = 15-06-2013 00:00:00 [Type: DateTime (0)]
NHibernate: INSERT INTO Calendar (Value) VALUES (@p0); select SCOPE_IDENTITY();@p0 = 16-06-2013 00:00:00 [Type: DateTime (0)]
NHibernate: INSERT INTO Calendar (Value) VALUES (@p0); select SCOPE_IDENTITY();@p0 = 17-06-2013 00:00:00 [Type: DateTime (0)]
NHibernate: INSERT INTO Calendar (Value) VALUES (@p0); select SCOPE_IDENTITY();@p0 = 18-06-2013 00:00:00 [Type: DateTime (0)]
NHibernate: INSERT INTO Calendar (Value) VALUES (@p0); select SCOPE_IDENTITY();@p0 = 19-06-2013 00:00:00 [Type: DateTime (0)]
NHibernate: INSERT INTO Calendar (Value) VALUES (@p0); select SCOPE_IDENTITY();@p0 = 20-06-2013 00:00:00 [Type: DateTime (0)]
NHibernate: INSERT INTO Calendar (Value) VALUES (@p0); select SCOPE_IDENTITY();@p0 = 21-06-2013 00:00:00 [Type: DateTime (0)]
NHibernate: INSERT INTO Calendar (Value) VALUES (@p0); select SCOPE_IDENTITY();@p0 = 22-06-2013 00:00:00 [Type: DateTime (0)]
NHibernate: INSERT INTO Calendar (Value) VALUES (@p0); select SCOPE_IDENTITY();@p0 = 23-06-2013 00:00:00 [Type: DateTime (0)]
NHibernate: INSERT INTO Calendar (Value) VALUES (@p0); select SCOPE_IDENTITY();@p0 = 24-06-2013 00:00:00 [Type: DateTime (0)]
NHibernate: INSERT INTO Calendar (Value) VALUES (@p0); select SCOPE_IDENTITY();@p0 = 25-06-2013 00:00:00 [Type: DateTime (0)]
NHibernate: INSERT INTO Calendar (Value) VALUES (@p0); select SCOPE_IDENTITY();@p0 = 26-06-2013 00:00:00 [Type: DateTime (0)]
NHibernate: INSERT INTO Calendar (Value) VALUES (@p0); select SCOPE_IDENTITY();@p0 = 27-06-2013 00:00:00 [Type: DateTime (0)]
NHibernate: INSERT INTO Calendar (Value) VALUES (@p0); select SCOPE_IDENTITY();@p0 = 28-06-2013 00:00:00 [Type: DateTime (0)]
NHibernate: INSERT INTO Calendar (Value) VALUES (@p0); select SCOPE_IDENTITY();@p0 = 29-06-2013 00:00:00 [Type: DateTime (0)]
NHibernate: INSERT INTO Calendar (Value) VALUES (@p0); select SCOPE_IDENTITY();@p0 = 30-06-2013 00:00:00 [Type: DateTime (0)]
NHibernate: INSERT INTO Calendar (Value) VALUES (@p0); select SCOPE_IDENTITY();@p0 = 01-07-2013 00:00:00 [Type: DateTime (0)]
NHibernate: INSERT INTO Calendar (Value) VALUES (@p0); select SCOPE_IDENTITY();@p0 = 02-07-2013 00:00:00 [Type: DateTime (0)]
NHibernate: INSERT INTO Calendar (Value) VALUES (@p0); select SCOPE_IDENTITY();@p0 = 03-07-2013 00:00:00 [Type: DateTime (0)]
NHibernate: INSERT INTO Calendar (Value) VALUES (@p0); select SCOPE_IDENTITY();@p0 = 04-07-2013 00:00:00 [Type: DateTime (0)]
NHibernate: INSERT INTO Calendar (Value) VALUES (@p0); select SCOPE_IDENTITY();@p0 = 05-07-2013 00:00:00 [Type: DateTime (0)]
NHibernate: INSERT INTO Calendar (Value) VALUES (@p0); select SCOPE_IDENTITY();@p0 = 06-07-2013 00:00:00 [Type: DateTime (0)]
NHibernate: INSERT INTO Calendar (Value) VALUES (@p0); select SCOPE_IDENTITY();@p0 = 07-07-2013 00:00:00 [Type: DateTime (0)]
NHibernate: INSERT INTO Calendar (Value) VALUES (@p0); select SCOPE_IDENTITY();@p0 = 08-07-2013 00:00:00 [Type: DateTime (0)]
NHibernate: INSERT INTO Calendar (Value) VALUES (@p0); select SCOPE_IDENTITY();@p0 = 09-07-2013 00:00:00 [Type: DateTime (0)]
NHibernate: INSERT INTO Calendar (Value) VALUES (@p0); select SCOPE_IDENTITY();@p0 = 10-07-2013 00:00:00 [Type: DateTime (0)]
NHibernate: INSERT INTO Calendar (Value) VALUES (@p0); select SCOPE_IDENTITY();@p0 = 11-07-2013 00:00:00 [Type: DateTime (0)]
NHibernate: INSERT INTO Calendar (Value) VALUES (@p0); select SCOPE_IDENTITY();@p0 = 12-07-2013 00:00:00 [Type: DateTime (0)]
NHibernate: INSERT INTO Calendar (Value) VALUES (@p0); select SCOPE_IDENTITY();@p0 = 13-07-2013 00:00:00 [Type: DateTime (0)]
NHibernate: INSERT INTO Calendar (Value) VALUES (@p0); select SCOPE_IDENTITY();@p0 = 14-07-2013 00:00:00 [Type: DateTime (0)]
NHibernate: INSERT INTO Calendar (Value) VALUES (@p0); select SCOPE_IDENTITY();@p0 = 15-07-2013 00:00:00 [Type: DateTime (0)]
NHibernate: INSERT INTO Calendar (Value) VALUES (@p0); select SCOPE_IDENTITY();@p0 = 16-07-2013 00:00:00 [Type: DateTime (0)]
NHibernate: INSERT INTO Calendar (Value) VALUES (@p0); select SCOPE_IDENTITY();@p0 = 17-07-2013 00:00:00 [Type: DateTime (0)]
NHibernate: INSERT INTO Calendar (Value) VALUES (@p0); select SCOPE_IDENTITY();@p0 = 18-07-2013 00:00:00 [Type: DateTime (0)]
NHibernate: INSERT INTO Calendar (Value) VALUES (@p0); select SCOPE_IDENTITY();@p0 = 19-07-2013 00:00:00 [Type: DateTime (0)]
NHibernate: INSERT INTO Calendar (Value) VALUES (@p0); select SCOPE_IDENTITY();@p0 = 20-07-2013 00:00:00 [Type: DateTime (0)]
NHibernate: INSERT INTO Calendar (Value) VALUES (@p0); select SCOPE_IDENTITY();@p0 = 21-07-2013 00:00:00 [Type: DateTime (0)]
NHibernate: INSERT INTO Calendar (Value) VALUES (@p0); select SCOPE_IDENTITY();@p0 = 22-07-2013 00:00:00 [Type: DateTime (0)]
NHibernate: INSERT INTO Calendar (Value) VALUES (@p0); select SCOPE_IDENTITY();@p0 = 23-07-2013 00:00:00 [Type: DateTime (0)]
NHibernate: INSERT INTO Calendar (Value) VALUES (@p0); select SCOPE_IDENTITY();@p0 = 24-07-2013 00:00:00 [Type: DateTime (0)]
NHibernate: INSERT INTO Calendar (Value) VALUES (@p0); select SCOPE_IDENTITY();@p0 = 25-07-2013 00:00:00 [Type: DateTime (0)]
NHibernate: INSERT INTO Calendar (Value) VALUES (@p0); select SCOPE_IDENTITY();@p0 = 26-07-2013 00:00:00 [Type: DateTime (0)]
NHibernate: INSERT INTO Calendar (Value) VALUES (@p0); select SCOPE_IDENTITY();@p0 = 27-07-2013 00:00:00 [Type: DateTime (0)]
NHibernate: INSERT INTO Calendar (Value) VALUES (@p0); select SCOPE_IDENTITY();@p0 = 28-07-2013 00:00:00 [Type: DateTime (0)]
NHibernate: INSERT INTO Calendar (Value) VALUES (@p0); select SCOPE_IDENTITY();@p0 = 29-07-2013 00:00:00 [Type: DateTime (0)]
NHibernate: INSERT INTO Calendar (Value) VALUES (@p0); select SCOPE_IDENTITY();@p0 = 30-07-2013 00:00:00 [Type: DateTime (0)]
NHibernate: INSERT INTO Calendar (Value) VALUES (@p0); select SCOPE_IDENTITY();@p0 = 31-07-2013 00:00:00 [Type: DateTime (0)]
NHibernate: INSERT INTO Calendar (Value) VALUES (@p0); select SCOPE_IDENTITY();@p0 = 01-08-2013 00:00:00 [Type: DateTime (0)]
NHibernate: INSERT INTO Calendar (Value) VALUES (@p0); select SCOPE_IDENTITY();@p0 = 02-08-2013 00:00:00 [Type: DateTime (0)]
NHibernate: INSERT INTO Calendar (Value) VALUES (@p0); select SCOPE_IDENTITY();@p0 = 03-08-2013 00:00:00 [Type: DateTime (0)]
NHibernate: INSERT INTO Calendar (Value) VALUES (@p0); select SCOPE_IDENTITY();@p0 = 04-08-2013 00:00:00 [Type: DateTime (0)]
NHibernate: INSERT INTO Calendar (Value) VALUES (@p0); select SCOPE_IDENTITY();@p0 = 05-08-2013 00:00:00 [Type: DateTime (0)]
NHibernate: INSERT INTO Calendar (Value) VALUES (@p0); select SCOPE_IDENTITY();@p0 = 06-08-2013 00:00:00 [Type: DateTime (0)]
NHibernate: INSERT INTO Calendar (Value) VALUES (@p0); select SCOPE_IDENTITY();@p0 = 07-08-2013 00:00:00 [Type: DateTime (0)]
NHibernate: INSERT INTO Calendar (Value) VALUES (@p0); select SCOPE_IDENTITY();@p0 = 08-08-2013 00:00:00 [Type: DateTime (0)]
NHibernate: INSERT INTO Calendar (Value) VALUES (@p0); select SCOPE_IDENTITY();@p0 = 09-08-2013 00:00:00 [Type: DateTime (0)]
NHibernate: INSERT INTO Calendar (Value) VALUES (@p0); select SCOPE_IDENTITY();@p0 = 10-08-2013 00:00:00 [Type: DateTime (0)]
NHibernate: INSERT INTO Calendar (Value) VALUES (@p0); select SCOPE_IDENTITY();@p0 = 11-08-2013 00:00:00 [Type: DateTime (0)]
NHibernate: INSERT INTO Calendar (Value) VALUES (@p0); select SCOPE_IDENTITY();@p0 = 12-08-2013 00:00:00 [Type: DateTime (0)]
NHibernate: INSERT INTO Calendar (Value) VALUES (@p0); select SCOPE_IDENTITY();@p0 = 13-08-2013 00:00:00 [Type: DateTime (0)]
NHibernate: INSERT INTO Calendar (Value) VALUES (@p0); select SCOPE_IDENTITY();@p0 = 14-08-2013 00:00:00 [Type: DateTime (0)]
NHibernate: INSERT INTO Calendar (Value) VALUES (@p0); select SCOPE_IDENTITY();@p0 = 15-08-2013 00:00:00 [Type: DateTime (0)]
NHibernate: INSERT INTO Calendar (Value) VALUES (@p0); select SCOPE_IDENTITY();@p0 = 16-08-2013 00:00:00 [Type: DateTime (0)]
NHibernate: INSERT INTO Calendar (Value) VALUES (@p0); select SCOPE_IDENTITY();@p0 = 17-08-2013 00:00:00 [Type: DateTime (0)]
NHibernate: INSERT INTO Calendar (Value) VALUES (@p0); select SCOPE_IDENTITY();@p0 = 18-08-2013 00:00:00 [Type: DateTime (0)]
NHibernate: INSERT INTO Calendar (Value) VALUES (@p0); select SCOPE_IDENTITY();@p0 = 19-08-2013 00:00:00 [Type: DateTime (0)]
NHibernate: INSERT INTO Calendar (Value) VALUES (@p0); select SCOPE_IDENTITY();@p0 = 20-08-2013 00:00:00 [Type: DateTime (0)]
NHibernate: INSERT INTO Calendar (Value) VALUES (@p0); select SCOPE_IDENTITY();@p0 = 21-08-2013 00:00:00 [Type: DateTime (0)]
NHibernate: INSERT INTO Calendar (Value) VALUES (@p0); select SCOPE_IDENTITY();@p0 = 22-08-2013 00:00:00 [Type: DateTime (0)]
NHibernate: INSERT INTO Calendar (Value) VALUES (@p0); select SCOPE_IDENTITY();@p0 = 23-08-2013 00:00:00 [Type: DateTime (0)]
NHibernate: INSERT INTO Calendar (Value) VALUES (@p0); select SCOPE_IDENTITY();@p0 = 24-08-2013 00:00:00 [Type: DateTime (0)]
NHibernate: INSERT INTO Calendar (Value) VALUES (@p0); select SCOPE_IDENTITY();@p0 = 25-08-2013 00:00:00 [Type: DateTime (0)]
NHibernate: INSERT INTO Calendar (Value) VALUES (@p0); select SCOPE_IDENTITY();@p0 = 26-08-2013 00:00:00 [Type: DateTime (0)]
NHibernate: INSERT INTO Calendar (Value) VALUES (@p0); select SCOPE_IDENTITY();@p0 = 27-08-2013 00:00:00 [Type: DateTime (0)]
NHibernate: INSERT INTO Calendar (Value) VALUES (@p0); select SCOPE_IDENTITY();@p0 = 28-08-2013 00:00:00 [Type: DateTime (0)]
NHibernate: INSERT INTO Calendar (Value) VALUES (@p0); select SCOPE_IDENTITY();@p0 = 29-08-2013 00:00:00 [Type: DateTime (0)]
NHibernate: INSERT INTO Calendar (Value) VALUES (@p0); select SCOPE_IDENTITY();@p0 = 30-08-2013 00:00:00 [Type: DateTime (0)]
NHibernate: INSERT INTO Calendar (Value) VALUES (@p0); select SCOPE_IDENTITY();@p0 = 31-08-2013 00:00:00 [Type: DateTime (0)]
NHibernate: INSERT INTO Calendar (Value) VALUES (@p0); select SCOPE_IDENTITY();@p0 = 01-09-2013 00:00:00 [Type: DateTime (0)]
NHibernate: INSERT INTO Calendar (Value) VALUES (@p0); select SCOPE_IDENTITY();@p0 = 02-09-2013 00:00:00 [Type: DateTime (0)]
NHibernate: INSERT INTO Calendar (Value) VALUES (@p0); select SCOPE_IDENTITY();@p0 = 03-09-2013 00:00:00 [Type: DateTime (0)]
NHibernate: INSERT INTO Calendar (Value) VALUES (@p0); select SCOPE_IDENTITY();@p0 = 04-09-2013 00:00:00 [Type: DateTime (0)]
NHibernate: INSERT INTO Calendar (Value) VALUES (@p0); select SCOPE_IDENTITY();@p0 = 05-09-2013 00:00:00 [Type: DateTime (0)]
NHibernate: INSERT INTO Calendar (Value) VALUES (@p0); select SCOPE_IDENTITY();@p0 = 06-09-2013 00:00:00 [Type: DateTime (0)]
NHibernate: INSERT INTO Calendar (Value) VALUES (@p0); select SCOPE_IDENTITY();@p0 = 07-09-2013 00:00:00 [Type: DateTime (0)]
NHibernate: INSERT INTO Calendar (Value) VALUES (@p0); select SCOPE_IDENTITY();@p0 = 08-09-2013 00:00:00 [Type: DateTime (0)]
NHibernate: INSERT INTO Calendar (Value) VALUES (@p0); select SCOPE_IDENTITY();@p0 = 09-09-2013 00:00:00 [Type: DateTime (0)]
NHibernate: INSERT INTO Calendar (Value) VALUES (@p0); select SCOPE_IDENTITY();@p0 = 10-09-2013 00:00:00 [Type: DateTime (0)]
NHibernate: INSERT INTO Calendar (Value) VALUES (@p0); select SCOPE_IDENTITY();@p0 = 11-09-2013 00:00:00 [Type: DateTime (0)]
NHibernate: INSERT INTO Calendar (Value) VALUES (@p0); select SCOPE_IDENTITY();@p0 = 12-09-2013 00:00:00 [Type: DateTime (0)]
NHibernate: INSERT INTO Calendar (Value) VALUES (@p0); select SCOPE_IDENTITY();@p0 = 13-09-2013 00:00:00 [Type: DateTime (0)]
NHibernate: INSERT INTO Calendar (Value) VALUES (@p0); select SCOPE_IDENTITY();@p0 = 14-09-2013 00:00:00 [Type: DateTime (0)]
NHibernate: INSERT INTO Calendar (Value) VALUES (@p0); select SCOPE_IDENTITY();@p0 = 15-09-2013 00:00:00 [Type: DateTime (0)]
NHibernate: INSERT INTO Calendar (Value) VALUES (@p0); select SCOPE_IDENTITY();@p0 = 16-09-2013 00:00:00 [Type: DateTime (0)]
NHibernate: INSERT INTO Calendar (Value) VALUES (@p0); select SCOPE_IDENTITY();@p0 = 17-09-2013 00:00:00 [Type: DateTime (0)]
NHibernate: INSERT INTO Calendar (Value) VALUES (@p0); select SCOPE_IDENTITY();@p0 = 18-09-2013 00:00:00 [Type: DateTime (0)]
NHibernate: INSERT INTO Calendar (Value) VALUES (@p0); select SCOPE_IDENTITY();@p0 = 19-09-2013 00:00:00 [Type: DateTime (0)]
NHibernate: INSERT INTO Calendar (Value) VALUES (@p0); select SCOPE_IDENTITY();@p0 = 20-09-2013 00:00:00 [Type: DateTime (0)]
NHibernate: INSERT INTO Calendar (Value) VALUES (@p0); select SCOPE_IDENTITY();@p0 = 21-09-2013 00:00:00 [Type: DateTime (0)]
NHibernate: INSERT INTO Calendar (Value) VALUES (@p0); select SCOPE_IDENTITY();@p0 = 22-09-2013 00:00:00 [Type: DateTime (0)]
NHibernate: INSERT INTO Calendar (Value) VALUES (@p0); select SCOPE_IDENTITY();@p0 = 23-09-2013 00:00:00 [Type: DateTime (0)]
NHibernate: INSERT INTO Calendar (Value) VALUES (@p0); select SCOPE_IDENTITY();@p0 = 24-09-2013 00:00:00 [Type: DateTime (0)]
NHibernate: INSERT INTO Calendar (Value) VALUES (@p0); select SCOPE_IDENTITY();@p0 = 25-09-2013 00:00:00 [Type: DateTime (0)]
NHibernate: INSERT INTO Calendar (Value) VALUES (@p0); select SCOPE_IDENTITY();@p0 = 26-09-2013 00:00:00 [Type: DateTime (0)]
NHibernate: INSERT INTO Calendar (Value) VALUES (@p0); select SCOPE_IDENTITY();@p0 = 27-09-2013 00:00:00 [Type: DateTime (0)]
NHibernate: INSERT INTO Calendar (Value) VALUES (@p0); select SCOPE_IDENTITY();@p0 = 28-09-2013 00:00:00 [Type: DateTime (0)]
NHibernate: INSERT INTO Calendar (Value) VALUES (@p0); select SCOPE_IDENTITY();@p0 = 29-09-2013 00:00:00 [Type: DateTime (0)]
NHibernate: INSERT INTO Calendar (Value) VALUES (@p0); select SCOPE_IDENTITY();@p0 = 30-09-2013 00:00:00 [Type: DateTime (0)]
NHibernate: INSERT INTO Calendar (Value) VALUES (@p0); select SCOPE_IDENTITY();@p0 = 01-10-2013 00:00:00 [Type: DateTime (0)]
NHibernate: INSERT INTO Calendar (Value) VALUES (@p0); select SCOPE_IDENTITY();@p0 = 02-10-2013 00:00:00 [Type: DateTime (0)]
NHibernate: INSERT INTO Calendar (Value) VALUES (@p0); select SCOPE_IDENTITY();@p0 = 03-10-2013 00:00:00 [Type: DateTime (0)]
NHibernate: INSERT INTO Calendar (Value) VALUES (@p0); select SCOPE_IDENTITY();@p0 = 04-10-2013 00:00:00 [Type: DateTime (0)]
NHibernate: INSERT INTO Calendar (Value) VALUES (@p0); select SCOPE_IDENTITY();@p0 = 05-10-2013 00:00:00 [Type: DateTime (0)]
NHibernate: INSERT INTO Calendar (Value) VALUES (@p0); select SCOPE_IDENTITY();@p0 = 06-10-2013 00:00:00 [Type: DateTime (0)]
NHibernate: INSERT INTO Calendar (Value) VALUES (@p0); select SCOPE_IDENTITY();@p0 = 07-10-2013 00:00:00 [Type: DateTime (0)]
NHibernate: INSERT INTO Calendar (Value) VALUES (@p0); select SCOPE_IDENTITY();@p0 = 08-10-2013 00:00:00 [Type: DateTime (0)]
NHibernate: INSERT INTO Calendar (Value) VALUES (@p0); select SCOPE_IDENTITY();@p0 = 09-10-2013 00:00:00 [Type: DateTime (0)]
NHibernate: INSERT INTO Calendar (Value) VALUES (@p0); select SCOPE_IDENTITY();@p0 = 10-10-2013 00:00:00 [Type: DateTime (0)]
NHibernate: INSERT INTO Calendar (Value) VALUES (@p0); select SCOPE_IDENTITY();@p0 = 11-10-2013 00:00:00 [Type: DateTime (0)]
NHibernate: INSERT INTO Calendar (Value) VALUES (@p0); select SCOPE_IDENTITY();@p0 = 12-10-2013 00:00:00 [Type: DateTime (0)]
NHibernate: INSERT INTO Calendar (Value) VALUES (@p0); select SCOPE_IDENTITY();@p0 = 13-10-2013 00:00:00 [Type: DateTime (0)]
NHibernate: INSERT INTO Calendar (Value) VALUES (@p0); select SCOPE_IDENTITY();@p0 = 14-10-2013 00:00:00 [Type: DateTime (0)]
NHibernate: INSERT INTO Calendar (Value) VALUES (@p0); select SCOPE_IDENTITY();@p0 = 15-10-2013 00:00:00 [Type: DateTime (0)]
NHibernate: INSERT INTO Calendar (Value) VALUES (@p0); select SCOPE_IDENTITY();@p0 = 16-10-2013 00:00:00 [Type: DateTime (0)]
NHibernate: INSERT INTO Calendar (Value) VALUES (@p0); select SCOPE_IDENTITY();@p0 = 17-10-2013 00:00:00 [Type: DateTime (0)]
NHibernate: INSERT INTO Calendar (Value) VALUES (@p0); select SCOPE_IDENTITY();@p0 = 18-10-2013 00:00:00 [Type: DateTime (0)]
NHibernate: INSERT INTO Calendar (Value) VALUES (@p0); select SCOPE_IDENTITY();@p0 = 19-10-2013 00:00:00 [Type: DateTime (0)]
NHibernate: INSERT INTO Calendar (Value) VALUES (@p0); select SCOPE_IDENTITY();@p0 = 20-10-2013 00:00:00 [Type: DateTime (0)]
NHibernate: INSERT INTO Calendar (Value) VALUES (@p0); select SCOPE_IDENTITY();@p0 = 21-10-2013 00:00:00 [Type: DateTime (0)]
NHibernate: INSERT INTO Calendar (Value) VALUES (@p0); select SCOPE_IDENTITY();@p0 = 22-10-2013 00:00:00 [Type: DateTime (0)]
NHibernate: INSERT INTO Calendar (Value) VALUES (@p0); select SCOPE_IDENTITY();@p0 = 23-10-2013 00:00:00 [Type: DateTime (0)]
NHibernate: INSERT INTO Calendar (Value) VALUES (@p0); select SCOPE_IDENTITY();@p0 = 24-10-2013 00:00:00 [Type: DateTime (0)]
NHibernate: INSERT INTO Calendar (Value) VALUES (@p0); select SCOPE_IDENTITY();@p0 = 25-10-2013 00:00:00 [Type: DateTime (0)]
NHibernate: INSERT INTO Calendar (Value) VALUES (@p0); select SCOPE_IDENTITY();@p0 = 26-10-2013 00:00:00 [Type: DateTime (0)]
NHibernate: INSERT INTO Calendar (Value) VALUES (@p0); select SCOPE_IDENTITY();@p0 = 27-10-2013 00:00:00 [Type: DateTime (0)]
NHibernate: INSERT INTO Calendar (Value) VALUES (@p0); select SCOPE_IDENTITY();@p0 = 28-10-2013 00:00:00 [Type: DateTime (0)]
NHibernate: INSERT INTO Calendar (Value) VALUES (@p0); select SCOPE_IDENTITY();@p0 = 29-10-2013 00:00:00 [Type: DateTime (0)]
NHibernate: INSERT INTO Calendar (Value) VALUES (@p0); select SCOPE_IDENTITY();@p0 = 30-10-2013 00:00:00 [Type: DateTime (0)]
NHibernate: INSERT INTO Calendar (Value) VALUES (@p0); select SCOPE_IDENTITY();@p0 = 31-10-2013 00:00:00 [Type: DateTime (0)]
NHibernate: INSERT INTO Calendar (Value) VALUES (@p0); select SCOPE_IDENTITY();@p0 = 01-11-2013 00:00:00 [Type: DateTime (0)]
NHibernate: INSERT INTO Calendar (Value) VALUES (@p0); select SCOPE_IDENTITY();@p0 = 02-11-2013 00:00:00 [Type: DateTime (0)]
NHibernate: INSERT INTO Calendar (Value) VALUES (@p0); select SCOPE_IDENTITY();@p0 = 03-11-2013 00:00:00 [Type: DateTime (0)]
NHibernate: INSERT INTO Calendar (Value) VALUES (@p0); select SCOPE_IDENTITY();@p0 = 04-11-2013 00:00:00 [Type: DateTime (0)]
NHibernate: INSERT INTO Calendar (Value) VALUES (@p0); select SCOPE_IDENTITY();@p0 = 05-11-2013 00:00:00 [Type: DateTime (0)]
NHibernate: INSERT INTO Calendar (Value) VALUES (@p0); select SCOPE_IDENTITY();@p0 = 06-11-2013 00:00:00 [Type: DateTime (0)]
NHibernate: INSERT INTO Calendar (Value) VALUES (@p0); select SCOPE_IDENTITY();@p0 = 07-11-2013 00:00:00 [Type: DateTime (0)]
NHibernate: INSERT INTO Calendar (Value) VALUES (@p0); select SCOPE_IDENTITY();@p0 = 08-11-2013 00:00:00 [Type: DateTime (0)]
NHibernate: INSERT INTO Calendar (Value) VALUES (@p0); select SCOPE_IDENTITY();@p0 = 09-11-2013 00:00:00 [Type: DateTime (0)]
NHibernate: INSERT INTO Calendar (Value) VALUES (@p0); select SCOPE_IDENTITY();@p0 = 10-11-2013 00:00:00 [Type: DateTime (0)]
NHibernate: INSERT INTO Calendar (Value) VALUES (@p0); select SCOPE_IDENTITY();@p0 = 11-11-2013 00:00:00 [Type: DateTime (0)]
NHibernate: INSERT INTO Calendar (Value) VALUES (@p0); select SCOPE_IDENTITY();@p0 = 12-11-2013 00:00:00 [Type: DateTime (0)]
NHibernate: INSERT INTO Calendar (Value) VALUES (@p0); select SCOPE_IDENTITY();@p0 = 13-11-2013 00:00:00 [Type: DateTime (0)]
NHibernate: INSERT INTO Calendar (Value) VALUES (@p0); select SCOPE_IDENTITY();@p0 = 14-11-2013 00:00:00 [Type: DateTime (0)]
NHibernate: INSERT INTO Calendar (Value) VALUES (@p0); select SCOPE_IDENTITY();@p0 = 15-11-2013 00:00:00 [Type: DateTime (0)]
NHibernate: INSERT INTO Calendar (Value) VALUES (@p0); select SCOPE_IDENTITY();@p0 = 16-11-2013 00:00:00 [Type: DateTime (0)]
NHibernate: INSERT INTO Calendar (Value) VALUES (@p0); select SCOPE_IDENTITY();@p0 = 17-11-2013 00:00:00 [Type: DateTime (0)]
NHibernate: INSERT INTO Calendar (Value) VALUES (@p0); select SCOPE_IDENTITY();@p0 = 18-11-2013 00:00:00 [Type: DateTime (0)]
NHibernate: INSERT INTO Calendar (Value) VALUES (@p0); select SCOPE_IDENTITY();@p0 = 19-11-2013 00:00:00 [Type: DateTime (0)]
NHibernate: INSERT INTO Calendar (Value) VALUES (@p0); select SCOPE_IDENTITY();@p0 = 20-11-2013 00:00:00 [Type: DateTime (0)]
NHibernate: INSERT INTO Calendar (Value) VALUES (@p0); select SCOPE_IDENTITY();@p0 = 21-11-2013 00:00:00 [Type: DateTime (0)]
NHibernate: INSERT INTO Calendar (Value) VALUES (@p0); select SCOPE_IDENTITY();@p0 = 22-11-2013 00:00:00 [Type: DateTime (0)]
NHibernate: INSERT INTO Calendar (Value) VALUES (@p0); select SCOPE_IDENTITY();@p0 = 23-11-2013 00:00:00 [Type: DateTime (0)]
NHibernate: INSERT INTO Calendar (Value) VALUES (@p0); select SCOPE_IDENTITY();@p0 = 24-11-2013 00:00:00 [Type: DateTime (0)]
NHibernate: INSERT INTO Calendar (Value) VALUES (@p0); select SCOPE_IDENTITY();@p0 = 25-11-2013 00:00:00 [Type: DateTime (0)]
NHibernate: INSERT INTO Calendar (Value) VALUES (@p0); select SCOPE_IDENTITY();@p0 = 26-11-2013 00:00:00 [Type: DateTime (0)]
NHibernate: INSERT INTO Calendar (Value) VALUES (@p0); select SCOPE_IDENTITY();@p0 = 27-11-2013 00:00:00 [Type: DateTime (0)]
NHibernate: INSERT INTO Calendar (Value) VALUES (@p0); select SCOPE_IDENTITY();@p0 = 28-11-2013 00:00:00 [Type: DateTime (0)]
NHibernate: INSERT INTO Calendar (Value) VALUES (@p0); select SCOPE_IDENTITY();@p0 = 29-11-2013 00:00:00 [Type: DateTime (0)]
NHibernate: INSERT INTO Calendar (Value) VALUES (@p0); select SCOPE_IDENTITY();@p0 = 30-11-2013 00:00:00 [Type: DateTime (0)]
NHibernate: INSERT INTO Calendar (Value) VALUES (@p0); select SCOPE_IDENTITY();@p0 = 01-12-2013 00:00:00 [Type: DateTime (0)]
NHibernate: INSERT INTO Calendar (Value) VALUES (@p0); select SCOPE_IDENTITY();@p0 = 02-12-2013 00:00:00 [Type: DateTime (0)]
NHibernate: INSERT INTO Calendar (Value) VALUES (@p0); select SCOPE_IDENTITY();@p0 = 03-12-2013 00:00:00 [Type: DateTime (0)]
NHibernate: INSERT INTO Calendar (Value) VALUES (@p0); select SCOPE_IDENTITY();@p0 = 04-12-2013 00:00:00 [Type: DateTime (0)]
NHibernate: INSERT INTO Calendar (Value) VALUES (@p0); select SCOPE_IDENTITY();@p0 = 05-12-2013 00:00:00 [Type: DateTime (0)]
NHibernate: INSERT INTO Calendar (Value) VALUES (@p0); select SCOPE_IDENTITY();@p0 = 06-12-2013 00:00:00 [Type: DateTime (0)]
NHibernate: INSERT INTO Calendar (Value) VALUES (@p0); select SCOPE_IDENTITY();@p0 = 07-12-2013 00:00:00 [Type: DateTime (0)]
NHibernate: INSERT INTO Calendar (Value) VALUES (@p0); select SCOPE_IDENTITY();@p0 = 08-12-2013 00:00:00 [Type: DateTime (0)]
NHibernate: INSERT INTO Calendar (Value) VALUES (@p0); select SCOPE_IDENTITY();@p0 = 09-12-2013 00:00:00 [Type: DateTime (0)]
NHibernate: INSERT INTO Calendar (Value) VALUES (@p0); select SCOPE_IDENTITY();@p0 = 10-12-2013 00:00:00 [Type: DateTime (0)]
NHibernate: INSERT INTO Calendar (Value) VALUES (@p0); select SCOPE_IDENTITY();@p0 = 11-12-2013 00:00:00 [Type: DateTime (0)]
NHibernate: INSERT INTO Calendar (Value) VALUES (@p0); select SCOPE_IDENTITY();@p0 = 12-12-2013 00:00:00 [Type: DateTime (0)]
NHibernate: INSERT INTO Calendar (Value) VALUES (@p0); select SCOPE_IDENTITY();@p0 = 13-12-2013 00:00:00 [Type: DateTime (0)]
NHibernate: INSERT INTO Calendar (Value) VALUES (@p0); select SCOPE_IDENTITY();@p0 = 14-12-2013 00:00:00 [Type: DateTime (0)]
NHibernate: INSERT INTO Calendar (Value) VALUES (@p0); select SCOPE_IDENTITY();@p0 = 15-12-2013 00:00:00 [Type: DateTime (0)]
NHibernate: INSERT INTO Calendar (Value) VALUES (@p0); select SCOPE_IDENTITY();@p0 = 16-12-2013 00:00:00 [Type: DateTime (0)]
NHibernate: INSERT INTO Calendar (Value) VALUES (@p0); select SCOPE_IDENTITY();@p0 = 17-12-2013 00:00:00 [Type: DateTime (0)]
NHibernate: INSERT INTO Calendar (Value) VALUES (@p0); select SCOPE_IDENTITY();@p0 = 18-12-2013 00:00:00 [Type: DateTime (0)]
NHibernate: INSERT INTO Calendar (Value) VALUES (@p0); select SCOPE_IDENTITY();@p0 = 19-12-2013 00:00:00 [Type: DateTime (0)]
NHibernate: INSERT INTO Calendar (Value) VALUES (@p0); select SCOPE_IDENTITY();@p0 = 20-12-2013 00:00:00 [Type: DateTime (0)]
NHibernate: INSERT INTO Calendar (Value) VALUES (@p0); select SCOPE_IDENTITY();@p0 = 21-12-2013 00:00:00 [Type: DateTime (0)]
NHibernate: INSERT INTO Calendar (Value) VALUES (@p0); select SCOPE_IDENTITY();@p0 = 22-12-2013 00:00:00 [Type: DateTime (0)]
NHibernate: INSERT INTO Calendar (Value) VALUES (@p0); select SCOPE_IDENTITY();@p0 = 23-12-2013 00:00:00 [Type: DateTime (0)]
NHibernate: INSERT INTO Calendar (Value) VALUES (@p0); select SCOPE_IDENTITY();@p0 = 24-12-2013 00:00:00 [Type: DateTime (0)]
NHibernate: INSERT INTO Calendar (Value) VALUES (@p0); select SCOPE_IDENTITY();@p0 = 25-12-2013 00:00:00 [Type: DateTime (0)]
NHibernate: INSERT INTO Calendar (Value) VALUES (@p0); select SCOPE_IDENTITY();@p0 = 26-12-2013 00:00:00 [Type: DateTime (0)]
NHibernate: INSERT INTO Calendar (Value) VALUES (@p0); select SCOPE_IDENTITY();@p0 = 27-12-2013 00:00:00 [Type: DateTime (0)]
NHibernate: INSERT INTO Calendar (Value) VALUES (@p0); select SCOPE_IDENTITY();@p0 = 28-12-2013 00:00:00 [Type: DateTime (0)]
NHibernate: INSERT INTO Calendar (Value) VALUES (@p0); select SCOPE_IDENTITY();@p0 = 29-12-2013 00:00:00 [Type: DateTime (0)]
NHibernate: INSERT INTO Calendar (Value) VALUES (@p0); select SCOPE_IDENTITY();@p0 = 30-12-2013 00:00:00 [Type: DateTime (0)]
NHibernate: INSERT INTO Calendar (Value) VALUES (@p0); select SCOPE_IDENTITY();@p0 = 31-12-2013 00:00:00 [Type: DateTime (0)]
NHibernate: INSERT INTO Calendar (Value) VALUES (@p0); select SCOPE_IDENTITY();@p0 = 01-01-2014 00:00:00 [Type: DateTime (0)]
NHibernate: INSERT INTO Calendar (Value) VALUES (@p0); select SCOPE_IDENTITY();@p0 = 02-01-2014 00:00:00 [Type: DateTime (0)]
NHibernate: INSERT INTO Calendar (Value) VALUES (@p0); select SCOPE_IDENTITY();@p0 = 03-01-2014 00:00:00 [Type: DateTime (0)]
NHibernate: INSERT INTO Calendar (Value) VALUES (@p0); select SCOPE_IDENTITY();@p0 = 04-01-2014 00:00:00 [Type: DateTime (0)]
NHibernate: INSERT INTO Calendar (Value) VALUES (@p0); select SCOPE_IDENTITY();@p0 = 05-01-2014 00:00:00 [Type: DateTime (0)]
NHibernate: INSERT INTO Calendar (Value) VALUES (@p0); select SCOPE_IDENTITY();@p0 = 06-01-2014 00:00:00 [Type: DateTime (0)]
NHibernate: INSERT INTO Calendar (Value) VALUES (@p0); select SCOPE_IDENTITY();@p0 = 07-01-2014 00:00:00 [Type: DateTime (0)]
NHibernate: INSERT INTO Calendar (Value) VALUES (@p0); select SCOPE_IDENTITY();@p0 = 08-01-2014 00:00:00 [Type: DateTime (0)]
NHibernate: INSERT INTO Calendar (Value) VALUES (@p0); select SCOPE_IDENTITY();@p0 = 09-01-2014 00:00:00 [Type: DateTime (0)]
NHibernate: INSERT INTO Calendar (Value) VALUES (@p0); select SCOPE_IDENTITY();@p0 = 10-01-2014 00:00:00 [Type: DateTime (0)]
NHibernate: INSERT INTO Calendar (Value) VALUES (@p0); select SCOPE_IDENTITY();@p0 = 11-01-2014 00:00:00 [Type: DateTime (0)]
NHibernate: INSERT INTO Calendar (Value) VALUES (@p0); select SCOPE_IDENTITY();@p0 = 12-01-2014 00:00:00 [Type: DateTime (0)]
NHibernate: INSERT INTO Calendar (Value) VALUES (@p0); select SCOPE_IDENTITY();@p0 = 13-01-2014 00:00:00 [Type: DateTime (0)]
NHibernate: INSERT INTO Calendar (Value) VALUES (@p0); select SCOPE_IDENTITY();@p0 = 14-01-2014 00:00:00 [Type: DateTime (0)]
NHibernate: INSERT INTO Calendar (Value) VALUES (@p0); select SCOPE_IDENTITY();@p0 = 15-01-2014 00:00:00 [Type: DateTime (0)]
NHibernate: INSERT INTO Calendar (Value) VALUES (@p0); select SCOPE_IDENTITY();@p0 = 16-01-2014 00:00:00 [Type: DateTime (0)]
NHibernate: INSERT INTO Calendar (Value) VALUES (@p0); select SCOPE_IDENTITY();@p0 = 17-01-2014 00:00:00 [Type: DateTime (0)]
NHibernate: INSERT INTO Calendar (Value) VALUES (@p0); select SCOPE_IDENTITY();@p0 = 18-01-2014 00:00:00 [Type: DateTime (0)]
NHibernate: INSERT INTO Calendar (Value) VALUES (@p0); select SCOPE_IDENTITY();@p0 = 19-01-2014 00:00:00 [Type: DateTime (0)]
NHibernate: INSERT INTO Calendar (Value) VALUES (@p0); select SCOPE_IDENTITY();@p0 = 20-01-2014 00:00:00 [Type: DateTime (0)]
NHibernate: INSERT INTO Calendar (Value) VALUES (@p0); select SCOPE_IDENTITY();@p0 = 21-01-2014 00:00:00 [Type: DateTime (0)]
NHibernate: INSERT INTO Calendar (Value) VALUES (@p0); select SCOPE_IDENTITY();@p0 = 22-01-2014 00:00:00 [Type: DateTime (0)]
NHibernate: INSERT INTO Calendar (Value) VALUES (@p0); select SCOPE_IDENTITY();@p0 = 23-01-2014 00:00:00 [Type: DateTime (0)]
NHibernate: INSERT INTO Calendar (Value) VALUES (@p0); select SCOPE_IDENTITY();@p0 = 24-01-2014 00:00:00 [Type: DateTime (0)]
NHibernate: INSERT INTO Calendar (Value) VALUES (@p0); select SCOPE_IDENTITY();@p0 = 25-01-2014 00:00:00 [Type: DateTime (0)]
NHibernate: INSERT INTO Calendar (Value) VALUES (@p0); select SCOPE_IDENTITY();@p0 = 26-01-2014 00:00:00 [Type: DateTime (0)]
NHibernate: INSERT INTO Calendar (Value) VALUES (@p0); select SCOPE_IDENTITY();@p0 = 27-01-2014 00:00:00 [Type: DateTime (0)]
NHibernate: INSERT INTO Calendar (Value) VALUES (@p0); select SCOPE_IDENTITY();@p0 = 28-01-2014 00:00:00 [Type: DateTime (0)]
NHibernate: INSERT INTO Calendar (Value) VALUES (@p0); select SCOPE_IDENTITY();@p0 = 29-01-2014 00:00:00 [Type: DateTime (0)]
NHibernate: INSERT INTO Calendar (Value) VALUES (@p0); select SCOPE_IDENTITY();@p0 = 30-01-2014 00:00:00 [Type: DateTime (0)]
NHibernate: INSERT INTO Calendar (Value) VALUES (@p0); select SCOPE_IDENTITY();@p0 = 31-01-2014 00:00:00 [Type: DateTime (0)]
NHibernate: INSERT INTO Calendar (Value) VALUES (@p0); select SCOPE_IDENTITY();@p0 = 01-02-2014 00:00:00 [Type: DateTime (0)]
NHibernate: INSERT INTO Calendar (Value) VALUES (@p0); select SCOPE_IDENTITY();@p0 = 02-02-2014 00:00:00 [Type: DateTime (0)]
NHibernate: INSERT INTO Calendar (Value) VALUES (@p0); select SCOPE_IDENTITY();@p0 = 03-02-2014 00:00:00 [Type: DateTime (0)]
NHibernate: INSERT INTO Calendar (Value) VALUES (@p0); select SCOPE_IDENTITY();@p0 = 04-02-2014 00:00:00 [Type: DateTime (0)]
NHibernate: INSERT INTO Calendar (Value) VALUES (@p0); select SCOPE_IDENTITY();@p0 = 05-02-2014 00:00:00 [Type: DateTime (0)]
NHibernate: INSERT INTO Calendar (Value) VALUES (@p0); select SCOPE_IDENTITY();@p0 = 06-02-2014 00:00:00 [Type: DateTime (0)]
NHibernate: INSERT INTO Calendar (Value) VALUES (@p0); select SCOPE_IDENTITY();@p0 = 07-02-2014 00:00:00 [Type: DateTime (0)]
NHibernate: INSERT INTO Calendar (Value) VALUES (@p0); select SCOPE_IDENTITY();@p0 = 08-02-2014 00:00:00 [Type: DateTime (0)]
NHibernate: INSERT INTO Calendar (Value) VALUES (@p0); select SCOPE_IDENTITY();@p0 = 09-02-2014 00:00:00 [Type: DateTime (0)]
NHibernate: INSERT INTO Calendar (Value) VALUES (@p0); select SCOPE_IDENTITY();@p0 = 10-02-2014 00:00:00 [Type: DateTime (0)]
NHibernate: INSERT INTO Calendar (Value) VALUES (@p0); select SCOPE_IDENTITY();@p0 = 11-02-2014 00:00:00 [Type: DateTime (0)]
NHibernate: INSERT INTO Calendar (Value) VALUES (@p0); select SCOPE_IDENTITY();@p0 = 12-02-2014 00:00:00 [Type: DateTime (0)]
NHibernate: INSERT INTO Calendar (Value) VALUES (@p0); select SCOPE_IDENTITY();@p0 = 13-02-2014 00:00:00 [Type: DateTime (0)]
NHibernate: INSERT INTO Calendar (Value) VALUES (@p0); select SCOPE_IDENTITY();@p0 = 14-02-2014 00:00:00 [Type: DateTime (0)]
NHibernate: INSERT INTO Calendar (Value) VALUES (@p0); select SCOPE_IDENTITY();@p0 = 15-02-2014 00:00:00 [Type: DateTime (0)]
NHibernate: INSERT INTO Calendar (Value) VALUES (@p0); select SCOPE_IDENTITY();@p0 = 16-02-2014 00:00:00 [Type: DateTime (0)]
NHibernate: INSERT INTO Calendar (Value) VALUES (@p0); select SCOPE_IDENTITY();@p0 = 17-02-2014 00:00:00 [Type: DateTime (0)]
NHibernate: INSERT INTO Calendar (Value) VALUES (@p0); select SCOPE_IDENTITY();@p0 = 18-02-2014 00:00:00 [Type: DateTime (0)]
NHibernate: INSERT INTO Calendar (Value) VALUES (@p0); select SCOPE_IDENTITY();@p0 = 19-02-2014 00:00:00 [Type: DateTime (0)]
NHibernate: INSERT INTO Calendar (Value) VALUES (@p0); select SCOPE_IDENTITY();@p0 = 20-02-2014 00:00:00 [Type: DateTime (0)]
NHibernate: INSERT INTO Calendar (Value) VALUES (@p0); select SCOPE_IDENTITY();@p0 = 21-02-2014 00:00:00 [Type: DateTime (0)]
NHibernate: INSERT INTO Calendar (Value) VALUES (@p0); select SCOPE_IDENTITY();@p0 = 22-02-2014 00:00:00 [Type: DateTime (0)]
NHibernate: INSERT INTO Calendar (Value) VALUES (@p0); select SCOPE_IDENTITY();@p0 = 23-02-2014 00:00:00 [Type: DateTime (0)]
NHibernate: INSERT INTO Calendar (Value) VALUES (@p0); select SCOPE_IDENTITY();@p0 = 24-02-2014 00:00:00 [Type: DateTime (0)]
NHibernate: INSERT INTO Calendar (Value) VALUES (@p0); select SCOPE_IDENTITY();@p0 = 25-02-2014 00:00:00 [Type: DateTime (0)]
NHibernate: INSERT INTO Calendar (Value) VALUES (@p0); select SCOPE_IDENTITY();@p0 = 26-02-2014 00:00:00 [Type: DateTime (0)]
NHibernate: INSERT INTO Calendar (Value) VALUES (@p0); select SCOPE_IDENTITY();@p0 = 27-02-2014 00:00:00 [Type: DateTime (0)]
NHibernate: INSERT INTO Calendar (Value) VALUES (@p0); select SCOPE_IDENTITY();@p0 = 28-02-2014 00:00:00 [Type: DateTime (0)]
NHibernate: INSERT INTO Calendar (Value) VALUES (@p0); select SCOPE_IDENTITY();@p0 = 01-03-2014 00:00:00 [Type: DateTime (0)]
NHibernate: INSERT INTO Calendar (Value) VALUES (@p0); select SCOPE_IDENTITY();@p0 = 02-03-2014 00:00:00 [Type: DateTime (0)]
NHibernate: INSERT INTO Calendar (Value) VALUES (@p0); select SCOPE_IDENTITY();@p0 = 03-03-2014 00:00:00 [Type: DateTime (0)]
NHibernate: INSERT INTO Calendar (Value) VALUES (@p0); select SCOPE_IDENTITY();@p0 = 04-03-2014 00:00:00 [Type: DateTime (0)]
NHibernate: INSERT INTO Calendar (Value) VALUES (@p0); select SCOPE_IDENTITY();@p0 = 05-03-2014 00:00:00 [Type: DateTime (0)]
NHibernate: INSERT INTO Calendar (Value) VALUES (@p0); select SCOPE_IDENTITY();@p0 = 06-03-2014 00:00:00 [Type: DateTime (0)]
NHibernate: INSERT INTO Calendar (Value) VALUES (@p0); select SCOPE_IDENTITY();@p0 = 07-03-2014 00:00:00 [Type: DateTime (0)]
NHibernate: INSERT INTO Calendar (Value) VALUES (@p0); select SCOPE_IDENTITY();@p0 = 08-03-2014 00:00:00 [Type: DateTime (0)]
NHibernate: INSERT INTO Calendar (Value) VALUES (@p0); select SCOPE_IDENTITY();@p0 = 09-03-2014 00:00:00 [Type: DateTime (0)]
NHibernate: INSERT INTO Calendar (Value) VALUES (@p0); select SCOPE_IDENTITY();@p0 = 10-03-2014 00:00:00 [Type: DateTime (0)]
NHibernate: INSERT INTO Calendar (Value) VALUES (@p0); select SCOPE_IDENTITY();@p0 = 11-03-2014 00:00:00 [Type: DateTime (0)]
NHibernate: INSERT INTO Calendar (Value) VALUES (@p0); select SCOPE_IDENTITY();@p0 = 12-03-2014 00:00:00 [Type: DateTime (0)]
NHibernate: INSERT INTO Calendar (Value) VALUES (@p0); select SCOPE_IDENTITY();@p0 = 13-03-2014 00:00:00 [Type: DateTime (0)]
NHibernate: INSERT INTO Calendar (Value) VALUES (@p0); select SCOPE_IDENTITY();@p0 = 14-03-2014 00:00:00 [Type: DateTime (0)]
NHibernate: INSERT INTO Calendar (Value) VALUES (@p0); select SCOPE_IDENTITY();@p0 = 15-03-2014 00:00:00 [Type: DateTime (0)]
NHibernate: INSERT INTO Calendar (Value) VALUES (@p0); select SCOPE_IDENTITY();@p0 = 16-03-2014 00:00:00 [Type: DateTime (0)]
NHibernate: INSERT INTO Calendar (Value) VALUES (@p0); select SCOPE_IDENTITY();@p0 = 17-03-2014 00:00:00 [Type: DateTime (0)]
NHibernate: INSERT INTO Calendar (Value) VALUES (@p0); select SCOPE_IDENTITY();@p0 = 18-03-2014 00:00:00 [Type: DateTime (0)]
NHibernate: INSERT INTO Calendar (Value) VALUES (@p0); select SCOPE_IDENTITY();@p0 = 19-03-2014 00:00:00 [Type: DateTime (0)]
NHibernate: INSERT INTO Calendar (Value) VALUES (@p0); select SCOPE_IDENTITY();@p0 = 20-03-2014 00:00:00 [Type: DateTime (0)]
NHibernate: INSERT INTO Calendar (Value) VALUES (@p0); select SCOPE_IDENTITY();@p0 = 21-03-2014 00:00:00 [Type: DateTime (0)]
NHibernate: INSERT INTO Calendar (Value) VALUES (@p0); select SCOPE_IDENTITY();@p0 = 22-03-2014 00:00:00 [Type: DateTime (0)]
NHibernate: INSERT INTO Calendar (Value) VALUES (@p0); select SCOPE_IDENTITY();@p0 = 23-03-2014 00:00:00 [Type: DateTime (0)]
NHibernate: INSERT INTO Calendar (Value) VALUES (@p0); select SCOPE_IDENTITY();@p0 = 24-03-2014 00:00:00 [Type: DateTime (0)]
NHibernate: INSERT INTO Calendar (Value) VALUES (@p0); select SCOPE_IDENTITY();@p0 = 25-03-2014 00:00:00 [Type: DateTime (0)]
NHibernate: INSERT INTO Calendar (Value) VALUES (@p0); select SCOPE_IDENTITY();@p0 = 26-03-2014 00:00:00 [Type: DateTime (0)]
NHibernate: INSERT INTO Calendar (Value) VALUES (@p0); select SCOPE_IDENTITY();@p0 = 27-03-2014 00:00:00 [Type: DateTime (0)]
NHibernate: INSERT INTO Calendar (Value) VALUES (@p0); select SCOPE_IDENTITY();@p0 = 28-03-2014 00:00:00 [Type: DateTime (0)]
NHibernate: INSERT INTO Calendar (Value) VALUES (@p0); select SCOPE_IDENTITY();@p0 = 29-03-2014 00:00:00 [Type: DateTime (0)]
NHibernate: INSERT INTO Calendar (Value) VALUES (@p0); select SCOPE_IDENTITY();@p0 = 30-03-2014 00:00:00 [Type: DateTime (0)]
NHibernate: INSERT INTO Calendar (Value) VALUES (@p0); select SCOPE_IDENTITY();@p0 = 31-03-2014 00:00:00 [Type: DateTime (0)]
NHibernate: INSERT INTO Calendar (Value) VALUES (@p0); select SCOPE_IDENTITY();@p0 = 01-04-2014 00:00:00 [Type: DateTime (0)]
NHibernate: INSERT INTO Calendar (Value) VALUES (@p0); select SCOPE_IDENTITY();@p0 = 02-04-2014 00:00:00 [Type: DateTime (0)]
NHibernate: INSERT INTO Calendar (Value) VALUES (@p0); select SCOPE_IDENTITY();@p0 = 03-04-2014 00:00:00 [Type: DateTime (0)]
NHibernate: INSERT INTO Calendar (Value) VALUES (@p0); select SCOPE_IDENTITY();@p0 = 04-04-2014 00:00:00 [Type: DateTime (0)]
NHibernate: INSERT INTO Calendar (Value) VALUES (@p0); select SCOPE_IDENTITY();@p0 = 05-04-2014 00:00:00 [Type: DateTime (0)]
NHibernate: INSERT INTO Calendar (Value) VALUES (@p0); select SCOPE_IDENTITY();@p0 = 06-04-2014 00:00:00 [Type: DateTime (0)]
NHibernate: INSERT INTO Calendar (Value) VALUES (@p0); select SCOPE_IDENTITY();@p0 = 07-04-2014 00:00:00 [Type: DateTime (0)]
NHibernate: INSERT INTO Calendar (Value) VALUES (@p0); select SCOPE_IDENTITY();@p0 = 08-04-2014 00:00:00 [Type: DateTime (0)]
NHibernate: INSERT INTO Calendar (Value) VALUES (@p0); select SCOPE_IDENTITY();@p0 = 09-04-2014 00:00:00 [Type: DateTime (0)]
NHibernate: INSERT INTO Calendar (Value) VALUES (@p0); select SCOPE_IDENTITY();@p0 = 10-04-2014 00:00:00 [Type: DateTime (0)]
NHibernate: INSERT INTO Calendar (Value) VALUES (@p0); select SCOPE_IDENTITY();@p0 = 11-04-2014 00:00:00 [Type: DateTime (0)]
NHibernate: INSERT INTO Calendar (Value) VALUES (@p0); select SCOPE_IDENTITY();@p0 = 12-04-2014 00:00:00 [Type: DateTime (0)]
NHibernate: INSERT INTO Calendar (Value) VALUES (@p0); select SCOPE_IDENTITY();@p0 = 13-04-2014 00:00:00 [Type: DateTime (0)]
NHibernate: INSERT INTO Calendar (Value) VALUES (@p0); select SCOPE_IDENTITY();@p0 = 14-04-2014 00:00:00 [Type: DateTime (0)]
NHibernate: INSERT INTO Calendar (Value) VALUES (@p0); select SCOPE_IDENTITY();@p0 = 15-04-2014 00:00:00 [Type: DateTime (0)]
NHibernate: INSERT INTO Calendar (Value) VALUES (@p0); select SCOPE_IDENTITY();@p0 = 16-04-2014 00:00:00 [Type: DateTime (0)]
NHibernate: INSERT INTO Calendar (Value) VALUES (@p0); select SCOPE_IDENTITY();@p0 = 17-04-2014 00:00:00 [Type: DateTime (0)]
NHibernate: INSERT INTO Calendar (Value) VALUES (@p0); select SCOPE_IDENTITY();@p0 = 18-04-2014 00:00:00 [Type: DateTime (0)]
NHibernate: INSERT INTO Calendar (Value) VALUES (@p0); select SCOPE_IDENTITY();@p0 = 19-04-2014 00:00:00 [Type: DateTime (0)]
NHibernate: INSERT INTO Calendar (Value) VALUES (@p0); select SCOPE_IDENTITY();@p0 = 20-04-2014 00:00:00 [Type: DateTime (0)]
NHibernate: INSERT INTO Calendar (Value) VALUES (@p0); select SCOPE_IDENTITY();@p0 = 21-04-2014 00:00:00 [Type: DateTime (0)]
NHibernate: INSERT INTO Calendar (Value) VALUES (@p0); select SCOPE_IDENTITY();@p0 = 22-04-2014 00:00:00 [Type: DateTime (0)]
NHibernate: INSERT INTO Calendar (Value) VALUES (@p0); select SCOPE_IDENTITY();@p0 = 23-04-2014 00:00:00 [Type: DateTime (0)]
NHibernate: INSERT INTO Calendar (Value) VALUES (@p0); select SCOPE_IDENTITY();@p0 = 24-04-2014 00:00:00 [Type: DateTime (0)]
NHibernate: INSERT INTO Calendar (Value) VALUES (@p0); select SCOPE_IDENTITY();@p0 = 25-04-2014 00:00:00 [Type: DateTime (0)]
NHibernate: INSERT INTO Calendar (Value) VALUES (@p0); select SCOPE_IDENTITY();@p0 = 26-04-2014 00:00:00 [Type: DateTime (0)]
NHibernate: INSERT INTO Calendar (Value) VALUES (@p0); select SCOPE_IDENTITY();@p0 = 27-04-2014 00:00:00 [Type: DateTime (0)]
NHibernate: INSERT INTO Calendar (Value) VALUES (@p0); select SCOPE_IDENTITY();@p0 = 28-04-2014 00:00:00 [Type: DateTime (0)]
NHibernate: INSERT INTO Calendar (Value) VALUES (@p0); select SCOPE_IDENTITY();@p0 = 29-04-2014 00:00:00 [Type: DateTime (0)]
NHibernate: INSERT INTO Calendar (Value) VALUES (@p0); select SCOPE_IDENTITY();@p0 = 30-04-2014 00:00:00 [Type: DateTime (0)]
NHibernate: INSERT INTO Calendar (Value) VALUES (@p0); select SCOPE_IDENTITY();@p0 = 01-05-2014 00:00:00 [Type: DateTime (0)]
NHibernate: INSERT INTO Calendar (Value) VALUES (@p0); select SCOPE_IDENTITY();@p0 = 02-05-2014 00:00:00 [Type: DateTime (0)]
NHibernate: INSERT INTO Calendar (Value) VALUES (@p0); select SCOPE_IDENTITY();@p0 = 03-05-2014 00:00:00 [Type: DateTime (0)]
NHibernate: INSERT INTO Calendar (Value) VALUES (@p0); select SCOPE_IDENTITY();@p0 = 04-05-2014 00:00:00 [Type: DateTime (0)]
NHibernate: INSERT INTO Calendar (Value) VALUES (@p0); select SCOPE_IDENTITY();@p0 = 05-05-2014 00:00:00 [Type: DateTime (0)]
NHibernate: INSERT INTO Calendar (Value) VALUES (@p0); select SCOPE_IDENTITY();@p0 = 06-05-2014 00:00:00 [Type: DateTime (0)]
NHibernate: INSERT INTO Calendar (Value) VALUES (@p0); select SCOPE_IDENTITY();@p0 = 07-05-2014 00:00:00 [Type: DateTime (0)]
NHibernate: INSERT INTO Calendar (Value) VALUES (@p0); select SCOPE_IDENTITY();@p0 = 08-05-2014 00:00:00 [Type: DateTime (0)]
NHibernate: INSERT INTO Calendar (Value) VALUES (@p0); select SCOPE_IDENTITY();@p0 = 09-05-2014 00:00:00 [Type: DateTime (0)]
NHibernate: INSERT INTO Calendar (Value) VALUES (@p0); select SCOPE_IDENTITY();@p0 = 10-05-2014 00:00:00 [Type: DateTime (0)]
NHibernate: INSERT INTO Calendar (Value) VALUES (@p0); select SCOPE_IDENTITY();@p0 = 11-05-2014 00:00:00 [Type: DateTime (0)]
NHibernate: INSERT INTO Calendar (Value) VALUES (@p0); select SCOPE_IDENTITY();@p0 = 12-05-2014 00:00:00 [Type: DateTime (0)]
NHibernate: INSERT INTO Calendar (Value) VALUES (@p0); select SCOPE_IDENTITY();@p0 = 13-05-2014 00:00:00 [Type: DateTime (0)]
NHibernate: INSERT INTO Calendar (Value) VALUES (@p0); select SCOPE_IDENTITY();@p0 = 14-05-2014 00:00:00 [Type: DateTime (0)]
NHibernate: INSERT INTO Calendar (Value) VALUES (@p0); select SCOPE_IDENTITY();@p0 = 15-05-2014 00:00:00 [Type: DateTime (0)]
NHibernate: INSERT INTO Calendar (Value) VALUES (@p0); select SCOPE_IDENTITY();@p0 = 16-05-2014 00:00:00 [Type: DateTime (0)]
NHibernate: INSERT INTO Calendar (Value) VALUES (@p0); select SCOPE_IDENTITY();@p0 = 17-05-2014 00:00:00 [Type: DateTime (0)]
NHibernate: INSERT INTO Calendar (Value) VALUES (@p0); select SCOPE_IDENTITY();@p0 = 18-05-2014 00:00:00 [Type: DateTime (0)]
NHibernate: INSERT INTO Calendar (Value) VALUES (@p0); select SCOPE_IDENTITY();@p0 = 19-05-2014 00:00:00 [Type: DateTime (0)]
NHibernate: INSERT INTO Calendar (Value) VALUES (@p0); select SCOPE_IDENTITY();@p0 = 20-05-2014 00:00:00 [Type: DateTime (0)]
NHibernate: INSERT INTO Calendar (Value) VALUES (@p0); select SCOPE_IDENTITY();@p0 = 21-05-2014 00:00:00 [Type: DateTime (0)]
NHibernate: INSERT INTO Calendar (Value) VALUES (@p0); select SCOPE_IDENTITY();@p0 = 22-05-2014 00:00:00 [Type: DateTime (0)]
NHibernate: INSERT INTO Calendar (Value) VALUES (@p0); select SCOPE_IDENTITY();@p0 = 23-05-2014 00:00:00 [Type: DateTime (0)]
NHibernate: INSERT INTO Calendar (Value) VALUES (@p0); select SCOPE_IDENTITY();@p0 = 24-05-2014 00:00:00 [Type: DateTime (0)]
NHibernate: INSERT INTO Calendar (Value) VALUES (@p0); select SCOPE_IDENTITY();@p0 = 25-05-2014 00:00:00 [Type: DateTime (0)]
NHibernate: INSERT INTO Calendar (Value) VALUES (@p0); select SCOPE_IDENTITY();@p0 = 26-05-2014 00:00:00 [Type: DateTime (0)]
NHibernate: INSERT INTO Calendar (Value) VALUES (@p0); select SCOPE_IDENTITY();@p0 = 27-05-2014 00:00:00 [Type: DateTime (0)]
NHibernate: INSERT INTO Calendar (Value) VALUES (@p0); select SCOPE_IDENTITY();@p0 = 28-05-2014 00:00:00 [Type: DateTime (0)]
NHibernate: INSERT INTO Calendar (Value) VALUES (@p0); select SCOPE_IDENTITY();@p0 = 29-05-2014 00:00:00 [Type: DateTime (0)]
NHibernate: INSERT INTO Calendar (Value) VALUES (@p0); select SCOPE_IDENTITY();@p0 = 30-05-2014 00:00:00 [Type: DateTime (0)]
NHibernate: INSERT INTO Calendar (Value) VALUES (@p0); select SCOPE_IDENTITY();@p0 = 31-05-2014 00:00:00 [Type: DateTime (0)]
NHibernate: INSERT INTO Calendar (Value) VALUES (@p0); select SCOPE_IDENTITY();@p0 = 01-06-2014 00:00:00 [Type: DateTime (0)]
NHibernate: INSERT INTO Calendar (Value) VALUES (@p0); select SCOPE_IDENTITY();@p0 = 02-06-2014 00:00:00 [Type: DateTime (0)]
NHibernate: INSERT INTO Calendar (Value) VALUES (@p0); select SCOPE_IDENTITY();@p0 = 03-06-2014 00:00:00 [Type: DateTime (0)]
NHibernate: INSERT INTO Calendar (Value) VALUES (@p0); select SCOPE_IDENTITY();@p0 = 04-06-2014 00:00:00 [Type: DateTime (0)]
NHibernate: INSERT INTO Calendar (Value) VALUES (@p0); select SCOPE_IDENTITY();@p0 = 05-06-2014 00:00:00 [Type: DateTime (0)]
NHibernate: INSERT INTO Calendar (Value) VALUES (@p0); select SCOPE_IDENTITY();@p0 = 06-06-2014 00:00:00 [Type: DateTime (0)]
NHibernate: INSERT INTO Calendar (Value) VALUES (@p0); select SCOPE_IDENTITY();@p0 = 07-06-2014 00:00:00 [Type: DateTime (0)]
NHibernate: INSERT INTO Calendar (Value) VALUES (@p0); select SCOPE_IDENTITY();@p0 = 08-06-2014 00:00:00 [Type: DateTime (0)]
NHibernate: INSERT INTO Calendar (Value) VALUES (@p0); select SCOPE_IDENTITY();@p0 = 09-06-2014 00:00:00 [Type: DateTime (0)]
NHibernate: INSERT INTO Calendar (Value) VALUES (@p0); select SCOPE_IDENTITY();@p0 = 10-06-2014 00:00:00 [Type: DateTime (0)]
NHibernate: INSERT INTO Calendar (Value) VALUES (@p0); select SCOPE_IDENTITY();@p0 = 11-06-2014 00:00:00 [Type: DateTime (0)]
NHibernate: INSERT INTO Calendar (Value) VALUES (@p0); select SCOPE_IDENTITY();@p0 = 12-06-2014 00:00:00 [Type: DateTime (0)]
NHibernate: INSERT INTO Calendar (Value) VALUES (@p0); select SCOPE_IDENTITY();@p0 = 13-06-2014 00:00:00 [Type: DateTime (0)]
NHibernate: INSERT INTO Calendar (Value) VALUES (@p0); select SCOPE_IDENTITY();@p0 = 14-06-2014 00:00:00 [Type: DateTime (0)]
NHibernate: INSERT INTO Calendar (Value) VALUES (@p0); select SCOPE_IDENTITY();@p0 = 15-06-2014 00:00:00 [Type: DateTime (0)]
NHibernate: INSERT INTO Calendar (Value) VALUES (@p0); select SCOPE_IDENTITY();@p0 = 16-06-2014 00:00:00 [Type: DateTime (0)]
NHibernate: INSERT INTO Calendar (Value) VALUES (@p0); select SCOPE_IDENTITY();@p0 = 17-06-2014 00:00:00 [Type: DateTime (0)]
NHibernate: INSERT INTO Calendar (Value) VALUES (@p0); select SCOPE_IDENTITY();@p0 = 18-06-2014 00:00:00 [Type: DateTime (0)]
NHibernate: INSERT INTO Calendar (Value) VALUES (@p0); select SCOPE_IDENTITY();@p0 = 19-06-2014 00:00:00 [Type: DateTime (0)]
NHibernate: INSERT INTO Calendar (Value) VALUES (@p0); select SCOPE_IDENTITY();@p0 = 20-06-2014 00:00:00 [Type: DateTime (0)]
NHibernate: INSERT INTO Calendar (Value) VALUES (@p0); select SCOPE_IDENTITY();@p0 = 21-06-2014 00:00:00 [Type: DateTime (0)]
NHibernate: INSERT INTO Calendar (Value) VALUES (@p0); select SCOPE_IDENTITY();@p0 = 22-06-2014 00:00:00 [Type: DateTime (0)]
NHibernate: INSERT INTO Calendar (Value) VALUES (@p0); select SCOPE_IDENTITY();@p0 = 23-06-2014 00:00:00 [Type: DateTime (0)]
NHibernate: INSERT INTO Calendar (Value) VALUES (@p0); select SCOPE_IDENTITY();@p0 = 24-06-2014 00:00:00 [Type: DateTime (0)]
NHibernate: INSERT INTO Calendar (Value) VALUES (@p0); select SCOPE_IDENTITY();@p0 = 25-06-2014 00:00:00 [Type: DateTime (0)]
NHibernate: INSERT INTO Calendar (Value) VALUES (@p0); select SCOPE_IDENTITY();@p0 = 26-06-2014 00:00:00 [Type: DateTime (0)]
NHibernate: INSERT INTO Calendar (Value) VALUES (@p0); select SCOPE_IDENTITY();@p0 = 27-06-2014 00:00:00 [Type: DateTime (0)]
NHibernate: INSERT INTO Calendar (Value) VALUES (@p0); select SCOPE_IDENTITY();@p0 = 28-06-2014 00:00:00 [Type: DateTime (0)]
NHibernate: INSERT INTO Calendar (Value) VALUES (@p0); select SCOPE_IDENTITY();@p0 = 29-06-2014 00:00:00 [Type: DateTime (0)]
NHibernate: INSERT INTO Calendar (Value) VALUES (@p0); select SCOPE_IDENTITY();@p0 = 30-06-2014 00:00:00 [Type: DateTime (0)]
NHibernate: INSERT INTO Calendar (Value) VALUES (@p0); select SCOPE_IDENTITY();@p0 = 01-07-2014 00:00:00 [Type: DateTime (0)]
NHibernate: INSERT INTO Calendar (Value) VALUES (@p0); select SCOPE_IDENTITY();@p0 = 02-07-2014 00:00:00 [Type: DateTime (0)]
NHibernate: INSERT INTO Calendar (Value) VALUES (@p0); select SCOPE_IDENTITY();@p0 = 03-07-2014 00:00:00 [Type: DateTime (0)]
NHibernate: INSERT INTO Calendar (Value) VALUES (@p0); select SCOPE_IDENTITY();@p0 = 04-07-2014 00:00:00 [Type: DateTime (0)]
NHibernate: INSERT INTO Calendar (Value) VALUES (@p0); select SCOPE_IDENTITY();@p0 = 05-07-2014 00:00:00 [Type: DateTime (0)]
NHibernate: INSERT INTO Calendar (Value) VALUES (@p0); select SCOPE_IDENTITY();@p0 = 06-07-2014 00:00:00 [Type: DateTime (0)]
NHibernate: INSERT INTO Calendar (Value) VALUES (@p0); select SCOPE_IDENTITY();@p0 = 07-07-2014 00:00:00 [Type: DateTime (0)]
NHibernate: INSERT INTO Calendar (Value) VALUES (@p0); select SCOPE_IDENTITY();@p0 = 08-07-2014 00:00:00 [Type: DateTime (0)]
NHibernate: INSERT INTO Calendar (Value) VALUES (@p0); select SCOPE_IDENTITY();@p0 = 09-07-2014 00:00:00 [Type: DateTime (0)]
NHibernate: INSERT INTO Calendar (Value) VALUES (@p0); select SCOPE_IDENTITY();@p0 = 10-07-2014 00:00:00 [Type: DateTime (0)]
NHibernate: INSERT INTO Calendar (Value) VALUES (@p0); select SCOPE_IDENTITY();@p0 = 11-07-2014 00:00:00 [Type: DateTime (0)]
NHibernate: INSERT INTO Calendar (Value) VALUES (@p0); select SCOPE_IDENTITY();@p0 = 12-07-2014 00:00:00 [Type: DateTime (0)]
NHibernate: INSERT INTO Calendar (Value) VALUES (@p0); select SCOPE_IDENTITY();@p0 = 13-07-2014 00:00:00 [Type: DateTime (0)]
NHibernate: INSERT INTO Calendar (Value) VALUES (@p0); select SCOPE_IDENTITY();@p0 = 14-07-2014 00:00:00 [Type: DateTime (0)]
NHibernate: INSERT INTO Calendar (Value) VALUES (@p0); select SCOPE_IDENTITY();@p0 = 15-07-2014 00:00:00 [Type: DateTime (0)]
NHibernate: INSERT INTO Calendar (Value) VALUES (@p0); select SCOPE_IDENTITY();@p0 = 16-07-2014 00:00:00 [Type: DateTime (0)]
NHibernate: INSERT INTO Calendar (Value) VALUES (@p0); select SCOPE_IDENTITY();@p0 = 17-07-2014 00:00:00 [Type: DateTime (0)]
NHibernate: INSERT INTO Calendar (Value) VALUES (@p0); select SCOPE_IDENTITY();@p0 = 18-07-2014 00:00:00 [Type: DateTime (0)]
NHibernate: INSERT INTO Calendar (Value) VALUES (@p0); select SCOPE_IDENTITY();@p0 = 19-07-2014 00:00:00 [Type: DateTime (0)]
NHibernate: INSERT INTO Calendar (Value) VALUES (@p0); select SCOPE_IDENTITY();@p0 = 20-07-2014 00:00:00 [Type: DateTime (0)]
NHibernate: INSERT INTO Calendar (Value) VALUES (@p0); select SCOPE_IDENTITY();@p0 = 21-07-2014 00:00:00 [Type: DateTime (0)]
NHibernate: INSERT INTO Calendar (Value) VALUES (@p0); select SCOPE_IDENTITY();@p0 = 22-07-2014 00:00:00 [Type: DateTime (0)]
NHibernate: INSERT INTO Calendar (Value) VALUES (@p0); select SCOPE_IDENTITY();@p0 = 23-07-2014 00:00:00 [Type: DateTime (0)]
NHibernate: INSERT INTO Calendar (Value) VALUES (@p0); select SCOPE_IDENTITY();@p0 = 24-07-2014 00:00:00 [Type: DateTime (0)]
NHibernate: INSERT INTO Calendar (Value) VALUES (@p0); select SCOPE_IDENTITY();@p0 = 25-07-2014 00:00:00 [Type: DateTime (0)]
NHibernate: INSERT INTO Calendar (Value) VALUES (@p0); select SCOPE_IDENTITY();@p0 = 26-07-2014 00:00:00 [Type: DateTime (0)]
NHibernate: INSERT INTO Calendar (Value) VALUES (@p0); select SCOPE_IDENTITY();@p0 = 27-07-2014 00:00:00 [Type: DateTime (0)]
NHibernate: INSERT INTO Calendar (Value) VALUES (@p0); select SCOPE_IDENTITY();@p0 = 28-07-2014 00:00:00 [Type: DateTime (0)]
NHibernate: INSERT INTO Calendar (Value) VALUES (@p0); select SCOPE_IDENTITY();@p0 = 29-07-2014 00:00:00 [Type: DateTime (0)]
NHibernate: INSERT INTO Calendar (Value) VALUES (@p0); select SCOPE_IDENTITY();@p0 = 30-07-2014 00:00:00 [Type: DateTime (0)]
NHibernate: INSERT INTO Calendar (Value) VALUES (@p0); select SCOPE_IDENTITY();@p0 = 31-07-2014 00:00:00 [Type: DateTime (0)]
NHibernate: INSERT INTO Calendar (Value) VALUES (@p0); select SCOPE_IDENTITY();@p0 = 01-08-2014 00:00:00 [Type: DateTime (0)]
NHibernate: INSERT INTO Calendar (Value) VALUES (@p0); select SCOPE_IDENTITY();@p0 = 02-08-2014 00:00:00 [Type: DateTime (0)]
NHibernate: INSERT INTO Calendar (Value) VALUES (@p0); select SCOPE_IDENTITY();@p0 = 03-08-2014 00:00:00 [Type: DateTime (0)]
NHibernate: INSERT INTO Calendar (Value) VALUES (@p0); select SCOPE_IDENTITY();@p0 = 04-08-2014 00:00:00 [Type: DateTime (0)]
NHibernate: INSERT INTO Calendar (Value) VALUES (@p0); select SCOPE_IDENTITY();@p0 = 05-08-2014 00:00:00 [Type: DateTime (0)]
NHibernate: INSERT INTO Calendar (Value) VALUES (@p0); select SCOPE_IDENTITY();@p0 = 06-08-2014 00:00:00 [Type: DateTime (0)]
NHibernate: INSERT INTO Calendar (Value) VALUES (@p0); select SCOPE_IDENTITY();@p0 = 07-08-2014 00:00:00 [Type: DateTime (0)]
NHibernate: INSERT INTO Calendar (Value) VALUES (@p0); select SCOPE_IDENTITY();@p0 = 08-08-2014 00:00:00 [Type: DateTime (0)]
NHibernate: INSERT INTO Calendar (Value) VALUES (@p0); select SCOPE_IDENTITY();@p0 = 09-08-2014 00:00:00 [Type: DateTime (0)]
NHibernate: INSERT INTO Calendar (Value) VALUES (@p0); select SCOPE_IDENTITY();@p0 = 10-08-2014 00:00:00 [Type: DateTime (0)]
NHibernate: INSERT INTO Calendar (Value) VALUES (@p0); select SCOPE_IDENTITY();@p0 = 11-08-2014 00:00:00 [Type: DateTime (0)]
NHibernate: INSERT INTO Calendar (Value) VALUES (@p0); select SCOPE_IDENTITY();@p0 = 12-08-2014 00:00:00 [Type: DateTime (0)]
NHibernate: INSERT INTO Calendar (Value) VALUES (@p0); select SCOPE_IDENTITY();@p0 = 13-08-2014 00:00:00 [Type: DateTime (0)]
NHibernate: INSERT INTO Calendar (Value) VALUES (@p0); select SCOPE_IDENTITY();@p0 = 14-08-2014 00:00:00 [Type: DateTime (0)]
NHibernate: INSERT INTO Calendar (Value) VALUES (@p0); select SCOPE_IDENTITY();@p0 = 15-08-2014 00:00:00 [Type: DateTime (0)]
NHibernate: INSERT INTO Calendar (Value) VALUES (@p0); select SCOPE_IDENTITY();@p0 = 16-08-2014 00:00:00 [Type: DateTime (0)]
NHibernate: INSERT INTO Calendar (Value) VALUES (@p0); select SCOPE_IDENTITY();@p0 = 17-08-2014 00:00:00 [Type: DateTime (0)]
NHibernate: INSERT INTO Calendar (Value) VALUES (@p0); select SCOPE_IDENTITY();@p0 = 18-08-2014 00:00:00 [Type: DateTime (0)]
NHibernate: INSERT INTO Calendar (Value) VALUES (@p0); select SCOPE_IDENTITY();@p0 = 19-08-2014 00:00:00 [Type: DateTime (0)]
NHibernate: INSERT INTO Calendar (Value) VALUES (@p0); select SCOPE_IDENTITY();@p0 = 20-08-2014 00:00:00 [Type: DateTime (0)]
NHibernate: INSERT INTO Calendar (Value) VALUES (@p0); select SCOPE_IDENTITY();@p0 = 21-08-2014 00:00:00 [Type: DateTime (0)]
NHibernate: INSERT INTO Calendar (Value) VALUES (@p0); select SCOPE_IDENTITY();@p0 = 22-08-2014 00:00:00 [Type: DateTime (0)]
NHibernate: INSERT INTO Calendar (Value) VALUES (@p0); select SCOPE_IDENTITY();@p0 = 23-08-2014 00:00:00 [Type: DateTime (0)]
NHibernate: INSERT INTO Calendar (Value) VALUES (@p0); select SCOPE_IDENTITY();@p0 = 24-08-2014 00:00:00 [Type: DateTime (0)]
NHibernate: INSERT INTO Calendar (Value) VALUES (@p0); select SCOPE_IDENTITY();@p0 = 25-08-2014 00:00:00 [Type: DateTime (0)]
NHibernate: INSERT INTO Calendar (Value) VALUES (@p0); select SCOPE_IDENTITY();@p0 = 26-08-2014 00:00:00 [Type: DateTime (0)]
NHibernate: INSERT INTO Calendar (Value) VALUES (@p0); select SCOPE_IDENTITY();@p0 = 27-08-2014 00:00:00 [Type: DateTime (0)]
NHibernate: INSERT INTO Calendar (Value) VALUES (@p0); select SCOPE_IDENTITY();@p0 = 28-08-2014 00:00:00 [Type: DateTime (0)]
NHibernate: INSERT INTO Calendar (Value) VALUES (@p0); select SCOPE_IDENTITY();@p0 = 29-08-2014 00:00:00 [Type: DateTime (0)]
NHibernate: INSERT INTO Calendar (Value) VALUES (@p0); select SCOPE_IDENTITY();@p0 = 30-08-2014 00:00:00 [Type: DateTime (0)]
NHibernate: INSERT INTO Calendar (Value) VALUES (@p0); select SCOPE_IDENTITY();@p0 = 31-08-2014 00:00:00 [Type: DateTime (0)]
NHibernate: INSERT INTO Calendar (Value) VALUES (@p0); select SCOPE_IDENTITY();@p0 = 01-09-2014 00:00:00 [Type: DateTime (0)]
NHibernate: INSERT INTO Calendar (Value) VALUES (@p0); select SCOPE_IDENTITY();@p0 = 02-09-2014 00:00:00 [Type: DateTime (0)]
NHibernate: INSERT INTO Calendar (Value) VALUES (@p0); select SCOPE_IDENTITY();@p0 = 03-09-2014 00:00:00 [Type: DateTime (0)]
NHibernate: INSERT INTO Calendar (Value) VALUES (@p0); select SCOPE_IDENTITY();@p0 = 04-09-2014 00:00:00 [Type: DateTime (0)]
NHibernate: INSERT INTO Calendar (Value) VALUES (@p0); select SCOPE_IDENTITY();@p0 = 05-09-2014 00:00:00 [Type: DateTime (0)]
NHibernate: INSERT INTO Calendar (Value) VALUES (@p0); select SCOPE_IDENTITY();@p0 = 06-09-2014 00:00:00 [Type: DateTime (0)]
NHibernate: INSERT INTO Calendar (Value) VALUES (@p0); select SCOPE_IDENTITY();@p0 = 07-09-2014 00:00:00 [Type: DateTime (0)]
NHibernate: INSERT INTO Calendar (Value) VALUES (@p0); select SCOPE_IDENTITY();@p0 = 08-09-2014 00:00:00 [Type: DateTime (0)]
NHibernate: INSERT INTO Calendar (Value) VALUES (@p0); select SCOPE_IDENTITY();@p0 = 09-09-2014 00:00:00 [Type: DateTime (0)]
NHibernate: INSERT INTO Calendar (Value) VALUES (@p0); select SCOPE_IDENTITY();@p0 = 10-09-2014 00:00:00 [Type: DateTime (0)]
NHibernate: INSERT INTO Calendar (Value) VALUES (@p0); select SCOPE_IDENTITY();@p0 = 11-09-2014 00:00:00 [Type: DateTime (0)]
NHibernate: INSERT INTO Calendar (Value) VALUES (@p0); select SCOPE_IDENTITY();@p0 = 12-09-2014 00:00:00 [Type: DateTime (0)]
NHibernate: INSERT INTO Calendar (Value) VALUES (@p0); select SCOPE_IDENTITY();@p0 = 13-09-2014 00:00:00 [Type: DateTime (0)]
NHibernate: INSERT INTO Calendar (Value) VALUES (@p0); select SCOPE_IDENTITY();@p0 = 14-09-2014 00:00:00 [Type: DateTime (0)]
NHibernate: INSERT INTO Calendar (Value) VALUES (@p0); select SCOPE_IDENTITY();@p0 = 15-09-2014 00:00:00 [Type: DateTime (0)]
NHibernate: INSERT INTO Calendar (Value) VALUES (@p0); select SCOPE_IDENTITY();@p0 = 16-09-2014 00:00:00 [Type: DateTime (0)]
NHibernate: INSERT INTO Calendar (Value) VALUES (@p0); select SCOPE_IDENTITY();@p0 = 17-09-2014 00:00:00 [Type: DateTime (0)]
NHibernate: INSERT INTO Calendar (Value) VALUES (@p0); select SCOPE_IDENTITY();@p0 = 18-09-2014 00:00:00 [Type: DateTime (0)]
NHibernate: INSERT INTO Calendar (Value) VALUES (@p0); select SCOPE_IDENTITY();@p0 = 19-09-2014 00:00:00 [Type: DateTime (0)]
NHibernate: INSERT INTO Calendar (Value) VALUES (@p0); select SCOPE_IDENTITY();@p0 = 20-09-2014 00:00:00 [Type: DateTime (0)]
NHibernate: INSERT INTO Calendar (Value) VALUES (@p0); select SCOPE_IDENTITY();@p0 = 21-09-2014 00:00:00 [Type: DateTime (0)]
NHibernate: INSERT INTO Calendar (Value) VALUES (@p0); select SCOPE_IDENTITY();@p0 = 22-09-2014 00:00:00 [Type: DateTime (0)]
NHibernate: INSERT INTO Calendar (Value) VALUES (@p0); select SCOPE_IDENTITY();@p0 = 23-09-2014 00:00:00 [Type: DateTime (0)]
NHibernate: INSERT INTO Calendar (Value) VALUES (@p0); select SCOPE_IDENTITY();@p0 = 24-09-2014 00:00:00 [Type: DateTime (0)]
NHibernate: INSERT INTO Calendar (Value) VALUES (@p0); select SCOPE_IDENTITY();@p0 = 25-09-2014 00:00:00 [Type: DateTime (0)]
NHibernate: INSERT INTO Calendar (Value) VALUES (@p0); select SCOPE_IDENTITY();@p0 = 26-09-2014 00:00:00 [Type: DateTime (0)]
NHibernate: INSERT INTO Calendar (Value) VALUES (@p0); select SCOPE_IDENTITY();@p0 = 27-09-2014 00:00:00 [Type: DateTime (0)]
NHibernate: INSERT INTO Calendar (Value) VALUES (@p0); select SCOPE_IDENTITY();@p0 = 28-09-2014 00:00:00 [Type: DateTime (0)]
NHibernate: INSERT INTO Calendar (Value) VALUES (@p0); select SCOPE_IDENTITY();@p0 = 29-09-2014 00:00:00 [Type: DateTime (0)]
NHibernate: INSERT INTO Calendar (Value) VALUES (@p0); select SCOPE_IDENTITY();@p0 = 30-09-2014 00:00:00 [Type: DateTime (0)]
NHibernate: INSERT INTO Calendar (Value) VALUES (@p0); select SCOPE_IDENTITY();@p0 = 01-10-2014 00:00:00 [Type: DateTime (0)]
NHibernate: INSERT INTO Calendar (Value) VALUES (@p0); select SCOPE_IDENTITY();@p0 = 02-10-2014 00:00:00 [Type: DateTime (0)]
NHibernate: INSERT INTO Calendar (Value) VALUES (@p0); select SCOPE_IDENTITY();@p0 = 03-10-2014 00:00:00 [Type: DateTime (0)]
NHibernate: INSERT INTO Calendar (Value) VALUES (@p0); select SCOPE_IDENTITY();@p0 = 04-10-2014 00:00:00 [Type: DateTime (0)]
NHibernate: INSERT INTO Calendar (Value) VALUES (@p0); select SCOPE_IDENTITY();@p0 = 05-10-2014 00:00:00 [Type: DateTime (0)]
NHibernate: INSERT INTO Calendar (Value) VALUES (@p0); select SCOPE_IDENTITY();@p0 = 06-10-2014 00:00:00 [Type: DateTime (0)]
NHibernate: INSERT INTO Calendar (Value) VALUES (@p0); select SCOPE_IDENTITY();@p0 = 07-10-2014 00:00:00 [Type: DateTime (0)]
NHibernate: INSERT INTO Calendar (Value) VALUES (@p0); select SCOPE_IDENTITY();@p0 = 08-10-2014 00:00:00 [Type: DateTime (0)]
NHibernate: INSERT INTO Calendar (Value) VALUES (@p0); select SCOPE_IDENTITY();@p0 = 09-10-2014 00:00:00 [Type: DateTime (0)]
NHibernate: INSERT INTO Calendar (Value) VALUES (@p0); select SCOPE_IDENTITY();@p0 = 10-10-2014 00:00:00 [Type: DateTime (0)]
NHibernate: INSERT INTO Calendar (Value) VALUES (@p0); select SCOPE_IDENTITY();@p0 = 11-10-2014 00:00:00 [Type: DateTime (0)]
NHibernate: INSERT INTO Calendar (Value) VALUES (@p0); select SCOPE_IDENTITY();@p0 = 12-10-2014 00:00:00 [Type: DateTime (0)]
NHibernate: INSERT INTO Calendar (Value) VALUES (@p0); select SCOPE_IDENTITY();@p0 = 13-10-2014 00:00:00 [Type: DateTime (0)]
NHibernate: INSERT INTO Calendar (Value) VALUES (@p0); select SCOPE_IDENTITY();@p0 = 14-10-2014 00:00:00 [Type: DateTime (0)]
NHibernate: INSERT INTO Calendar (Value) VALUES (@p0); select SCOPE_IDENTITY();@p0 = 15-10-2014 00:00:00 [Type: DateTime (0)]
NHibernate: INSERT INTO Calendar (Value) VALUES (@p0); select SCOPE_IDENTITY();@p0 = 16-10-2014 00:00:00 [Type: DateTime (0)]
NHibernate: INSERT INTO Calendar (Value) VALUES (@p0); select SCOPE_IDENTITY();@p0 = 17-10-2014 00:00:00 [Type: DateTime (0)]
NHibernate: INSERT INTO Calendar (Value) VALUES (@p0); select SCOPE_IDENTITY();@p0 = 18-10-2014 00:00:00 [Type: DateTime (0)]
NHibernate: INSERT INTO Calendar (Value) VALUES (@p0); select SCOPE_IDENTITY();@p0 = 19-10-2014 00:00:00 [Type: DateTime (0)]
NHibernate: INSERT INTO Calendar (Value) VALUES (@p0); select SCOPE_IDENTITY();@p0 = 20-10-2014 00:00:00 [Type: DateTime (0)]
NHibernate: INSERT INTO Calendar (Value) VALUES (@p0); select SCOPE_IDENTITY();@p0 = 21-10-2014 00:00:00 [Type: DateTime (0)]
NHibernate: INSERT INTO Calendar (Value) VALUES (@p0); select SCOPE_IDENTITY();@p0 = 22-10-2014 00:00:00 [Type: DateTime (0)]
NHibernate: INSERT INTO Calendar (Value) VALUES (@p0); select SCOPE_IDENTITY();@p0 = 23-10-2014 00:00:00 [Type: DateTime (0)]
NHibernate: INSERT INTO Calendar (Value) VALUES (@p0); select SCOPE_IDENTITY();@p0 = 24-10-2014 00:00:00 [Type: DateTime (0)]
NHibernate: INSERT INTO Calendar (Value) VALUES (@p0); select SCOPE_IDENTITY();@p0 = 25-10-2014 00:00:00 [Type: DateTime (0)]
NHibernate: INSERT INTO Calendar (Value) VALUES (@p0); select SCOPE_IDENTITY();@p0 = 26-10-2014 00:00:00 [Type: DateTime (0)]
NHibernate: INSERT INTO Calendar (Value) VALUES (@p0); select SCOPE_IDENTITY();@p0 = 27-10-2014 00:00:00 [Type: DateTime (0)]
NHibernate: INSERT INTO Calendar (Value) VALUES (@p0); select SCOPE_IDENTITY();@p0 = 28-10-2014 00:00:00 [Type: DateTime (0)]
NHibernate: INSERT INTO Calendar (Value) VALUES (@p0); select SCOPE_IDENTITY();@p0 = 29-10-2014 00:00:00 [Type: DateTime (0)]
NHibernate: INSERT INTO Calendar (Value) VALUES (@p0); select SCOPE_IDENTITY();@p0 = 30-10-2014 00:00:00 [Type: DateTime (0)]
NHibernate: INSERT INTO Calendar (Value) VALUES (@p0); select SCOPE_IDENTITY();@p0 = 31-10-2014 00:00:00 [Type: DateTime (0)]
NHibernate: INSERT INTO Calendar (Value) VALUES (@p0); select SCOPE_IDENTITY();@p0 = 01-11-2014 00:00:00 [Type: DateTime (0)]
NHibernate: INSERT INTO Calendar (Value) VALUES (@p0); select SCOPE_IDENTITY();@p0 = 02-11-2014 00:00:00 [Type: DateTime (0)]
NHibernate: INSERT INTO Calendar (Value) VALUES (@p0); select SCOPE_IDENTITY();@p0 = 03-11-2014 00:00:00 [Type: DateTime (0)]
NHibernate: INSERT INTO Calendar (Value) VALUES (@p0); select SCOPE_IDENTITY();@p0 = 04-11-2014 00:00:00 [Type: DateTime (0)]
NHibernate: INSERT INTO Calendar (Value) VALUES (@p0); select SCOPE_IDENTITY();@p0 = 05-11-2014 00:00:00 [Type: DateTime (0)]
NHibernate: INSERT INTO Calendar (Value) VALUES (@p0); select SCOPE_IDENTITY();@p0 = 06-11-2014 00:00:00 [Type: DateTime (0)]
NHibernate: INSERT INTO Calendar (Value) VALUES (@p0); select SCOPE_IDENTITY();@p0 = 07-11-2014 00:00:00 [Type: DateTime (0)]
NHibernate: INSERT INTO Calendar (Value) VALUES (@p0); select SCOPE_IDENTITY();@p0 = 08-11-2014 00:00:00 [Type: DateTime (0)]
NHibernate: INSERT INTO Calendar (Value) VALUES (@p0); select SCOPE_IDENTITY();@p0 = 09-11-2014 00:00:00 [Type: DateTime (0)]
NHibernate: INSERT INTO Calendar (Value) VALUES (@p0); select SCOPE_IDENTITY();@p0 = 10-11-2014 00:00:00 [Type: DateTime (0)]
NHibernate: INSERT INTO Calendar (Value) VALUES (@p0); select SCOPE_IDENTITY();@p0 = 11-11-2014 00:00:00 [Type: DateTime (0)]
NHibernate: INSERT INTO Calendar (Value) VALUES (@p0); select SCOPE_IDENTITY();@p0 = 12-11-2014 00:00:00 [Type: DateTime (0)]
NHibernate: INSERT INTO Calendar (Value) VALUES (@p0); select SCOPE_IDENTITY();@p0 = 13-11-2014 00:00:00 [Type: DateTime (0)]
NHibernate: INSERT INTO Calendar (Value) VALUES (@p0); select SCOPE_IDENTITY();@p0 = 14-11-2014 00:00:00 [Type: DateTime (0)]
NHibernate: INSERT INTO Calendar (Value) VALUES (@p0); select SCOPE_IDENTITY();@p0 = 15-11-2014 00:00:00 [Type: DateTime (0)]
NHibernate: INSERT INTO Calendar (Value) VALUES (@p0); select SCOPE_IDENTITY();@p0 = 16-11-2014 00:00:00 [Type: DateTime (0)]
NHibernate: INSERT INTO Calendar (Value) VALUES (@p0); select SCOPE_IDENTITY();@p0 = 17-11-2014 00:00:00 [Type: DateTime (0)]
NHibernate: INSERT INTO Calendar (Value) VALUES (@p0); select SCOPE_IDENTITY();@p0 = 18-11-2014 00:00:00 [Type: DateTime (0)]
NHibernate: INSERT INTO Calendar (Value) VALUES (@p0); select SCOPE_IDENTITY();@p0 = 19-11-2014 00:00:00 [Type: DateTime (0)]
NHibernate: INSERT INTO Calendar (Value) VALUES (@p0); select SCOPE_IDENTITY();@p0 = 20-11-2014 00:00:00 [Type: DateTime (0)]
NHibernate: INSERT INTO Calendar (Value) VALUES (@p0); select SCOPE_IDENTITY();@p0 = 21-11-2014 00:00:00 [Type: DateTime (0)]
NHibernate: INSERT INTO Calendar (Value) VALUES (@p0); select SCOPE_IDENTITY();@p0 = 22-11-2014 00:00:00 [Type: DateTime (0)]
NHibernate: INSERT INTO Calendar (Value) VALUES (@p0); select SCOPE_IDENTITY();@p0 = 23-11-2014 00:00:00 [Type: DateTime (0)]
NHibernate: INSERT INTO Calendar (Value) VALUES (@p0); select SCOPE_IDENTITY();@p0 = 24-11-2014 00:00:00 [Type: DateTime (0)]
NHibernate: INSERT INTO Calendar (Value) VALUES (@p0); select SCOPE_IDENTITY();@p0 = 25-11-2014 00:00:00 [Type: DateTime (0)]
NHibernate: INSERT INTO Calendar (Value) VALUES (@p0); select SCOPE_IDENTITY();@p0 = 26-11-2014 00:00:00 [Type: DateTime (0)]
NHibernate: INSERT INTO Calendar (Value) VALUES (@p0); select SCOPE_IDENTITY();@p0 = 27-11-2014 00:00:00 [Type: DateTime (0)]
NHibernate: INSERT INTO Calendar (Value) VALUES (@p0); select SCOPE_IDENTITY();@p0 = 28-11-2014 00:00:00 [Type: DateTime (0)]
NHibernate: INSERT INTO Calendar (Value) VALUES (@p0); select SCOPE_IDENTITY();@p0 = 29-11-2014 00:00:00 [Type: DateTime (0)]
NHibernate: INSERT INTO Calendar (Value) VALUES (@p0); select SCOPE_IDENTITY();@p0 = 30-11-2014 00:00:00 [Type: DateTime (0)]
NHibernate: INSERT INTO Calendar (Value) VALUES (@p0); select SCOPE_IDENTITY();@p0 = 01-12-2014 00:00:00 [Type: DateTime (0)]
NHibernate: INSERT INTO Calendar (Value) VALUES (@p0); select SCOPE_IDENTITY();@p0 = 02-12-2014 00:00:00 [Type: DateTime (0)]
NHibernate: INSERT INTO Calendar (Value) VALUES (@p0); select SCOPE_IDENTITY();@p0 = 03-12-2014 00:00:00 [Type: DateTime (0)]
NHibernate: INSERT INTO Calendar (Value) VALUES (@p0); select SCOPE_IDENTITY();@p0 = 04-12-2014 00:00:00 [Type: DateTime (0)]
NHibernate: INSERT INTO Calendar (Value) VALUES (@p0); select SCOPE_IDENTITY();@p0 = 05-12-2014 00:00:00 [Type: DateTime (0)]
NHibernate: INSERT INTO Calendar (Value) VALUES (@p0); select SCOPE_IDENTITY();@p0 = 06-12-2014 00:00:00 [Type: DateTime (0)]
NHibernate: INSERT INTO Calendar (Value) VALUES (@p0); select SCOPE_IDENTITY();@p0 = 07-12-2014 00:00:00 [Type: DateTime (0)]
NHibernate: INSERT INTO Calendar (Value) VALUES (@p0); select SCOPE_IDENTITY();@p0 = 08-12-2014 00:00:00 [Type: DateTime (0)]
NHibernate: INSERT INTO Calendar (Value) VALUES (@p0); select SCOPE_IDENTITY();@p0 = 09-12-2014 00:00:00 [Type: DateTime (0)]
NHibernate: INSERT INTO Calendar (Value) VALUES (@p0); select SCOPE_IDENTITY();@p0 = 10-12-2014 00:00:00 [Type: DateTime (0)]
NHibernate: INSERT INTO Calendar (Value) VALUES (@p0); select SCOPE_IDENTITY();@p0 = 11-12-2014 00:00:00 [Type: DateTime (0)]
NHibernate: INSERT INTO Calendar (Value) VALUES (@p0); select SCOPE_IDENTITY();@p0 = 12-12-2014 00:00:00 [Type: DateTime (0)]
NHibernate: INSERT INTO Calendar (Value) VALUES (@p0); select SCOPE_IDENTITY();@p0 = 13-12-2014 00:00:00 [Type: DateTime (0)]
NHibernate: INSERT INTO Calendar (Value) VALUES (@p0); select SCOPE_IDENTITY();@p0 = 14-12-2014 00:00:00 [Type: DateTime (0)]
NHibernate: INSERT INTO Calendar (Value) VALUES (@p0); select SCOPE_IDENTITY();@p0 = 15-12-2014 00:00:00 [Type: DateTime (0)]
NHibernate: INSERT INTO Calendar (Value) VALUES (@p0); select SCOPE_IDENTITY();@p0 = 16-12-2014 00:00:00 [Type: DateTime (0)]
NHibernate: INSERT INTO Calendar (Value) VALUES (@p0); select SCOPE_IDENTITY();@p0 = 17-12-2014 00:00:00 [Type: DateTime (0)]
NHibernate: INSERT INTO Calendar (Value) VALUES (@p0); select SCOPE_IDENTITY();@p0 = 18-12-2014 00:00:00 [Type: DateTime (0)]
NHibernate: INSERT INTO Calendar (Value) VALUES (@p0); select SCOPE_IDENTITY();@p0 = 19-12-2014 00:00:00 [Type: DateTime (0)]
NHibernate: INSERT INTO Calendar (Value) VALUES (@p0); select SCOPE_IDENTITY();@p0 = 20-12-2014 00:00:00 [Type: DateTime (0)]
NHibernate: INSERT INTO Calendar (Value) VALUES (@p0); select SCOPE_IDENTITY();@p0 = 21-12-2014 00:00:00 [Type: DateTime (0)]
NHibernate: INSERT INTO Calendar (Value) VALUES (@p0); select SCOPE_IDENTITY();@p0 = 22-12-2014 00:00:00 [Type: DateTime (0)]
NHibernate: INSERT INTO Calendar (Value) VALUES (@p0); select SCOPE_IDENTITY();@p0 = 23-12-2014 00:00:00 [Type: DateTime (0)]
NHibernate: INSERT INTO Calendar (Value) VALUES (@p0); select SCOPE_IDENTITY();@p0 = 24-12-2014 00:00:00 [Type: DateTime (0)]
NHibernate: INSERT INTO Calendar (Value) VALUES (@p0); select SCOPE_IDENTITY();@p0 = 25-12-2014 00:00:00 [Type: DateTime (0)]
NHibernate: INSERT INTO Calendar (Value) VALUES (@p0); select SCOPE_IDENTITY();@p0 = 26-12-2014 00:00:00 [Type: DateTime (0)]
NHibernate: INSERT INTO Calendar (Value) VALUES (@p0); select SCOPE_IDENTITY();@p0 = 27-12-2014 00:00:00 [Type: DateTime (0)]
NHibernate: INSERT INTO Calendar (Value) VALUES (@p0); select SCOPE_IDENTITY();@p0 = 28-12-2014 00:00:00 [Type: DateTime (0)]
NHibernate: INSERT INTO Calendar (Value) VALUES (@p0); select SCOPE_IDENTITY();@p0 = 29-12-2014 00:00:00 [Type: DateTime (0)]
NHibernate: INSERT INTO Calendar (Value) VALUES (@p0); select SCOPE_IDENTITY();@p0 = 30-12-2014 00:00:00 [Type: DateTime (0)]
NHibernate: INSERT INTO Calendar (Value) VALUES (@p0); select SCOPE_IDENTITY();@p0 = 31-12-2014 00:00:00 [Type: DateTime (0)]
NHibernate: INSERT INTO Calendar (Value) VALUES (@p0); select SCOPE_IDENTITY();@p0 = 01-01-2015 00:00:00 [Type: DateTime (0)]
NHibernate: INSERT INTO Calendar (Value) VALUES (@p0); select SCOPE_IDENTITY();@p0 = 02-01-2015 00:00:00 [Type: DateTime (0)]
NHibernate: INSERT INTO Calendar (Value) VALUES (@p0); select SCOPE_IDENTITY();@p0 = 03-01-2015 00:00:00 [Type: DateTime (0)]
NHibernate: INSERT INTO Calendar (Value) VALUES (@p0); select SCOPE_IDENTITY();@p0 = 04-01-2015 00:00:00 [Type: DateTime (0)]
NHibernate: INSERT INTO Calendar (Value) VALUES (@p0); select SCOPE_IDENTITY();@p0 = 05-01-2015 00:00:00 [Type: DateTime (0)]
NHibernate: INSERT INTO Calendar (Value) VALUES (@p0); select SCOPE_IDENTITY();@p0 = 06-01-2015 00:00:00 [Type: DateTime (0)]
NHibernate: INSERT INTO Calendar (Value) VALUES (@p0); select SCOPE_IDENTITY();@p0 = 07-01-2015 00:00:00 [Type: DateTime (0)]
NHibernate: INSERT INTO Calendar (Value) VALUES (@p0); select SCOPE_IDENTITY();@p0 = 08-01-2015 00:00:00 [Type: DateTime (0)]
NHibernate: INSERT INTO Calendar (Value) VALUES (@p0); select SCOPE_IDENTITY();@p0 = 09-01-2015 00:00:00 [Type: DateTime (0)]
NHibernate: INSERT INTO Calendar (Value) VALUES (@p0); select SCOPE_IDENTITY();@p0 = 10-01-2015 00:00:00 [Type: DateTime (0)]
NHibernate: INSERT INTO Calendar (Value) VALUES (@p0); select SCOPE_IDENTITY();@p0 = 11-01-2015 00:00:00 [Type: DateTime (0)]
NHibernate: INSERT INTO Calendar (Value) VALUES (@p0); select SCOPE_IDENTITY();@p0 = 12-01-2015 00:00:00 [Type: DateTime (0)]
NHibernate: INSERT INTO Calendar (Value) VALUES (@p0); select SCOPE_IDENTITY();@p0 = 13-01-2015 00:00:00 [Type: DateTime (0)]
NHibernate: INSERT INTO Calendar (Value) VALUES (@p0); select SCOPE_IDENTITY();@p0 = 14-01-2015 00:00:00 [Type: DateTime (0)]
NHibernate: INSERT INTO Calendar (Value) VALUES (@p0); select SCOPE_IDENTITY();@p0 = 15-01-2015 00:00:00 [Type: DateTime (0)]
NHibernate: INSERT INTO Calendar (Value) VALUES (@p0); select SCOPE_IDENTITY();@p0 = 16-01-2015 00:00:00 [Type: DateTime (0)]
NHibernate: INSERT INTO Calendar (Value) VALUES (@p0); select SCOPE_IDENTITY();@p0 = 17-01-2015 00:00:00 [Type: DateTime (0)]
NHibernate: INSERT INTO Calendar (Value) VALUES (@p0); select SCOPE_IDENTITY();@p0 = 18-01-2015 00:00:00 [Type: DateTime (0)]
NHibernate: INSERT INTO Calendar (Value) VALUES (@p0); select SCOPE_IDENTITY();@p0 = 19-01-2015 00:00:00 [Type: DateTime (0)]
NHibernate: INSERT INTO Calendar (Value) VALUES (@p0); select SCOPE_IDENTITY();@p0 = 20-01-2015 00:00:00 [Type: DateTime (0)]
NHibernate: INSERT INTO Calendar (Value) VALUES (@p0); select SCOPE_IDENTITY();@p0 = 21-01-2015 00:00:00 [Type: DateTime (0)]
NHibernate: INSERT INTO Calendar (Value) VALUES (@p0); select SCOPE_IDENTITY();@p0 = 22-01-2015 00:00:00 [Type: DateTime (0)]
NHibernate: INSERT INTO Calendar (Value) VALUES (@p0); select SCOPE_IDENTITY();@p0 = 23-01-2015 00:00:00 [Type: DateTime (0)]
NHibernate: INSERT INTO Calendar (Value) VALUES (@p0); select SCOPE_IDENTITY();@p0 = 24-01-2015 00:00:00 [Type: DateTime (0)]
NHibernate: INSERT INTO Calendar (Value) VALUES (@p0); select SCOPE_IDENTITY();@p0 = 25-01-2015 00:00:00 [Type: DateTime (0)]
NHibernate: INSERT INTO Calendar (Value) VALUES (@p0); select SCOPE_IDENTITY();@p0 = 26-01-2015 00:00:00 [Type: DateTime (0)]
NHibernate: INSERT INTO Calendar (Value) VALUES (@p0); select SCOPE_IDENTITY();@p0 = 27-01-2015 00:00:00 [Type: DateTime (0)]
NHibernate: INSERT INTO Calendar (Value) VALUES (@p0); select SCOPE_IDENTITY();@p0 = 28-01-2015 00:00:00 [Type: DateTime (0)]
NHibernate: INSERT INTO Calendar (Value) VALUES (@p0); select SCOPE_IDENTITY();@p0 = 29-01-2015 00:00:00 [Type: DateTime (0)]
NHibernate: INSERT INTO Calendar (Value) VALUES (@p0); select SCOPE_IDENTITY();@p0 = 30-01-2015 00:00:00 [Type: DateTime (0)]
NHibernate: INSERT INTO Calendar (Value) VALUES (@p0); select SCOPE_IDENTITY();@p0 = 31-01-2015 00:00:00 [Type: DateTime (0)]
NHibernate: INSERT INTO Calendar (Value) VALUES (@p0); select SCOPE_IDENTITY();@p0 = 01-02-2015 00:00:00 [Type: DateTime (0)]
NHibernate: INSERT INTO Calendar (Value) VALUES (@p0); select SCOPE_IDENTITY();@p0 = 02-02-2015 00:00:00 [Type: DateTime (0)]
NHibernate: INSERT INTO Calendar (Value) VALUES (@p0); select SCOPE_IDENTITY();@p0 = 03-02-2015 00:00:00 [Type: DateTime (0)]
NHibernate: INSERT INTO Calendar (Value) VALUES (@p0); select SCOPE_IDENTITY();@p0 = 04-02-2015 00:00:00 [Type: DateTime (0)]
NHibernate: INSERT INTO Calendar (Value) VALUES (@p0); select SCOPE_IDENTITY();@p0 = 05-02-2015 00:00:00 [Type: DateTime (0)]
NHibernate: INSERT INTO Calendar (Value) VALUES (@p0); select SCOPE_IDENTITY();@p0 = 06-02-2015 00:00:00 [Type: DateTime (0)]
NHibernate: INSERT INTO Calendar (Value) VALUES (@p0); select SCOPE_IDENTITY();@p0 = 07-02-2015 00:00:00 [Type: DateTime (0)]
NHibernate: INSERT INTO Calendar (Value) VALUES (@p0); select SCOPE_IDENTITY();@p0 = 08-02-2015 00:00:00 [Type: DateTime (0)]
NHibernate: INSERT INTO Calendar (Value) VALUES (@p0); select SCOPE_IDENTITY();@p0 = 09-02-2015 00:00:00 [Type: DateTime (0)]
NHibernate: INSERT INTO Calendar (Value) VALUES (@p0); select SCOPE_IDENTITY();@p0 = 10-02-2015 00:00:00 [Type: DateTime (0)]
NHibernate: INSERT INTO Calendar (Value) VALUES (@p0); select SCOPE_IDENTITY();@p0 = 11-02-2015 00:00:00 [Type: DateTime (0)]
NHibernate: INSERT INTO Calendar (Value) VALUES (@p0); select SCOPE_IDENTITY();@p0 = 12-02-2015 00:00:00 [Type: DateTime (0)]
NHibernate: INSERT INTO Calendar (Value) VALUES (@p0); select SCOPE_IDENTITY();@p0 = 13-02-2015 00:00:00 [Type: DateTime (0)]
NHibernate: INSERT INTO Calendar (Value) VALUES (@p0); select SCOPE_IDENTITY();@p0 = 14-02-2015 00:00:00 [Type: DateTime (0)]
NHibernate: INSERT INTO Calendar (Value) VALUES (@p0); select SCOPE_IDENTITY();@p0 = 15-02-2015 00:00:00 [Type: DateTime (0)]
NHibernate: INSERT INTO Calendar (Value) VALUES (@p0); select SCOPE_IDENTITY();@p0 = 16-02-2015 00:00:00 [Type: DateTime (0)]
NHibernate: INSERT INTO Calendar (Value) VALUES (@p0); select SCOPE_IDENTITY();@p0 = 17-02-2015 00:00:00 [Type: DateTime (0)]
NHibernate: INSERT INTO Calendar (Value) VALUES (@p0); select SCOPE_IDENTITY();@p0 = 18-02-2015 00:00:00 [Type: DateTime (0)]
NHibernate: INSERT INTO Calendar (Value) VALUES (@p0); select SCOPE_IDENTITY();@p0 = 19-02-2015 00:00:00 [Type: DateTime (0)]
NHibernate: INSERT INTO Calendar (Value) VALUES (@p0); select SCOPE_IDENTITY();@p0 = 20-02-2015 00:00:00 [Type: DateTime (0)]
NHibernate: INSERT INTO Calendar (Value) VALUES (@p0); select SCOPE_IDENTITY();@p0 = 21-02-2015 00:00:00 [Type: DateTime (0)]
NHibernate: INSERT INTO Calendar (Value) VALUES (@p0); select SCOPE_IDENTITY();@p0 = 22-02-2015 00:00:00 [Type: DateTime (0)]
NHibernate: INSERT INTO Calendar (Value) VALUES (@p0); select SCOPE_IDENTITY();@p0 = 23-02-2015 00:00:00 [Type: DateTime (0)]
NHibernate: INSERT INTO Calendar (Value) VALUES (@p0); select SCOPE_IDENTITY();@p0 = 24-02-2015 00:00:00 [Type: DateTime (0)]
NHibernate: INSERT INTO Calendar (Value) VALUES (@p0); select SCOPE_IDENTITY();@p0 = 25-02-2015 00:00:00 [Type: DateTime (0)]
NHibernate: INSERT INTO Calendar (Value) VALUES (@p0); select SCOPE_IDENTITY();@p0 = 26-02-2015 00:00:00 [Type: DateTime (0)]
NHibernate: INSERT INTO Calendar (Value) VALUES (@p0); select SCOPE_IDENTITY();@p0 = 27-02-2015 00:00:00 [Type: DateTime (0)]
NHibernate: INSERT INTO Calendar (Value) VALUES (@p0); select SCOPE_IDENTITY();@p0 = 28-02-2015 00:00:00 [Type: DateTime (0)]
NHibernate: INSERT INTO Calendar (Value) VALUES (@p0); select SCOPE_IDENTITY();@p0 = 01-03-2015 00:00:00 [Type: DateTime (0)]
NHibernate: INSERT INTO Calendar (Value) VALUES (@p0); select SCOPE_IDENTITY();@p0 = 02-03-2015 00:00:00 [Type: DateTime (0)]
NHibernate: INSERT INTO Calendar (Value) VALUES (@p0); select SCOPE_IDENTITY();@p0 = 03-03-2015 00:00:00 [Type: DateTime (0)]
NHibernate: INSERT INTO Calendar (Value) VALUES (@p0); select SCOPE_IDENTITY();@p0 = 04-03-2015 00:00:00 [Type: DateTime (0)]
NHibernate: INSERT INTO Calendar (Value) VALUES (@p0); select SCOPE_IDENTITY();@p0 = 05-03-2015 00:00:00 [Type: DateTime (0)]
NHibernate: INSERT INTO Calendar (Value) VALUES (@p0); select SCOPE_IDENTITY();@p0 = 06-03-2015 00:00:00 [Type: DateTime (0)]
NHibernate: INSERT INTO Calendar (Value) VALUES (@p0); select SCOPE_IDENTITY();@p0 = 07-03-2015 00:00:00 [Type: DateTime (0)]
NHibernate: INSERT INTO Calendar (Value) VALUES (@p0); select SCOPE_IDENTITY();@p0 = 08-03-2015 00:00:00 [Type: DateTime (0)]
NHibernate: INSERT INTO Calendar (Value) VALUES (@p0); select SCOPE_IDENTITY();@p0 = 09-03-2015 00:00:00 [Type: DateTime (0)]
NHibernate: INSERT INTO Calendar (Value) VALUES (@p0); select SCOPE_IDENTITY();@p0 = 10-03-2015 00:00:00 [Type: DateTime (0)]
NHibernate: INSERT INTO Calendar (Value) VALUES (@p0); select SCOPE_IDENTITY();@p0 = 11-03-2015 00:00:00 [Type: DateTime (0)]
NHibernate: INSERT INTO Calendar (Value) VALUES (@p0); select SCOPE_IDENTITY();@p0 = 12-03-2015 00:00:00 [Type: DateTime (0)]
NHibernate: INSERT INTO Calendar (Value) VALUES (@p0); select SCOPE_IDENTITY();@p0 = 13-03-2015 00:00:00 [Type: DateTime (0)]
NHibernate: INSERT INTO Calendar (Value) VALUES (@p0); select SCOPE_IDENTITY();@p0 = 14-03-2015 00:00:00 [Type: DateTime (0)]
NHibernate: INSERT INTO Calendar (Value) VALUES (@p0); select SCOPE_IDENTITY();@p0 = 15-03-2015 00:00:00 [Type: DateTime (0)]
NHibernate: INSERT INTO Calendar (Value) VALUES (@p0); select SCOPE_IDENTITY();@p0 = 16-03-2015 00:00:00 [Type: DateTime (0)]
NHibernate: INSERT INTO Calendar (Value) VALUES (@p0); select SCOPE_IDENTITY();@p0 = 17-03-2015 00:00:00 [Type: DateTime (0)]
NHibernate: INSERT INTO Calendar (Value) VALUES (@p0); select SCOPE_IDENTITY();@p0 = 18-03-2015 00:00:00 [Type: DateTime (0)]
NHibernate: INSERT INTO Calendar (Value) VALUES (@p0); select SCOPE_IDENTITY();@p0 = 19-03-2015 00:00:00 [Type: DateTime (0)]
NHibernate: INSERT INTO Calendar (Value) VALUES (@p0); select SCOPE_IDENTITY();@p0 = 20-03-2015 00:00:00 [Type: DateTime (0)]
NHibernate: INSERT INTO Calendar (Value) VALUES (@p0); select SCOPE_IDENTITY();@p0 = 21-03-2015 00:00:00 [Type: DateTime (0)]
NHibernate: INSERT INTO Calendar (Value) VALUES (@p0); select SCOPE_IDENTITY();@p0 = 22-03-2015 00:00:00 [Type: DateTime (0)]
NHibernate: INSERT INTO Calendar (Value) VALUES (@p0); select SCOPE_IDENTITY();@p0 = 23-03-2015 00:00:00 [Type: DateTime (0)]
NHibernate: INSERT INTO Calendar (Value) VALUES (@p0); select SCOPE_IDENTITY();@p0 = 24-03-2015 00:00:00 [Type: DateTime (0)]
NHibernate: INSERT INTO Calendar (Value) VALUES (@p0); select SCOPE_IDENTITY();@p0 = 25-03-2015 00:00:00 [Type: DateTime (0)]
NHibernate: INSERT INTO Calendar (Value) VALUES (@p0); select SCOPE_IDENTITY();@p0 = 26-03-2015 00:00:00 [Type: DateTime (0)]
NHibernate: INSERT INTO Calendar (Value) VALUES (@p0); select SCOPE_IDENTITY();@p0 = 27-03-2015 00:00:00 [Type: DateTime (0)]
NHibernate: INSERT INTO Calendar (Value) VALUES (@p0); select SCOPE_IDENTITY();@p0 = 28-03-2015 00:00:00 [Type: DateTime (0)]
NHibernate: INSERT INTO Calendar (Value) VALUES (@p0); select SCOPE_IDENTITY();@p0 = 29-03-2015 00:00:00 [Type: DateTime (0)]
NHibernate: INSERT INTO Calendar (Value) VALUES (@p0); select SCOPE_IDENTITY();@p0 = 30-03-2015 00:00:00 [Type: DateTime (0)]
NHibernate: INSERT INTO Calendar (Value) VALUES (@p0); select SCOPE_IDENTITY();@p0 = 31-03-2015 00:00:00 [Type: DateTime (0)]
NHibernate: INSERT INTO Calendar (Value) VALUES (@p0); select SCOPE_IDENTITY();@p0 = 01-04-2015 00:00:00 [Type: DateTime (0)]
NHibernate: INSERT INTO Calendar (Value) VALUES (@p0); select SCOPE_IDENTITY();@p0 = 02-04-2015 00:00:00 [Type: DateTime (0)]
NHibernate: INSERT INTO Calendar (Value) VALUES (@p0); select SCOPE_IDENTITY();@p0 = 03-04-2015 00:00:00 [Type: DateTime (0)]
NHibernate: INSERT INTO Calendar (Value) VALUES (@p0); select SCOPE_IDENTITY();@p0 = 04-04-2015 00:00:00 [Type: DateTime (0)]
NHibernate: INSERT INTO Calendar (Value) VALUES (@p0); select SCOPE_IDENTITY();@p0 = 05-04-2015 00:00:00 [Type: DateTime (0)]
NHibernate: INSERT INTO Calendar (Value) VALUES (@p0); select SCOPE_IDENTITY();@p0 = 06-04-2015 00:00:00 [Type: DateTime (0)]
NHibernate: INSERT INTO Calendar (Value) VALUES (@p0); select SCOPE_IDENTITY();@p0 = 07-04-2015 00:00:00 [Type: DateTime (0)]
NHibernate: INSERT INTO Calendar (Value) VALUES (@p0); select SCOPE_IDENTITY();@p0 = 08-04-2015 00:00:00 [Type: DateTime (0)]
NHibernate: INSERT INTO Calendar (Value) VALUES (@p0); select SCOPE_IDENTITY();@p0 = 09-04-2015 00:00:00 [Type: DateTime (0)]
NHibernate: INSERT INTO Calendar (Value) VALUES (@p0); select SCOPE_IDENTITY();@p0 = 10-04-2015 00:00:00 [Type: DateTime (0)]
NHibernate: INSERT INTO Calendar (Value) VALUES (@p0); select SCOPE_IDENTITY();@p0 = 11-04-2015 00:00:00 [Type: DateTime (0)]
NHibernate: INSERT INTO Calendar (Value) VALUES (@p0); select SCOPE_IDENTITY();@p0 = 12-04-2015 00:00:00 [Type: DateTime (0)]
NHibernate: INSERT INTO Calendar (Value) VALUES (@p0); select SCOPE_IDENTITY();@p0 = 13-04-2015 00:00:00 [Type: DateTime (0)]
NHibernate: INSERT INTO Calendar (Value) VALUES (@p0); select SCOPE_IDENTITY();@p0 = 14-04-2015 00:00:00 [Type: DateTime (0)]
NHibernate: INSERT INTO Calendar (Value) VALUES (@p0); select SCOPE_IDENTITY();@p0 = 15-04-2015 00:00:00 [Type: DateTime (0)]
NHibernate: INSERT INTO Calendar (Value) VALUES (@p0); select SCOPE_IDENTITY();@p0 = 16-04-2015 00:00:00 [Type: DateTime (0)]
NHibernate: INSERT INTO Calendar (Value) VALUES (@p0); select SCOPE_IDENTITY();@p0 = 17-04-2015 00:00:00 [Type: DateTime (0)]
NHibernate: INSERT INTO Calendar (Value) VALUES (@p0); select SCOPE_IDENTITY();@p0 = 18-04-2015 00:00:00 [Type: DateTime (0)]
NHibernate: INSERT INTO Calendar (Value) VALUES (@p0); select SCOPE_IDENTITY();@p0 = 19-04-2015 00:00:00 [Type: DateTime (0)]
NHibernate: INSERT INTO Calendar (Value) VALUES (@p0); select SCOPE_IDENTITY();@p0 = 20-04-2015 00:00:00 [Type: DateTime (0)]
NHibernate: INSERT INTO Calendar (Value) VALUES (@p0); select SCOPE_IDENTITY();@p0 = 21-04-2015 00:00:00 [Type: DateTime (0)]
NHibernate: INSERT INTO Calendar (Value) VALUES (@p0); select SCOPE_IDENTITY();@p0 = 22-04-2015 00:00:00 [Type: DateTime (0)]
NHibernate: INSERT INTO Calendar (Value) VALUES (@p0); select SCOPE_IDENTITY();@p0 = 23-04-2015 00:00:00 [Type: DateTime (0)]
NHibernate: INSERT INTO Calendar (Value) VALUES (@p0); select SCOPE_IDENTITY();@p0 = 24-04-2015 00:00:00 [Type: DateTime (0)]
NHibernate: INSERT INTO Calendar (Value) VALUES (@p0); select SCOPE_IDENTITY();@p0 = 25-04-2015 00:00:00 [Type: DateTime (0)]
NHibernate: INSERT INTO Calendar (Value) VALUES (@p0); select SCOPE_IDENTITY();@p0 = 26-04-2015 00:00:00 [Type: DateTime (0)]
NHibernate: INSERT INTO Calendar (Value) VALUES (@p0); select SCOPE_IDENTITY();@p0 = 27-04-2015 00:00:00 [Type: DateTime (0)]
NHibernate: INSERT INTO Calendar (Value) VALUES (@p0); select SCOPE_IDENTITY();@p0 = 28-04-2015 00:00:00 [Type: DateTime (0)]
NHibernate: INSERT INTO Calendar (Value) VALUES (@p0); select SCOPE_IDENTITY();@p0 = 29-04-2015 00:00:00 [Type: DateTime (0)]
NHibernate: INSERT INTO Calendar (Value) VALUES (@p0); select SCOPE_IDENTITY();@p0 = 30-04-2015 00:00:00 [Type: DateTime (0)]
NHibernate: INSERT INTO Calendar (Value) VALUES (@p0); select SCOPE_IDENTITY();@p0 = 01-05-2015 00:00:00 [Type: DateTime (0)]
NHibernate: INSERT INTO Calendar (Value) VALUES (@p0); select SCOPE_IDENTITY();@p0 = 02-05-2015 00:00:00 [Type: DateTime (0)]
NHibernate: INSERT INTO Calendar (Value) VALUES (@p0); select SCOPE_IDENTITY();@p0 = 03-05-2015 00:00:00 [Type: DateTime (0)]
NHibernate: INSERT INTO Calendar (Value) VALUES (@p0); select SCOPE_IDENTITY();@p0 = 04-05-2015 00:00:00 [Type: DateTime (0)]
NHibernate: INSERT INTO Calendar (Value) VALUES (@p0); select SCOPE_IDENTITY();@p0 = 05-05-2015 00:00:00 [Type: DateTime (0)]
NHibernate: INSERT INTO Calendar (Value) VALUES (@p0); select SCOPE_IDENTITY();@p0 = 06-05-2015 00:00:00 [Type: DateTime (0)]
NHibernate: INSERT INTO Calendar (Value) VALUES (@p0); select SCOPE_IDENTITY();@p0 = 07-05-2015 00:00:00 [Type: DateTime (0)]
NHibernate: INSERT INTO Calendar (Value) VALUES (@p0); select SCOPE_IDENTITY();@p0 = 08-05-2015 00:00:00 [Type: DateTime (0)]
NHibernate: INSERT INTO Calendar (Value) VALUES (@p0); select SCOPE_IDENTITY();@p0 = 09-05-2015 00:00:00 [Type: DateTime (0)]
NHibernate: INSERT INTO Calendar (Value) VALUES (@p0); select SCOPE_IDENTITY();@p0 = 10-05-2015 00:00:00 [Type: DateTime (0)]
NHibernate: INSERT INTO Calendar (Value) VALUES (@p0); select SCOPE_IDENTITY();@p0 = 11-05-2015 00:00:00 [Type: DateTime (0)]
NHibernate: INSERT INTO Calendar (Value) VALUES (@p0); select SCOPE_IDENTITY();@p0 = 12-05-2015 00:00:00 [Type: DateTime (0)]
NHibernate: INSERT INTO Calendar (Value) VALUES (@p0); select SCOPE_IDENTITY();@p0 = 13-05-2015 00:00:00 [Type: DateTime (0)]
NHibernate: INSERT INTO Calendar (Value) VALUES (@p0); select SCOPE_IDENTITY();@p0 = 14-05-2015 00:00:00 [Type: DateTime (0)]
NHibernate: INSERT INTO Calendar (Value) VALUES (@p0); select SCOPE_IDENTITY();@p0 = 15-05-2015 00:00:00 [Type: DateTime (0)]
NHibernate: INSERT INTO Calendar (Value) VALUES (@p0); select SCOPE_IDENTITY();@p0 = 16-05-2015 00:00:00 [Type: DateTime (0)]
NHibernate: INSERT INTO Calendar (Value) VALUES (@p0); select SCOPE_IDENTITY();@p0 = 17-05-2015 00:00:00 [Type: DateTime (0)]
NHibernate: INSERT INTO Calendar (Value) VALUES (@p0); select SCOPE_IDENTITY();@p0 = 18-05-2015 00:00:00 [Type: DateTime (0)]
NHibernate: INSERT INTO Calendar (Value) VALUES (@p0); select SCOPE_IDENTITY();@p0 = 19-05-2015 00:00:00 [Type: DateTime (0)]
NHibernate: INSERT INTO Calendar (Value) VALUES (@p0); select SCOPE_IDENTITY();@p0 = 20-05-2015 00:00:00 [Type: DateTime (0)]
NHibernate: INSERT INTO Calendar (Value) VALUES (@p0); select SCOPE_IDENTITY();@p0 = 21-05-2015 00:00:00 [Type: DateTime (0)]
NHibernate: INSERT INTO Calendar (Value) VALUES (@p0); select SCOPE_IDENTITY();@p0 = 22-05-2015 00:00:00 [Type: DateTime (0)]
NHibernate: INSERT INTO Calendar (Value) VALUES (@p0); select SCOPE_IDENTITY();@p0 = 23-05-2015 00:00:00 [Type: DateTime (0)]
NHibernate: INSERT INTO Calendar (Value) VALUES (@p0); select SCOPE_IDENTITY();@p0 = 24-05-2015 00:00:00 [Type: DateTime (0)]
NHibernate: INSERT INTO Calendar (Value) VALUES (@p0); select SCOPE_IDENTITY();@p0 = 25-05-2015 00:00:00 [Type: DateTime (0)]
NHibernate: INSERT INTO Calendar (Value) VALUES (@p0); select SCOPE_IDENTITY();@p0 = 26-05-2015 00:00:00 [Type: DateTime (0)]
NHibernate: INSERT INTO Calendar (Value) VALUES (@p0); select SCOPE_IDENTITY();@p0 = 27-05-2015 00:00:00 [Type: DateTime (0)]
NHibernate: INSERT INTO Calendar (Value) VALUES (@p0); select SCOPE_IDENTITY();@p0 = 28-05-2015 00:00:00 [Type: DateTime (0)]
NHibernate: INSERT INTO Calendar (Value) VALUES (@p0); select SCOPE_IDENTITY();@p0 = 29-05-2015 00:00:00 [Type: DateTime (0)]
NHibernate: INSERT INTO Calendar (Value) VALUES (@p0); select SCOPE_IDENTITY();@p0 = 30-05-2015 00:00:00 [Type: DateTime (0)]
NHibernate: INSERT INTO Calendar (Value) VALUES (@p0); select SCOPE_IDENTITY();@p0 = 31-05-2015 00:00:00 [Type: DateTime (0)]
NHibernate: INSERT INTO Calendar (Value) VALUES (@p0); select SCOPE_IDENTITY();@p0 = 01-06-2015 00:00:00 [Type: DateTime (0)]
NHibernate: INSERT INTO Calendar (Value) VALUES (@p0); select SCOPE_IDENTITY();@p0 = 02-06-2015 00:00:00 [Type: DateTime (0)]
NHibernate: INSERT INTO Calendar (Value) VALUES (@p0); select SCOPE_IDENTITY();@p0 = 03-06-2015 00:00:00 [Type: DateTime (0)]
NHibernate: INSERT INTO Calendar (Value) VALUES (@p0); select SCOPE_IDENTITY();@p0 = 04-06-2015 00:00:00 [Type: DateTime (0)]
NHibernate: INSERT INTO Calendar (Value) VALUES (@p0); select SCOPE_IDENTITY();@p0 = 05-06-2015 00:00:00 [Type: DateTime (0)]
NHibernate: INSERT INTO Calendar (Value) VALUES (@p0); select SCOPE_IDENTITY();@p0 = 06-06-2015 00:00:00 [Type: DateTime (0)]
NHibernate: INSERT INTO Calendar (Value) VALUES (@p0); select SCOPE_IDENTITY();@p0 = 07-06-2015 00:00:00 [Type: DateTime (0)]
NHibernate: INSERT INTO Calendar (Value) VALUES (@p0); select SCOPE_IDENTITY();@p0 = 08-06-2015 00:00:00 [Type: DateTime (0)]
NHibernate: INSERT INTO Calendar (Value) VALUES (@p0); select SCOPE_IDENTITY();@p0 = 09-06-2015 00:00:00 [Type: DateTime (0)]
NHibernate: INSERT INTO Calendar (Value) VALUES (@p0); select SCOPE_IDENTITY();@p0 = 10-06-2015 00:00:00 [Type: DateTime (0)]
NHibernate: INSERT INTO Calendar (Value) VALUES (@p0); select SCOPE_IDENTITY();@p0 = 11-06-2015 00:00:00 [Type: DateTime (0)]
NHibernate: INSERT INTO Calendar (Value) VALUES (@p0); select SCOPE_IDENTITY();@p0 = 12-06-2015 00:00:00 [Type: DateTime (0)]
NHibernate: INSERT INTO Calendar (Value) VALUES (@p0); select SCOPE_IDENTITY();@p0 = 13-06-2015 00:00:00 [Type: DateTime (0)]
NHibernate: INSERT INTO Calendar (Value) VALUES (@p0); select SCOPE_IDENTITY();@p0 = 14-06-2015 00:00:00 [Type: DateTime (0)]
NHibernate: INSERT INTO Calendar (Value) VALUES (@p0); select SCOPE_IDENTITY();@p0 = 15-06-2015 00:00:00 [Type: DateTime (0)]
NHibernate: INSERT INTO Calendar (Value) VALUES (@p0); select SCOPE_IDENTITY();@p0 = 16-06-2015 00:00:00 [Type: DateTime (0)]
NHibernate: INSERT INTO Calendar (Value) VALUES (@p0); select SCOPE_IDENTITY();@p0 = 17-06-2015 00:00:00 [Type: DateTime (0)]
NHibernate: INSERT INTO Calendar (Value) VALUES (@p0); select SCOPE_IDENTITY();@p0 = 18-06-2015 00:00:00 [Type: DateTime (0)]
NHibernate: INSERT INTO Calendar (Value) VALUES (@p0); select SCOPE_IDENTITY();@p0 = 19-06-2015 00:00:00 [Type: DateTime (0)]
NHibernate: INSERT INTO Calendar (Value) VALUES (@p0); select SCOPE_IDENTITY();@p0 = 20-06-2015 00:00:00 [Type: DateTime (0)]
NHibernate: INSERT INTO Calendar (Value) VALUES (@p0); select SCOPE_IDENTITY();@p0 = 21-06-2015 00:00:00 [Type: DateTime (0)]
NHibernate: INSERT INTO Calendar (Value) VALUES (@p0); select SCOPE_IDENTITY();@p0 = 22-06-2015 00:00:00 [Type: DateTime (0)]
NHibernate: INSERT INTO Calendar (Value) VALUES (@p0); select SCOPE_IDENTITY();@p0 = 23-06-2015 00:00:00 [Type: DateTime (0)]
NHibernate: INSERT INTO Calendar (Value) VALUES (@p0); select SCOPE_IDENTITY();@p0 = 24-06-2015 00:00:00 [Type: DateTime (0)]
NHibernate: INSERT INTO Calendar (Value) VALUES (@p0); select SCOPE_IDENTITY();@p0 = 25-06-2015 00:00:00 [Type: DateTime (0)]
NHibernate: INSERT INTO Calendar (Value) VALUES (@p0); select SCOPE_IDENTITY();@p0 = 26-06-2015 00:00:00 [Type: DateTime (0)]
NHibernate: INSERT INTO Calendar (Value) VALUES (@p0); select SCOPE_IDENTITY();@p0 = 27-06-2015 00:00:00 [Type: DateTime (0)]
NHibernate: INSERT INTO Calendar (Value) VALUES (@p0); select SCOPE_IDENTITY();@p0 = 28-06-2015 00:00:00 [Type: DateTime (0)]
NHibernate: INSERT INTO Calendar (Value) VALUES (@p0); select SCOPE_IDENTITY();@p0 = 29-06-2015 00:00:00 [Type: DateTime (0)]
NHibernate: INSERT INTO Calendar (Value) VALUES (@p0); select SCOPE_IDENTITY();@p0 = 30-06-2015 00:00:00 [Type: DateTime (0)]
NHibernate: INSERT INTO Calendar (Value) VALUES (@p0); select SCOPE_IDENTITY();@p0 = 01-07-2015 00:00:00 [Type: DateTime (0)]
NHibernate: INSERT INTO Calendar (Value) VALUES (@p0); select SCOPE_IDENTITY();@p0 = 02-07-2015 00:00:00 [Type: DateTime (0)]
NHibernate: INSERT INTO Calendar (Value) VALUES (@p0); select SCOPE_IDENTITY();@p0 = 03-07-2015 00:00:00 [Type: DateTime (0)]
NHibernate: INSERT INTO Calendar (Value) VALUES (@p0); select SCOPE_IDENTITY();@p0 = 04-07-2015 00:00:00 [Type: DateTime (0)]
NHibernate: INSERT INTO Calendar (Value) VALUES (@p0); select SCOPE_IDENTITY();@p0 = 05-07-2015 00:00:00 [Type: DateTime (0)]
NHibernate: INSERT INTO Calendar (Value) VALUES (@p0); select SCOPE_IDENTITY();@p0 = 06-07-2015 00:00:00 [Type: DateTime (0)]
NHibernate: INSERT INTO Calendar (Value) VALUES (@p0); select SCOPE_IDENTITY();@p0 = 07-07-2015 00:00:00 [Type: DateTime (0)]
NHibernate: INSERT INTO Calendar (Value) VALUES (@p0); select SCOPE_IDENTITY();@p0 = 08-07-2015 00:00:00 [Type: DateTime (0)]
NHibernate: INSERT INTO Calendar (Value) VALUES (@p0); select SCOPE_IDENTITY();@p0 = 09-07-2015 00:00:00 [Type: DateTime (0)]
NHibernate: INSERT INTO Calendar (Value) VALUES (@p0); select SCOPE_IDENTITY();@p0 = 10-07-2015 00:00:00 [Type: DateTime (0)]
NHibernate: INSERT INTO Calendar (Value) VALUES (@p0); select SCOPE_IDENTITY();@p0 = 11-07-2015 00:00:00 [Type: DateTime (0)]
NHibernate: INSERT INTO Calendar (Value) VALUES (@p0); select SCOPE_IDENTITY();@p0 = 12-07-2015 00:00:00 [Type: DateTime (0)]
NHibernate: INSERT INTO Calendar (Value) VALUES (@p0); select SCOPE_IDENTITY();@p0 = 13-07-2015 00:00:00 [Type: DateTime (0)]
NHibernate: INSERT INTO Calendar (Value) VALUES (@p0); select SCOPE_IDENTITY();@p0 = 14-07-2015 00:00:00 [Type: DateTime (0)]
NHibernate: INSERT INTO Calendar (Value) VALUES (@p0); select SCOPE_IDENTITY();@p0 = 15-07-2015 00:00:00 [Type: DateTime (0)]
NHibernate: INSERT INTO Calendar (Value) VALUES (@p0); select SCOPE_IDENTITY();@p0 = 16-07-2015 00:00:00 [Type: DateTime (0)]
NHibernate: INSERT INTO Calendar (Value) VALUES (@p0); select SCOPE_IDENTITY();@p0 = 17-07-2015 00:00:00 [Type: DateTime (0)]
NHibernate: INSERT INTO Calendar (Value) VALUES (@p0); select SCOPE_IDENTITY();@p0 = 18-07-2015 00:00:00 [Type: DateTime (0)]
NHibernate: INSERT INTO Calendar (Value) VALUES (@p0); select SCOPE_IDENTITY();@p0 = 19-07-2015 00:00:00 [Type: DateTime (0)]
NHibernate: INSERT INTO Calendar (Value) VALUES (@p0); select SCOPE_IDENTITY();@p0 = 20-07-2015 00:00:00 [Type: DateTime (0)]
NHibernate: INSERT INTO Calendar (Value) VALUES (@p0); select SCOPE_IDENTITY();@p0 = 21-07-2015 00:00:00 [Type: DateTime (0)]
NHibernate: INSERT INTO Calendar (Value) VALUES (@p0); select SCOPE_IDENTITY();@p0 = 22-07-2015 00:00:00 [Type: DateTime (0)]
NHibernate: INSERT INTO Calendar (Value) VALUES (@p0); select SCOPE_IDENTITY();@p0 = 23-07-2015 00:00:00 [Type: DateTime (0)]
NHibernate: INSERT INTO Calendar (Value) VALUES (@p0); select SCOPE_IDENTITY();@p0 = 24-07-2015 00:00:00 [Type: DateTime (0)]
NHibernate: INSERT INTO Calendar (Value) VALUES (@p0); select SCOPE_IDENTITY();@p0 = 25-07-2015 00:00:00 [Type: DateTime (0)]
NHibernate: INSERT INTO Calendar (Value) VALUES (@p0); select SCOPE_IDENTITY();@p0 = 26-07-2015 00:00:00 [Type: DateTime (0)]
NHibernate: INSERT INTO Calendar (Value) VALUES (@p0); select SCOPE_IDENTITY();@p0 = 27-07-2015 00:00:00 [Type: DateTime (0)]
NHibernate: INSERT INTO Calendar (Value) VALUES (@p0); select SCOPE_IDENTITY();@p0 = 28-07-2015 00:00:00 [Type: DateTime (0)]
NHibernate: INSERT INTO Calendar (Value) VALUES (@p0); select SCOPE_IDENTITY();@p0 = 29-07-2015 00:00:00 [Type: DateTime (0)]
NHibernate: INSERT INTO Calendar (Value) VALUES (@p0); select SCOPE_IDENTITY();@p0 = 30-07-2015 00:00:00 [Type: DateTime (0)]
NHibernate: INSERT INTO Calendar (Value) VALUES (@p0); select SCOPE_IDENTITY();@p0 = 31-07-2015 00:00:00 [Type: DateTime (0)]
NHibernate: INSERT INTO Calendar (Value) VALUES (@p0); select SCOPE_IDENTITY();@p0 = 01-08-2015 00:00:00 [Type: DateTime (0)]
NHibernate: INSERT INTO Calendar (Value) VALUES (@p0); select SCOPE_IDENTITY();@p0 = 02-08-2015 00:00:00 [Type: DateTime (0)]
NHibernate: INSERT INTO Calendar (Value) VALUES (@p0); select SCOPE_IDENTITY();@p0 = 03-08-2015 00:00:00 [Type: DateTime (0)]
NHibernate: INSERT INTO Calendar (Value) VALUES (@p0); select SCOPE_IDENTITY();@p0 = 04-08-2015 00:00:00 [Type: DateTime (0)]
NHibernate: INSERT INTO Calendar (Value) VALUES (@p0); select SCOPE_IDENTITY();@p0 = 05-08-2015 00:00:00 [Type: DateTime (0)]
NHibernate: INSERT INTO Calendar (Value) VALUES (@p0); select SCOPE_IDENTITY();@p0 = 06-08-2015 00:00:00 [Type: DateTime (0)]
NHibernate: INSERT INTO Calendar (Value) VALUES (@p0); select SCOPE_IDENTITY();@p0 = 07-08-2015 00:00:00 [Type: DateTime (0)]
NHibernate: INSERT INTO Calendar (Value) VALUES (@p0); select SCOPE_IDENTITY();@p0 = 08-08-2015 00:00:00 [Type: DateTime (0)]
NHibernate: INSERT INTO Calendar (Value) VALUES (@p0); select SCOPE_IDENTITY();@p0 = 09-08-2015 00:00:00 [Type: DateTime (0)]
NHibernate: INSERT INTO Calendar (Value) VALUES (@p0); select SCOPE_IDENTITY();@p0 = 10-08-2015 00:00:00 [Type: DateTime (0)]
NHibernate: INSERT INTO Calendar (Value) VALUES (@p0); select SCOPE_IDENTITY();@p0 = 11-08-2015 00:00:00 [Type: DateTime (0)]
NHibernate: INSERT INTO Calendar (Value) VALUES (@p0); select SCOPE_IDENTITY();@p0 = 12-08-2015 00:00:00 [Type: DateTime (0)]
NHibernate: INSERT INTO Calendar (Value) VALUES (@p0); select SCOPE_IDENTITY();@p0 = 13-08-2015 00:00:00 [Type: DateTime (0)]
NHibernate: INSERT INTO Calendar (Value) VALUES (@p0); select SCOPE_IDENTITY();@p0 = 14-08-2015 00:00:00 [Type: DateTime (0)]
NHibernate: INSERT INTO Calendar (Value) VALUES (@p0); select SCOPE_IDENTITY();@p0 = 15-08-2015 00:00:00 [Type: DateTime (0)]
NHibernate: INSERT INTO Calendar (Value) VALUES (@p0); select SCOPE_IDENTITY();@p0 = 16-08-2015 00:00:00 [Type: DateTime (0)]
NHibernate: INSERT INTO Calendar (Value) VALUES (@p0); select SCOPE_IDENTITY();@p0 = 17-08-2015 00:00:00 [Type: DateTime (0)]
NHibernate: INSERT INTO Calendar (Value) VALUES (@p0); select SCOPE_IDENTITY();@p0 = 18-08-2015 00:00:00 [Type: DateTime (0)]
NHibernate: INSERT INTO Calendar (Value) VALUES (@p0); select SCOPE_IDENTITY();@p0 = 19-08-2015 00:00:00 [Type: DateTime (0)]
NHibernate: INSERT INTO Calendar (Value) VALUES (@p0); select SCOPE_IDENTITY();@p0 = 20-08-2015 00:00:00 [Type: DateTime (0)]
NHibernate: INSERT INTO Calendar (Value) VALUES (@p0); select SCOPE_IDENTITY();@p0 = 21-08-2015 00:00:00 [Type: DateTime (0)]
NHibernate: INSERT INTO Calendar (Value) VALUES (@p0); select SCOPE_IDENTITY();@p0 = 22-08-2015 00:00:00 [Type: DateTime (0)]
NHibernate: INSERT INTO Calendar (Value) VALUES (@p0); select SCOPE_IDENTITY();@p0 = 23-08-2015 00:00:00 [Type: DateTime (0)]
NHibernate: INSERT INTO Calendar (Value) VALUES (@p0); select SCOPE_IDENTITY();@p0 = 24-08-2015 00:00:00 [Type: DateTime (0)]
NHibernate: INSERT INTO Calendar (Value) VALUES (@p0); select SCOPE_IDENTITY();@p0 = 25-08-2015 00:00:00 [Type: DateTime (0)]
NHibernate: INSERT INTO Calendar (Value) VALUES (@p0); select SCOPE_IDENTITY();@p0 = 26-08-2015 00:00:00 [Type: DateTime (0)]
NHibernate: INSERT INTO Calendar (Value) VALUES (@p0); select SCOPE_IDENTITY();@p0 = 27-08-2015 00:00:00 [Type: DateTime (0)]
NHibernate: INSERT INTO Calendar (Value) VALUES (@p0); select SCOPE_IDENTITY();@p0 = 28-08-2015 00:00:00 [Type: DateTime (0)]
NHibernate: INSERT INTO Calendar (Value) VALUES (@p0); select SCOPE_IDENTITY();@p0 = 29-08-2015 00:00:00 [Type: DateTime (0)]
NHibernate: INSERT INTO Calendar (Value) VALUES (@p0); select SCOPE_IDENTITY();@p0 = 30-08-2015 00:00:00 [Type: DateTime (0)]
NHibernate: INSERT INTO Calendar (Value) VALUES (@p0); select SCOPE_IDENTITY();@p0 = 31-08-2015 00:00:00 [Type: DateTime (0)]
NHibernate: INSERT INTO Calendar (Value) VALUES (@p0); select SCOPE_IDENTITY();@p0 = 01-09-2015 00:00:00 [Type: DateTime (0)]
NHibernate: INSERT INTO Calendar (Value) VALUES (@p0); select SCOPE_IDENTITY();@p0 = 02-09-2015 00:00:00 [Type: DateTime (0)]
NHibernate: INSERT INTO Calendar (Value) VALUES (@p0); select SCOPE_IDENTITY();@p0 = 03-09-2015 00:00:00 [Type: DateTime (0)]
NHibernate: INSERT INTO Calendar (Value) VALUES (@p0); select SCOPE_IDENTITY();@p0 = 04-09-2015 00:00:00 [Type: DateTime (0)]
NHibernate: INSERT INTO Calendar (Value) VALUES (@p0); select SCOPE_IDENTITY();@p0 = 05-09-2015 00:00:00 [Type: DateTime (0)]
NHibernate: INSERT INTO Calendar (Value) VALUES (@p0); select SCOPE_IDENTITY();@p0 = 06-09-2015 00:00:00 [Type: DateTime (0)]
NHibernate: INSERT INTO Calendar (Value) VALUES (@p0); select SCOPE_IDENTITY();@p0 = 07-09-2015 00:00:00 [Type: DateTime (0)]
NHibernate: INSERT INTO Calendar (Value) VALUES (@p0); select SCOPE_IDENTITY();@p0 = 08-09-2015 00:00:00 [Type: DateTime (0)]
NHibernate: INSERT INTO Calendar (Value) VALUES (@p0); select SCOPE_IDENTITY();@p0 = 09-09-2015 00:00:00 [Type: DateTime (0)]
NHibernate: INSERT INTO Calendar (Value) VALUES (@p0); select SCOPE_IDENTITY();@p0 = 10-09-2015 00:00:00 [Type: DateTime (0)]
NHibernate: INSERT INTO Calendar (Value) VALUES (@p0); select SCOPE_IDENTITY();@p0 = 11-09-2015 00:00:00 [Type: DateTime (0)]
NHibernate: INSERT INTO Calendar (Value) VALUES (@p0); select SCOPE_IDENTITY();@p0 = 12-09-2015 00:00:00 [Type: DateTime (0)]
NHibernate: INSERT INTO Calendar (Value) VALUES (@p0); select SCOPE_IDENTITY();@p0 = 13-09-2015 00:00:00 [Type: DateTime (0)]
NHibernate: INSERT INTO Calendar (Value) VALUES (@p0); select SCOPE_IDENTITY();@p0 = 14-09-2015 00:00:00 [Type: DateTime (0)]
NHibernate: INSERT INTO Calendar (Value) VALUES (@p0); select SCOPE_IDENTITY();@p0 = 15-09-2015 00:00:00 [Type: DateTime (0)]
NHibernate: INSERT INTO Calendar (Value) VALUES (@p0); select SCOPE_IDENTITY();@p0 = 16-09-2015 00:00:00 [Type: DateTime (0)]
NHibernate: INSERT INTO Calendar (Value) VALUES (@p0); select SCOPE_IDENTITY();@p0 = 17-09-2015 00:00:00 [Type: DateTime (0)]
NHibernate: INSERT INTO Calendar (Value) VALUES (@p0); select SCOPE_IDENTITY();@p0 = 18-09-2015 00:00:00 [Type: DateTime (0)]
NHibernate: INSERT INTO Calendar (Value) VALUES (@p0); select SCOPE_IDENTITY();@p0 = 19-09-2015 00:00:00 [Type: DateTime (0)]
NHibernate: INSERT INTO Calendar (Value) VALUES (@p0); select SCOPE_IDENTITY();@p0 = 20-09-2015 00:00:00 [Type: DateTime (0)]
NHibernate: INSERT INTO Calendar (Value) VALUES (@p0); select SCOPE_IDENTITY();@p0 = 21-09-2015 00:00:00 [Type: DateTime (0)]
NHibernate: INSERT INTO Calendar (Value) VALUES (@p0); select SCOPE_IDENTITY();@p0 = 22-09-2015 00:00:00 [Type: DateTime (0)]
NHibernate: INSERT INTO Calendar (Value) VALUES (@p0); select SCOPE_IDENTITY();@p0 = 23-09-2015 00:00:00 [Type: DateTime (0)]
NHibernate: INSERT INTO Calendar (Value) VALUES (@p0); select SCOPE_IDENTITY();@p0 = 24-09-2015 00:00:00 [Type: DateTime (0)]
NHibernate: INSERT INTO Calendar (Value) VALUES (@p0); select SCOPE_IDENTITY();@p0 = 25-09-2015 00:00:00 [Type: DateTime (0)]
NHibernate: INSERT INTO Calendar (Value) VALUES (@p0); select SCOPE_IDENTITY();@p0 = 26-09-2015 00:00:00 [Type: DateTime (0)]
NHibernate: INSERT INTO Calendar (Value) VALUES (@p0); select SCOPE_IDENTITY();@p0 = 27-09-2015 00:00:00 [Type: DateTime (0)]
NHibernate: INSERT INTO Calendar (Value) VALUES (@p0); select SCOPE_IDENTITY();@p0 = 28-09-2015 00:00:00 [Type: DateTime (0)]
NHibernate: INSERT INTO Calendar (Value) VALUES (@p0); select SCOPE_IDENTITY();@p0 = 29-09-2015 00:00:00 [Type: DateTime (0)]
NHibernate: INSERT INTO Calendar (Value) VALUES (@p0); select SCOPE_IDENTITY();@p0 = 30-09-2015 00:00:00 [Type: DateTime (0)]
NHibernate: INSERT INTO Calendar (Value) VALUES (@p0); select SCOPE_IDENTITY();@p0 = 01-10-2015 00:00:00 [Type: DateTime (0)]
NHibernate: INSERT INTO Calendar (Value) VALUES (@p0); select SCOPE_IDENTITY();@p0 = 02-10-2015 00:00:00 [Type: DateTime (0)]
NHibernate: INSERT INTO Calendar (Value) VALUES (@p0); select SCOPE_IDENTITY();@p0 = 03-10-2015 00:00:00 [Type: DateTime (0)]
NHibernate: INSERT INTO Calendar (Value) VALUES (@p0); select SCOPE_IDENTITY();@p0 = 04-10-2015 00:00:00 [Type: DateTime (0)]
NHibernate: INSERT INTO Calendar (Value) VALUES (@p0); select SCOPE_IDENTITY();@p0 = 05-10-2015 00:00:00 [Type: DateTime (0)]
NHibernate: INSERT INTO Calendar (Value) VALUES (@p0); select SCOPE_IDENTITY();@p0 = 06-10-2015 00:00:00 [Type: DateTime (0)]
NHibernate: INSERT INTO Calendar (Value) VALUES (@p0); select SCOPE_IDENTITY();@p0 = 07-10-2015 00:00:00 [Type: DateTime (0)]
NHibernate: INSERT INTO Calendar (Value) VALUES (@p0); select SCOPE_IDENTITY();@p0 = 08-10-2015 00:00:00 [Type: DateTime (0)]
NHibernate: INSERT INTO Calendar (Value) VALUES (@p0); select SCOPE_IDENTITY();@p0 = 09-10-2015 00:00:00 [Type: DateTime (0)]
NHibernate: INSERT INTO Calendar (Value) VALUES (@p0); select SCOPE_IDENTITY();@p0 = 10-10-2015 00:00:00 [Type: DateTime (0)]
NHibernate: INSERT INTO Calendar (Value) VALUES (@p0); select SCOPE_IDENTITY();@p0 = 11-10-2015 00:00:00 [Type: DateTime (0)]
NHibernate: INSERT INTO Calendar (Value) VALUES (@p0); select SCOPE_IDENTITY();@p0 = 12-10-2015 00:00:00 [Type: DateTime (0)]
NHibernate: INSERT INTO Calendar (Value) VALUES (@p0); select SCOPE_IDENTITY();@p0 = 13-10-2015 00:00:00 [Type: DateTime (0)]
NHibernate: INSERT INTO Calendar (Value) VALUES (@p0); select SCOPE_IDENTITY();@p0 = 14-10-2015 00:00:00 [Type: DateTime (0)]
NHibernate: INSERT INTO Calendar (Value) VALUES (@p0); select SCOPE_IDENTITY();@p0 = 15-10-2015 00:00:00 [Type: DateTime (0)]
NHibernate: INSERT INTO Calendar (Value) VALUES (@p0); select SCOPE_IDENTITY();@p0 = 16-10-2015 00:00:00 [Type: DateTime (0)]
NHibernate: INSERT INTO Calendar (Value) VALUES (@p0); select SCOPE_IDENTITY();@p0 = 17-10-2015 00:00:00 [Type: DateTime (0)]
NHibernate: INSERT INTO Calendar (Value) VALUES (@p0); select SCOPE_IDENTITY();@p0 = 18-10-2015 00:00:00 [Type: DateTime (0)]
NHibernate: INSERT INTO Calendar (Value) VALUES (@p0); select SCOPE_IDENTITY();@p0 = 19-10-2015 00:00:00 [Type: DateTime (0)]
NHibernate: INSERT INTO Calendar (Value) VALUES (@p0); select SCOPE_IDENTITY();@p0 = 20-10-2015 00:00:00 [Type: DateTime (0)]
NHibernate: INSERT INTO Calendar (Value) VALUES (@p0); select SCOPE_IDENTITY();@p0 = 21-10-2015 00:00:00 [Type: DateTime (0)]
NHibernate: INSERT INTO Calendar (Value) VALUES (@p0); select SCOPE_IDENTITY();@p0 = 22-10-2015 00:00:00 [Type: DateTime (0)]
NHibernate: INSERT INTO Calendar (Value) VALUES (@p0); select SCOPE_IDENTITY();@p0 = 23-10-2015 00:00:00 [Type: DateTime (0)]
NHibernate: INSERT INTO Calendar (Value) VALUES (@p0); select SCOPE_IDENTITY();@p0 = 24-10-2015 00:00:00 [Type: DateTime (0)]
NHibernate: INSERT INTO Calendar (Value) VALUES (@p0); select SCOPE_IDENTITY();@p0 = 25-10-2015 00:00:00 [Type: DateTime (0)]
NHibernate: INSERT INTO Calendar (Value) VALUES (@p0); select SCOPE_IDENTITY();@p0 = 26-10-2015 00:00:00 [Type: DateTime (0)]
NHibernate: INSERT INTO Calendar (Value) VALUES (@p0); select SCOPE_IDENTITY();@p0 = 27-10-2015 00:00:00 [Type: DateTime (0)]
NHibernate: INSERT INTO Calendar (Value) VALUES (@p0); select SCOPE_IDENTITY();@p0 = 28-10-2015 00:00:00 [Type: DateTime (0)]
NHibernate: INSERT INTO Calendar (Value) VALUES (@p0); select SCOPE_IDENTITY();@p0 = 29-10-2015 00:00:00 [Type: DateTime (0)]
NHibernate: INSERT INTO Calendar (Value) VALUES (@p0); select SCOPE_IDENTITY();@p0 = 30-10-2015 00:00:00 [Type: DateTime (0)]
NHibernate: INSERT INTO Calendar (Value) VALUES (@p0); select SCOPE_IDENTITY();@p0 = 31-10-2015 00:00:00 [Type: DateTime (0)]
NHibernate: INSERT INTO Calendar (Value) VALUES (@p0); select SCOPE_IDENTITY();@p0 = 01-11-2015 00:00:00 [Type: DateTime (0)]
NHibernate: INSERT INTO Calendar (Value) VALUES (@p0); select SCOPE_IDENTITY();@p0 = 02-11-2015 00:00:00 [Type: DateTime (0)]
NHibernate: INSERT INTO Calendar (Value) VALUES (@p0); select SCOPE_IDENTITY();@p0 = 03-11-2015 00:00:00 [Type: DateTime (0)]
NHibernate: INSERT INTO Calendar (Value) VALUES (@p0); select SCOPE_IDENTITY();@p0 = 04-11-2015 00:00:00 [Type: DateTime (0)]
NHibernate: INSERT INTO Calendar (Value) VALUES (@p0); select SCOPE_IDENTITY();@p0 = 05-11-2015 00:00:00 [Type: DateTime (0)]
NHibernate: INSERT INTO Calendar (Value) VALUES (@p0); select SCOPE_IDENTITY();@p0 = 06-11-2015 00:00:00 [Type: DateTime (0)]
NHibernate: INSERT INTO Calendar (Value) VALUES (@p0); select SCOPE_IDENTITY();@p0 = 07-11-2015 00:00:00 [Type: DateTime (0)]
NHibernate: INSERT INTO Calendar (Value) VALUES (@p0); select SCOPE_IDENTITY();@p0 = 08-11-2015 00:00:00 [Type: DateTime (0)]
NHibernate: INSERT INTO Calendar (Value) VALUES (@p0); select SCOPE_IDENTITY();@p0 = 09-11-2015 00:00:00 [Type: DateTime (0)]
NHibernate: INSERT INTO Calendar (Value) VALUES (@p0); select SCOPE_IDENTITY();@p0 = 10-11-2015 00:00:00 [Type: DateTime (0)]
NHibernate: INSERT INTO Calendar (Value) VALUES (@p0); select SCOPE_IDENTITY();@p0 = 11-11-2015 00:00:00 [Type: DateTime (0)]
NHibernate: INSERT INTO Calendar (Value) VALUES (@p0); select SCOPE_IDENTITY();@p0 = 12-11-2015 00:00:00 [Type: DateTime (0)]
NHibernate: INSERT INTO Calendar (Value) VALUES (@p0); select SCOPE_IDENTITY();@p0 = 13-11-2015 00:00:00 [Type: DateTime (0)]
NHibernate: INSERT INTO Calendar (Value) VALUES (@p0); select SCOPE_IDENTITY();@p0 = 14-11-2015 00:00:00 [Type: DateTime (0)]
NHibernate: INSERT INTO Calendar (Value) VALUES (@p0); select SCOPE_IDENTITY();@p0 = 15-11-2015 00:00:00 [Type: DateTime (0)]
NHibernate: INSERT INTO Calendar (Value) VALUES (@p0); select SCOPE_IDENTITY();@p0 = 16-11-2015 00:00:00 [Type: DateTime (0)]
NHibernate: INSERT INTO Calendar (Value) VALUES (@p0); select SCOPE_IDENTITY();@p0 = 17-11-2015 00:00:00 [Type: DateTime (0)]
NHibernate: INSERT INTO Calendar (Value) VALUES (@p0); select SCOPE_IDENTITY();@p0 = 18-11-2015 00:00:00 [Type: DateTime (0)]
NHibernate: INSERT INTO Calendar (Value) VALUES (@p0); select SCOPE_IDENTITY();@p0 = 19-11-2015 00:00:00 [Type: DateTime (0)]
NHibernate: INSERT INTO Calendar (Value) VALUES (@p0); select SCOPE_IDENTITY();@p0 = 20-11-2015 00:00:00 [Type: DateTime (0)]
NHibernate: INSERT INTO Calendar (Value) VALUES (@p0); select SCOPE_IDENTITY();@p0 = 21-11-2015 00:00:00 [Type: DateTime (0)]
NHibernate: INSERT INTO Calendar (Value) VALUES (@p0); select SCOPE_IDENTITY();@p0 = 22-11-2015 00:00:00 [Type: DateTime (0)]
NHibernate: INSERT INTO Calendar (Value) VALUES (@p0); select SCOPE_IDENTITY();@p0 = 23-11-2015 00:00:00 [Type: DateTime (0)]
NHibernate: INSERT INTO Calendar (Value) VALUES (@p0); select SCOPE_IDENTITY();@p0 = 24-11-2015 00:00:00 [Type: DateTime (0)]
NHibernate: INSERT INTO Calendar (Value) VALUES (@p0); select SCOPE_IDENTITY();@p0 = 25-11-2015 00:00:00 [Type: DateTime (0)]
NHibernate: INSERT INTO Calendar (Value) VALUES (@p0); select SCOPE_IDENTITY();@p0 = 26-11-2015 00:00:00 [Type: DateTime (0)]
NHibernate: INSERT INTO Calendar (Value) VALUES (@p0); select SCOPE_IDENTITY();@p0 = 27-11-2015 00:00:00 [Type: DateTime (0)]
NHibernate: INSERT INTO Calendar (Value) VALUES (@p0); select SCOPE_IDENTITY();@p0 = 28-11-2015 00:00:00 [Type: DateTime (0)]
NHibernate: INSERT INTO Calendar (Value) VALUES (@p0); select SCOPE_IDENTITY();@p0 = 29-11-2015 00:00:00 [Type: DateTime (0)]
NHibernate: INSERT INTO Calendar (Value) VALUES (@p0); select SCOPE_IDENTITY();@p0 = 30-11-2015 00:00:00 [Type: DateTime (0)]
NHibernate: INSERT INTO Calendar (Value) VALUES (@p0); select SCOPE_IDENTITY();@p0 = 01-12-2015 00:00:00 [Type: DateTime (0)]
NHibernate: INSERT INTO Calendar (Value) VALUES (@p0); select SCOPE_IDENTITY();@p0 = 02-12-2015 00:00:00 [Type: DateTime (0)]
NHibernate: INSERT INTO Calendar (Value) VALUES (@p0); select SCOPE_IDENTITY();@p0 = 03-12-2015 00:00:00 [Type: DateTime (0)]
NHibernate: INSERT INTO Calendar (Value) VALUES (@p0); select SCOPE_IDENTITY();@p0 = 04-12-2015 00:00:00 [Type: DateTime (0)]
NHibernate: INSERT INTO Calendar (Value) VALUES (@p0); select SCOPE_IDENTITY();@p0 = 05-12-2015 00:00:00 [Type: DateTime (0)]
NHibernate: INSERT INTO Calendar (Value) VALUES (@p0); select SCOPE_IDENTITY();@p0 = 06-12-2015 00:00:00 [Type: DateTime (0)]
NHibernate: INSERT INTO Calendar (Value) VALUES (@p0); select SCOPE_IDENTITY();@p0 = 07-12-2015 00:00:00 [Type: DateTime (0)]
NHibernate: INSERT INTO Calendar (Value) VALUES (@p0); select SCOPE_IDENTITY();@p0 = 08-12-2015 00:00:00 [Type: DateTime (0)]
NHibernate: INSERT INTO Calendar (Value) VALUES (@p0); select SCOPE_IDENTITY();@p0 = 09-12-2015 00:00:00 [Type: DateTime (0)]
NHibernate: INSERT INTO Calendar (Value) VALUES (@p0); select SCOPE_IDENTITY();@p0 = 10-12-2015 00:00:00 [Type: DateTime (0)]
NHibernate: INSERT INTO Calendar (Value) VALUES (@p0); select SCOPE_IDENTITY();@p0 = 11-12-2015 00:00:00 [Type: DateTime (0)]
NHibernate: INSERT INTO Calendar (Value) VALUES (@p0); select SCOPE_IDENTITY();@p0 = 12-12-2015 00:00:00 [Type: DateTime (0)]
NHibernate: INSERT INTO Calendar (Value) VALUES (@p0); select SCOPE_IDENTITY();@p0 = 13-12-2015 00:00:00 [Type: DateTime (0)]
NHibernate: INSERT INTO Calendar (Value) VALUES (@p0); select SCOPE_IDENTITY();@p0 = 14-12-2015 00:00:00 [Type: DateTime (0)]
NHibernate: INSERT INTO Calendar (Value) VALUES (@p0); select SCOPE_IDENTITY();@p0 = 15-12-2015 00:00:00 [Type: DateTime (0)]
NHibernate: INSERT INTO Calendar (Value) VALUES (@p0); select SCOPE_IDENTITY();@p0 = 16-12-2015 00:00:00 [Type: DateTime (0)]
NHibernate: INSERT INTO Calendar (Value) VALUES (@p0); select SCOPE_IDENTITY();@p0 = 17-12-2015 00:00:00 [Type: DateTime (0)]
NHibernate: INSERT INTO Calendar (Value) VALUES (@p0); select SCOPE_IDENTITY();@p0 = 18-12-2015 00:00:00 [Type: DateTime (0)]
NHibernate: INSERT INTO Calendar (Value) VALUES (@p0); select SCOPE_IDENTITY();@p0 = 19-12-2015 00:00:00 [Type: DateTime (0)]
NHibernate: INSERT INTO Calendar (Value) VALUES (@p0); select SCOPE_IDENTITY();@p0 = 20-12-2015 00:00:00 [Type: DateTime (0)]
NHibernate: INSERT INTO Calendar (Value) VALUES (@p0); select SCOPE_IDENTITY();@p0 = 21-12-2015 00:00:00 [Type: DateTime (0)]
NHibernate: INSERT INTO Calendar (Value) VALUES (@p0); select SCOPE_IDENTITY();@p0 = 22-12-2015 00:00:00 [Type: DateTime (0)]
NHibernate: INSERT INTO Calendar (Value) VALUES (@p0); select SCOPE_IDENTITY();@p0 = 23-12-2015 00:00:00 [Type: DateTime (0)]
NHibernate: INSERT INTO Calendar (Value) VALUES (@p0); select SCOPE_IDENTITY();@p0 = 24-12-2015 00:00:00 [Type: DateTime (0)]
NHibernate: INSERT INTO Calendar (Value) VALUES (@p0); select SCOPE_IDENTITY();@p0 = 25-12-2015 00:00:00 [Type: DateTime (0)]
NHibernate: INSERT INTO Calendar (Value) VALUES (@p0); select SCOPE_IDENTITY();@p0 = 26-12-2015 00:00:00 [Type: DateTime (0)]
NHibernate: INSERT INTO Calendar (Value) VALUES (@p0); select SCOPE_IDENTITY();@p0 = 27-12-2015 00:00:00 [Type: DateTime (0)]
NHibernate: INSERT INTO Calendar (Value) VALUES (@p0); select SCOPE_IDENTITY();@p0 = 28-12-2015 00:00:00 [Type: DateTime (0)]
NHibernate: INSERT INTO Calendar (Value) VALUES (@p0); select SCOPE_IDENTITY();@p0 = 29-12-2015 00:00:00 [Type: DateTime (0)]
NHibernate: INSERT INTO Calendar (Value) VALUES (@p0); select SCOPE_IDENTITY();@p0 = 30-12-2015 00:00:00 [Type: DateTime (0)]
NHibernate: INSERT INTO Calendar (Value) VALUES (@p0); select SCOPE_IDENTITY();@p0 = 31-12-2015 00:00:00 [Type: DateTime (0)]
NHibernate: INSERT INTO Calendar (Value) VALUES (@p0); select SCOPE_IDENTITY();@p0 = 01-01-2016 00:00:00 [Type: DateTime (0)]
NHibernate: INSERT INTO Calendar (Value) VALUES (@p0); select SCOPE_IDENTITY();@p0 = 02-01-2016 00:00:00 [Type: DateTime (0)]
NHibernate: INSERT INTO Calendar (Value) VALUES (@p0); select SCOPE_IDENTITY();@p0 = 03-01-2016 00:00:00 [Type: DateTime (0)]
NHibernate: INSERT INTO Calendar (Value) VALUES (@p0); select SCOPE_IDENTITY();@p0 = 04-01-2016 00:00:00 [Type: DateTime (0)]
NHibernate: INSERT INTO Calendar (Value) VALUES (@p0); select SCOPE_IDENTITY();@p0 = 05-01-2016 00:00:00 [Type: DateTime (0)]
NHibernate: INSERT INTO Calendar (Value) VALUES (@p0); select SCOPE_IDENTITY();@p0 = 06-01-2016 00:00:00 [Type: DateTime (0)]
NHibernate: INSERT INTO Calendar (Value) VALUES (@p0); select SCOPE_IDENTITY();@p0 = 07-01-2016 00:00:00 [Type: DateTime (0)]
NHibernate: INSERT INTO Calendar (Value) VALUES (@p0); select SCOPE_IDENTITY();@p0 = 08-01-2016 00:00:00 [Type: DateTime (0)]
NHibernate: INSERT INTO Calendar (Value) VALUES (@p0); select SCOPE_IDENTITY();@p0 = 09-01-2016 00:00:00 [Type: DateTime (0)]
NHibernate: INSERT INTO Calendar (Value) VALUES (@p0); select SCOPE_IDENTITY();@p0 = 10-01-2016 00:00:00 [Type: DateTime (0)]
NHibernate: INSERT INTO Calendar (Value) VALUES (@p0); select SCOPE_IDENTITY();@p0 = 11-01-2016 00:00:00 [Type: DateTime (0)]
NHibernate: INSERT INTO Calendar (Value) VALUES (@p0); select SCOPE_IDENTITY();@p0 = 12-01-2016 00:00:00 [Type: DateTime (0)]
NHibernate: INSERT INTO Calendar (Value) VALUES (@p0); select SCOPE_IDENTITY();@p0 = 13-01-2016 00:00:00 [Type: DateTime (0)]
NHibernate: INSERT INTO Calendar (Value) VALUES (@p0); select SCOPE_IDENTITY();@p0 = 14-01-2016 00:00:00 [Type: DateTime (0)]
NHibernate: INSERT INTO Calendar (Value) VALUES (@p0); select SCOPE_IDENTITY();@p0 = 15-01-2016 00:00:00 [Type: DateTime (0)]
NHibernate: INSERT INTO Calendar (Value) VALUES (@p0); select SCOPE_IDENTITY();@p0 = 16-01-2016 00:00:00 [Type: DateTime (0)]
NHibernate: INSERT INTO Calendar (Value) VALUES (@p0); select SCOPE_IDENTITY();@p0 = 17-01-2016 00:00:00 [Type: DateTime (0)]
NHibernate: INSERT INTO Calendar (Value) VALUES (@p0); select SCOPE_IDENTITY();@p0 = 18-01-2016 00:00:00 [Type: DateTime (0)]
NHibernate: INSERT INTO Calendar (Value) VALUES (@p0); select SCOPE_IDENTITY();@p0 = 19-01-2016 00:00:00 [Type: DateTime (0)]
NHibernate: INSERT INTO Calendar (Value) VALUES (@p0); select SCOPE_IDENTITY();@p0 = 20-01-2016 00:00:00 [Type: DateTime (0)]
NHibernate: INSERT INTO Calendar (Value) VALUES (@p0); select SCOPE_IDENTITY();@p0 = 21-01-2016 00:00:00 [Type: DateTime (0)]
NHibernate: INSERT INTO Calendar (Value) VALUES (@p0); select SCOPE_IDENTITY();@p0 = 22-01-2016 00:00:00 [Type: DateTime (0)]
NHibernate: INSERT INTO Calendar (Value) VALUES (@p0); select SCOPE_IDENTITY();@p0 = 23-01-2016 00:00:00 [Type: DateTime (0)]
NHibernate: INSERT INTO Calendar (Value) VALUES (@p0); select SCOPE_IDENTITY();@p0 = 24-01-2016 00:00:00 [Type: DateTime (0)]
NHibernate: INSERT INTO Calendar (Value) VALUES (@p0); select SCOPE_IDENTITY();@p0 = 25-01-2016 00:00:00 [Type: DateTime (0)]
NHibernate: INSERT INTO Calendar (Value) VALUES (@p0); select SCOPE_IDENTITY();@p0 = 26-01-2016 00:00:00 [Type: DateTime (0)]
NHibernate: INSERT INTO Calendar (Value) VALUES (@p0); select SCOPE_IDENTITY();@p0 = 27-01-2016 00:00:00 [Type: DateTime (0)]
NHibernate: INSERT INTO Calendar (Value) VALUES (@p0); select SCOPE_IDENTITY();@p0 = 28-01-2016 00:00:00 [Type: DateTime (0)]
NHibernate: INSERT INTO Calendar (Value) VALUES (@p0); select SCOPE_IDENTITY();@p0 = 29-01-2016 00:00:00 [Type: DateTime (0)]
NHibernate: INSERT INTO Calendar (Value) VALUES (@p0); select SCOPE_IDENTITY();@p0 = 30-01-2016 00:00:00 [Type: DateTime (0)]
NHibernate: INSERT INTO Calendar (Value) VALUES (@p0); select SCOPE_IDENTITY();@p0 = 31-01-2016 00:00:00 [Type: DateTime (0)]
NHibernate: INSERT INTO Calendar (Value) VALUES (@p0); select SCOPE_IDENTITY();@p0 = 01-02-2016 00:00:00 [Type: DateTime (0)]
NHibernate: INSERT INTO Calendar (Value) VALUES (@p0); select SCOPE_IDENTITY();@p0 = 02-02-2016 00:00:00 [Type: DateTime (0)]
NHibernate: INSERT INTO Calendar (Value) VALUES (@p0); select SCOPE_IDENTITY();@p0 = 03-02-2016 00:00:00 [Type: DateTime (0)]
NHibernate: INSERT INTO Calendar (Value) VALUES (@p0); select SCOPE_IDENTITY();@p0 = 04-02-2016 00:00:00 [Type: DateTime (0)]
NHibernate: INSERT INTO Calendar (Value) VALUES (@p0); select SCOPE_IDENTITY();@p0 = 05-02-2016 00:00:00 [Type: DateTime (0)]
NHibernate: INSERT INTO Calendar (Value) VALUES (@p0); select SCOPE_IDENTITY();@p0 = 06-02-2016 00:00:00 [Type: DateTime (0)]
NHibernate: INSERT INTO Calendar (Value) VALUES (@p0); select SCOPE_IDENTITY();@p0 = 07-02-2016 00:00:00 [Type: DateTime (0)]
NHibernate: INSERT INTO Calendar (Value) VALUES (@p0); select SCOPE_IDENTITY();@p0 = 08-02-2016 00:00:00 [Type: DateTime (0)]
NHibernate: INSERT INTO Calendar (Value) VALUES (@p0); select SCOPE_IDENTITY();@p0 = 09-02-2016 00:00:00 [Type: DateTime (0)]
NHibernate: INSERT INTO Calendar (Value) VALUES (@p0); select SCOPE_IDENTITY();@p0 = 10-02-2016 00:00:00 [Type: DateTime (0)]
NHibernate: INSERT INTO Calendar (Value) VALUES (@p0); select SCOPE_IDENTITY();@p0 = 11-02-2016 00:00:00 [Type: DateTime (0)]
NHibernate: INSERT INTO Calendar (Value) VALUES (@p0); select SCOPE_IDENTITY();@p0 = 12-02-2016 00:00:00 [Type: DateTime (0)]
NHibernate: INSERT INTO Calendar (Value) VALUES (@p0); select SCOPE_IDENTITY();@p0 = 13-02-2016 00:00:00 [Type: DateTime (0)]
NHibernate: INSERT INTO Calendar (Value) VALUES (@p0); select SCOPE_IDENTITY();@p0 = 14-02-2016 00:00:00 [Type: DateTime (0)]
NHibernate: INSERT INTO Calendar (Value) VALUES (@p0); select SCOPE_IDENTITY();@p0 = 15-02-2016 00:00:00 [Type: DateTime (0)]
NHibernate: INSERT INTO Calendar (Value) VALUES (@p0); select SCOPE_IDENTITY();@p0 = 16-02-2016 00:00:00 [Type: DateTime (0)]
NHibernate: INSERT INTO Calendar (Value) VALUES (@p0); select SCOPE_IDENTITY();@p0 = 17-02-2016 00:00:00 [Type: DateTime (0)]
NHibernate: INSERT INTO Calendar (Value) VALUES (@p0); select SCOPE_IDENTITY();@p0 = 18-02-2016 00:00:00 [Type: DateTime (0)]
NHibernate: INSERT INTO Calendar (Value) VALUES (@p0); select SCOPE_IDENTITY();@p0 = 19-02-2016 00:00:00 [Type: DateTime (0)]
NHibernate: INSERT INTO Calendar (Value) VALUES (@p0); select SCOPE_IDENTITY();@p0 = 20-02-2016 00:00:00 [Type: DateTime (0)]
NHibernate: INSERT INTO Calendar (Value) VALUES (@p0); select SCOPE_IDENTITY();@p0 = 21-02-2016 00:00:00 [Type: DateTime (0)]
NHibernate: INSERT INTO Calendar (Value) VALUES (@p0); select SCOPE_IDENTITY();@p0 = 22-02-2016 00:00:00 [Type: DateTime (0)]
NHibernate: INSERT INTO Calendar (Value) VALUES (@p0); select SCOPE_IDENTITY();@p0 = 23-02-2016 00:00:00 [Type: DateTime (0)]
NHibernate: INSERT INTO Calendar (Value) VALUES (@p0); select SCOPE_IDENTITY();@p0 = 24-02-2016 00:00:00 [Type: DateTime (0)]
NHibernate: INSERT INTO Calendar (Value) VALUES (@p0); select SCOPE_IDENTITY();@p0 = 25-02-2016 00:00:00 [Type: DateTime (0)]
NHibernate: INSERT INTO Calendar (Value) VALUES (@p0); select SCOPE_IDENTITY();@p0 = 26-02-2016 00:00:00 [Type: DateTime (0)]
NHibernate: INSERT INTO Calendar (Value) VALUES (@p0); select SCOPE_IDENTITY();@p0 = 27-02-2016 00:00:00 [Type: DateTime (0)]
NHibernate: INSERT INTO Calendar (Value) VALUES (@p0); select SCOPE_IDENTITY();@p0 = 28-02-2016 00:00:00 [Type: DateTime (0)]
NHibernate: INSERT INTO Calendar (Value) VALUES (@p0); select SCOPE_IDENTITY();@p0 = 29-02-2016 00:00:00 [Type: DateTime (0)]
NHibernate: INSERT INTO Calendar (Value) VALUES (@p0); select SCOPE_IDENTITY();@p0 = 01-03-2016 00:00:00 [Type: DateTime (0)]
NHibernate: INSERT INTO Calendar (Value) VALUES (@p0); select SCOPE_IDENTITY();@p0 = 02-03-2016 00:00:00 [Type: DateTime (0)]
NHibernate: INSERT INTO Calendar (Value) VALUES (@p0); select SCOPE_IDENTITY();@p0 = 03-03-2016 00:00:00 [Type: DateTime (0)]
NHibernate: INSERT INTO Calendar (Value) VALUES (@p0); select SCOPE_IDENTITY();@p0 = 04-03-2016 00:00:00 [Type: DateTime (0)]
NHibernate: INSERT INTO Calendar (Value) VALUES (@p0); select SCOPE_IDENTITY();@p0 = 05-03-2016 00:00:00 [Type: DateTime (0)]
NHibernate: INSERT INTO Calendar (Value) VALUES (@p0); select SCOPE_IDENTITY();@p0 = 06-03-2016 00:00:00 [Type: DateTime (0)]
NHibernate: INSERT INTO Calendar (Value) VALUES (@p0); select SCOPE_IDENTITY();@p0 = 07-03-2016 00:00:00 [Type: DateTime (0)]
NHibernate: INSERT INTO Calendar (Value) VALUES (@p0); select SCOPE_IDENTITY();@p0 = 08-03-2016 00:00:00 [Type: DateTime (0)]
NHibernate: INSERT INTO Calendar (Value) VALUES (@p0); select SCOPE_IDENTITY();@p0 = 09-03-2016 00:00:00 [Type: DateTime (0)]
NHibernate: INSERT INTO Calendar (Value) VALUES (@p0); select SCOPE_IDENTITY();@p0 = 10-03-2016 00:00:00 [Type: DateTime (0)]
NHibernate: INSERT INTO Calendar (Value) VALUES (@p0); select SCOPE_IDENTITY();@p0 = 11-03-2016 00:00:00 [Type: DateTime (0)]
NHibernate: INSERT INTO Calendar (Value) VALUES (@p0); select SCOPE_IDENTITY();@p0 = 12-03-2016 00:00:00 [Type: DateTime (0)]
NHibernate: INSERT INTO Calendar (Value) VALUES (@p0); select SCOPE_IDENTITY();@p0 = 13-03-2016 00:00:00 [Type: DateTime (0)]
NHibernate: INSERT INTO Calendar (Value) VALUES (@p0); select SCOPE_IDENTITY();@p0 = 14-03-2016 00:00:00 [Type: DateTime (0)]
NHibernate: INSERT INTO Calendar (Value) VALUES (@p0); select SCOPE_IDENTITY();@p0 = 15-03-2016 00:00:00 [Type: DateTime (0)]
NHibernate: INSERT INTO Calendar (Value) VALUES (@p0); select SCOPE_IDENTITY();@p0 = 16-03-2016 00:00:00 [Type: DateTime (0)]
NHibernate: INSERT INTO Calendar (Value) VALUES (@p0); select SCOPE_IDENTITY();@p0 = 17-03-2016 00:00:00 [Type: DateTime (0)]
NHibernate: INSERT INTO Calendar (Value) VALUES (@p0); select SCOPE_IDENTITY();@p0 = 18-03-2016 00:00:00 [Type: DateTime (0)]
NHibernate: INSERT INTO Calendar (Value) VALUES (@p0); select SCOPE_IDENTITY();@p0 = 19-03-2016 00:00:00 [Type: DateTime (0)]
NHibernate: INSERT INTO Calendar (Value) VALUES (@p0); select SCOPE_IDENTITY();@p0 = 20-03-2016 00:00:00 [Type: DateTime (0)]
NHibernate: INSERT INTO Calendar (Value) VALUES (@p0); select SCOPE_IDENTITY();@p0 = 21-03-2016 00:00:00 [Type: DateTime (0)]
NHibernate: INSERT INTO Calendar (Value) VALUES (@p0); select SCOPE_IDENTITY();@p0 = 22-03-2016 00:00:00 [Type: DateTime (0)]
NHibernate: INSERT INTO Calendar (Value) VALUES (@p0); select SCOPE_IDENTITY();@p0 = 23-03-2016 00:00:00 [Type: DateTime (0)]
NHibernate: INSERT INTO Calendar (Value) VALUES (@p0); select SCOPE_IDENTITY();@p0 = 24-03-2016 00:00:00 [Type: DateTime (0)]
NHibernate: INSERT INTO Calendar (Value) VALUES (@p0); select SCOPE_IDENTITY();@p0 = 25-03-2016 00:00:00 [Type: DateTime (0)]
NHibernate: INSERT INTO Calendar (Value) VALUES (@p0); select SCOPE_IDENTITY();@p0 = 26-03-2016 00:00:00 [Type: DateTime (0)]
NHibernate: INSERT INTO Calendar (Value) VALUES (@p0); select SCOPE_IDENTITY();@p0 = 27-03-2016 00:00:00 [Type: DateTime (0)]
NHibernate: INSERT INTO Calendar (Value) VALUES (@p0); select SCOPE_IDENTITY();@p0 = 28-03-2016 00:00:00 [Type: DateTime (0)]
NHibernate: INSERT INTO Calendar (Value) VALUES (@p0); select SCOPE_IDENTITY();@p0 = 29-03-2016 00:00:00 [Type: DateTime (0)]
NHibernate: INSERT INTO Calendar (Value) VALUES (@p0); select SCOPE_IDENTITY();@p0 = 30-03-2016 00:00:00 [Type: DateTime (0)]
NHibernate: INSERT INTO Calendar (Value) VALUES (@p0); select SCOPE_IDENTITY();@p0 = 31-03-2016 00:00:00 [Type: DateTime (0)]
NHibernate: INSERT INTO Calendar (Value) VALUES (@p0); select SCOPE_IDENTITY();@p0 = 01-04-2016 00:00:00 [Type: DateTime (0)]
NHibernate: INSERT INTO Calendar (Value) VALUES (@p0); select SCOPE_IDENTITY();@p0 = 02-04-2016 00:00:00 [Type: DateTime (0)]
NHibernate: INSERT INTO Calendar (Value) VALUES (@p0); select SCOPE_IDENTITY();@p0 = 03-04-2016 00:00:00 [Type: DateTime (0)]
NHibernate: INSERT INTO Calendar (Value) VALUES (@p0); select SCOPE_IDENTITY();@p0 = 04-04-2016 00:00:00 [Type: DateTime (0)]
NHibernate: INSERT INTO Calendar (Value) VALUES (@p0); select SCOPE_IDENTITY();@p0 = 05-04-2016 00:00:00 [Type: DateTime (0)]
NHibernate: INSERT INTO Calendar (Value) VALUES (@p0); select SCOPE_IDENTITY();@p0 = 06-04-2016 00:00:00 [Type: DateTime (0)]
NHibernate: INSERT INTO Calendar (Value) VALUES (@p0); select SCOPE_IDENTITY();@p0 = 07-04-2016 00:00:00 [Type: DateTime (0)]
NHibernate: INSERT INTO Calendar (Value) VALUES (@p0); select SCOPE_IDENTITY();@p0 = 08-04-2016 00:00:00 [Type: DateTime (0)]
NHibernate: INSERT INTO Calendar (Value) VALUES (@p0); select SCOPE_IDENTITY();@p0 = 09-04-2016 00:00:00 [Type: DateTime (0)]
NHibernate: INSERT INTO Calendar (Value) VALUES (@p0); select SCOPE_IDENTITY();@p0 = 10-04-2016 00:00:00 [Type: DateTime (0)]
NHibernate: INSERT INTO Calendar (Value) VALUES (@p0); select SCOPE_IDENTITY();@p0 = 11-04-2016 00:00:00 [Type: DateTime (0)]
NHibernate: INSERT INTO Calendar (Value) VALUES (@p0); select SCOPE_IDENTITY();@p0 = 12-04-2016 00:00:00 [Type: DateTime (0)]
NHibernate: INSERT INTO Calendar (Value) VALUES (@p0); select SCOPE_IDENTITY();@p0 = 13-04-2016 00:00:00 [Type: DateTime (0)]
NHibernate: INSERT INTO Calendar (Value) VALUES (@p0); select SCOPE_IDENTITY();@p0 = 14-04-2016 00:00:00 [Type: DateTime (0)]
NHibernate: INSERT INTO Calendar (Value) VALUES (@p0); select SCOPE_IDENTITY();@p0 = 15-04-2016 00:00:00 [Type: DateTime (0)]
NHibernate: INSERT INTO Calendar (Value) VALUES (@p0); select SCOPE_IDENTITY();@p0 = 16-04-2016 00:00:00 [Type: DateTime (0)]
NHibernate: INSERT INTO Calendar (Value) VALUES (@p0); select SCOPE_IDENTITY();@p0 = 17-04-2016 00:00:00 [Type: DateTime (0)]
NHibernate: INSERT INTO Calendar (Value) VALUES (@p0); select SCOPE_IDENTITY();@p0 = 18-04-2016 00:00:00 [Type: DateTime (0)]
NHibernate: INSERT INTO Calendar (Value) VALUES (@p0); select SCOPE_IDENTITY();@p0 = 19-04-2016 00:00:00 [Type: DateTime (0)]
NHibernate: INSERT INTO Calendar (Value) VALUES (@p0); select SCOPE_IDENTITY();@p0 = 20-04-2016 00:00:00 [Type: DateTime (0)]
NHibernate: INSERT INTO Calendar (Value) VALUES (@p0); select SCOPE_IDENTITY();@p0 = 21-04-2016 00:00:00 [Type: DateTime (0)]
NHibernate: INSERT INTO Calendar (Value) VALUES (@p0); select SCOPE_IDENTITY();@p0 = 22-04-2016 00:00:00 [Type: DateTime (0)]
NHibernate: INSERT INTO Calendar (Value) VALUES (@p0); select SCOPE_IDENTITY();@p0 = 23-04-2016 00:00:00 [Type: DateTime (0)]
NHibernate: INSERT INTO Calendar (Value) VALUES (@p0); select SCOPE_IDENTITY();@p0 = 24-04-2016 00:00:00 [Type: DateTime (0)]
NHibernate: INSERT INTO Calendar (Value) VALUES (@p0); select SCOPE_IDENTITY();@p0 = 25-04-2016 00:00:00 [Type: DateTime (0)]
NHibernate: INSERT INTO Calendar (Value) VALUES (@p0); select SCOPE_IDENTITY();@p0 = 26-04-2016 00:00:00 [Type: DateTime (0)]
NHibernate: INSERT INTO Calendar (Value) VALUES (@p0); select SCOPE_IDENTITY();@p0 = 27-04-2016 00:00:00 [Type: DateTime (0)]
NHibernate: INSERT INTO Calendar (Value) VALUES (@p0); select SCOPE_IDENTITY();@p0 = 28-04-2016 00:00:00 [Type: DateTime (0)]
NHibernate: INSERT INTO Calendar (Value) VALUES (@p0); select SCOPE_IDENTITY();@p0 = 29-04-2016 00:00:00 [Type: DateTime (0)]
NHibernate: INSERT INTO Calendar (Value) VALUES (@p0); select SCOPE_IDENTITY();@p0 = 30-04-2016 00:00:00 [Type: DateTime (0)]
NHibernate: INSERT INTO Calendar (Value) VALUES (@p0); select SCOPE_IDENTITY();@p0 = 01-05-2016 00:00:00 [Type: DateTime (0)]
NHibernate: INSERT INTO Calendar (Value) VALUES (@p0); select SCOPE_IDENTITY();@p0 = 02-05-2016 00:00:00 [Type: DateTime (0)]
NHibernate: INSERT INTO Calendar (Value) VALUES (@p0); select SCOPE_IDENTITY();@p0 = 03-05-2016 00:00:00 [Type: DateTime (0)]
NHibernate: INSERT INTO Calendar (Value) VALUES (@p0); select SCOPE_IDENTITY();@p0 = 04-05-2016 00:00:00 [Type: DateTime (0)]
NHibernate: INSERT INTO Calendar (Value) VALUES (@p0); select SCOPE_IDENTITY();@p0 = 05-05-2016 00:00:00 [Type: DateTime (0)]
NHibernate: INSERT INTO Calendar (Value) VALUES (@p0); select SCOPE_IDENTITY();@p0 = 06-05-2016 00:00:00 [Type: DateTime (0)]
NHibernate: INSERT INTO Calendar (Value) VALUES (@p0); select SCOPE_IDENTITY();@p0 = 07-05-2016 00:00:00 [Type: DateTime (0)]
NHibernate: INSERT INTO Calendar (Value) VALUES (@p0); select SCOPE_IDENTITY();@p0 = 08-05-2016 00:00:00 [Type: DateTime (0)]
NHibernate: INSERT INTO Calendar (Value) VALUES (@p0); select SCOPE_IDENTITY();@p0 = 09-05-2016 00:00:00 [Type: DateTime (0)]
NHibernate: INSERT INTO Calendar (Value) VALUES (@p0); select SCOPE_IDENTITY();@p0 = 10-05-2016 00:00:00 [Type: DateTime (0)]
NHibernate: INSERT INTO Calendar (Value) VALUES (@p0); select SCOPE_IDENTITY();@p0 = 11-05-2016 00:00:00 [Type: DateTime (0)]
NHibernate: INSERT INTO Calendar (Value) VALUES (@p0); select SCOPE_IDENTITY();@p0 = 12-05-2016 00:00:00 [Type: DateTime (0)]
NHibernate: INSERT INTO Calendar (Value) VALUES (@p0); select SCOPE_IDENTITY();@p0 = 13-05-2016 00:00:00 [Type: DateTime (0)]
NHibernate: INSERT INTO Calendar (Value) VALUES (@p0); select SCOPE_IDENTITY();@p0 = 14-05-2016 00:00:00 [Type: DateTime (0)]
NHibernate: INSERT INTO Calendar (Value) VALUES (@p0); select SCOPE_IDENTITY();@p0 = 15-05-2016 00:00:00 [Type: DateTime (0)]
NHibernate: INSERT INTO Calendar (Value) VALUES (@p0); select SCOPE_IDENTITY();@p0 = 16-05-2016 00:00:00 [Type: DateTime (0)]
NHibernate: INSERT INTO Calendar (Value) VALUES (@p0); select SCOPE_IDENTITY();@p0 = 17-05-2016 00:00:00 [Type: DateTime (0)]
NHibernate: INSERT INTO Calendar (Value) VALUES (@p0); select SCOPE_IDENTITY();@p0 = 18-05-2016 00:00:00 [Type: DateTime (0)]
NHibernate: INSERT INTO Calendar (Value) VALUES (@p0); select SCOPE_IDENTITY();@p0 = 19-05-2016 00:00:00 [Type: DateTime (0)]
NHibernate: INSERT INTO Calendar (Value) VALUES (@p0); select SCOPE_IDENTITY();@p0 = 20-05-2016 00:00:00 [Type: DateTime (0)]
NHibernate: INSERT INTO Calendar (Value) VALUES (@p0); select SCOPE_IDENTITY();@p0 = 21-05-2016 00:00:00 [Type: DateTime (0)]
NHibernate: INSERT INTO Calendar (Value) VALUES (@p0); select SCOPE_IDENTITY();@p0 = 22-05-2016 00:00:00 [Type: DateTime (0)]
NHibernate: INSERT INTO Calendar (Value) VALUES (@p0); select SCOPE_IDENTITY();@p0 = 23-05-2016 00:00:00 [Type: DateTime (0)]
NHibernate: INSERT INTO Calendar (Value) VALUES (@p0); select SCOPE_IDENTITY();@p0 = 24-05-2016 00:00:00 [Type: DateTime (0)]
NHibernate: INSERT INTO Calendar (Value) VALUES (@p0); select SCOPE_IDENTITY();@p0 = 25-05-2016 00:00:00 [Type: DateTime (0)]
NHibernate: INSERT INTO Calendar (Value) VALUES (@p0); select SCOPE_IDENTITY();@p0 = 26-05-2016 00:00:00 [Type: DateTime (0)]
NHibernate: INSERT INTO Calendar (Value) VALUES (@p0); select SCOPE_IDENTITY();@p0 = 27-05-2016 00:00:00 [Type: DateTime (0)]
NHibernate: INSERT INTO Calendar (Value) VALUES (@p0); select SCOPE_IDENTITY();@p0 = 28-05-2016 00:00:00 [Type: DateTime (0)]
NHibernate: INSERT INTO Calendar (Value) VALUES (@p0); select SCOPE_IDENTITY();@p0 = 29-05-2016 00:00:00 [Type: DateTime (0)]
NHibernate: INSERT INTO Calendar (Value) VALUES (@p0); select SCOPE_IDENTITY();@p0 = 30-05-2016 00:00:00 [Type: DateTime (0)]
NHibernate: INSERT INTO Calendar (Value) VALUES (@p0); select SCOPE_IDENTITY();@p0 = 31-05-2016 00:00:00 [Type: DateTime (0)]
NHibernate: INSERT INTO Calendar (Value) VALUES (@p0); select SCOPE_IDENTITY();@p0 = 01-06-2016 00:00:00 [Type: DateTime (0)]
NHibernate: INSERT INTO Calendar (Value) VALUES (@p0); select SCOPE_IDENTITY();@p0 = 02-06-2016 00:00:00 [Type: DateTime (0)]
NHibernate: INSERT INTO Calendar (Value) VALUES (@p0); select SCOPE_IDENTITY();@p0 = 03-06-2016 00:00:00 [Type: DateTime (0)]
NHibernate: INSERT INTO Calendar (Value) VALUES (@p0); select SCOPE_IDENTITY();@p0 = 04-06-2016 00:00:00 [Type: DateTime (0)]
NHibernate: INSERT INTO Calendar (Value) VALUES (@p0); select SCOPE_IDENTITY();@p0 = 05-06-2016 00:00:00 [Type: DateTime (0)]
NHibernate: INSERT INTO Calendar (Value) VALUES (@p0); select SCOPE_IDENTITY();@p0 = 06-06-2016 00:00:00 [Type: DateTime (0)]
NHibernate: INSERT INTO Calendar (Value) VALUES (@p0); select SCOPE_IDENTITY();@p0 = 07-06-2016 00:00:00 [Type: DateTime (0)]
NHibernate: INSERT INTO Calendar (Value) VALUES (@p0); select SCOPE_IDENTITY();@p0 = 08-06-2016 00:00:00 [Type: DateTime (0)]
NHibernate: INSERT INTO Calendar (Value) VALUES (@p0); select SCOPE_IDENTITY();@p0 = 09-06-2016 00:00:00 [Type: DateTime (0)]
NHibernate: INSERT INTO Calendar (Value) VALUES (@p0); select SCOPE_IDENTITY();@p0 = 10-06-2016 00:00:00 [Type: DateTime (0)]
NHibernate: INSERT INTO Calendar (Value) VALUES (@p0); select SCOPE_IDENTITY();@p0 = 11-06-2016 00:00:00 [Type: DateTime (0)]
NHibernate: INSERT INTO Calendar (Value) VALUES (@p0); select SCOPE_IDENTITY();@p0 = 12-06-2016 00:00:00 [Type: DateTime (0)]
NHibernate: INSERT INTO Calendar (Value) VALUES (@p0); select SCOPE_IDENTITY();@p0 = 13-06-2016 00:00:00 [Type: DateTime (0)]
NHibernate: INSERT INTO Calendar (Value) VALUES (@p0); select SCOPE_IDENTITY();@p0 = 14-06-2016 00:00:00 [Type: DateTime (0)]
NHibernate: INSERT INTO Calendar (Value) VALUES (@p0); select SCOPE_IDENTITY();@p0 = 15-06-2016 00:00:00 [Type: DateTime (0)]
NHibernate: INSERT INTO Calendar (Value) VALUES (@p0); select SCOPE_IDENTITY();@p0 = 16-06-2016 00:00:00 [Type: DateTime (0)]
NHibernate: INSERT INTO Calendar (Value) VALUES (@p0); select SCOPE_IDENTITY();@p0 = 17-06-2016 00:00:00 [Type: DateTime (0)]
NHibernate: INSERT INTO Calendar (Value) VALUES (@p0); select SCOPE_IDENTITY();@p0 = 18-06-2016 00:00:00 [Type: DateTime (0)]
NHibernate: INSERT INTO Calendar (Value) VALUES (@p0); select SCOPE_IDENTITY();@p0 = 19-06-2016 00:00:00 [Type: DateTime (0)]
NHibernate: INSERT INTO Calendar (Value) VALUES (@p0); select SCOPE_IDENTITY();@p0 = 20-06-2016 00:00:00 [Type: DateTime (0)]
NHibernate: INSERT INTO Calendar (Value) VALUES (@p0); select SCOPE_IDENTITY();@p0 = 21-06-2016 00:00:00 [Type: DateTime (0)]
NHibernate: INSERT INTO Calendar (Value) VALUES (@p0); select SCOPE_IDENTITY();@p0 = 22-06-2016 00:00:00 [Type: DateTime (0)]
NHibernate: INSERT INTO Calendar (Value) VALUES (@p0); select SCOPE_IDENTITY();@p0 = 23-06-2016 00:00:00 [Type: DateTime (0)]
NHibernate: INSERT INTO Calendar (Value) VALUES (@p0); select SCOPE_IDENTITY();@p0 = 24-06-2016 00:00:00 [Type: DateTime (0)]
NHibernate: INSERT INTO Calendar (Value) VALUES (@p0); select SCOPE_IDENTITY();@p0 = 25-06-2016 00:00:00 [Type: DateTime (0)]
NHibernate: INSERT INTO Calendar (Value) VALUES (@p0); select SCOPE_IDENTITY();@p0 = 26-06-2016 00:00:00 [Type: DateTime (0)]
NHibernate: INSERT INTO Calendar (Value) VALUES (@p0); select SCOPE_IDENTITY();@p0 = 27-06-2016 00:00:00 [Type: DateTime (0)]
NHibernate: INSERT INTO Calendar (Value) VALUES (@p0); select SCOPE_IDENTITY();@p0 = 28-06-2016 00:00:00 [Type: DateTime (0)]
NHibernate: INSERT INTO Calendar (Value) VALUES (@p0); select SCOPE_IDENTITY();@p0 = 29-06-2016 00:00:00 [Type: DateTime (0)]
NHibernate: INSERT INTO Calendar (Value) VALUES (@p0); select SCOPE_IDENTITY();@p0 = 30-06-2016 00:00:00 [Type: DateTime (0)]
NHibernate: INSERT INTO Calendar (Value) VALUES (@p0); select SCOPE_IDENTITY();@p0 = 01-07-2016 00:00:00 [Type: DateTime (0)]
NHibernate: INSERT INTO Calendar (Value) VALUES (@p0); select SCOPE_IDENTITY();@p0 = 02-07-2016 00:00:00 [Type: DateTime (0)]
NHibernate: INSERT INTO Calendar (Value) VALUES (@p0); select SCOPE_IDENTITY();@p0 = 03-07-2016 00:00:00 [Type: DateTime (0)]
NHibernate: INSERT INTO Calendar (Value) VALUES (@p0); select SCOPE_IDENTITY();@p0 = 04-07-2016 00:00:00 [Type: DateTime (0)]
NHibernate: INSERT INTO Calendar (Value) VALUES (@p0); select SCOPE_IDENTITY();@p0 = 05-07-2016 00:00:00 [Type: DateTime (0)]
NHibernate: INSERT INTO Calendar (Value) VALUES (@p0); select SCOPE_IDENTITY();@p0 = 06-07-2016 00:00:00 [Type: DateTime (0)]
NHibernate: INSERT INTO Calendar (Value) VALUES (@p0); select SCOPE_IDENTITY();@p0 = 07-07-2016 00:00:00 [Type: DateTime (0)]
NHibernate: INSERT INTO Calendar (Value) VALUES (@p0); select SCOPE_IDENTITY();@p0 = 08-07-2016 00:00:00 [Type: DateTime (0)]
NHibernate: INSERT INTO Calendar (Value) VALUES (@p0); select SCOPE_IDENTITY();@p0 = 09-07-2016 00:00:00 [Type: DateTime (0)]
NHibernate: INSERT INTO Calendar (Value) VALUES (@p0); select SCOPE_IDENTITY();@p0 = 10-07-2016 00:00:00 [Type: DateTime (0)]
NHibernate: INSERT INTO Calendar (Value) VALUES (@p0); select SCOPE_IDENTITY();@p0 = 11-07-2016 00:00:00 [Type: DateTime (0)]
NHibernate: INSERT INTO Calendar (Value) VALUES (@p0); select SCOPE_IDENTITY();@p0 = 12-07-2016 00:00:00 [Type: DateTime (0)]
NHibernate: INSERT INTO Calendar (Value) VALUES (@p0); select SCOPE_IDENTITY();@p0 = 13-07-2016 00:00:00 [Type: DateTime (0)]
NHibernate: INSERT INTO Calendar (Value) VALUES (@p0); select SCOPE_IDENTITY();@p0 = 14-07-2016 00:00:00 [Type: DateTime (0)]
NHibernate: INSERT INTO Calendar (Value) VALUES (@p0); select SCOPE_IDENTITY();@p0 = 15-07-2016 00:00:00 [Type: DateTime (0)]
NHibernate: INSERT INTO Calendar (Value) VALUES (@p0); select SCOPE_IDENTITY();@p0 = 16-07-2016 00:00:00 [Type: DateTime (0)]
NHibernate: INSERT INTO Calendar (Value) VALUES (@p0); select SCOPE_IDENTITY();@p0 = 17-07-2016 00:00:00 [Type: DateTime (0)]
NHibernate: INSERT INTO Calendar (Value) VALUES (@p0); select SCOPE_IDENTITY();@p0 = 18-07-2016 00:00:00 [Type: DateTime (0)]
NHibernate: INSERT INTO Calendar (Value) VALUES (@p0); select SCOPE_IDENTITY();@p0 = 19-07-2016 00:00:00 [Type: DateTime (0)]
NHibernate: INSERT INTO Calendar (Value) VALUES (@p0); select SCOPE_IDENTITY();@p0 = 20-07-2016 00:00:00 [Type: DateTime (0)]
NHibernate: INSERT INTO Calendar (Value) VALUES (@p0); select SCOPE_IDENTITY();@p0 = 21-07-2016 00:00:00 [Type: DateTime (0)]
NHibernate: INSERT INTO Calendar (Value) VALUES (@p0); select SCOPE_IDENTITY();@p0 = 22-07-2016 00:00:00 [Type: DateTime (0)]
NHibernate: INSERT INTO Calendar (Value) VALUES (@p0); select SCOPE_IDENTITY();@p0 = 23-07-2016 00:00:00 [Type: DateTime (0)]
NHibernate: INSERT INTO Calendar (Value) VALUES (@p0); select SCOPE_IDENTITY();@p0 = 24-07-2016 00:00:00 [Type: DateTime (0)]
NHibernate: INSERT INTO Calendar (Value) VALUES (@p0); select SCOPE_IDENTITY();@p0 = 25-07-2016 00:00:00 [Type: DateTime (0)]
NHibernate: INSERT INTO Calendar (Value) VALUES (@p0); select SCOPE_IDENTITY();@p0 = 26-07-2016 00:00:00 [Type: DateTime (0)]
NHibernate: INSERT INTO Calendar (Value) VALUES (@p0); select SCOPE_IDENTITY();@p0 = 27-07-2016 00:00:00 [Type: DateTime (0)]
NHibernate: INSERT INTO Calendar (Value) VALUES (@p0); select SCOPE_IDENTITY();@p0 = 28-07-2016 00:00:00 [Type: DateTime (0)]
NHibernate: INSERT INTO Calendar (Value) VALUES (@p0); select SCOPE_IDENTITY();@p0 = 29-07-2016 00:00:00 [Type: DateTime (0)]
NHibernate: INSERT INTO Calendar (Value) VALUES (@p0); select SCOPE_IDENTITY();@p0 = 30-07-2016 00:00:00 [Type: DateTime (0)]
NHibernate: INSERT INTO Calendar (Value) VALUES (@p0); select SCOPE_IDENTITY();@p0 = 31-07-2016 00:00:00 [Type: DateTime (0)]
NHibernate: INSERT INTO Calendar (Value) VALUES (@p0); select SCOPE_IDENTITY();@p0 = 01-08-2016 00:00:00 [Type: DateTime (0)]
NHibernate: INSERT INTO Calendar (Value) VALUES (@p0); select SCOPE_IDENTITY();@p0 = 02-08-2016 00:00:00 [Type: DateTime (0)]
NHibernate: INSERT INTO Calendar (Value) VALUES (@p0); select SCOPE_IDENTITY();@p0 = 03-08-2016 00:00:00 [Type: DateTime (0)]
NHibernate: INSERT INTO Calendar (Value) VALUES (@p0); select SCOPE_IDENTITY();@p0 = 04-08-2016 00:00:00 [Type: DateTime (0)]
NHibernate: INSERT INTO Calendar (Value) VALUES (@p0); select SCOPE_IDENTITY();@p0 = 05-08-2016 00:00:00 [Type: DateTime (0)]
NHibernate: INSERT INTO Calendar (Value) VALUES (@p0); select SCOPE_IDENTITY();@p0 = 06-08-2016 00:00:00 [Type: DateTime (0)]
NHibernate: INSERT INTO Calendar (Value) VALUES (@p0); select SCOPE_IDENTITY();@p0 = 07-08-2016 00:00:00 [Type: DateTime (0)]
NHibernate: INSERT INTO Calendar (Value) VALUES (@p0); select SCOPE_IDENTITY();@p0 = 08-08-2016 00:00:00 [Type: DateTime (0)]
NHibernate: INSERT INTO Calendar (Value) VALUES (@p0); select SCOPE_IDENTITY();@p0 = 09-08-2016 00:00:00 [Type: DateTime (0)]
NHibernate: INSERT INTO Calendar (Value) VALUES (@p0); select SCOPE_IDENTITY();@p0 = 10-08-2016 00:00:00 [Type: DateTime (0)]
NHibernate: INSERT INTO Calendar (Value) VALUES (@p0); select SCOPE_IDENTITY();@p0 = 11-08-2016 00:00:00 [Type: DateTime (0)]
NHibernate: INSERT INTO Calendar (Value) VALUES (@p0); select SCOPE_IDENTITY();@p0 = 12-08-2016 00:00:00 [Type: DateTime (0)]
NHibernate: INSERT INTO Calendar (Value) VALUES (@p0); select SCOPE_IDENTITY();@p0 = 13-08-2016 00:00:00 [Type: DateTime (0)]
NHibernate: INSERT INTO Calendar (Value) VALUES (@p0); select SCOPE_IDENTITY();@p0 = 14-08-2016 00:00:00 [Type: DateTime (0)]
NHibernate: INSERT INTO Calendar (Value) VALUES (@p0); select SCOPE_IDENTITY();@p0 = 15-08-2016 00:00:00 [Type: DateTime (0)]
NHibernate: INSERT INTO Calendar (Value) VALUES (@p0); select SCOPE_IDENTITY();@p0 = 16-08-2016 00:00:00 [Type: DateTime (0)]
NHibernate: INSERT INTO Calendar (Value) VALUES (@p0); select SCOPE_IDENTITY();@p0 = 17-08-2016 00:00:00 [Type: DateTime (0)]
NHibernate: INSERT INTO Calendar (Value) VALUES (@p0); select SCOPE_IDENTITY();@p0 = 18-08-2016 00:00:00 [Type: DateTime (0)]
NHibernate: INSERT INTO Calendar (Value) VALUES (@p0); select SCOPE_IDENTITY();@p0 = 19-08-2016 00:00:00 [Type: DateTime (0)]
NHibernate: INSERT INTO Calendar (Value) VALUES (@p0); select SCOPE_IDENTITY();@p0 = 20-08-2016 00:00:00 [Type: DateTime (0)]
NHibernate: INSERT INTO Calendar (Value) VALUES (@p0); select SCOPE_IDENTITY();@p0 = 21-08-2016 00:00:00 [Type: DateTime (0)]
NHibernate: INSERT INTO Calendar (Value) VALUES (@p0); select SCOPE_IDENTITY();@p0 = 22-08-2016 00:00:00 [Type: DateTime (0)]
NHibernate: INSERT INTO Calendar (Value) VALUES (@p0); select SCOPE_IDENTITY();@p0 = 23-08-2016 00:00:00 [Type: DateTime (0)]
NHibernate: INSERT INTO Calendar (Value) VALUES (@p0); select SCOPE_IDENTITY();@p0 = 24-08-2016 00:00:00 [Type: DateTime (0)]
NHibernate: INSERT INTO Calendar (Value) VALUES (@p0); select SCOPE_IDENTITY();@p0 = 25-08-2016 00:00:00 [Type: DateTime (0)]
NHibernate: INSERT INTO Calendar (Value) VALUES (@p0); select SCOPE_IDENTITY();@p0 = 26-08-2016 00:00:00 [Type: DateTime (0)]
NHibernate: INSERT INTO Calendar (Value) VALUES (@p0); select SCOPE_IDENTITY();@p0 = 27-08-2016 00:00:00 [Type: DateTime (0)]
NHibernate: INSERT INTO Calendar (Value) VALUES (@p0); select SCOPE_IDENTITY();@p0 = 28-08-2016 00:00:00 [Type: DateTime (0)]
NHibernate: INSERT INTO Calendar (Value) VALUES (@p0); select SCOPE_IDENTITY();@p0 = 29-08-2016 00:00:00 [Type: DateTime (0)]
NHibernate: INSERT INTO Calendar (Value) VALUES (@p0); select SCOPE_IDENTITY();@p0 = 30-08-2016 00:00:00 [Type: DateTime (0)]
NHibernate: INSERT INTO Calendar (Value) VALUES (@p0); select SCOPE_IDENTITY();@p0 = 31-08-2016 00:00:00 [Type: DateTime (0)]
NHibernate: INSERT INTO Calendar (Value) VALUES (@p0); select SCOPE_IDENTITY();@p0 = 01-09-2016 00:00:00 [Type: DateTime (0)]
NHibernate: INSERT INTO Calendar (Value) VALUES (@p0); select SCOPE_IDENTITY();@p0 = 02-09-2016 00:00:00 [Type: DateTime (0)]
NHibernate: INSERT INTO Calendar (Value) VALUES (@p0); select SCOPE_IDENTITY();@p0 = 03-09-2016 00:00:00 [Type: DateTime (0)]
NHibernate: INSERT INTO Calendar (Value) VALUES (@p0); select SCOPE_IDENTITY();@p0 = 04-09-2016 00:00:00 [Type: DateTime (0)]
NHibernate: INSERT INTO Calendar (Value) VALUES (@p0); select SCOPE_IDENTITY();@p0 = 05-09-2016 00:00:00 [Type: DateTime (0)]
NHibernate: INSERT INTO Calendar (Value) VALUES (@p0); select SCOPE_IDENTITY();@p0 = 06-09-2016 00:00:00 [Type: DateTime (0)]
NHibernate: INSERT INTO Calendar (Value) VALUES (@p0); select SCOPE_IDENTITY();@p0 = 07-09-2016 00:00:00 [Type: DateTime (0)]
NHibernate: INSERT INTO Calendar (Value) VALUES (@p0); select SCOPE_IDENTITY();@p0 = 08-09-2016 00:00:00 [Type: DateTime (0)]
NHibernate: INSERT INTO Calendar (Value) VALUES (@p0); select SCOPE_IDENTITY();@p0 = 09-09-2016 00:00:00 [Type: DateTime (0)]
NHibernate: INSERT INTO Calendar (Value) VALUES (@p0); select SCOPE_IDENTITY();@p0 = 10-09-2016 00:00:00 [Type: DateTime (0)]
NHibernate: INSERT INTO Calendar (Value) VALUES (@p0); select SCOPE_IDENTITY();@p0 = 11-09-2016 00:00:00 [Type: DateTime (0)]
NHibernate: INSERT INTO Calendar (Value) VALUES (@p0); select SCOPE_IDENTITY();@p0 = 12-09-2016 00:00:00 [Type: DateTime (0)]
NHibernate: INSERT INTO Calendar (Value) VALUES (@p0); select SCOPE_IDENTITY();@p0 = 13-09-2016 00:00:00 [Type: DateTime (0)]
NHibernate: INSERT INTO Calendar (Value) VALUES (@p0); select SCOPE_IDENTITY();@p0 = 14-09-2016 00:00:00 [Type: DateTime (0)]
NHibernate: INSERT INTO Calendar (Value) VALUES (@p0); select SCOPE_IDENTITY();@p0 = 15-09-2016 00:00:00 [Type: DateTime (0)]
NHibernate: INSERT INTO Calendar (Value) VALUES (@p0); select SCOPE_IDENTITY();@p0 = 16-09-2016 00:00:00 [Type: DateTime (0)]
NHibernate: INSERT INTO Calendar (Value) VALUES (@p0); select SCOPE_IDENTITY();@p0 = 17-09-2016 00:00:00 [Type: DateTime (0)]
NHibernate: INSERT INTO Calendar (Value) VALUES (@p0); select SCOPE_IDENTITY();@p0 = 18-09-2016 00:00:00 [Type: DateTime (0)]
NHibernate: INSERT INTO Calendar (Value) VALUES (@p0); select SCOPE_IDENTITY();@p0 = 19-09-2016 00:00:00 [Type: DateTime (0)]
NHibernate: INSERT INTO Calendar (Value) VALUES (@p0); select SCOPE_IDENTITY();@p0 = 20-09-2016 00:00:00 [Type: DateTime (0)]
NHibernate: INSERT INTO Calendar (Value) VALUES (@p0); select SCOPE_IDENTITY();@p0 = 21-09-2016 00:00:00 [Type: DateTime (0)]
NHibernate: INSERT INTO Calendar (Value) VALUES (@p0); select SCOPE_IDENTITY();@p0 = 22-09-2016 00:00:00 [Type: DateTime (0)]
NHibernate: INSERT INTO Calendar (Value) VALUES (@p0); select SCOPE_IDENTITY();@p0 = 23-09-2016 00:00:00 [Type: DateTime (0)]
NHibernate: INSERT INTO Calendar (Value) VALUES (@p0); select SCOPE_IDENTITY();@p0 = 24-09-2016 00:00:00 [Type: DateTime (0)]
NHibernate: INSERT INTO Calendar (Value) VALUES (@p0); select SCOPE_IDENTITY();@p0 = 25-09-2016 00:00:00 [Type: DateTime (0)]
NHibernate: INSERT INTO Calendar (Value) VALUES (@p0); select SCOPE_IDENTITY();@p0 = 26-09-2016 00:00:00 [Type: DateTime (0)]
NHibernate: INSERT INTO Calendar (Value) VALUES (@p0); select SCOPE_IDENTITY();@p0 = 27-09-2016 00:00:00 [Type: DateTime (0)]
NHibernate: INSERT INTO Calendar (Value) VALUES (@p0); select SCOPE_IDENTITY();@p0 = 28-09-2016 00:00:00 [Type: DateTime (0)]
NHibernate: INSERT INTO Calendar (Value) VALUES (@p0); select SCOPE_IDENTITY();@p0 = 29-09-2016 00:00:00 [Type: DateTime (0)]
NHibernate: INSERT INTO Calendar (Value) VALUES (@p0); select SCOPE_IDENTITY();@p0 = 30-09-2016 00:00:00 [Type: DateTime (0)]
NHibernate: INSERT INTO Calendar (Value) VALUES (@p0); select SCOPE_IDENTITY();@p0 = 01-10-2016 00:00:00 [Type: DateTime (0)]
NHibernate: INSERT INTO Calendar (Value) VALUES (@p0); select SCOPE_IDENTITY();@p0 = 02-10-2016 00:00:00 [Type: DateTime (0)]
NHibernate: INSERT INTO Calendar (Value) VALUES (@p0); select SCOPE_IDENTITY();@p0 = 03-10-2016 00:00:00 [Type: DateTime (0)]
NHibernate: INSERT INTO Calendar (Value) VALUES (@p0); select SCOPE_IDENTITY();@p0 = 04-10-2016 00:00:00 [Type: DateTime (0)]
NHibernate: INSERT INTO Calendar (Value) VALUES (@p0); select SCOPE_IDENTITY();@p0 = 05-10-2016 00:00:00 [Type: DateTime (0)]
NHibernate: INSERT INTO Calendar (Value) VALUES (@p0); select SCOPE_IDENTITY();@p0 = 06-10-2016 00:00:00 [Type: DateTime (0)]
NHibernate: INSERT INTO Calendar (Value) VALUES (@p0); select SCOPE_IDENTITY();@p0 = 07-10-2016 00:00:00 [Type: DateTime (0)]
NHibernate: INSERT INTO Calendar (Value) VALUES (@p0); select SCOPE_IDENTITY();@p0 = 08-10-2016 00:00:00 [Type: DateTime (0)]
NHibernate: INSERT INTO Calendar (Value) VALUES (@p0); select SCOPE_IDENTITY();@p0 = 09-10-2016 00:00:00 [Type: DateTime (0)]
NHibernate: INSERT INTO Calendar (Value) VALUES (@p0); select SCOPE_IDENTITY();@p0 = 10-10-2016 00:00:00 [Type: DateTime (0)]
NHibernate: INSERT INTO Calendar (Value) VALUES (@p0); select SCOPE_IDENTITY();@p0 = 11-10-2016 00:00:00 [Type: DateTime (0)]
NHibernate: INSERT INTO Calendar (Value) VALUES (@p0); select SCOPE_IDENTITY();@p0 = 12-10-2016 00:00:00 [Type: DateTime (0)]
NHibernate: INSERT INTO Calendar (Value) VALUES (@p0); select SCOPE_IDENTITY();@p0 = 13-10-2016 00:00:00 [Type: DateTime (0)]
NHibernate: INSERT INTO Calendar (Value) VALUES (@p0); select SCOPE_IDENTITY();@p0 = 14-10-2016 00:00:00 [Type: DateTime (0)]
NHibernate: INSERT INTO Calendar (Value) VALUES (@p0); select SCOPE_IDENTITY();@p0 = 15-10-2016 00:00:00 [Type: DateTime (0)]
NHibernate: INSERT INTO Calendar (Value) VALUES (@p0); select SCOPE_IDENTITY();@p0 = 16-10-2016 00:00:00 [Type: DateTime (0)]
NHibernate: INSERT INTO Calendar (Value) VALUES (@p0); select SCOPE_IDENTITY();@p0 = 17-10-2016 00:00:00 [Type: DateTime (0)]
NHibernate: INSERT INTO Calendar (Value) VALUES (@p0); select SCOPE_IDENTITY();@p0 = 18-10-2016 00:00:00 [Type: DateTime (0)]
NHibernate: INSERT INTO Calendar (Value) VALUES (@p0); select SCOPE_IDENTITY();@p0 = 19-10-2016 00:00:00 [Type: DateTime (0)]
NHibernate: INSERT INTO Calendar (Value) VALUES (@p0); select SCOPE_IDENTITY();@p0 = 20-10-2016 00:00:00 [Type: DateTime (0)]
NHibernate: INSERT INTO Calendar (Value) VALUES (@p0); select SCOPE_IDENTITY();@p0 = 21-10-2016 00:00:00 [Type: DateTime (0)]
NHibernate: INSERT INTO Calendar (Value) VALUES (@p0); select SCOPE_IDENTITY();@p0 = 22-10-2016 00:00:00 [Type: DateTime (0)]
NHibernate: INSERT INTO Calendar (Value) VALUES (@p0); select SCOPE_IDENTITY();@p0 = 23-10-2016 00:00:00 [Type: DateTime (0)]
NHibernate: INSERT INTO Calendar (Value) VALUES (@p0); select SCOPE_IDENTITY();@p0 = 24-10-2016 00:00:00 [Type: DateTime (0)]
NHibernate: INSERT INTO Calendar (Value) VALUES (@p0); select SCOPE_IDENTITY();@p0 = 25-10-2016 00:00:00 [Type: DateTime (0)]
NHibernate: INSERT INTO Calendar (Value) VALUES (@p0); select SCOPE_IDENTITY();@p0 = 26-10-2016 00:00:00 [Type: DateTime (0)]
NHibernate: INSERT INTO Calendar (Value) VALUES (@p0); select SCOPE_IDENTITY();@p0 = 27-10-2016 00:00:00 [Type: DateTime (0)]
NHibernate: INSERT INTO Calendar (Value) VALUES (@p0); select SCOPE_IDENTITY();@p0 = 28-10-2016 00:00:00 [Type: DateTime (0)]
NHibernate: INSERT INTO Calendar (Value) VALUES (@p0); select SCOPE_IDENTITY();@p0 = 29-10-2016 00:00:00 [Type: DateTime (0)]
NHibernate: INSERT INTO Calendar (Value) VALUES (@p0); select SCOPE_IDENTITY();@p0 = 30-10-2016 00:00:00 [Type: DateTime (0)]
NHibernate: INSERT INTO Calendar (Value) VALUES (@p0); select SCOPE_IDENTITY();@p0 = 31-10-2016 00:00:00 [Type: DateTime (0)]
NHibernate: INSERT INTO Calendar (Value) VALUES (@p0); select SCOPE_IDENTITY();@p0 = 01-11-2016 00:00:00 [Type: DateTime (0)]
NHibernate: INSERT INTO Calendar (Value) VALUES (@p0); select SCOPE_IDENTITY();@p0 = 02-11-2016 00:00:00 [Type: DateTime (0)]
NHibernate: INSERT INTO Calendar (Value) VALUES (@p0); select SCOPE_IDENTITY();@p0 = 03-11-2016 00:00:00 [Type: DateTime (0)]
NHibernate: INSERT INTO Calendar (Value) VALUES (@p0); select SCOPE_IDENTITY();@p0 = 04-11-2016 00:00:00 [Type: DateTime (0)]
NHibernate: INSERT INTO Calendar (Value) VALUES (@p0); select SCOPE_IDENTITY();@p0 = 05-11-2016 00:00:00 [Type: DateTime (0)]
NHibernate: INSERT INTO Calendar (Value) VALUES (@p0); select SCOPE_IDENTITY();@p0 = 06-11-2016 00:00:00 [Type: DateTime (0)]
NHibernate: INSERT INTO Calendar (Value) VALUES (@p0); select SCOPE_IDENTITY();@p0 = 07-11-2016 00:00:00 [Type: DateTime (0)]
NHibernate: INSERT INTO Calendar (Value) VALUES (@p0); select SCOPE_IDENTITY();@p0 = 08-11-2016 00:00:00 [Type: DateTime (0)]
NHibernate: INSERT INTO Calendar (Value) VALUES (@p0); select SCOPE_IDENTITY();@p0 = 09-11-2016 00:00:00 [Type: DateTime (0)]
NHibernate: INSERT INTO Calendar (Value) VALUES (@p0); select SCOPE_IDENTITY();@p0 = 10-11-2016 00:00:00 [Type: DateTime (0)]
NHibernate: INSERT INTO Calendar (Value) VALUES (@p0); select SCOPE_IDENTITY();@p0 = 11-11-2016 00:00:00 [Type: DateTime (0)]
NHibernate: INSERT INTO Calendar (Value) VALUES (@p0); select SCOPE_IDENTITY();@p0 = 12-11-2016 00:00:00 [Type: DateTime (0)]
NHibernate: INSERT INTO Calendar (Value) VALUES (@p0); select SCOPE_IDENTITY();@p0 = 13-11-2016 00:00:00 [Type: DateTime (0)]
NHibernate: INSERT INTO Calendar (Value) VALUES (@p0); select SCOPE_IDENTITY();@p0 = 14-11-2016 00:00:00 [Type: DateTime (0)]
NHibernate: INSERT INTO Calendar (Value) VALUES (@p0); select SCOPE_IDENTITY();@p0 = 15-11-2016 00:00:00 [Type: DateTime (0)]
NHibernate: INSERT INTO Calendar (Value) VALUES (@p0); select SCOPE_IDENTITY();@p0 = 16-11-2016 00:00:00 [Type: DateTime (0)]
NHibernate: INSERT INTO Calendar (Value) VALUES (@p0); select SCOPE_IDENTITY();@p0 = 17-11-2016 00:00:00 [Type: DateTime (0)]
NHibernate: INSERT INTO Calendar (Value) VALUES (@p0); select SCOPE_IDENTITY();@p0 = 18-11-2016 00:00:00 [Type: DateTime (0)]
NHibernate: INSERT INTO Calendar (Value) VALUES (@p0); select SCOPE_IDENTITY();@p0 = 19-11-2016 00:00:00 [Type: DateTime (0)]
NHibernate: INSERT INTO Calendar (Value) VALUES (@p0); select SCOPE_IDENTITY();@p0 = 20-11-2016 00:00:00 [Type: DateTime (0)]
NHibernate: INSERT INTO Calendar (Value) VALUES (@p0); select SCOPE_IDENTITY();@p0 = 21-11-2016 00:00:00 [Type: DateTime (0)]
NHibernate: INSERT INTO Calendar (Value) VALUES (@p0); select SCOPE_IDENTITY();@p0 = 22-11-2016 00:00:00 [Type: DateTime (0)]
NHibernate: INSERT INTO Calendar (Value) VALUES (@p0); select SCOPE_IDENTITY();@p0 = 23-11-2016 00:00:00 [Type: DateTime (0)]
NHibernate: INSERT INTO Calendar (Value) VALUES (@p0); select SCOPE_IDENTITY();@p0 = 24-11-2016 00:00:00 [Type: DateTime (0)]
NHibernate: INSERT INTO Calendar (Value) VALUES (@p0); select SCOPE_IDENTITY();@p0 = 25-11-2016 00:00:00 [Type: DateTime (0)]
NHibernate: INSERT INTO Calendar (Value) VALUES (@p0); select SCOPE_IDENTITY();@p0 = 26-11-2016 00:00:00 [Type: DateTime (0)]
NHibernate: INSERT INTO Calendar (Value) VALUES (@p0); select SCOPE_IDENTITY();@p0 = 27-11-2016 00:00:00 [Type: DateTime (0)]
NHibernate: INSERT INTO Calendar (Value) VALUES (@p0); select SCOPE_IDENTITY();@p0 = 28-11-2016 00:00:00 [Type: DateTime (0)]
NHibernate: INSERT INTO Calendar (Value) VALUES (@p0); select SCOPE_IDENTITY();@p0 = 29-11-2016 00:00:00 [Type: DateTime (0)]
NHibernate: INSERT INTO Calendar (Value) VALUES (@p0); select SCOPE_IDENTITY();@p0 = 30-11-2016 00:00:00 [Type: DateTime (0)]
NHibernate: INSERT INTO Calendar (Value) VALUES (@p0); select SCOPE_IDENTITY();@p0 = 01-12-2016 00:00:00 [Type: DateTime (0)]
NHibernate: INSERT INTO Calendar (Value) VALUES (@p0); select SCOPE_IDENTITY();@p0 = 02-12-2016 00:00:00 [Type: DateTime (0)]
NHibernate: INSERT INTO Calendar (Value) VALUES (@p0); select SCOPE_IDENTITY();@p0 = 03-12-2016 00:00:00 [Type: DateTime (0)]
NHibernate: INSERT INTO Calendar (Value) VALUES (@p0); select SCOPE_IDENTITY();@p0 = 04-12-2016 00:00:00 [Type: DateTime (0)]
NHibernate: INSERT INTO Calendar (Value) VALUES (@p0); select SCOPE_IDENTITY();@p0 = 05-12-2016 00:00:00 [Type: DateTime (0)]
NHibernate: INSERT INTO Calendar (Value) VALUES (@p0); select SCOPE_IDENTITY();@p0 = 06-12-2016 00:00:00 [Type: DateTime (0)]
NHibernate: INSERT INTO Calendar (Value) VALUES (@p0); select SCOPE_IDENTITY();@p0 = 07-12-2016 00:00:00 [Type: DateTime (0)]
NHibernate: INSERT INTO Calendar (Value) VALUES (@p0); select SCOPE_IDENTITY();@p0 = 08-12-2016 00:00:00 [Type: DateTime (0)]
NHibernate: INSERT INTO Calendar (Value) VALUES (@p0); select SCOPE_IDENTITY();@p0 = 09-12-2016 00:00:00 [Type: DateTime (0)]
NHibernate: INSERT INTO Calendar (Value) VALUES (@p0); select SCOPE_IDENTITY();@p0 = 10-12-2016 00:00:00 [Type: DateTime (0)]
NHibernate: INSERT INTO Calendar (Value) VALUES (@p0); select SCOPE_IDENTITY();@p0 = 11-12-2016 00:00:00 [Type: DateTime (0)]
NHibernate: INSERT INTO Calendar (Value) VALUES (@p0); select SCOPE_IDENTITY();@p0 = 12-12-2016 00:00:00 [Type: DateTime (0)]
NHibernate: INSERT INTO Calendar (Value) VALUES (@p0); select SCOPE_IDENTITY();@p0 = 13-12-2016 00:00:00 [Type: DateTime (0)]
NHibernate: INSERT INTO Calendar (Value) VALUES (@p0); select SCOPE_IDENTITY();@p0 = 14-12-2016 00:00:00 [Type: DateTime (0)]
NHibernate: INSERT INTO Calendar (Value) VALUES (@p0); select SCOPE_IDENTITY();@p0 = 15-12-2016 00:00:00 [Type: DateTime (0)]
NHibernate: INSERT INTO Calendar (Value) VALUES (@p0); select SCOPE_IDENTITY();@p0 = 16-12-2016 00:00:00 [Type: DateTime (0)]
NHibernate: INSERT INTO Calendar (Value) VALUES (@p0); select SCOPE_IDENTITY();@p0 = 17-12-2016 00:00:00 [Type: DateTime (0)]
NHibernate: INSERT INTO Calendar (Value) VALUES (@p0); select SCOPE_IDENTITY();@p0 = 18-12-2016 00:00:00 [Type: DateTime (0)]
NHibernate: INSERT INTO Calendar (Value) VALUES (@p0); select SCOPE_IDENTITY();@p0 = 19-12-2016 00:00:00 [Type: DateTime (0)]
NHibernate: INSERT INTO Calendar (Value) VALUES (@p0); select SCOPE_IDENTITY();@p0 = 20-12-2016 00:00:00 [Type: DateTime (0)]
NHibernate: INSERT INTO Calendar (Value) VALUES (@p0); select SCOPE_IDENTITY();@p0 = 21-12-2016 00:00:00 [Type: DateTime (0)]
NHibernate: INSERT INTO Calendar (Value) VALUES (@p0); select SCOPE_IDENTITY();@p0 = 22-12-2016 00:00:00 [Type: DateTime (0)]
NHibernate: INSERT INTO Calendar (Value) VALUES (@p0); select SCOPE_IDENTITY();@p0 = 23-12-2016 00:00:00 [Type: DateTime (0)]
NHibernate: INSERT INTO Calendar (Value) VALUES (@p0); select SCOPE_IDENTITY();@p0 = 24-12-2016 00:00:00 [Type: DateTime (0)]
NHibernate: INSERT INTO Calendar (Value) VALUES (@p0); select SCOPE_IDENTITY();@p0 = 25-12-2016 00:00:00 [Type: DateTime (0)]
NHibernate: INSERT INTO Calendar (Value) VALUES (@p0); select SCOPE_IDENTITY();@p0 = 26-12-2016 00:00:00 [Type: DateTime (0)]
NHibernate: INSERT INTO Calendar (Value) VALUES (@p0); select SCOPE_IDENTITY();@p0 = 27-12-2016 00:00:00 [Type: DateTime (0)]
NHibernate: INSERT INTO Calendar (Value) VALUES (@p0); select SCOPE_IDENTITY();@p0 = 28-12-2016 00:00:00 [Type: DateTime (0)]
NHibernate: INSERT INTO Calendar (Value) VALUES (@p0); select SCOPE_IDENTITY();@p0 = 29-12-2016 00:00:00 [Type: DateTime (0)]
NHibernate: INSERT INTO Calendar (Value) VALUES (@p0); select SCOPE_IDENTITY();@p0 = 30-12-2016 00:00:00 [Type: DateTime (0)]
NHibernate: INSERT INTO Calendar (Value) VALUES (@p0); select SCOPE_IDENTITY();@p0 = 31-12-2016 00:00:00 [Type: DateTime (0)]
NHibernate: INSERT INTO Calendar (Value) VALUES (@p0); select SCOPE_IDENTITY();@p0 = 01-01-2017 00:00:00 [Type: DateTime (0)]
NHibernate: INSERT INTO Calendar (Value) VALUES (@p0); select SCOPE_IDENTITY();@p0 = 02-01-2017 00:00:00 [Type: DateTime (0)]
NHibernate: INSERT INTO Calendar (Value) VALUES (@p0); select SCOPE_IDENTITY();@p0 = 03-01-2017 00:00:00 [Type: DateTime (0)]
NHibernate: INSERT INTO Calendar (Value) VALUES (@p0); select SCOPE_IDENTITY();@p0 = 04-01-2017 00:00:00 [Type: DateTime (0)]
NHibernate: INSERT INTO Calendar (Value) VALUES (@p0); select SCOPE_IDENTITY();@p0 = 05-01-2017 00:00:00 [Type: DateTime (0)]
NHibernate: INSERT INTO Calendar (Value) VALUES (@p0); select SCOPE_IDENTITY();@p0 = 06-01-2017 00:00:00 [Type: DateTime (0)]
NHibernate: INSERT INTO Calendar (Value) VALUES (@p0); select SCOPE_IDENTITY();@p0 = 07-01-2017 00:00:00 [Type: DateTime (0)]
NHibernate: INSERT INTO Calendar (Value) VALUES (@p0); select SCOPE_IDENTITY();@p0 = 08-01-2017 00:00:00 [Type: DateTime (0)]
NHibernate: INSERT INTO Calendar (Value) VALUES (@p0); select SCOPE_IDENTITY();@p0 = 09-01-2017 00:00:00 [Type: DateTime (0)]
NHibernate: INSERT INTO Calendar (Value) VALUES (@p0); select SCOPE_IDENTITY();@p0 = 10-01-2017 00:00:00 [Type: DateTime (0)]
NHibernate: INSERT INTO Calendar (Value) VALUES (@p0); select SCOPE_IDENTITY();@p0 = 11-01-2017 00:00:00 [Type: DateTime (0)]
NHibernate: INSERT INTO Calendar (Value) VALUES (@p0); select SCOPE_IDENTITY();@p0 = 12-01-2017 00:00:00 [Type: DateTime (0)]
NHibernate: INSERT INTO Calendar (Value) VALUES (@p0); select SCOPE_IDENTITY();@p0 = 13-01-2017 00:00:00 [Type: DateTime (0)]
NHibernate: INSERT INTO Calendar (Value) VALUES (@p0); select SCOPE_IDENTITY();@p0 = 14-01-2017 00:00:00 [Type: DateTime (0)]
NHibernate: INSERT INTO Calendar (Value) VALUES (@p0); select SCOPE_IDENTITY();@p0 = 15-01-2017 00:00:00 [Type: DateTime (0)]
NHibernate: INSERT INTO Calendar (Value) VALUES (@p0); select SCOPE_IDENTITY();@p0 = 16-01-2017 00:00:00 [Type: DateTime (0)]
NHibernate: INSERT INTO Calendar (Value) VALUES (@p0); select SCOPE_IDENTITY();@p0 = 17-01-2017 00:00:00 [Type: DateTime (0)]
NHibernate: INSERT INTO Calendar (Value) VALUES (@p0); select SCOPE_IDENTITY();@p0 = 18-01-2017 00:00:00 [Type: DateTime (0)]
NHibernate: INSERT INTO Calendar (Value) VALUES (@p0); select SCOPE_IDENTITY();@p0 = 19-01-2017 00:00:00 [Type: DateTime (0)]
NHibernate: INSERT INTO Calendar (Value) VALUES (@p0); select SCOPE_IDENTITY();@p0 = 20-01-2017 00:00:00 [Type: DateTime (0)]
NHibernate: INSERT INTO Calendar (Value) VALUES (@p0); select SCOPE_IDENTITY();@p0 = 21-01-2017 00:00:00 [Type: DateTime (0)]
NHibernate: INSERT INTO Calendar (Value) VALUES (@p0); select SCOPE_IDENTITY();@p0 = 22-01-2017 00:00:00 [Type: DateTime (0)]
NHibernate: INSERT INTO Calendar (Value) VALUES (@p0); select SCOPE_IDENTITY();@p0 = 23-01-2017 00:00:00 [Type: DateTime (0)]
NHibernate: INSERT INTO Calendar (Value) VALUES (@p0); select SCOPE_IDENTITY();@p0 = 24-01-2017 00:00:00 [Type: DateTime (0)]
NHibernate: INSERT INTO Calendar (Value) VALUES (@p0); select SCOPE_IDENTITY();@p0 = 25-01-2017 00:00:00 [Type: DateTime (0)]
NHibernate: INSERT INTO Calendar (Value) VALUES (@p0); select SCOPE_IDENTITY();@p0 = 26-01-2017 00:00:00 [Type: DateTime (0)]
NHibernate: INSERT INTO Calendar (Value) VALUES (@p0); select SCOPE_IDENTITY();@p0 = 27-01-2017 00:00:00 [Type: DateTime (0)]
NHibernate: INSERT INTO Calendar (Value) VALUES (@p0); select SCOPE_IDENTITY();@p0 = 28-01-2017 00:00:00 [Type: DateTime (0)]
NHibernate: INSERT INTO Calendar (Value) VALUES (@p0); select SCOPE_IDENTITY();@p0 = 29-01-2017 00:00:00 [Type: DateTime (0)]
NHibernate: INSERT INTO Calendar (Value) VALUES (@p0); select SCOPE_IDENTITY();@p0 = 30-01-2017 00:00:00 [Type: DateTime (0)]
NHibernate: INSERT INTO Calendar (Value) VALUES (@p0); select SCOPE_IDENTITY();@p0 = 31-01-2017 00:00:00 [Type: DateTime (0)]
NHibernate: INSERT INTO Calendar (Value) VALUES (@p0); select SCOPE_IDENTITY();@p0 = 01-02-2017 00:00:00 [Type: DateTime (0)]
NHibernate: INSERT INTO Calendar (Value) VALUES (@p0); select SCOPE_IDENTITY();@p0 = 02-02-2017 00:00:00 [Type: DateTime (0)]
NHibernate: INSERT INTO Calendar (Value) VALUES (@p0); select SCOPE_IDENTITY();@p0 = 03-02-2017 00:00:00 [Type: DateTime (0)]
NHibernate: INSERT INTO Calendar (Value) VALUES (@p0); select SCOPE_IDENTITY();@p0 = 04-02-2017 00:00:00 [Type: DateTime (0)]
NHibernate: INSERT INTO Calendar (Value) VALUES (@p0); select SCOPE_IDENTITY();@p0 = 05-02-2017 00:00:00 [Type: DateTime (0)]
NHibernate: INSERT INTO Calendar (Value) VALUES (@p0); select SCOPE_IDENTITY();@p0 = 06-02-2017 00:00:00 [Type: DateTime (0)]
NHibernate: INSERT INTO Calendar (Value) VALUES (@p0); select SCOPE_IDENTITY();@p0 = 07-02-2017 00:00:00 [Type: DateTime (0)]
NHibernate: INSERT INTO Calendar (Value) VALUES (@p0); select SCOPE_IDENTITY();@p0 = 08-02-2017 00:00:00 [Type: DateTime (0)]
NHibernate: INSERT INTO Calendar (Value) VALUES (@p0); select SCOPE_IDENTITY();@p0 = 09-02-2017 00:00:00 [Type: DateTime (0)]
NHibernate: INSERT INTO Calendar (Value) VALUES (@p0); select SCOPE_IDENTITY();@p0 = 10-02-2017 00:00:00 [Type: DateTime (0)]
NHibernate: INSERT INTO Calendar (Value) VALUES (@p0); select SCOPE_IDENTITY();@p0 = 11-02-2017 00:00:00 [Type: DateTime (0)]
NHibernate: INSERT INTO Calendar (Value) VALUES (@p0); select SCOPE_IDENTITY();@p0 = 12-02-2017 00:00:00 [Type: DateTime (0)]
NHibernate: INSERT INTO Calendar (Value) VALUES (@p0); select SCOPE_IDENTITY();@p0 = 13-02-2017 00:00:00 [Type: DateTime (0)]
NHibernate: INSERT INTO Calendar (Value) VALUES (@p0); select SCOPE_IDENTITY();@p0 = 14-02-2017 00:00:00 [Type: DateTime (0)]
NHibernate: INSERT INTO Calendar (Value) VALUES (@p0); select SCOPE_IDENTITY();@p0 = 15-02-2017 00:00:00 [Type: DateTime (0)]
NHibernate: INSERT INTO Calendar (Value) VALUES (@p0); select SCOPE_IDENTITY();@p0 = 16-02-2017 00:00:00 [Type: DateTime (0)]
NHibernate: INSERT INTO Calendar (Value) VALUES (@p0); select SCOPE_IDENTITY();@p0 = 17-02-2017 00:00:00 [Type: DateTime (0)]
NHibernate: INSERT INTO Calendar (Value) VALUES (@p0); select SCOPE_IDENTITY();@p0 = 18-02-2017 00:00:00 [Type: DateTime (0)]
NHibernate: INSERT INTO Calendar (Value) VALUES (@p0); select SCOPE_IDENTITY();@p0 = 19-02-2017 00:00:00 [Type: DateTime (0)]
NHibernate: INSERT INTO Calendar (Value) VALUES (@p0); select SCOPE_IDENTITY();@p0 = 20-02-2017 00:00:00 [Type: DateTime (0)]
NHibernate: INSERT INTO Calendar (Value) VALUES (@p0); select SCOPE_IDENTITY();@p0 = 21-02-2017 00:00:00 [Type: DateTime (0)]
NHibernate: INSERT INTO Calendar (Value) VALUES (@p0); select SCOPE_IDENTITY();@p0 = 22-02-2017 00:00:00 [Type: DateTime (0)]
NHibernate: INSERT INTO Calendar (Value) VALUES (@p0); select SCOPE_IDENTITY();@p0 = 23-02-2017 00:00:00 [Type: DateTime (0)]
NHibernate: INSERT INTO Calendar (Value) VALUES (@p0); select SCOPE_IDENTITY();@p0 = 24-02-2017 00:00:00 [Type: DateTime (0)]
NHibernate: INSERT INTO Calendar (Value) VALUES (@p0); select SCOPE_IDENTITY();@p0 = 25-02-2017 00:00:00 [Type: DateTime (0)]
NHibernate: INSERT INTO Calendar (Value) VALUES (@p0); select SCOPE_IDENTITY();@p0 = 26-02-2017 00:00:00 [Type: DateTime (0)]
NHibernate: INSERT INTO Calendar (Value) VALUES (@p0); select SCOPE_IDENTITY();@p0 = 27-02-2017 00:00:00 [Type: DateTime (0)]
NHibernate: INSERT INTO Calendar (Value) VALUES (@p0); select SCOPE_IDENTITY();@p0 = 28-02-2017 00:00:00 [Type: DateTime (0)]
NHibernate: INSERT INTO Calendar (Value) VALUES (@p0); select SCOPE_IDENTITY();@p0 = 01-03-2017 00:00:00 [Type: DateTime (0)]
NHibernate: INSERT INTO Calendar (Value) VALUES (@p0); select SCOPE_IDENTITY();@p0 = 02-03-2017 00:00:00 [Type: DateTime (0)]
NHibernate: INSERT INTO Calendar (Value) VALUES (@p0); select SCOPE_IDENTITY();@p0 = 03-03-2017 00:00:00 [Type: DateTime (0)]
NHibernate: INSERT INTO Calendar (Value) VALUES (@p0); select SCOPE_IDENTITY();@p0 = 04-03-2017 00:00:00 [Type: DateTime (0)]
NHibernate: INSERT INTO Calendar (Value) VALUES (@p0); select SCOPE_IDENTITY();@p0 = 05-03-2017 00:00:00 [Type: DateTime (0)]
NHibernate: INSERT INTO Calendar (Value) VALUES (@p0); select SCOPE_IDENTITY();@p0 = 06-03-2017 00:00:00 [Type: DateTime (0)]
NHibernate: INSERT INTO Calendar (Value) VALUES (@p0); select SCOPE_IDENTITY();@p0 = 07-03-2017 00:00:00 [Type: DateTime (0)]
NHibernate: INSERT INTO Calendar (Value) VALUES (@p0); select SCOPE_IDENTITY();@p0 = 08-03-2017 00:00:00 [Type: DateTime (0)]
NHibernate: INSERT INTO Calendar (Value) VALUES (@p0); select SCOPE_IDENTITY();@p0 = 09-03-2017 00:00:00 [Type: DateTime (0)]
NHibernate: INSERT INTO Calendar (Value) VALUES (@p0); select SCOPE_IDENTITY();@p0 = 10-03-2017 00:00:00 [Type: DateTime (0)]
NHibernate: INSERT INTO Calendar (Value) VALUES (@p0); select SCOPE_IDENTITY();@p0 = 11-03-2017 00:00:00 [Type: DateTime (0)]
NHibernate: INSERT INTO Calendar (Value) VALUES (@p0); select SCOPE_IDENTITY();@p0 = 12-03-2017 00:00:00 [Type: DateTime (0)]
NHibernate: INSERT INTO Calendar (Value) VALUES (@p0); select SCOPE_IDENTITY();@p0 = 13-03-2017 00:00:00 [Type: DateTime (0)]
NHibernate: INSERT INTO Calendar (Value) VALUES (@p0); select SCOPE_IDENTITY();@p0 = 14-03-2017 00:00:00 [Type: DateTime (0)]
NHibernate: INSERT INTO Calendar (Value) VALUES (@p0); select SCOPE_IDENTITY();@p0 = 15-03-2017 00:00:00 [Type: DateTime (0)]
NHibernate: INSERT INTO Calendar (Value) VALUES (@p0); select SCOPE_IDENTITY();@p0 = 16-03-2017 00:00:00 [Type: DateTime (0)]
NHibernate: INSERT INTO Calendar (Value) VALUES (@p0); select SCOPE_IDENTITY();@p0 = 17-03-2017 00:00:00 [Type: DateTime (0)]
NHibernate: INSERT INTO Calendar (Value) VALUES (@p0); select SCOPE_IDENTITY();@p0 = 18-03-2017 00:00:00 [Type: DateTime (0)]
NHibernate: INSERT INTO Calendar (Value) VALUES (@p0); select SCOPE_IDENTITY();@p0 = 19-03-2017 00:00:00 [Type: DateTime (0)]
NHibernate: INSERT INTO Calendar (Value) VALUES (@p0); select SCOPE_IDENTITY();@p0 = 20-03-2017 00:00:00 [Type: DateTime (0)]
NHibernate: INSERT INTO Calendar (Value) VALUES (@p0); select SCOPE_IDENTITY();@p0 = 21-03-2017 00:00:00 [Type: DateTime (0)]
NHibernate: INSERT INTO Calendar (Value) VALUES (@p0); select SCOPE_IDENTITY();@p0 = 22-03-2017 00:00:00 [Type: DateTime (0)]
NHibernate: INSERT INTO Calendar (Value) VALUES (@p0); select SCOPE_IDENTITY();@p0 = 23-03-2017 00:00:00 [Type: DateTime (0)]
NHibernate: INSERT INTO Calendar (Value) VALUES (@p0); select SCOPE_IDENTITY();@p0 = 24-03-2017 00:00:00 [Type: DateTime (0)]
NHibernate: INSERT INTO Calendar (Value) VALUES (@p0); select SCOPE_IDENTITY();@p0 = 25-03-2017 00:00:00 [Type: DateTime (0)]
NHibernate: INSERT INTO Calendar (Value) VALUES (@p0); select SCOPE_IDENTITY();@p0 = 26-03-2017 00:00:00 [Type: DateTime (0)]
NHibernate: INSERT INTO Calendar (Value) VALUES (@p0); select SCOPE_IDENTITY();@p0 = 27-03-2017 00:00:00 [Type: DateTime (0)]
NHibernate: INSERT INTO Calendar (Value) VALUES (@p0); select SCOPE_IDENTITY();@p0 = 28-03-2017 00:00:00 [Type: DateTime (0)]
NHibernate: INSERT INTO Calendar (Value) VALUES (@p0); select SCOPE_IDENTITY();@p0 = 29-03-2017 00:00:00 [Type: DateTime (0)]
NHibernate: INSERT INTO Calendar (Value) VALUES (@p0); select SCOPE_IDENTITY();@p0 = 30-03-2017 00:00:00 [Type: DateTime (0)]
NHibernate: INSERT INTO Calendar (Value) VALUES (@p0); select SCOPE_IDENTITY();@p0 = 31-03-2017 00:00:00 [Type: DateTime (0)]
NHibernate: INSERT INTO Calendar (Value) VALUES (@p0); select SCOPE_IDENTITY();@p0 = 01-04-2017 00:00:00 [Type: DateTime (0)]
NHibernate: INSERT INTO Calendar (Value) VALUES (@p0); select SCOPE_IDENTITY();@p0 = 02-04-2017 00:00:00 [Type: DateTime (0)]
NHibernate: INSERT INTO Calendar (Value) VALUES (@p0); select SCOPE_IDENTITY();@p0 = 03-04-2017 00:00:00 [Type: DateTime (0)]
NHibernate: INSERT INTO Calendar (Value) VALUES (@p0); select SCOPE_IDENTITY();@p0 = 04-04-2017 00:00:00 [Type: DateTime (0)]
NHibernate: INSERT INTO Calendar (Value) VALUES (@p0); select SCOPE_IDENTITY();@p0 = 05-04-2017 00:00:00 [Type: DateTime (0)]
NHibernate: INSERT INTO Calendar (Value) VALUES (@p0); select SCOPE_IDENTITY();@p0 = 06-04-2017 00:00:00 [Type: DateTime (0)]
NHibernate: INSERT INTO Calendar (Value) VALUES (@p0); select SCOPE_IDENTITY();@p0 = 07-04-2017 00:00:00 [Type: DateTime (0)]
NHibernate: INSERT INTO Calendar (Value) VALUES (@p0); select SCOPE_IDENTITY();@p0 = 08-04-2017 00:00:00 [Type: DateTime (0)]
NHibernate: INSERT INTO Calendar (Value) VALUES (@p0); select SCOPE_IDENTITY();@p0 = 09-04-2017 00:00:00 [Type: DateTime (0)]
NHibernate: INSERT INTO Calendar (Value) VALUES (@p0); select SCOPE_IDENTITY();@p0 = 10-04-2017 00:00:00 [Type: DateTime (0)]
NHibernate: INSERT INTO Calendar (Value) VALUES (@p0); select SCOPE_IDENTITY();@p0 = 11-04-2017 00:00:00 [Type: DateTime (0)]
NHibernate: INSERT INTO Calendar (Value) VALUES (@p0); select SCOPE_IDENTITY();@p0 = 12-04-2017 00:00:00 [Type: DateTime (0)]
NHibernate: INSERT INTO Calendar (Value) VALUES (@p0); select SCOPE_IDENTITY();@p0 = 13-04-2017 00:00:00 [Type: DateTime (0)]
NHibernate: INSERT INTO Calendar (Value) VALUES (@p0); select SCOPE_IDENTITY();@p0 = 14-04-2017 00:00:00 [Type: DateTime (0)]
NHibernate: INSERT INTO Calendar (Value) VALUES (@p0); select SCOPE_IDENTITY();@p0 = 15-04-2017 00:00:00 [Type: DateTime (0)]
NHibernate: INSERT INTO Calendar (Value) VALUES (@p0); select SCOPE_IDENTITY();@p0 = 16-04-2017 00:00:00 [Type: DateTime (0)]
NHibernate: INSERT INTO Calendar (Value) VALUES (@p0); select SCOPE_IDENTITY();@p0 = 17-04-2017 00:00:00 [Type: DateTime (0)]
NHibernate: INSERT INTO Calendar (Value) VALUES (@p0); select SCOPE_IDENTITY();@p0 = 18-04-2017 00:00:00 [Type: DateTime (0)]
NHibernate: INSERT INTO Calendar (Value) VALUES (@p0); select SCOPE_IDENTITY();@p0 = 19-04-2017 00:00:00 [Type: DateTime (0)]
NHibernate: INSERT INTO Calendar (Value) VALUES (@p0); select SCOPE_IDENTITY();@p0 = 20-04-2017 00:00:00 [Type: DateTime (0)]
NHibernate: INSERT INTO Calendar (Value) VALUES (@p0); select SCOPE_IDENTITY();@p0 = 21-04-2017 00:00:00 [Type: DateTime (0)]
NHibernate: INSERT INTO Calendar (Value) VALUES (@p0); select SCOPE_IDENTITY();@p0 = 22-04-2017 00:00:00 [Type: DateTime (0)]
NHibernate: INSERT INTO Calendar (Value) VALUES (@p0); select SCOPE_IDENTITY();@p0 = 23-04-2017 00:00:00 [Type: DateTime (0)]
NHibernate: INSERT INTO Calendar (Value) VALUES (@p0); select SCOPE_IDENTITY();@p0 = 24-04-2017 00:00:00 [Type: DateTime (0)]
NHibernate: INSERT INTO Calendar (Value) VALUES (@p0); select SCOPE_IDENTITY();@p0 = 25-04-2017 00:00:00 [Type: DateTime (0)]
NHibernate: INSERT INTO Calendar (Value) VALUES (@p0); select SCOPE_IDENTITY();@p0 = 26-04-2017 00:00:00 [Type: DateTime (0)]
NHibernate: INSERT INTO Calendar (Value) VALUES (@p0); select SCOPE_IDENTITY();@p0 = 27-04-2017 00:00:00 [Type: DateTime (0)]
NHibernate: INSERT INTO Calendar (Value) VALUES (@p0); select SCOPE_IDENTITY();@p0 = 28-04-2017 00:00:00 [Type: DateTime (0)]
NHibernate: INSERT INTO Calendar (Value) VALUES (@p0); select SCOPE_IDENTITY();@p0 = 29-04-2017 00:00:00 [Type: DateTime (0)]
NHibernate: INSERT INTO Calendar (Value) VALUES (@p0); select SCOPE_IDENTITY();@p0 = 30-04-2017 00:00:00 [Type: DateTime (0)]
NHibernate: INSERT INTO Calendar (Value) VALUES (@p0); select SCOPE_IDENTITY();@p0 = 01-05-2017 00:00:00 [Type: DateTime (0)]
NHibernate: INSERT INTO Calendar (Value) VALUES (@p0); select SCOPE_IDENTITY();@p0 = 02-05-2017 00:00:00 [Type: DateTime (0)]
NHibernate: INSERT INTO Calendar (Value) VALUES (@p0); select SCOPE_IDENTITY();@p0 = 03-05-2017 00:00:00 [Type: DateTime (0)]
NHibernate: INSERT INTO Calendar (Value) VALUES (@p0); select SCOPE_IDENTITY();@p0 = 04-05-2017 00:00:00 [Type: DateTime (0)]
NHibernate: INSERT INTO Calendar (Value) VALUES (@p0); select SCOPE_IDENTITY();@p0 = 05-05-2017 00:00:00 [Type: DateTime (0)]
NHibernate: INSERT INTO Calendar (Value) VALUES (@p0); select SCOPE_IDENTITY();@p0 = 06-05-2017 00:00:00 [Type: DateTime (0)]
NHibernate: INSERT INTO Calendar (Value) VALUES (@p0); select SCOPE_IDENTITY();@p0 = 07-05-2017 00:00:00 [Type: DateTime (0)]
NHibernate: INSERT INTO Calendar (Value) VALUES (@p0); select SCOPE_IDENTITY();@p0 = 08-05-2017 00:00:00 [Type: DateTime (0)]
NHibernate: INSERT INTO Calendar (Value) VALUES (@p0); select SCOPE_IDENTITY();@p0 = 09-05-2017 00:00:00 [Type: DateTime (0)]
NHibernate: INSERT INTO Calendar (Value) VALUES (@p0); select SCOPE_IDENTITY();@p0 = 10-05-2017 00:00:00 [Type: DateTime (0)]
NHibernate: INSERT INTO Calendar (Value) VALUES (@p0); select SCOPE_IDENTITY();@p0 = 11-05-2017 00:00:00 [Type: DateTime (0)]
NHibernate: INSERT INTO Calendar (Value) VALUES (@p0); select SCOPE_IDENTITY();@p0 = 12-05-2017 00:00:00 [Type: DateTime (0)]
NHibernate: INSERT INTO Calendar (Value) VALUES (@p0); select SCOPE_IDENTITY();@p0 = 13-05-2017 00:00:00 [Type: DateTime (0)]
NHibernate: INSERT INTO Calendar (Value) VALUES (@p0); select SCOPE_IDENTITY();@p0 = 14-05-2017 00:00:00 [Type: DateTime (0)]
NHibernate: INSERT INTO Calendar (Value) VALUES (@p0); select SCOPE_IDENTITY();@p0 = 15-05-2017 00:00:00 [Type: DateTime (0)]
NHibernate: INSERT INTO Calendar (Value) VALUES (@p0); select SCOPE_IDENTITY();@p0 = 16-05-2017 00:00:00 [Type: DateTime (0)]
NHibernate: INSERT INTO Calendar (Value) VALUES (@p0); select SCOPE_IDENTITY();@p0 = 17-05-2017 00:00:00 [Type: DateTime (0)]
NHibernate: INSERT INTO Calendar (Value) VALUES (@p0); select SCOPE_IDENTITY();@p0 = 18-05-2017 00:00:00 [Type: DateTime (0)]
NHibernate: INSERT INTO Calendar (Value) VALUES (@p0); select SCOPE_IDENTITY();@p0 = 19-05-2017 00:00:00 [Type: DateTime (0)]
NHibernate: INSERT INTO Calendar (Value) VALUES (@p0); select SCOPE_IDENTITY();@p0 = 20-05-2017 00:00:00 [Type: DateTime (0)]
NHibernate: INSERT INTO Calendar (Value) VALUES (@p0); select SCOPE_IDENTITY();@p0 = 21-05-2017 00:00:00 [Type: DateTime (0)]
NHibernate: INSERT INTO Calendar (Value) VALUES (@p0); select SCOPE_IDENTITY();@p0 = 22-05-2017 00:00:00 [Type: DateTime (0)]
NHibernate: INSERT INTO Calendar (Value) VALUES (@p0); select SCOPE_IDENTITY();@p0 = 23-05-2017 00:00:00 [Type: DateTime (0)]
NHibernate: INSERT INTO Calendar (Value) VALUES (@p0); select SCOPE_IDENTITY();@p0 = 24-05-2017 00:00:00 [Type: DateTime (0)]
NHibernate: INSERT INTO Calendar (Value) VALUES (@p0); select SCOPE_IDENTITY();@p0 = 25-05-2017 00:00:00 [Type: DateTime (0)]
NHibernate: INSERT INTO Calendar (Value) VALUES (@p0); select SCOPE_IDENTITY();@p0 = 26-05-2017 00:00:00 [Type: DateTime (0)]
NHibernate: INSERT INTO Calendar (Value) VALUES (@p0); select SCOPE_IDENTITY();@p0 = 27-05-2017 00:00:00 [Type: DateTime (0)]
NHibernate: INSERT INTO Calendar (Value) VALUES (@p0); select SCOPE_IDENTITY();@p0 = 28-05-2017 00:00:00 [Type: DateTime (0)]
NHibernate: INSERT INTO Calendar (Value) VALUES (@p0); select SCOPE_IDENTITY();@p0 = 29-05-2017 00:00:00 [Type: DateTime (0)]
NHibernate: INSERT INTO Calendar (Value) VALUES (@p0); select SCOPE_IDENTITY();@p0 = 30-05-2017 00:00:00 [Type: DateTime (0)]
NHibernate: INSERT INTO Calendar (Value) VALUES (@p0); select SCOPE_IDENTITY();@p0 = 31-05-2017 00:00:00 [Type: DateTime (0)]
NHibernate: INSERT INTO Calendar (Value) VALUES (@p0); select SCOPE_IDENTITY();@p0 = 01-06-2017 00:00:00 [Type: DateTime (0)]
NHibernate: INSERT INTO Calendar (Value) VALUES (@p0); select SCOPE_IDENTITY();@p0 = 02-06-2017 00:00:00 [Type: DateTime (0)]
NHibernate: INSERT INTO Calendar (Value) VALUES (@p0); select SCOPE_IDENTITY();@p0 = 03-06-2017 00:00:00 [Type: DateTime (0)]
NHibernate: INSERT INTO Calendar (Value) VALUES (@p0); select SCOPE_IDENTITY();@p0 = 04-06-2017 00:00:00 [Type: DateTime (0)]
NHibernate: INSERT INTO Calendar (Value) VALUES (@p0); select SCOPE_IDENTITY();@p0 = 05-06-2017 00:00:00 [Type: DateTime (0)]
NHibernate: INSERT INTO Calendar (Value) VALUES (@p0); select SCOPE_IDENTITY();@p0 = 06-06-2017 00:00:00 [Type: DateTime (0)]
NHibernate: INSERT INTO Calendar (Value) VALUES (@p0); select SCOPE_IDENTITY();@p0 = 07-06-2017 00:00:00 [Type: DateTime (0)]
NHibernate: INSERT INTO Calendar (Value) VALUES (@p0); select SCOPE_IDENTITY();@p0 = 08-06-2017 00:00:00 [Type: DateTime (0)]
NHibernate: INSERT INTO Calendar (Value) VALUES (@p0); select SCOPE_IDENTITY();@p0 = 09-06-2017 00:00:00 [Type: DateTime (0)]
NHibernate: INSERT INTO Calendar (Value) VALUES (@p0); select SCOPE_IDENTITY();@p0 = 10-06-2017 00:00:00 [Type: DateTime (0)]
NHibernate: INSERT INTO Calendar (Value) VALUES (@p0); select SCOPE_IDENTITY();@p0 = 11-06-2017 00:00:00 [Type: DateTime (0)]
NHibernate: INSERT INTO Calendar (Value) VALUES (@p0); select SCOPE_IDENTITY();@p0 = 12-06-2017 00:00:00 [Type: DateTime (0)]
NHibernate: INSERT INTO Calendar (Value) VALUES (@p0); select SCOPE_IDENTITY();@p0 = 13-06-2017 00:00:00 [Type: DateTime (0)]
NHibernate: INSERT INTO Calendar (Value) VALUES (@p0); select SCOPE_IDENTITY();@p0 = 14-06-2017 00:00:00 [Type: DateTime (0)]
NHibernate: INSERT INTO Calendar (Value) VALUES (@p0); select SCOPE_IDENTITY();@p0 = 15-06-2017 00:00:00 [Type: DateTime (0)]
NHibernate: INSERT INTO Calendar (Value) VALUES (@p0); select SCOPE_IDENTITY();@p0 = 16-06-2017 00:00:00 [Type: DateTime (0)]
NHibernate: INSERT INTO Calendar (Value) VALUES (@p0); select SCOPE_IDENTITY();@p0 = 17-06-2017 00:00:00 [Type: DateTime (0)]
NHibernate: INSERT INTO Calendar (Value) VALUES (@p0); select SCOPE_IDENTITY();@p0 = 18-06-2017 00:00:00 [Type: DateTime (0)]
NHibernate: INSERT INTO Calendar (Value) VALUES (@p0); select SCOPE_IDENTITY();@p0 = 19-06-2017 00:00:00 [Type: DateTime (0)]
NHibernate: INSERT INTO Calendar (Value) VALUES (@p0); select SCOPE_IDENTITY();@p0 = 20-06-2017 00:00:00 [Type: DateTime (0)]
NHibernate: INSERT INTO Calendar (Value) VALUES (@p0); select SCOPE_IDENTITY();@p0 = 21-06-2017 00:00:00 [Type: DateTime (0)]
NHibernate: INSERT INTO Calendar (Value) VALUES (@p0); select SCOPE_IDENTITY();@p0 = 22-06-2017 00:00:00 [Type: DateTime (0)]
NHibernate: INSERT INTO Calendar (Value) VALUES (@p0); select SCOPE_IDENTITY();@p0 = 23-06-2017 00:00:00 [Type: DateTime (0)]
NHibernate: INSERT INTO Calendar (Value) VALUES (@p0); select SCOPE_IDENTITY();@p0 = 24-06-2017 00:00:00 [Type: DateTime (0)]
NHibernate: INSERT INTO Calendar (Value) VALUES (@p0); select SCOPE_IDENTITY();@p0 = 25-06-2017 00:00:00 [Type: DateTime (0)]
NHibernate: INSERT INTO Calendar (Value) VALUES (@p0); select SCOPE_IDENTITY();@p0 = 26-06-2017 00:00:00 [Type: DateTime (0)]
NHibernate: INSERT INTO Calendar (Value) VALUES (@p0); select SCOPE_IDENTITY();@p0 = 27-06-2017 00:00:00 [Type: DateTime (0)]
NHibernate: INSERT INTO Calendar (Value) VALUES (@p0); select SCOPE_IDENTITY();@p0 = 28-06-2017 00:00:00 [Type: DateTime (0)]
NHibernate: INSERT INTO Calendar (Value) VALUES (@p0); select SCOPE_IDENTITY();@p0 = 29-06-2017 00:00:00 [Type: DateTime (0)]
NHibernate: INSERT INTO Calendar (Value) VALUES (@p0); select SCOPE_IDENTITY();@p0 = 30-06-2017 00:00:00 [Type: DateTime (0)]
NHibernate: INSERT INTO Calendar (Value) VALUES (@p0); select SCOPE_IDENTITY();@p0 = 01-07-2017 00:00:00 [Type: DateTime (0)]
NHibernate: INSERT INTO Calendar (Value) VALUES (@p0); select SCOPE_IDENTITY();@p0 = 02-07-2017 00:00:00 [Type: DateTime (0)]
NHibernate: INSERT INTO Calendar (Value) VALUES (@p0); select SCOPE_IDENTITY();@p0 = 03-07-2017 00:00:00 [Type: DateTime (0)]
NHibernate: INSERT INTO Calendar (Value) VALUES (@p0); select SCOPE_IDENTITY();@p0 = 04-07-2017 00:00:00 [Type: DateTime (0)]
NHibernate: INSERT INTO Calendar (Value) VALUES (@p0); select SCOPE_IDENTITY();@p0 = 05-07-2017 00:00:00 [Type: DateTime (0)]
NHibernate: INSERT INTO Calendar (Value) VALUES (@p0); select SCOPE_IDENTITY();@p0 = 06-07-2017 00:00:00 [Type: DateTime (0)]
NHibernate: INSERT INTO Calendar (Value) VALUES (@p0); select SCOPE_IDENTITY();@p0 = 07-07-2017 00:00:00 [Type: DateTime (0)]
NHibernate: INSERT INTO Calendar (Value) VALUES (@p0); select SCOPE_IDENTITY();@p0 = 08-07-2017 00:00:00 [Type: DateTime (0)]
NHibernate: INSERT INTO Calendar (Value) VALUES (@p0); select SCOPE_IDENTITY();@p0 = 09-07-2017 00:00:00 [Type: DateTime (0)]
NHibernate: INSERT INTO Calendar (Value) VALUES (@p0); select SCOPE_IDENTITY();@p0 = 10-07-2017 00:00:00 [Type: DateTime (0)]
NHibernate: INSERT INTO Calendar (Value) VALUES (@p0); select SCOPE_IDENTITY();@p0 = 11-07-2017 00:00:00 [Type: DateTime (0)]
NHibernate: INSERT INTO Calendar (Value) VALUES (@p0); select SCOPE_IDENTITY();@p0 = 12-07-2017 00:00:00 [Type: DateTime (0)]
NHibernate: INSERT INTO Calendar (Value) VALUES (@p0); select SCOPE_IDENTITY();@p0 = 13-07-2017 00:00:00 [Type: DateTime (0)]
NHibernate: INSERT INTO Calendar (Value) VALUES (@p0); select SCOPE_IDENTITY();@p0 = 14-07-2017 00:00:00 [Type: DateTime (0)]
NHibernate: INSERT INTO Calendar (Value) VALUES (@p0); select SCOPE_IDENTITY();@p0 = 15-07-2017 00:00:00 [Type: DateTime (0)]
NHibernate: INSERT INTO Calendar (Value) VALUES (@p0); select SCOPE_IDENTITY();@p0 = 16-07-2017 00:00:00 [Type: DateTime (0)]
NHibernate: INSERT INTO Calendar (Value) VALUES (@p0); select SCOPE_IDENTITY();@p0 = 17-07-2017 00:00:00 [Type: DateTime (0)]
NHibernate: INSERT INTO Calendar (Value) VALUES (@p0); select SCOPE_IDENTITY();@p0 = 18-07-2017 00:00:00 [Type: DateTime (0)]
NHibernate: INSERT INTO Calendar (Value) VALUES (@p0); select SCOPE_IDENTITY();@p0 = 19-07-2017 00:00:00 [Type: DateTime (0)]
NHibernate: INSERT INTO Calendar (Value) VALUES (@p0); select SCOPE_IDENTITY();@p0 = 20-07-2017 00:00:00 [Type: DateTime (0)]
NHibernate: INSERT INTO Calendar (Value) VALUES (@p0); select SCOPE_IDENTITY();@p0 = 21-07-2017 00:00:00 [Type: DateTime (0)]
NHibernate: INSERT INTO Calendar (Value) VALUES (@p0); select SCOPE_IDENTITY();@p0 = 22-07-2017 00:00:00 [Type: DateTime (0)]
NHibernate: INSERT INTO Calendar (Value) VALUES (@p0); select SCOPE_IDENTITY();@p0 = 23-07-2017 00:00:00 [Type: DateTime (0)]
NHibernate: INSERT INTO Calendar (Value) VALUES (@p0); select SCOPE_IDENTITY();@p0 = 24-07-2017 00:00:00 [Type: DateTime (0)]
NHibernate: INSERT INTO Calendar (Value) VALUES (@p0); select SCOPE_IDENTITY();@p0 = 25-07-2017 00:00:00 [Type: DateTime (0)]
NHibernate: INSERT INTO Calendar (Value) VALUES (@p0); select SCOPE_IDENTITY();@p0 = 26-07-2017 00:00:00 [Type: DateTime (0)]
NHibernate: INSERT INTO Calendar (Value) VALUES (@p0); select SCOPE_IDENTITY();@p0 = 27-07-2017 00:00:00 [Type: DateTime (0)]
NHibernate: INSERT INTO Calendar (Value) VALUES (@p0); select SCOPE_IDENTITY();@p0 = 28-07-2017 00:00:00 [Type: DateTime (0)]
NHibernate: INSERT INTO Calendar (Value) VALUES (@p0); select SCOPE_IDENTITY();@p0 = 29-07-2017 00:00:00 [Type: DateTime (0)]
NHibernate: INSERT INTO Calendar (Value) VALUES (@p0); select SCOPE_IDENTITY();@p0 = 30-07-2017 00:00:00 [Type: DateTime (0)]
NHibernate: INSERT INTO Calendar (Value) VALUES (@p0); select SCOPE_IDENTITY();@p0 = 31-07-2017 00:00:00 [Type: DateTime (0)]
NHibernate: INSERT INTO Calendar (Value) VALUES (@p0); select SCOPE_IDENTITY();@p0 = 01-08-2017 00:00:00 [Type: DateTime (0)]
NHibernate: INSERT INTO Calendar (Value) VALUES (@p0); select SCOPE_IDENTITY();@p0 = 02-08-2017 00:00:00 [Type: DateTime (0)]
NHibernate: INSERT INTO Calendar (Value) VALUES (@p0); select SCOPE_IDENTITY();@p0 = 03-08-2017 00:00:00 [Type: DateTime (0)]
NHibernate: INSERT INTO Calendar (Value) VALUES (@p0); select SCOPE_IDENTITY();@p0 = 04-08-2017 00:00:00 [Type: DateTime (0)]
NHibernate: INSERT INTO Calendar (Value) VALUES (@p0); select SCOPE_IDENTITY();@p0 = 05-08-2017 00:00:00 [Type: DateTime (0)]
NHibernate: INSERT INTO Calendar (Value) VALUES (@p0); select SCOPE_IDENTITY();@p0 = 06-08-2017 00:00:00 [Type: DateTime (0)]
NHibernate: INSERT INTO Calendar (Value) VALUES (@p0); select SCOPE_IDENTITY();@p0 = 07-08-2017 00:00:00 [Type: DateTime (0)]
NHibernate: INSERT INTO Calendar (Value) VALUES (@p0); select SCOPE_IDENTITY();@p0 = 08-08-2017 00:00:00 [Type: DateTime (0)]
NHibernate: INSERT INTO Calendar (Value) VALUES (@p0); select SCOPE_IDENTITY();@p0 = 09-08-2017 00:00:00 [Type: DateTime (0)]
NHibernate: INSERT INTO Calendar (Value) VALUES (@p0); select SCOPE_IDENTITY();@p0 = 10-08-2017 00:00:00 [Type: DateTime (0)]
NHibernate: INSERT INTO Calendar (Value) VALUES (@p0); select SCOPE_IDENTITY();@p0 = 11-08-2017 00:00:00 [Type: DateTime (0)]
NHibernate: INSERT INTO Calendar (Value) VALUES (@p0); select SCOPE_IDENTITY();@p0 = 12-08-2017 00:00:00 [Type: DateTime (0)]
NHibernate: INSERT INTO Calendar (Value) VALUES (@p0); select SCOPE_IDENTITY();@p0 = 13-08-2017 00:00:00 [Type: DateTime (0)]
NHibernate: INSERT INTO Calendar (Value) VALUES (@p0); select SCOPE_IDENTITY();@p0 = 14-08-2017 00:00:00 [Type: DateTime (0)]
NHibernate: INSERT INTO Calendar (Value) VALUES (@p0); select SCOPE_IDENTITY();@p0 = 15-08-2017 00:00:00 [Type: DateTime (0)]
NHibernate: INSERT INTO Calendar (Value) VALUES (@p0); select SCOPE_IDENTITY();@p0 = 16-08-2017 00:00:00 [Type: DateTime (0)]
NHibernate: INSERT INTO Calendar (Value) VALUES (@p0); select SCOPE_IDENTITY();@p0 = 17-08-2017 00:00:00 [Type: DateTime (0)]
NHibernate: INSERT INTO Calendar (Value) VALUES (@p0); select SCOPE_IDENTITY();@p0 = 18-08-2017 00:00:00 [Type: DateTime (0)]
NHibernate: INSERT INTO Calendar (Value) VALUES (@p0); select SCOPE_IDENTITY();@p0 = 19-08-2017 00:00:00 [Type: DateTime (0)]
NHibernate: INSERT INTO Calendar (Value) VALUES (@p0); select SCOPE_IDENTITY();@p0 = 20-08-2017 00:00:00 [Type: DateTime (0)]
NHibernate: INSERT INTO Calendar (Value) VALUES (@p0); select SCOPE_IDENTITY();@p0 = 21-08-2017 00:00:00 [Type: DateTime (0)]
NHibernate: INSERT INTO Calendar (Value) VALUES (@p0); select SCOPE_IDENTITY();@p0 = 22-08-2017 00:00:00 [Type: DateTime (0)]
NHibernate: INSERT INTO Calendar (Value) VALUES (@p0); select SCOPE_IDENTITY();@p0 = 23-08-2017 00:00:00 [Type: DateTime (0)]
NHibernate: INSERT INTO Calendar (Value) VALUES (@p0); select SCOPE_IDENTITY();@p0 = 24-08-2017 00:00:00 [Type: DateTime (0)]
NHibernate: INSERT INTO Calendar (Value) VALUES (@p0); select SCOPE_IDENTITY();@p0 = 25-08-2017 00:00:00 [Type: DateTime (0)]
NHibernate: INSERT INTO Calendar (Value) VALUES (@p0); select SCOPE_IDENTITY();@p0 = 26-08-2017 00:00:00 [Type: DateTime (0)]
NHibernate: INSERT INTO Calendar (Value) VALUES (@p0); select SCOPE_IDENTITY();@p0 = 27-08-2017 00:00:00 [Type: DateTime (0)]
NHibernate: INSERT INTO Calendar (Value) VALUES (@p0); select SCOPE_IDENTITY();@p0 = 28-08-2017 00:00:00 [Type: DateTime (0)]
NHibernate: INSERT INTO Calendar (Value) VALUES (@p0); select SCOPE_IDENTITY();@p0 = 29-08-2017 00:00:00 [Type: DateTime (0)]
NHibernate: INSERT INTO Calendar (Value) VALUES (@p0); select SCOPE_IDENTITY();@p0 = 30-08-2017 00:00:00 [Type: DateTime (0)]
NHibernate: INSERT INTO Calendar (Value) VALUES (@p0); select SCOPE_IDENTITY();@p0 = 31-08-2017 00:00:00 [Type: DateTime (0)]
NHibernate: INSERT INTO Calendar (Value) VALUES (@p0); select SCOPE_IDENTITY();@p0 = 01-09-2017 00:00:00 [Type: DateTime (0)]
NHibernate: INSERT INTO Calendar (Value) VALUES (@p0); select SCOPE_IDENTITY();@p0 = 02-09-2017 00:00:00 [Type: DateTime (0)]
NHibernate: INSERT INTO Calendar (Value) VALUES (@p0); select SCOPE_IDENTITY();@p0 = 03-09-2017 00:00:00 [Type: DateTime (0)]
NHibernate: INSERT INTO Calendar (Value) VALUES (@p0); select SCOPE_IDENTITY();@p0 = 04-09-2017 00:00:00 [Type: DateTime (0)]
NHibernate: INSERT INTO Calendar (Value) VALUES (@p0); select SCOPE_IDENTITY();@p0 = 05-09-2017 00:00:00 [Type: DateTime (0)]
NHibernate: INSERT INTO Calendar (Value) VALUES (@p0); select SCOPE_IDENTITY();@p0 = 06-09-2017 00:00:00 [Type: DateTime (0)]
NHibernate: INSERT INTO Calendar (Value) VALUES (@p0); select SCOPE_IDENTITY();@p0 = 07-09-2017 00:00:00 [Type: DateTime (0)]
NHibernate: INSERT INTO Calendar (Value) VALUES (@p0); select SCOPE_IDENTITY();@p0 = 08-09-2017 00:00:00 [Type: DateTime (0)]
NHibernate: INSERT INTO Calendar (Value) VALUES (@p0); select SCOPE_IDENTITY();@p0 = 09-09-2017 00:00:00 [Type: DateTime (0)]
NHibernate: INSERT INTO Calendar (Value) VALUES (@p0); select SCOPE_IDENTITY();@p0 = 10-09-2017 00:00:00 [Type: DateTime (0)]
NHibernate: INSERT INTO Calendar (Value) VALUES (@p0); select SCOPE_IDENTITY();@p0 = 11-09-2017 00:00:00 [Type: DateTime (0)]
NHibernate: INSERT INTO Calendar (Value) VALUES (@p0); select SCOPE_IDENTITY();@p0 = 12-09-2017 00:00:00 [Type: DateTime (0)]
NHibernate: INSERT INTO Calendar (Value) VALUES (@p0); select SCOPE_IDENTITY();@p0 = 13-09-2017 00:00:00 [Type: DateTime (0)]
NHibernate: INSERT INTO Calendar (Value) VALUES (@p0); select SCOPE_IDENTITY();@p0 = 14-09-2017 00:00:00 [Type: DateTime (0)]
NHibernate: INSERT INTO Calendar (Value) VALUES (@p0); select SCOPE_IDENTITY();@p0 = 15-09-2017 00:00:00 [Type: DateTime (0)]
NHibernate: INSERT INTO Calendar (Value) VALUES (@p0); select SCOPE_IDENTITY();@p0 = 16-09-2017 00:00:00 [Type: DateTime (0)]
NHibernate: INSERT INTO Calendar (Value) VALUES (@p0); select SCOPE_IDENTITY();@p0 = 17-09-2017 00:00:00 [Type: DateTime (0)]
NHibernate: INSERT INTO Calendar (Value) VALUES (@p0); select SCOPE_IDENTITY();@p0 = 18-09-2017 00:00:00 [Type: DateTime (0)]
NHibernate: INSERT INTO Calendar (Value) VALUES (@p0); select SCOPE_IDENTITY();@p0 = 19-09-2017 00:00:00 [Type: DateTime (0)]
NHibernate: INSERT INTO Calendar (Value) VALUES (@p0); select SCOPE_IDENTITY();@p0 = 20-09-2017 00:00:00 [Type: DateTime (0)]
NHibernate: INSERT INTO Calendar (Value) VALUES (@p0); select SCOPE_IDENTITY();@p0 = 21-09-2017 00:00:00 [Type: DateTime (0)]
NHibernate: INSERT INTO Calendar (Value) VALUES (@p0); select SCOPE_IDENTITY();@p0 = 22-09-2017 00:00:00 [Type: DateTime (0)]
NHibernate: INSERT INTO Calendar (Value) VALUES (@p0); select SCOPE_IDENTITY();@p0 = 23-09-2017 00:00:00 [Type: DateTime (0)]
NHibernate: INSERT INTO Calendar (Value) VALUES (@p0); select SCOPE_IDENTITY();@p0 = 24-09-2017 00:00:00 [Type: DateTime (0)]
NHibernate: INSERT INTO Calendar (Value) VALUES (@p0); select SCOPE_IDENTITY();@p0 = 25-09-2017 00:00:00 [Type: DateTime (0)]
NHibernate: INSERT INTO Calendar (Value) VALUES (@p0); select SCOPE_IDENTITY();@p0 = 26-09-2017 00:00:00 [Type: DateTime (0)]
NHibernate: INSERT INTO Calendar (Value) VALUES (@p0); select SCOPE_IDENTITY();@p0 = 27-09-2017 00:00:00 [Type: DateTime (0)]
NHibernate: INSERT INTO Calendar (Value) VALUES (@p0); select SCOPE_IDENTITY();@p0 = 28-09-2017 00:00:00 [Type: DateTime (0)]
NHibernate: INSERT INTO Calendar (Value) VALUES (@p0); select SCOPE_IDENTITY();@p0 = 29-09-2017 00:00:00 [Type: DateTime (0)]
NHibernate: INSERT INTO Calendar (Value) VALUES (@p0); select SCOPE_IDENTITY();@p0 = 30-09-2017 00:00:00 [Type: DateTime (0)]
NHibernate: INSERT INTO Calendar (Value) VALUES (@p0); select SCOPE_IDENTITY();@p0 = 01-10-2017 00:00:00 [Type: DateTime (0)]
NHibernate: INSERT INTO Calendar (Value) VALUES (@p0); select SCOPE_IDENTITY();@p0 = 02-10-2017 00:00:00 [Type: DateTime (0)]
NHibernate: INSERT INTO Calendar (Value) VALUES (@p0); select SCOPE_IDENTITY();@p0 = 03-10-2017 00:00:00 [Type: DateTime (0)]
NHibernate: INSERT INTO Calendar (Value) VALUES (@p0); select SCOPE_IDENTITY();@p0 = 04-10-2017 00:00:00 [Type: DateTime (0)]
NHibernate: INSERT INTO Calendar (Value) VALUES (@p0); select SCOPE_IDENTITY();@p0 = 05-10-2017 00:00:00 [Type: DateTime (0)]
NHibernate: INSERT INTO Calendar (Value) VALUES (@p0); select SCOPE_IDENTITY();@p0 = 06-10-2017 00:00:00 [Type: DateTime (0)]
NHibernate: INSERT INTO Calendar (Value) VALUES (@p0); select SCOPE_IDENTITY();@p0 = 07-10-2017 00:00:00 [Type: DateTime (0)]
NHibernate: INSERT INTO Calendar (Value) VALUES (@p0); select SCOPE_IDENTITY();@p0 = 08-10-2017 00:00:00 [Type: DateTime (0)]
NHibernate: INSERT INTO Calendar (Value) VALUES (@p0); select SCOPE_IDENTITY();@p0 = 09-10-2017 00:00:00 [Type: DateTime (0)]
NHibernate: INSERT INTO Calendar (Value) VALUES (@p0); select SCOPE_IDENTITY();@p0 = 10-10-2017 00:00:00 [Type: DateTime (0)]
NHibernate: INSERT INTO Calendar (Value) VALUES (@p0); select SCOPE_IDENTITY();@p0 = 11-10-2017 00:00:00 [Type: DateTime (0)]
NHibernate: INSERT INTO Calendar (Value) VALUES (@p0); select SCOPE_IDENTITY();@p0 = 12-10-2017 00:00:00 [Type: DateTime (0)]
NHibernate: INSERT INTO Calendar (Value) VALUES (@p0); select SCOPE_IDENTITY();@p0 = 13-10-2017 00:00:00 [Type: DateTime (0)]
NHibernate: INSERT INTO Calendar (Value) VALUES (@p0); select SCOPE_IDENTITY();@p0 = 14-10-2017 00:00:00 [Type: DateTime (0)]
NHibernate: INSERT INTO Calendar (Value) VALUES (@p0); select SCOPE_IDENTITY();@p0 = 15-10-2017 00:00:00 [Type: DateTime (0)]
NHibernate: INSERT INTO Calendar (Value) VALUES (@p0); select SCOPE_IDENTITY();@p0 = 16-10-2017 00:00:00 [Type: DateTime (0)]
NHibernate: INSERT INTO Calendar (Value) VALUES (@p0); select SCOPE_IDENTITY();@p0 = 17-10-2017 00:00:00 [Type: DateTime (0)]
NHibernate: INSERT INTO Calendar (Value) VALUES (@p0); select SCOPE_IDENTITY();@p0 = 18-10-2017 00:00:00 [Type: DateTime (0)]
NHibernate: INSERT INTO Calendar (Value) VALUES (@p0); select SCOPE_IDENTITY();@p0 = 19-10-2017 00:00:00 [Type: DateTime (0)]
NHibernate: INSERT INTO Calendar (Value) VALUES (@p0); select SCOPE_IDENTITY();@p0 = 20-10-2017 00:00:00 [Type: DateTime (0)]
NHibernate: INSERT INTO Calendar (Value) VALUES (@p0); select SCOPE_IDENTITY();@p0 = 21-10-2017 00:00:00 [Type: DateTime (0)]
NHibernate: INSERT INTO Calendar (Value) VALUES (@p0); select SCOPE_IDENTITY();@p0 = 22-10-2017 00:00:00 [Type: DateTime (0)]
NHibernate: INSERT INTO Calendar (Value) VALUES (@p0); select SCOPE_IDENTITY();@p0 = 23-10-2017 00:00:00 [Type: DateTime (0)]
NHibernate: INSERT INTO Calendar (Value) VALUES (@p0); select SCOPE_IDENTITY();@p0 = 24-10-2017 00:00:00 [Type: DateTime (0)]
NHibernate: INSERT INTO Calendar (Value) VALUES (@p0); select SCOPE_IDENTITY();@p0 = 25-10-2017 00:00:00 [Type: DateTime (0)]
NHibernate: INSERT INTO Calendar (Value) VALUES (@p0); select SCOPE_IDENTITY();@p0 = 26-10-2017 00:00:00 [Type: DateTime (0)]
NHibernate: INSERT INTO Calendar (Value) VALUES (@p0); select SCOPE_IDENTITY();@p0 = 27-10-2017 00:00:00 [Type: DateTime (0)]
NHibernate: INSERT INTO Calendar (Value) VALUES (@p0); select SCOPE_IDENTITY();@p0 = 28-10-2017 00:00:00 [Type: DateTime (0)]
NHibernate: INSERT INTO Calendar (Value) VALUES (@p0); select SCOPE_IDENTITY();@p0 = 29-10-2017 00:00:00 [Type: DateTime (0)]
NHibernate: INSERT INTO Calendar (Value) VALUES (@p0); select SCOPE_IDENTITY();@p0 = 30-10-2017 00:00:00 [Type: DateTime (0)]
NHibernate: INSERT INTO Calendar (Value) VALUES (@p0); select SCOPE_IDENTITY();@p0 = 31-10-2017 00:00:00 [Type: DateTime (0)]
NHibernate: INSERT INTO Calendar (Value) VALUES (@p0); select SCOPE_IDENTITY();@p0 = 01-11-2017 00:00:00 [Type: DateTime (0)]
NHibernate: INSERT INTO Calendar (Value) VALUES (@p0); select SCOPE_IDENTITY();@p0 = 02-11-2017 00:00:00 [Type: DateTime (0)]
NHibernate: INSERT INTO Calendar (Value) VALUES (@p0); select SCOPE_IDENTITY();@p0 = 03-11-2017 00:00:00 [Type: DateTime (0)]
NHibernate: INSERT INTO Calendar (Value) VALUES (@p0); select SCOPE_IDENTITY();@p0 = 04-11-2017 00:00:00 [Type: DateTime (0)]
NHibernate: INSERT INTO Calendar (Value) VALUES (@p0); select SCOPE_IDENTITY();@p0 = 05-11-2017 00:00:00 [Type: DateTime (0)]
NHibernate: INSERT INTO Calendar (Value) VALUES (@p0); select SCOPE_IDENTITY();@p0 = 06-11-2017 00:00:00 [Type: DateTime (0)]
NHibernate: INSERT INTO Calendar (Value) VALUES (@p0); select SCOPE_IDENTITY();@p0 = 07-11-2017 00:00:00 [Type: DateTime (0)]
NHibernate: INSERT INTO Calendar (Value) VALUES (@p0); select SCOPE_IDENTITY();@p0 = 08-11-2017 00:00:00 [Type: DateTime (0)]
NHibernate: INSERT INTO Calendar (Value) VALUES (@p0); select SCOPE_IDENTITY();@p0 = 09-11-2017 00:00:00 [Type: DateTime (0)]
NHibernate: INSERT INTO Calendar (Value) VALUES (@p0); select SCOPE_IDENTITY();@p0 = 10-11-2017 00:00:00 [Type: DateTime (0)]
NHibernate: INSERT INTO Calendar (Value) VALUES (@p0); select SCOPE_IDENTITY();@p0 = 11-11-2017 00:00:00 [Type: DateTime (0)]
NHibernate: INSERT INTO Calendar (Value) VALUES (@p0); select SCOPE_IDENTITY();@p0 = 12-11-2017 00:00:00 [Type: DateTime (0)]
NHibernate: INSERT INTO Calendar (Value) VALUES (@p0); select SCOPE_IDENTITY();@p0 = 13-11-2017 00:00:00 [Type: DateTime (0)]
NHibernate: INSERT INTO Calendar (Value) VALUES (@p0); select SCOPE_IDENTITY();@p0 = 14-11-2017 00:00:00 [Type: DateTime (0)]
NHibernate: INSERT INTO Calendar (Value) VALUES (@p0); select SCOPE_IDENTITY();@p0 = 15-11-2017 00:00:00 [Type: DateTime (0)]
NHibernate: INSERT INTO Calendar (Value) VALUES (@p0); select SCOPE_IDENTITY();@p0 = 16-11-2017 00:00:00 [Type: DateTime (0)]
NHibernate: INSERT INTO Calendar (Value) VALUES (@p0); select SCOPE_IDENTITY();@p0 = 17-11-2017 00:00:00 [Type: DateTime (0)]
NHibernate: INSERT INTO Calendar (Value) VALUES (@p0); select SCOPE_IDENTITY();@p0 = 18-11-2017 00:00:00 [Type: DateTime (0)]
NHibernate: INSERT INTO Calendar (Value) VALUES (@p0); select SCOPE_IDENTITY();@p0 = 19-11-2017 00:00:00 [Type: DateTime (0)]
NHibernate: INSERT INTO Calendar (Value) VALUES (@p0); select SCOPE_IDENTITY();@p0 = 20-11-2017 00:00:00 [Type: DateTime (0)]
NHibernate: INSERT INTO Calendar (Value) VALUES (@p0); select SCOPE_IDENTITY();@p0 = 21-11-2017 00:00:00 [Type: DateTime (0)]
NHibernate: INSERT INTO Calendar (Value) VALUES (@p0); select SCOPE_IDENTITY();@p0 = 22-11-2017 00:00:00 [Type: DateTime (0)]
NHibernate: INSERT INTO Calendar (Value) VALUES (@p0); select SCOPE_IDENTITY();@p0 = 23-11-2017 00:00:00 [Type: DateTime (0)]
NHibernate: INSERT INTO Calendar (Value) VALUES (@p0); select SCOPE_IDENTITY();@p0 = 24-11-2017 00:00:00 [Type: DateTime (0)]
NHibernate: INSERT INTO Calendar (Value) VALUES (@p0); select SCOPE_IDENTITY();@p0 = 25-11-2017 00:00:00 [Type: DateTime (0)]
NHibernate: INSERT INTO Calendar (Value) VALUES (@p0); select SCOPE_IDENTITY();@p0 = 26-11-2017 00:00:00 [Type: DateTime (0)]
NHibernate: INSERT INTO Calendar (Value) VALUES (@p0); select SCOPE_IDENTITY();@p0 = 27-11-2017 00:00:00 [Type: DateTime (0)]
NHibernate: INSERT INTO Calendar (Value) VALUES (@p0); select SCOPE_IDENTITY();@p0 = 28-11-2017 00:00:00 [Type: DateTime (0)]
NHibernate: INSERT INTO Calendar (Value) VALUES (@p0); select SCOPE_IDENTITY();@p0 = 29-11-2017 00:00:00 [Type: DateTime (0)]
NHibernate: INSERT INTO Calendar (Value) VALUES (@p0); select SCOPE_IDENTITY();@p0 = 30-11-2017 00:00:00 [Type: DateTime (0)]</StdOut>
        <DebugTrace>SessionScope Initializing...
SessionScope BeginTransaction
SessionScope EndTransaction
</DebugTrace>
      </Output>
    </UnitTestResult>
  </Results>
</TestRun>