<?xml version="1.0" encoding="UTF-8"?>
<TestRun id="69d8fb34-026e-45cf-bd67-0808a7b1cec3" name="Mark@MACPC 2012-06-13 14:03:05" runUser="MacPc\Mark" xmlns="http://microsoft.com/schemas/VisualStudio/TeamTest/2010">
  <TestSettings name="Local" id="f45b0aff-07a5-4726-a4ce-984b897c8a14">
    <Description>These are default test settings for a local test run.</Description>
    <Deployment enabled="false" runDeploymentRoot="Mark_MACPC 2012-06-13 14_03_05" />
    <Execution>
      <TestTypeSpecific />
      <AgentRule name="Execution Agents">
      </AgentRule>
    </Execution>
  </TestSettings>
  <Times creation="2012-06-13T14:03:05.0457143+02:00" queuing="2012-06-13T14:03:05.6540738+02:00" start="2012-06-13T14:03:06.2575508+02:00" finish="2012-06-13T14:03:11.4828023+02:00" />
  <ResultSummary outcome="Completed">
    <Counters total="1" executed="1" passed="1" error="0" failed="0" timeout="0" aborted="0" inconclusive="0" passedButRunAborted="0" notRunnable="0" notExecuted="0" disconnected="0" warning="0" completed="0" inProgress="0" pending="0" />
  </ResultSummary>
  <TestDefinitions>
    <UnitTest name="Test2" storage="c:\sourcecode\ecohotels\ecohotels.core.tests\bin\debug\ecohotels.core.tests.dll" id="ad519a8f-c679-6b8d-7622-5d1ed53a4f06">
      <Execution timeOut="1800000" id="7e418261-3e61-4b34-8e4d-0ac9a01b4ff7" />
      <TestMethod codeBase="C:/SourceCode/EcoHotels/EcoHotels.Core.Tests/bin/Debug/EcoHotels.Core.Tests.DLL" adapterTypeName="Microsoft.VisualStudio.TestTools.TestTypes.Unit.UnitTestAdapter, Microsoft.VisualStudio.QualityTools.Tips.UnitTest.Adapter, Version=10.0.0.0, Culture=neutral, PublicKeyToken=b03f5f7f11d50a3a" className="EcoHotels.Core.Tests.UnitTest1, EcoHotels.Core.Tests, Version=1.0.0.0, Culture=neutral, PublicKeyToken=null" name="Test2" />
    </UnitTest>
  </TestDefinitions>
  <TestLists>
    <TestList name="Results Not in a List" id="8c84fa94-04c1-424b-9868-57a2d4851a1d" />
    <TestList name="All Loaded Results" id="19431567-8539-422a-85d7-44ee4e166bda" />
  </TestLists>
  <TestEntries>
    <TestEntry testId="ad519a8f-c679-6b8d-7622-5d1ed53a4f06" executionId="7e418261-3e61-4b34-8e4d-0ac9a01b4ff7" testListId="8c84fa94-04c1-424b-9868-57a2d4851a1d" />
  </TestEntries>
  <Results>
    <UnitTestResult executionId="7e418261-3e61-4b34-8e4d-0ac9a01b4ff7" testId="ad519a8f-c679-6b8d-7622-5d1ed53a4f06" testName="Test2" computerName="MACPC" duration="00:00:04.2860824" startTime="2012-06-13T14:03:06.4362503+02:00" endTime="2012-06-13T14:03:11.2679723+02:00" testType="13cdc9d9-ddb5-4fa4-a97d-d965ccfc6d4b" outcome="Passed" testListId="8c84fa94-04c1-424b-9868-57a2d4851a1d" relativeResultsDirectory="7e418261-3e61-4b34-8e4d-0ac9a01b4ff7">
      <Output>
        <StdOut>SEK</StdOut>
      </Output>
    </UnitTestResult>
  </Results>
</TestRun>