<?xml version="1.0" encoding="UTF-8"?>
<TestRun id="d2a48f4f-1e8a-4c40-985a-a82126688049" name="Mark@MACPC 2013-09-02 17:35:28" runUser="MacPc\Mark" xmlns="http://microsoft.com/schemas/VisualStudio/TeamTest/2010">
  <TestSettings name="Local" id="f45b0aff-07a5-4726-a4ce-984b897c8a14">
    <Description>These are default test settings for a local test run.</Description>
    <Deployment enabled="false" runDeploymentRoot="Mark_MACPC 2013-09-02 17_35_28" />
    <Execution>
      <TestTypeSpecific />
      <AgentRule name="Execution Agents">
      </AgentRule>
    </Execution>
  </TestSettings>
  <Times creation="2013-09-02T17:35:28.0125101+02:00" queuing="2013-09-02T17:35:29.4145051+02:00" start="2013-09-02T17:35:30.7471331+02:00" finish="2013-09-02T17:35:44.7788071+02:00" />
  <ResultSummary outcome="Completed">
    <Counters total="4" executed="4" passed="4" error="0" failed="0" timeout="0" aborted="0" inconclusive="0" passedButRunAborted="0" notRunnable="0" notExecuted="0" disconnected="0" warning="0" completed="0" inProgress="0" pending="0" />
  </ResultSummary>
  <TestDefinitions>
    <UnitTest name="Room_is_available_for_selected_days" storage="c:\sourcecode\ecohotels\ecohotels.core.tests\bin\debug\ecohotels.core.tests.dll" id="62f58bb2-7e5e-1b66-e39c-4d28363ae9c6">
      <Execution timeOut="1800000" id="72ce8b8f-17d9-4134-b368-ee00aa9f232d" />
      <TestMethod codeBase="C:/SourceCode/EcoHotels/EcoHotels.Core.Tests/bin/Debug/EcoHotels.Core.Tests.DLL" adapterTypeName="Microsoft.VisualStudio.TestTools.TestTypes.Unit.UnitTestAdapter, Microsoft.VisualStudio.QualityTools.Tips.UnitTest.Adapter, Version=10.0.0.0, Culture=neutral, PublicKeyToken=b03f5f7f11d50a3a" className="EcoHotels.Core.Tests.Unit.SearchTester, EcoHotels.Core.Tests, Version=1.0.0.0, Culture=neutral, PublicKeyToken=null" name="Room_is_available_for_selected_days" />
    </UnitTest>
    <UnitTest name="Can_calculate_total_price_for_room" storage="c:\sourcecode\ecohotels\ecohotels.core.tests\bin\debug\ecohotels.core.tests.dll" id="0776aff9-feeb-ba2d-769c-4077ab6c5770">
      <Execution timeOut="1800000" id="594dd3be-6d90-44d4-b9df-d2b3c7e31509" />
      <TestMethod codeBase="C:/SourceCode/EcoHotels/EcoHotels.Core.Tests/bin/Debug/EcoHotels.Core.Tests.DLL" adapterTypeName="Microsoft.VisualStudio.TestTools.TestTypes.Unit.UnitTestAdapter, Microsoft.VisualStudio.QualityTools.Tips.UnitTest.Adapter, Version=10.0.0.0, Culture=neutral, PublicKeyToken=b03f5f7f11d50a3a" className="EcoHotels.Core.Tests.Unit.SearchTester, EcoHotels.Core.Tests, Version=1.0.0.0, Culture=neutral, PublicKeyToken=null" name="Can_calculate_total_price_for_room" />
    </UnitTest>
    <UnitTest name="Can_calculate_lowest_price_for_room" storage="c:\sourcecode\ecohotels\ecohotels.core.tests\bin\debug\ecohotels.core.tests.dll" id="f6a6ae2e-21c6-be5a-3e9c-07c063684951">
      <Execution timeOut="1800000" id="2cb94634-b864-4672-afa2-b06e4b91e0b5" />
      <TestMethod codeBase="C:/SourceCode/EcoHotels/EcoHotels.Core.Tests/bin/Debug/EcoHotels.Core.Tests.DLL" adapterTypeName="Microsoft.VisualStudio.TestTools.TestTypes.Unit.UnitTestAdapter, Microsoft.VisualStudio.QualityTools.Tips.UnitTest.Adapter, Version=10.0.0.0, Culture=neutral, PublicKeyToken=b03f5f7f11d50a3a" className="EcoHotels.Core.Tests.Unit.SearchTester, EcoHotels.Core.Tests, Version=1.0.0.0, Culture=neutral, PublicKeyToken=null" name="Can_calculate_lowest_price_for_room" />
    </UnitTest>
    <UnitTest name="Can_find_hotels_with_available_rooms" storage="c:\sourcecode\ecohotels\ecohotels.core.tests\bin\debug\ecohotels.core.tests.dll" id="26f245e1-796e-a6f5-f800-c1e5ca7d15ed">
      <Execution timeOut="1800000" id="68e7450a-c3b5-422b-aafd-c7360714bb70" />
      <TestMethod codeBase="C:/SourceCode/EcoHotels/EcoHotels.Core.Tests/bin/Debug/EcoHotels.Core.Tests.DLL" adapterTypeName="Microsoft.VisualStudio.TestTools.TestTypes.Unit.UnitTestAdapter, Microsoft.VisualStudio.QualityTools.Tips.UnitTest.Adapter, Version=10.0.0.0, Culture=neutral, PublicKeyToken=b03f5f7f11d50a3a" className="EcoHotels.Core.Tests.Unit.SearchTester, EcoHotels.Core.Tests, Version=1.0.0.0, Culture=neutral, PublicKeyToken=null" name="Can_find_hotels_with_available_rooms" />
    </UnitTest>
  </TestDefinitions>
  <TestLists>
    <TestList name="Results Not in a List" id="8c84fa94-04c1-424b-9868-57a2d4851a1d" />
    <TestList name="All Loaded Results" id="19431567-8539-422a-85d7-44ee4e166bda" />
  </TestLists>
  <TestEntries>
    <TestEntry testId="f6a6ae2e-21c6-be5a-3e9c-07c063684951" executionId="2cb94634-b864-4672-afa2-b06e4b91e0b5" testListId="8c84fa94-04c1-424b-9868-57a2d4851a1d" />
    <TestEntry testId="0776aff9-feeb-ba2d-769c-4077ab6c5770" executionId="594dd3be-6d90-44d4-b9df-d2b3c7e31509" testListId="8c84fa94-04c1-424b-9868-57a2d4851a1d" />
    <TestEntry testId="26f245e1-796e-a6f5-f800-c1e5ca7d15ed" executionId="68e7450a-c3b5-422b-aafd-c7360714bb70" testListId="8c84fa94-04c1-424b-9868-57a2d4851a1d" />
    <TestEntry testId="62f58bb2-7e5e-1b66-e39c-4d28363ae9c6" executionId="72ce8b8f-17d9-4134-b368-ee00aa9f232d" testListId="8c84fa94-04c1-424b-9868-57a2d4851a1d" />
  </TestEntries>
  <Results>
    <UnitTestResult executionId="2cb94634-b864-4672-afa2-b06e4b91e0b5" testId="f6a6ae2e-21c6-be5a-3e9c-07c063684951" testName="Can_calculate_lowest_price_for_room" computerName="MACPC" duration="00:00:11.0121361" startTime="2013-09-02T17:35:32.5780311+02:00" endTime="2013-09-02T17:35:44.3831221+02:00" testType="13cdc9d9-ddb5-4fa4-a97d-d965ccfc6d4b" outcome="Passed" testListId="8c84fa94-04c1-424b-9868-57a2d4851a1d" relativeResultsDirectory="2cb94634-b864-4672-afa2-b06e4b91e0b5">
      <Output>
        <StdOut>Starting NH Session
NHibernate: SELECT hotel0_.Id as Id9_0_, hotel0_.Name as Name9_0_, hotel0_.Address1 as Address3_9_0_, hotel0_.Address2 as Address4_9_0_, hotel0_.Zipcode as Zipcode9_0_, hotel0_.City as City9_0_, hotel0_.Country as Country9_0_, hotel0_.Phone as Phone9_0_, hotel0_.Fax as Fax9_0_, hotel0_.Email as Email9_0_, hotel0_.WWW as WWW9_0_, hotel0_.VatNo as VatNo9_0_, hotel0_.CategoryOneId as Categor13_9_0_, hotel0_.CategoryTwoId as Categor14_9_0_, hotel0_.CategoryThreeId as Categor15_9_0_, hotel0_.IsActive as IsActive9_0_, hotel0_.CheckIn as CheckIn9_0_, hotel0_.CheckInAMPM as CheckIn18_9_0_, hotel0_.CheckOut as CheckOut9_0_, hotel0_.CheckOutAMPM as CheckOu20_9_0_, hotel0_.MinimumStay as Minimum21_9_0_, hotel0_.MinimumCheckInAge as Minimum22_9_0_, hotel0_.Created as Created9_0_, hotel0_.Modified as Modified9_0_, hotel0_.Verified as Verified9_0_, hotel0_.AboutMultiLanguageId as AboutMu26_9_0_, hotel0_.OrganizationId as Organiz27_9_0_, hotel0_.LocalCurrencyId as LocalCu28_9_0_, hotel0_.CancellationPolicyMultiLanguageId as Cancell29_9_0_, hotel0_.PaymentPolicyMultiLanguageId as Payment30_9_0_, hotel0_.PageInformationId as PageInf31_9_0_, hotel0_.SearchTagCityId as SearchT32_9_0_ FROM Hotels hotel0_ WHERE hotel0_.Id=@p0;@p0 = 1 [Type: Int32 (0)]
NHibernate: SELECT this_.Id as Id20_2_, this_.IpAddress as IpAddress20_2_, this_.HotelId as HotelId20_2_, this_.HotelName as HotelName20_2_, this_.HotelAddress as HotelAdd5_20_2_, this_.HotelPhoneNumber as HotelPho6_20_2_, this_.HotelEmail as HotelEmail20_2_, this_.Arrival as Arrival20_2_, this_.Departure as Departure20_2_, this_.CurrencySymbol as Currenc10_20_2_, this_.Firstname as Firstname20_2_, this_.Lastname as Lastname20_2_, this_.PhoneNumber as PhoneNu13_20_2_, this_.Country as Country20_2_, this_.Email as Email20_2_, this_.CreditCardHolder as CreditC16_20_2_, this_.CreditCardNumber as CreditC17_20_2_, this_.CreditCardMonth as CreditC18_20_2_, this_.CreditCardYear as CreditC19_20_2_, this_.CreditCardCvc as CreditC20_20_2_, this_.Type as Type20_2_, this_.Created as Created20_2_, this_.Modified as Modified20_2_, this_.Cancelled as Cancelled20_2_, this_.CustomerId as CustomerId20_2_, i1_.ReservationId as Reservat9_4_, i1_.Id as Id4_, i1_.Id as Id19_0_, i1_.RoomTypeId as RoomTypeId19_0_, i1_.Description as Descript3_19_0_, i1_.GuestName as GuestName19_0_, i1_.Adults as Adults19_0_, i1_.Children as Children19_0_, i1_.Babies as Babies19_0_, i1_.Type as Type19_0_, i1_.ReservationId as Reservat9_19_0_, p2_.Id as Id21_1_, p2_.Date as Date21_1_, p2_.Price as Price21_1_, p2_.ReservationItemId as Reservat4_21_1_ FROM Reservations this_ left outer join ReservationItems i1_ on this_.Id=i1_.ReservationId inner join ReservationPrices p2_ on i1_.Id=p2_.ReservationItemId WHERE this_.HotelId in (@p0) and p2_.Date &gt;= @p1 and p2_.Date &lt;= @p2;@p0 = 1 [Type: Int32 (0)], @p1 = 02-09-2013 00:00:00 [Type: DateTime (0)], @p2 = 04-09-2013 00:00:00 [Type: DateTime (0)]
NHibernate: SELECT roomtypes0_.HotelId as HotelId1_, roomtypes0_.Id as Id1_, roomtypes0_.Id as Id23_0_, roomtypes0_.BedTypes as BedTypes23_0_, roomtypes0_.RoomView as RoomView23_0_, roomtypes0_.Capacity as Capacity23_0_, roomtypes0_.PhysicalRooms as Physical5_23_0_, roomtypes0_.RoomSize as RoomSize23_0_, roomtypes0_.Quantity as Quantity23_0_, roomtypes0_.Price as Price23_0_, roomtypes0_.Smoking as Smoking23_0_, roomtypes0_.HotelId as HotelId23_0_, roomtypes0_.NameMultiLanguageId as NameMul11_23_0_, roomtypes0_.DescriptionMultiLanguageId as Descrip12_23_0_ FROM RoomTypes roomtypes0_ WHERE roomtypes0_.HotelId=@p0;@p0 = 1 [Type: Int32 (0)]
NHibernate: SELECT this_.Id as Id22_1_, this_.Quantity as Quantity22_1_, this_.RateCategoryId as RateCate3_22_1_, this_.RoomTypeId as RoomTypeId22_1_, this_.CalendarId as CalendarId22_1_, d1_.Id as Id7_0_, d1_.Value as Value7_0_ FROM RoomTypeInventory this_ inner join Calendar d1_ on this_.CalendarId=d1_.Id WHERE this_.RoomTypeId in (@p0, @p1, @p2, @p3, @p4, @p5) and d1_.Value &gt;= @p6 and d1_.Value &lt;= @p7;@p0 = 1 [Type: Int32 (0)], @p1 = 6 [Type: Int32 (0)], @p2 = 12 [Type: Int32 (0)], @p3 = 13 [Type: Int32 (0)], @p4 = 14 [Type: Int32 (0)], @p5 = 15 [Type: Int32 (0)], @p6 = 02-09-2013 00:00:00 [Type: DateTime (0)], @p7 = 04-09-2013 00:00:00 [Type: DateTime (0)]
NHibernate: SELECT this_.Id as Id16_0_, this_.Name as Name16_0_, this_.Description as Descript3_16_0_, this_.Color as Color16_0_, this_.HotelId as HotelId16_0_ FROM RateCategories this_ WHERE this_.HotelId in (@p0);@p0 = 1 [Type: Int32 (0)]
NHibernate: SELECT multilangu0_.Id as Id13_0_ FROM MultiLanguageText multilangu0_ WHERE multilangu0_.Id=@p0;@p0 = 17 [Type: Int32 (0)]
NHibernate: SELECT texts0_.MultiLanguageTextId as MultiLan3_1_, texts0_.Id as Id1_, texts0_.Id as Id28_0_, texts0_.Value as Value28_0_, texts0_.MultiLanguageTextId as MultiLan3_28_0_, texts0_.LanguageId as LanguageId28_0_ FROM Texts texts0_ WHERE texts0_.MultiLanguageTextId=@p0;@p0 = 17 [Type: Int32 (0)]
NHibernate: SELECT multilangu0_.Id as Id13_0_ FROM MultiLanguageText multilangu0_ WHERE multilangu0_.Id=@p0;@p0 = 18 [Type: Int32 (0)]
NHibernate: SELECT texts0_.MultiLanguageTextId as MultiLan3_1_, texts0_.Id as Id1_, texts0_.Id as Id28_0_, texts0_.Value as Value28_0_, texts0_.MultiLanguageTextId as MultiLan3_28_0_, texts0_.LanguageId as LanguageId28_0_ FROM Texts texts0_ WHERE texts0_.MultiLanguageTextId=@p0;@p0 = 18 [Type: Int32 (0)]
NHibernate: SELECT multilangu0_.Id as Id13_0_ FROM MultiLanguageText multilangu0_ WHERE multilangu0_.Id=@p0;@p0 = 33 [Type: Int32 (0)]
NHibernate: SELECT texts0_.MultiLanguageTextId as MultiLan3_1_, texts0_.Id as Id1_, texts0_.Id as Id28_0_, texts0_.Value as Value28_0_, texts0_.MultiLanguageTextId as MultiLan3_28_0_, texts0_.LanguageId as LanguageId28_0_ FROM Texts texts0_ WHERE texts0_.MultiLanguageTextId=@p0;@p0 = 33 [Type: Int32 (0)]
NHibernate: SELECT multilangu0_.Id as Id13_0_ FROM MultiLanguageText multilangu0_ WHERE multilangu0_.Id=@p0;@p0 = 34 [Type: Int32 (0)]
NHibernate: SELECT texts0_.MultiLanguageTextId as MultiLan3_1_, texts0_.Id as Id1_, texts0_.Id as Id28_0_, texts0_.Value as Value28_0_, texts0_.MultiLanguageTextId as MultiLan3_28_0_, texts0_.LanguageId as LanguageId28_0_ FROM Texts texts0_ WHERE texts0_.MultiLanguageTextId=@p0;@p0 = 34 [Type: Int32 (0)]
NHibernate: SELECT multilangu0_.Id as Id13_0_ FROM MultiLanguageText multilangu0_ WHERE multilangu0_.Id=@p0;@p0 = 68 [Type: Int32 (0)]
NHibernate: SELECT texts0_.MultiLanguageTextId as MultiLan3_1_, texts0_.Id as Id1_, texts0_.Id as Id28_0_, texts0_.Value as Value28_0_, texts0_.MultiLanguageTextId as MultiLan3_28_0_, texts0_.LanguageId as LanguageId28_0_ FROM Texts texts0_ WHERE texts0_.MultiLanguageTextId=@p0;@p0 = 68 [Type: Int32 (0)]
NHibernate: SELECT multilangu0_.Id as Id13_0_ FROM MultiLanguageText multilangu0_ WHERE multilangu0_.Id=@p0;@p0 = 69 [Type: Int32 (0)]
NHibernate: SELECT texts0_.MultiLanguageTextId as MultiLan3_1_, texts0_.Id as Id1_, texts0_.Id as Id28_0_, texts0_.Value as Value28_0_, texts0_.MultiLanguageTextId as MultiLan3_28_0_, texts0_.LanguageId as LanguageId28_0_ FROM Texts texts0_ WHERE texts0_.MultiLanguageTextId=@p0;@p0 = 69 [Type: Int32 (0)]
NHibernate: SELECT multilangu0_.Id as Id13_0_ FROM MultiLanguageText multilangu0_ WHERE multilangu0_.Id=@p0;@p0 = 70 [Type: Int32 (0)]
NHibernate: SELECT texts0_.MultiLanguageTextId as MultiLan3_1_, texts0_.Id as Id1_, texts0_.Id as Id28_0_, texts0_.Value as Value28_0_, texts0_.MultiLanguageTextId as MultiLan3_28_0_, texts0_.LanguageId as LanguageId28_0_ FROM Texts texts0_ WHERE texts0_.MultiLanguageTextId=@p0;@p0 = 70 [Type: Int32 (0)]
NHibernate: SELECT multilangu0_.Id as Id13_0_ FROM MultiLanguageText multilangu0_ WHERE multilangu0_.Id=@p0;@p0 = 71 [Type: Int32 (0)]
NHibernate: SELECT texts0_.MultiLanguageTextId as MultiLan3_1_, texts0_.Id as Id1_, texts0_.Id as Id28_0_, texts0_.Value as Value28_0_, texts0_.MultiLanguageTextId as MultiLan3_28_0_, texts0_.LanguageId as LanguageId28_0_ FROM Texts texts0_ WHERE texts0_.MultiLanguageTextId=@p0;@p0 = 71 [Type: Int32 (0)]
NHibernate: SELECT multilangu0_.Id as Id13_0_ FROM MultiLanguageText multilangu0_ WHERE multilangu0_.Id=@p0;@p0 = 72 [Type: Int32 (0)]
NHibernate: SELECT texts0_.MultiLanguageTextId as MultiLan3_1_, texts0_.Id as Id1_, texts0_.Id as Id28_0_, texts0_.Value as Value28_0_, texts0_.MultiLanguageTextId as MultiLan3_28_0_, texts0_.LanguageId as LanguageId28_0_ FROM Texts texts0_ WHERE texts0_.MultiLanguageTextId=@p0;@p0 = 72 [Type: Int32 (0)]
NHibernate: SELECT multilangu0_.Id as Id13_0_ FROM MultiLanguageText multilangu0_ WHERE multilangu0_.Id=@p0;@p0 = 73 [Type: Int32 (0)]
NHibernate: SELECT texts0_.MultiLanguageTextId as MultiLan3_1_, texts0_.Id as Id1_, texts0_.Id as Id28_0_, texts0_.Value as Value28_0_, texts0_.MultiLanguageTextId as MultiLan3_28_0_, texts0_.LanguageId as LanguageId28_0_ FROM Texts texts0_ WHERE texts0_.MultiLanguageTextId=@p0;@p0 = 73 [Type: Int32 (0)]
NHibernate: SELECT multilangu0_.Id as Id13_0_ FROM MultiLanguageText multilangu0_ WHERE multilangu0_.Id=@p0;@p0 = 74 [Type: Int32 (0)]
NHibernate: SELECT texts0_.MultiLanguageTextId as MultiLan3_1_, texts0_.Id as Id1_, texts0_.Id as Id28_0_, texts0_.Value as Value28_0_, texts0_.MultiLanguageTextId as MultiLan3_28_0_, texts0_.LanguageId as LanguageId28_0_ FROM Texts texts0_ WHERE texts0_.MultiLanguageTextId=@p0;@p0 = 74 [Type: Int32 (0)]
NHibernate: SELECT multilangu0_.Id as Id13_0_ FROM MultiLanguageText multilangu0_ WHERE multilangu0_.Id=@p0;@p0 = 75 [Type: Int32 (0)]
NHibernate: SELECT texts0_.MultiLanguageTextId as MultiLan3_1_, texts0_.Id as Id1_, texts0_.Id as Id28_0_, texts0_.Value as Value28_0_, texts0_.MultiLanguageTextId as MultiLan3_28_0_, texts0_.LanguageId as LanguageId28_0_ FROM Texts texts0_ WHERE texts0_.MultiLanguageTextId=@p0;@p0 = 75 [Type: Int32 (0)]
NHibernate: SELECT multilangu0_.Id as Id13_0_ FROM MultiLanguageText multilangu0_ WHERE multilangu0_.Id=@p0;@p0 = 1 [Type: Int32 (0)]
NHibernate: SELECT texts0_.MultiLanguageTextId as MultiLan3_1_, texts0_.Id as Id1_, texts0_.Id as Id28_0_, texts0_.Value as Value28_0_, texts0_.MultiLanguageTextId as MultiLan3_28_0_, texts0_.LanguageId as LanguageId28_0_ FROM Texts texts0_ WHERE texts0_.MultiLanguageTextId=@p0;@p0 = 1 [Type: Int32 (0)]
Ending NH Session</StdOut>
        <DebugTrace>SessionScope Initializing...
SessionScope BeginTransaction
SessionScope EndTransaction
</DebugTrace>
      </Output>
    </UnitTestResult>
    <UnitTestResult executionId="594dd3be-6d90-44d4-b9df-d2b3c7e31509" testId="0776aff9-feeb-ba2d-769c-4077ab6c5770" testName="Can_calculate_total_price_for_room" computerName="MACPC" duration="00:00:00.0684547" startTime="2013-09-02T17:35:44.4309951+02:00" endTime="2013-09-02T17:35:44.5150171+02:00" testType="13cdc9d9-ddb5-4fa4-a97d-d965ccfc6d4b" outcome="Passed" testListId="8c84fa94-04c1-424b-9868-57a2d4851a1d" relativeResultsDirectory="594dd3be-6d90-44d4-b9df-d2b3c7e31509">
      <Output>
        <StdOut>Starting NH Session
NHibernate: SELECT hotel0_.Id as Id9_0_, hotel0_.Name as Name9_0_, hotel0_.Address1 as Address3_9_0_, hotel0_.Address2 as Address4_9_0_, hotel0_.Zipcode as Zipcode9_0_, hotel0_.City as City9_0_, hotel0_.Country as Country9_0_, hotel0_.Phone as Phone9_0_, hotel0_.Fax as Fax9_0_, hotel0_.Email as Email9_0_, hotel0_.WWW as WWW9_0_, hotel0_.VatNo as VatNo9_0_, hotel0_.CategoryOneId as Categor13_9_0_, hotel0_.CategoryTwoId as Categor14_9_0_, hotel0_.CategoryThreeId as Categor15_9_0_, hotel0_.IsActive as IsActive9_0_, hotel0_.CheckIn as CheckIn9_0_, hotel0_.CheckInAMPM as CheckIn18_9_0_, hotel0_.CheckOut as CheckOut9_0_, hotel0_.CheckOutAMPM as CheckOu20_9_0_, hotel0_.MinimumStay as Minimum21_9_0_, hotel0_.MinimumCheckInAge as Minimum22_9_0_, hotel0_.Created as Created9_0_, hotel0_.Modified as Modified9_0_, hotel0_.Verified as Verified9_0_, hotel0_.AboutMultiLanguageId as AboutMu26_9_0_, hotel0_.OrganizationId as Organiz27_9_0_, hotel0_.LocalCurrencyId as LocalCu28_9_0_, hotel0_.CancellationPolicyMultiLanguageId as Cancell29_9_0_, hotel0_.PaymentPolicyMultiLanguageId as Payment30_9_0_, hotel0_.PageInformationId as PageInf31_9_0_, hotel0_.SearchTagCityId as SearchT32_9_0_ FROM Hotels hotel0_ WHERE hotel0_.Id=@p0;@p0 = 1 [Type: Int32 (0)]
NHibernate: SELECT this_.Id as Id20_2_, this_.IpAddress as IpAddress20_2_, this_.HotelId as HotelId20_2_, this_.HotelName as HotelName20_2_, this_.HotelAddress as HotelAdd5_20_2_, this_.HotelPhoneNumber as HotelPho6_20_2_, this_.HotelEmail as HotelEmail20_2_, this_.Arrival as Arrival20_2_, this_.Departure as Departure20_2_, this_.CurrencySymbol as Currenc10_20_2_, this_.Firstname as Firstname20_2_, this_.Lastname as Lastname20_2_, this_.PhoneNumber as PhoneNu13_20_2_, this_.Country as Country20_2_, this_.Email as Email20_2_, this_.CreditCardHolder as CreditC16_20_2_, this_.CreditCardNumber as CreditC17_20_2_, this_.CreditCardMonth as CreditC18_20_2_, this_.CreditCardYear as CreditC19_20_2_, this_.CreditCardCvc as CreditC20_20_2_, this_.Type as Type20_2_, this_.Created as Created20_2_, this_.Modified as Modified20_2_, this_.Cancelled as Cancelled20_2_, this_.CustomerId as CustomerId20_2_, i1_.ReservationId as Reservat9_4_, i1_.Id as Id4_, i1_.Id as Id19_0_, i1_.RoomTypeId as RoomTypeId19_0_, i1_.Description as Descript3_19_0_, i1_.GuestName as GuestName19_0_, i1_.Adults as Adults19_0_, i1_.Children as Children19_0_, i1_.Babies as Babies19_0_, i1_.Type as Type19_0_, i1_.ReservationId as Reservat9_19_0_, p2_.Id as Id21_1_, p2_.Date as Date21_1_, p2_.Price as Price21_1_, p2_.ReservationItemId as Reservat4_21_1_ FROM Reservations this_ left outer join ReservationItems i1_ on this_.Id=i1_.ReservationId inner join ReservationPrices p2_ on i1_.Id=p2_.ReservationItemId WHERE this_.HotelId in (@p0) and p2_.Date &gt;= @p1 and p2_.Date &lt;= @p2;@p0 = 1 [Type: Int32 (0)], @p1 = 02-09-2013 00:00:00 [Type: DateTime (0)], @p2 = 04-09-2013 00:00:00 [Type: DateTime (0)]
NHibernate: SELECT roomtypes0_.HotelId as HotelId1_, roomtypes0_.Id as Id1_, roomtypes0_.Id as Id23_0_, roomtypes0_.BedTypes as BedTypes23_0_, roomtypes0_.RoomView as RoomView23_0_, roomtypes0_.Capacity as Capacity23_0_, roomtypes0_.PhysicalRooms as Physical5_23_0_, roomtypes0_.RoomSize as RoomSize23_0_, roomtypes0_.Quantity as Quantity23_0_, roomtypes0_.Price as Price23_0_, roomtypes0_.Smoking as Smoking23_0_, roomtypes0_.HotelId as HotelId23_0_, roomtypes0_.NameMultiLanguageId as NameMul11_23_0_, roomtypes0_.DescriptionMultiLanguageId as Descrip12_23_0_ FROM RoomTypes roomtypes0_ WHERE roomtypes0_.HotelId=@p0;@p0 = 1 [Type: Int32 (0)]
NHibernate: SELECT this_.Id as Id22_1_, this_.Quantity as Quantity22_1_, this_.RateCategoryId as RateCate3_22_1_, this_.RoomTypeId as RoomTypeId22_1_, this_.CalendarId as CalendarId22_1_, d1_.Id as Id7_0_, d1_.Value as Value7_0_ FROM RoomTypeInventory this_ inner join Calendar d1_ on this_.CalendarId=d1_.Id WHERE this_.RoomTypeId in (@p0, @p1, @p2, @p3, @p4, @p5) and d1_.Value &gt;= @p6 and d1_.Value &lt;= @p7;@p0 = 1 [Type: Int32 (0)], @p1 = 6 [Type: Int32 (0)], @p2 = 12 [Type: Int32 (0)], @p3 = 13 [Type: Int32 (0)], @p4 = 14 [Type: Int32 (0)], @p5 = 15 [Type: Int32 (0)], @p6 = 02-09-2013 00:00:00 [Type: DateTime (0)], @p7 = 04-09-2013 00:00:00 [Type: DateTime (0)]
NHibernate: SELECT this_.Id as Id16_0_, this_.Name as Name16_0_, this_.Description as Descript3_16_0_, this_.Color as Color16_0_, this_.HotelId as HotelId16_0_ FROM RateCategories this_ WHERE this_.HotelId in (@p0);@p0 = 1 [Type: Int32 (0)]
NHibernate: SELECT multilangu0_.Id as Id13_0_ FROM MultiLanguageText multilangu0_ WHERE multilangu0_.Id=@p0;@p0 = 17 [Type: Int32 (0)]
NHibernate: SELECT texts0_.MultiLanguageTextId as MultiLan3_1_, texts0_.Id as Id1_, texts0_.Id as Id28_0_, texts0_.Value as Value28_0_, texts0_.MultiLanguageTextId as MultiLan3_28_0_, texts0_.LanguageId as LanguageId28_0_ FROM Texts texts0_ WHERE texts0_.MultiLanguageTextId=@p0;@p0 = 17 [Type: Int32 (0)]
NHibernate: SELECT multilangu0_.Id as Id13_0_ FROM MultiLanguageText multilangu0_ WHERE multilangu0_.Id=@p0;@p0 = 18 [Type: Int32 (0)]
NHibernate: SELECT texts0_.MultiLanguageTextId as MultiLan3_1_, texts0_.Id as Id1_, texts0_.Id as Id28_0_, texts0_.Value as Value28_0_, texts0_.MultiLanguageTextId as MultiLan3_28_0_, texts0_.LanguageId as LanguageId28_0_ FROM Texts texts0_ WHERE texts0_.MultiLanguageTextId=@p0;@p0 = 18 [Type: Int32 (0)]
NHibernate: SELECT multilangu0_.Id as Id13_0_ FROM MultiLanguageText multilangu0_ WHERE multilangu0_.Id=@p0;@p0 = 33 [Type: Int32 (0)]
NHibernate: SELECT texts0_.MultiLanguageTextId as MultiLan3_1_, texts0_.Id as Id1_, texts0_.Id as Id28_0_, texts0_.Value as Value28_0_, texts0_.MultiLanguageTextId as MultiLan3_28_0_, texts0_.LanguageId as LanguageId28_0_ FROM Texts texts0_ WHERE texts0_.MultiLanguageTextId=@p0;@p0 = 33 [Type: Int32 (0)]
NHibernate: SELECT multilangu0_.Id as Id13_0_ FROM MultiLanguageText multilangu0_ WHERE multilangu0_.Id=@p0;@p0 = 34 [Type: Int32 (0)]
NHibernate: SELECT texts0_.MultiLanguageTextId as MultiLan3_1_, texts0_.Id as Id1_, texts0_.Id as Id28_0_, texts0_.Value as Value28_0_, texts0_.MultiLanguageTextId as MultiLan3_28_0_, texts0_.LanguageId as LanguageId28_0_ FROM Texts texts0_ WHERE texts0_.MultiLanguageTextId=@p0;@p0 = 34 [Type: Int32 (0)]
NHibernate: SELECT multilangu0_.Id as Id13_0_ FROM MultiLanguageText multilangu0_ WHERE multilangu0_.Id=@p0;@p0 = 68 [Type: Int32 (0)]
NHibernate: SELECT texts0_.MultiLanguageTextId as MultiLan3_1_, texts0_.Id as Id1_, texts0_.Id as Id28_0_, texts0_.Value as Value28_0_, texts0_.MultiLanguageTextId as MultiLan3_28_0_, texts0_.LanguageId as LanguageId28_0_ FROM Texts texts0_ WHERE texts0_.MultiLanguageTextId=@p0;@p0 = 68 [Type: Int32 (0)]
NHibernate: SELECT multilangu0_.Id as Id13_0_ FROM MultiLanguageText multilangu0_ WHERE multilangu0_.Id=@p0;@p0 = 69 [Type: Int32 (0)]
NHibernate: SELECT texts0_.MultiLanguageTextId as MultiLan3_1_, texts0_.Id as Id1_, texts0_.Id as Id28_0_, texts0_.Value as Value28_0_, texts0_.MultiLanguageTextId as MultiLan3_28_0_, texts0_.LanguageId as LanguageId28_0_ FROM Texts texts0_ WHERE texts0_.MultiLanguageTextId=@p0;@p0 = 69 [Type: Int32 (0)]
NHibernate: SELECT multilangu0_.Id as Id13_0_ FROM MultiLanguageText multilangu0_ WHERE multilangu0_.Id=@p0;@p0 = 70 [Type: Int32 (0)]
NHibernate: SELECT texts0_.MultiLanguageTextId as MultiLan3_1_, texts0_.Id as Id1_, texts0_.Id as Id28_0_, texts0_.Value as Value28_0_, texts0_.MultiLanguageTextId as MultiLan3_28_0_, texts0_.LanguageId as LanguageId28_0_ FROM Texts texts0_ WHERE texts0_.MultiLanguageTextId=@p0;@p0 = 70 [Type: Int32 (0)]
NHibernate: SELECT multilangu0_.Id as Id13_0_ FROM MultiLanguageText multilangu0_ WHERE multilangu0_.Id=@p0;@p0 = 71 [Type: Int32 (0)]
NHibernate: SELECT texts0_.MultiLanguageTextId as MultiLan3_1_, texts0_.Id as Id1_, texts0_.Id as Id28_0_, texts0_.Value as Value28_0_, texts0_.MultiLanguageTextId as MultiLan3_28_0_, texts0_.LanguageId as LanguageId28_0_ FROM Texts texts0_ WHERE texts0_.MultiLanguageTextId=@p0;@p0 = 71 [Type: Int32 (0)]
NHibernate: SELECT multilangu0_.Id as Id13_0_ FROM MultiLanguageText multilangu0_ WHERE multilangu0_.Id=@p0;@p0 = 72 [Type: Int32 (0)]
NHibernate: SELECT texts0_.MultiLanguageTextId as MultiLan3_1_, texts0_.Id as Id1_, texts0_.Id as Id28_0_, texts0_.Value as Value28_0_, texts0_.MultiLanguageTextId as MultiLan3_28_0_, texts0_.LanguageId as LanguageId28_0_ FROM Texts texts0_ WHERE texts0_.MultiLanguageTextId=@p0;@p0 = 72 [Type: Int32 (0)]
NHibernate: SELECT multilangu0_.Id as Id13_0_ FROM MultiLanguageText multilangu0_ WHERE multilangu0_.Id=@p0;@p0 = 73 [Type: Int32 (0)]
NHibernate: SELECT texts0_.MultiLanguageTextId as MultiLan3_1_, texts0_.Id as Id1_, texts0_.Id as Id28_0_, texts0_.Value as Value28_0_, texts0_.MultiLanguageTextId as MultiLan3_28_0_, texts0_.LanguageId as LanguageId28_0_ FROM Texts texts0_ WHERE texts0_.MultiLanguageTextId=@p0;@p0 = 73 [Type: Int32 (0)]
NHibernate: SELECT multilangu0_.Id as Id13_0_ FROM MultiLanguageText multilangu0_ WHERE multilangu0_.Id=@p0;@p0 = 74 [Type: Int32 (0)]
NHibernate: SELECT texts0_.MultiLanguageTextId as MultiLan3_1_, texts0_.Id as Id1_, texts0_.Id as Id28_0_, texts0_.Value as Value28_0_, texts0_.MultiLanguageTextId as MultiLan3_28_0_, texts0_.LanguageId as LanguageId28_0_ FROM Texts texts0_ WHERE texts0_.MultiLanguageTextId=@p0;@p0 = 74 [Type: Int32 (0)]
NHibernate: SELECT multilangu0_.Id as Id13_0_ FROM MultiLanguageText multilangu0_ WHERE multilangu0_.Id=@p0;@p0 = 75 [Type: Int32 (0)]
NHibernate: SELECT texts0_.MultiLanguageTextId as MultiLan3_1_, texts0_.Id as Id1_, texts0_.Id as Id28_0_, texts0_.Value as Value28_0_, texts0_.MultiLanguageTextId as MultiLan3_28_0_, texts0_.LanguageId as LanguageId28_0_ FROM Texts texts0_ WHERE texts0_.MultiLanguageTextId=@p0;@p0 = 75 [Type: Int32 (0)]
NHibernate: SELECT multilangu0_.Id as Id13_0_ FROM MultiLanguageText multilangu0_ WHERE multilangu0_.Id=@p0;@p0 = 1 [Type: Int32 (0)]
NHibernate: SELECT texts0_.MultiLanguageTextId as MultiLan3_1_, texts0_.Id as Id1_, texts0_.Id as Id28_0_, texts0_.Value as Value28_0_, texts0_.MultiLanguageTextId as MultiLan3_28_0_, texts0_.LanguageId as LanguageId28_0_ FROM Texts texts0_ WHERE texts0_.MultiLanguageTextId=@p0;@p0 = 1 [Type: Int32 (0)]
Ending NH Session</StdOut>
        <DebugTrace>SessionScope BeginTransaction
SessionScope EndTransaction
</DebugTrace>
      </Output>
    </UnitTestResult>
    <UnitTestResult executionId="68e7450a-c3b5-422b-aafd-c7360714bb70" testId="26f245e1-796e-a6f5-f800-c1e5ca7d15ed" testName="Can_find_hotels_with_available_rooms" computerName="MACPC" duration="00:00:00.0478085" startTime="2013-09-02T17:35:44.5306491+02:00" endTime="2013-09-02T17:35:44.5834071+02:00" testType="13cdc9d9-ddb5-4fa4-a97d-d965ccfc6d4b" outcome="Passed" testListId="8c84fa94-04c1-424b-9868-57a2d4851a1d" relativeResultsDirectory="68e7450a-c3b5-422b-aafd-c7360714bb70">
      <Output>
        <StdOut>Starting NH Session
NHibernate: SELECT hotel0_.Id as Id9_0_, hotel0_.Name as Name9_0_, hotel0_.Address1 as Address3_9_0_, hotel0_.Address2 as Address4_9_0_, hotel0_.Zipcode as Zipcode9_0_, hotel0_.City as City9_0_, hotel0_.Country as Country9_0_, hotel0_.Phone as Phone9_0_, hotel0_.Fax as Fax9_0_, hotel0_.Email as Email9_0_, hotel0_.WWW as WWW9_0_, hotel0_.VatNo as VatNo9_0_, hotel0_.CategoryOneId as Categor13_9_0_, hotel0_.CategoryTwoId as Categor14_9_0_, hotel0_.CategoryThreeId as Categor15_9_0_, hotel0_.IsActive as IsActive9_0_, hotel0_.CheckIn as CheckIn9_0_, hotel0_.CheckInAMPM as CheckIn18_9_0_, hotel0_.CheckOut as CheckOut9_0_, hotel0_.CheckOutAMPM as CheckOu20_9_0_, hotel0_.MinimumStay as Minimum21_9_0_, hotel0_.MinimumCheckInAge as Minimum22_9_0_, hotel0_.Created as Created9_0_, hotel0_.Modified as Modified9_0_, hotel0_.Verified as Verified9_0_, hotel0_.AboutMultiLanguageId as AboutMu26_9_0_, hotel0_.OrganizationId as Organiz27_9_0_, hotel0_.LocalCurrencyId as LocalCu28_9_0_, hotel0_.CancellationPolicyMultiLanguageId as Cancell29_9_0_, hotel0_.PaymentPolicyMultiLanguageId as Payment30_9_0_, hotel0_.PageInformationId as PageInf31_9_0_, hotel0_.SearchTagCityId as SearchT32_9_0_ FROM Hotels hotel0_ WHERE hotel0_.Id=@p0;@p0 = 1 [Type: Int32 (0)]
NHibernate: SELECT this_.Id as Id20_2_, this_.IpAddress as IpAddress20_2_, this_.HotelId as HotelId20_2_, this_.HotelName as HotelName20_2_, this_.HotelAddress as HotelAdd5_20_2_, this_.HotelPhoneNumber as HotelPho6_20_2_, this_.HotelEmail as HotelEmail20_2_, this_.Arrival as Arrival20_2_, this_.Departure as Departure20_2_, this_.CurrencySymbol as Currenc10_20_2_, this_.Firstname as Firstname20_2_, this_.Lastname as Lastname20_2_, this_.PhoneNumber as PhoneNu13_20_2_, this_.Country as Country20_2_, this_.Email as Email20_2_, this_.CreditCardHolder as CreditC16_20_2_, this_.CreditCardNumber as CreditC17_20_2_, this_.CreditCardMonth as CreditC18_20_2_, this_.CreditCardYear as CreditC19_20_2_, this_.CreditCardCvc as CreditC20_20_2_, this_.Type as Type20_2_, this_.Created as Created20_2_, this_.Modified as Modified20_2_, this_.Cancelled as Cancelled20_2_, this_.CustomerId as CustomerId20_2_, i1_.ReservationId as Reservat9_4_, i1_.Id as Id4_, i1_.Id as Id19_0_, i1_.RoomTypeId as RoomTypeId19_0_, i1_.Description as Descript3_19_0_, i1_.GuestName as GuestName19_0_, i1_.Adults as Adults19_0_, i1_.Children as Children19_0_, i1_.Babies as Babies19_0_, i1_.Type as Type19_0_, i1_.ReservationId as Reservat9_19_0_, p2_.Id as Id21_1_, p2_.Date as Date21_1_, p2_.Price as Price21_1_, p2_.ReservationItemId as Reservat4_21_1_ FROM Reservations this_ left outer join ReservationItems i1_ on this_.Id=i1_.ReservationId inner join ReservationPrices p2_ on i1_.Id=p2_.ReservationItemId WHERE this_.HotelId in (@p0) and p2_.Date &gt;= @p1 and p2_.Date &lt;= @p2;@p0 = 1 [Type: Int32 (0)], @p1 = 02-09-2013 00:00:00 [Type: DateTime (0)], @p2 = 04-09-2013 00:00:00 [Type: DateTime (0)]
NHibernate: SELECT roomtypes0_.HotelId as HotelId1_, roomtypes0_.Id as Id1_, roomtypes0_.Id as Id23_0_, roomtypes0_.BedTypes as BedTypes23_0_, roomtypes0_.RoomView as RoomView23_0_, roomtypes0_.Capacity as Capacity23_0_, roomtypes0_.PhysicalRooms as Physical5_23_0_, roomtypes0_.RoomSize as RoomSize23_0_, roomtypes0_.Quantity as Quantity23_0_, roomtypes0_.Price as Price23_0_, roomtypes0_.Smoking as Smoking23_0_, roomtypes0_.HotelId as HotelId23_0_, roomtypes0_.NameMultiLanguageId as NameMul11_23_0_, roomtypes0_.DescriptionMultiLanguageId as Descrip12_23_0_ FROM RoomTypes roomtypes0_ WHERE roomtypes0_.HotelId=@p0;@p0 = 1 [Type: Int32 (0)]
NHibernate: SELECT this_.Id as Id22_1_, this_.Quantity as Quantity22_1_, this_.RateCategoryId as RateCate3_22_1_, this_.RoomTypeId as RoomTypeId22_1_, this_.CalendarId as CalendarId22_1_, d1_.Id as Id7_0_, d1_.Value as Value7_0_ FROM RoomTypeInventory this_ inner join Calendar d1_ on this_.CalendarId=d1_.Id WHERE this_.RoomTypeId in (@p0, @p1, @p2, @p3, @p4, @p5) and d1_.Value &gt;= @p6 and d1_.Value &lt;= @p7;@p0 = 1 [Type: Int32 (0)], @p1 = 6 [Type: Int32 (0)], @p2 = 12 [Type: Int32 (0)], @p3 = 13 [Type: Int32 (0)], @p4 = 14 [Type: Int32 (0)], @p5 = 15 [Type: Int32 (0)], @p6 = 02-09-2013 00:00:00 [Type: DateTime (0)], @p7 = 04-09-2013 00:00:00 [Type: DateTime (0)]
NHibernate: SELECT this_.Id as Id16_0_, this_.Name as Name16_0_, this_.Description as Descript3_16_0_, this_.Color as Color16_0_, this_.HotelId as HotelId16_0_ FROM RateCategories this_ WHERE this_.HotelId in (@p0);@p0 = 1 [Type: Int32 (0)]
NHibernate: SELECT multilangu0_.Id as Id13_0_ FROM MultiLanguageText multilangu0_ WHERE multilangu0_.Id=@p0;@p0 = 17 [Type: Int32 (0)]
NHibernate: SELECT texts0_.MultiLanguageTextId as MultiLan3_1_, texts0_.Id as Id1_, texts0_.Id as Id28_0_, texts0_.Value as Value28_0_, texts0_.MultiLanguageTextId as MultiLan3_28_0_, texts0_.LanguageId as LanguageId28_0_ FROM Texts texts0_ WHERE texts0_.MultiLanguageTextId=@p0;@p0 = 17 [Type: Int32 (0)]
NHibernate: SELECT multilangu0_.Id as Id13_0_ FROM MultiLanguageText multilangu0_ WHERE multilangu0_.Id=@p0;@p0 = 18 [Type: Int32 (0)]
NHibernate: SELECT texts0_.MultiLanguageTextId as MultiLan3_1_, texts0_.Id as Id1_, texts0_.Id as Id28_0_, texts0_.Value as Value28_0_, texts0_.MultiLanguageTextId as MultiLan3_28_0_, texts0_.LanguageId as LanguageId28_0_ FROM Texts texts0_ WHERE texts0_.MultiLanguageTextId=@p0;@p0 = 18 [Type: Int32 (0)]
NHibernate: SELECT multilangu0_.Id as Id13_0_ FROM MultiLanguageText multilangu0_ WHERE multilangu0_.Id=@p0;@p0 = 33 [Type: Int32 (0)]
NHibernate: SELECT texts0_.MultiLanguageTextId as MultiLan3_1_, texts0_.Id as Id1_, texts0_.Id as Id28_0_, texts0_.Value as Value28_0_, texts0_.MultiLanguageTextId as MultiLan3_28_0_, texts0_.LanguageId as LanguageId28_0_ FROM Texts texts0_ WHERE texts0_.MultiLanguageTextId=@p0;@p0 = 33 [Type: Int32 (0)]
NHibernate: SELECT multilangu0_.Id as Id13_0_ FROM MultiLanguageText multilangu0_ WHERE multilangu0_.Id=@p0;@p0 = 34 [Type: Int32 (0)]
NHibernate: SELECT texts0_.MultiLanguageTextId as MultiLan3_1_, texts0_.Id as Id1_, texts0_.Id as Id28_0_, texts0_.Value as Value28_0_, texts0_.MultiLanguageTextId as MultiLan3_28_0_, texts0_.LanguageId as LanguageId28_0_ FROM Texts texts0_ WHERE texts0_.MultiLanguageTextId=@p0;@p0 = 34 [Type: Int32 (0)]
NHibernate: SELECT multilangu0_.Id as Id13_0_ FROM MultiLanguageText multilangu0_ WHERE multilangu0_.Id=@p0;@p0 = 68 [Type: Int32 (0)]
NHibernate: SELECT texts0_.MultiLanguageTextId as MultiLan3_1_, texts0_.Id as Id1_, texts0_.Id as Id28_0_, texts0_.Value as Value28_0_, texts0_.MultiLanguageTextId as MultiLan3_28_0_, texts0_.LanguageId as LanguageId28_0_ FROM Texts texts0_ WHERE texts0_.MultiLanguageTextId=@p0;@p0 = 68 [Type: Int32 (0)]
NHibernate: SELECT multilangu0_.Id as Id13_0_ FROM MultiLanguageText multilangu0_ WHERE multilangu0_.Id=@p0;@p0 = 69 [Type: Int32 (0)]
NHibernate: SELECT texts0_.MultiLanguageTextId as MultiLan3_1_, texts0_.Id as Id1_, texts0_.Id as Id28_0_, texts0_.Value as Value28_0_, texts0_.MultiLanguageTextId as MultiLan3_28_0_, texts0_.LanguageId as LanguageId28_0_ FROM Texts texts0_ WHERE texts0_.MultiLanguageTextId=@p0;@p0 = 69 [Type: Int32 (0)]
NHibernate: SELECT multilangu0_.Id as Id13_0_ FROM MultiLanguageText multilangu0_ WHERE multilangu0_.Id=@p0;@p0 = 70 [Type: Int32 (0)]
NHibernate: SELECT texts0_.MultiLanguageTextId as MultiLan3_1_, texts0_.Id as Id1_, texts0_.Id as Id28_0_, texts0_.Value as Value28_0_, texts0_.MultiLanguageTextId as MultiLan3_28_0_, texts0_.LanguageId as LanguageId28_0_ FROM Texts texts0_ WHERE texts0_.MultiLanguageTextId=@p0;@p0 = 70 [Type: Int32 (0)]
NHibernate: SELECT multilangu0_.Id as Id13_0_ FROM MultiLanguageText multilangu0_ WHERE multilangu0_.Id=@p0;@p0 = 71 [Type: Int32 (0)]
NHibernate: SELECT texts0_.MultiLanguageTextId as MultiLan3_1_, texts0_.Id as Id1_, texts0_.Id as Id28_0_, texts0_.Value as Value28_0_, texts0_.MultiLanguageTextId as MultiLan3_28_0_, texts0_.LanguageId as LanguageId28_0_ FROM Texts texts0_ WHERE texts0_.MultiLanguageTextId=@p0;@p0 = 71 [Type: Int32 (0)]
NHibernate: SELECT multilangu0_.Id as Id13_0_ FROM MultiLanguageText multilangu0_ WHERE multilangu0_.Id=@p0;@p0 = 72 [Type: Int32 (0)]
NHibernate: SELECT texts0_.MultiLanguageTextId as MultiLan3_1_, texts0_.Id as Id1_, texts0_.Id as Id28_0_, texts0_.Value as Value28_0_, texts0_.MultiLanguageTextId as MultiLan3_28_0_, texts0_.LanguageId as LanguageId28_0_ FROM Texts texts0_ WHERE texts0_.MultiLanguageTextId=@p0;@p0 = 72 [Type: Int32 (0)]
NHibernate: SELECT multilangu0_.Id as Id13_0_ FROM MultiLanguageText multilangu0_ WHERE multilangu0_.Id=@p0;@p0 = 73 [Type: Int32 (0)]
NHibernate: SELECT texts0_.MultiLanguageTextId as MultiLan3_1_, texts0_.Id as Id1_, texts0_.Id as Id28_0_, texts0_.Value as Value28_0_, texts0_.MultiLanguageTextId as MultiLan3_28_0_, texts0_.LanguageId as LanguageId28_0_ FROM Texts texts0_ WHERE texts0_.MultiLanguageTextId=@p0;@p0 = 73 [Type: Int32 (0)]
NHibernate: SELECT multilangu0_.Id as Id13_0_ FROM MultiLanguageText multilangu0_ WHERE multilangu0_.Id=@p0;@p0 = 74 [Type: Int32 (0)]
NHibernate: SELECT texts0_.MultiLanguageTextId as MultiLan3_1_, texts0_.Id as Id1_, texts0_.Id as Id28_0_, texts0_.Value as Value28_0_, texts0_.MultiLanguageTextId as MultiLan3_28_0_, texts0_.LanguageId as LanguageId28_0_ FROM Texts texts0_ WHERE texts0_.MultiLanguageTextId=@p0;@p0 = 74 [Type: Int32 (0)]
NHibernate: SELECT multilangu0_.Id as Id13_0_ FROM MultiLanguageText multilangu0_ WHERE multilangu0_.Id=@p0;@p0 = 75 [Type: Int32 (0)]
NHibernate: SELECT texts0_.MultiLanguageTextId as MultiLan3_1_, texts0_.Id as Id1_, texts0_.Id as Id28_0_, texts0_.Value as Value28_0_, texts0_.MultiLanguageTextId as MultiLan3_28_0_, texts0_.LanguageId as LanguageId28_0_ FROM Texts texts0_ WHERE texts0_.MultiLanguageTextId=@p0;@p0 = 75 [Type: Int32 (0)]
NHibernate: SELECT multilangu0_.Id as Id13_0_ FROM MultiLanguageText multilangu0_ WHERE multilangu0_.Id=@p0;@p0 = 1 [Type: Int32 (0)]
NHibernate: SELECT texts0_.MultiLanguageTextId as MultiLan3_1_, texts0_.Id as Id1_, texts0_.Id as Id28_0_, texts0_.Value as Value28_0_, texts0_.MultiLanguageTextId as MultiLan3_28_0_, texts0_.LanguageId as LanguageId28_0_ FROM Texts texts0_ WHERE texts0_.MultiLanguageTextId=@p0;@p0 = 1 [Type: Int32 (0)]
Ending NH Session</StdOut>
        <DebugTrace>SessionScope BeginTransaction
SessionScope EndTransaction
</DebugTrace>
      </Output>
    </UnitTestResult>
    <UnitTestResult executionId="72ce8b8f-17d9-4134-b368-ee00aa9f232d" testId="62f58bb2-7e5e-1b66-e39c-4d28363ae9c6" testName="Room_is_available_for_selected_days" computerName="MACPC" duration="00:00:00.0480577" startTime="2013-09-02T17:35:44.5951311+02:00" endTime="2013-09-02T17:35:44.6449581+02:00" testType="13cdc9d9-ddb5-4fa4-a97d-d965ccfc6d4b" outcome="Passed" testListId="8c84fa94-04c1-424b-9868-57a2d4851a1d" relativeResultsDirectory="72ce8b8f-17d9-4134-b368-ee00aa9f232d">
      <Output>
        <StdOut>Starting NH Session
NHibernate: SELECT hotel0_.Id as Id9_0_, hotel0_.Name as Name9_0_, hotel0_.Address1 as Address3_9_0_, hotel0_.Address2 as Address4_9_0_, hotel0_.Zipcode as Zipcode9_0_, hotel0_.City as City9_0_, hotel0_.Country as Country9_0_, hotel0_.Phone as Phone9_0_, hotel0_.Fax as Fax9_0_, hotel0_.Email as Email9_0_, hotel0_.WWW as WWW9_0_, hotel0_.VatNo as VatNo9_0_, hotel0_.CategoryOneId as Categor13_9_0_, hotel0_.CategoryTwoId as Categor14_9_0_, hotel0_.CategoryThreeId as Categor15_9_0_, hotel0_.IsActive as IsActive9_0_, hotel0_.CheckIn as CheckIn9_0_, hotel0_.CheckInAMPM as CheckIn18_9_0_, hotel0_.CheckOut as CheckOut9_0_, hotel0_.CheckOutAMPM as CheckOu20_9_0_, hotel0_.MinimumStay as Minimum21_9_0_, hotel0_.MinimumCheckInAge as Minimum22_9_0_, hotel0_.Created as Created9_0_, hotel0_.Modified as Modified9_0_, hotel0_.Verified as Verified9_0_, hotel0_.AboutMultiLanguageId as AboutMu26_9_0_, hotel0_.OrganizationId as Organiz27_9_0_, hotel0_.LocalCurrencyId as LocalCu28_9_0_, hotel0_.CancellationPolicyMultiLanguageId as Cancell29_9_0_, hotel0_.PaymentPolicyMultiLanguageId as Payment30_9_0_, hotel0_.PageInformationId as PageInf31_9_0_, hotel0_.SearchTagCityId as SearchT32_9_0_ FROM Hotels hotel0_ WHERE hotel0_.Id=@p0;@p0 = 1 [Type: Int32 (0)]
NHibernate: SELECT this_.Id as Id20_2_, this_.IpAddress as IpAddress20_2_, this_.HotelId as HotelId20_2_, this_.HotelName as HotelName20_2_, this_.HotelAddress as HotelAdd5_20_2_, this_.HotelPhoneNumber as HotelPho6_20_2_, this_.HotelEmail as HotelEmail20_2_, this_.Arrival as Arrival20_2_, this_.Departure as Departure20_2_, this_.CurrencySymbol as Currenc10_20_2_, this_.Firstname as Firstname20_2_, this_.Lastname as Lastname20_2_, this_.PhoneNumber as PhoneNu13_20_2_, this_.Country as Country20_2_, this_.Email as Email20_2_, this_.CreditCardHolder as CreditC16_20_2_, this_.CreditCardNumber as CreditC17_20_2_, this_.CreditCardMonth as CreditC18_20_2_, this_.CreditCardYear as CreditC19_20_2_, this_.CreditCardCvc as CreditC20_20_2_, this_.Type as Type20_2_, this_.Created as Created20_2_, this_.Modified as Modified20_2_, this_.Cancelled as Cancelled20_2_, this_.CustomerId as CustomerId20_2_, i1_.ReservationId as Reservat9_4_, i1_.Id as Id4_, i1_.Id as Id19_0_, i1_.RoomTypeId as RoomTypeId19_0_, i1_.Description as Descript3_19_0_, i1_.GuestName as GuestName19_0_, i1_.Adults as Adults19_0_, i1_.Children as Children19_0_, i1_.Babies as Babies19_0_, i1_.Type as Type19_0_, i1_.ReservationId as Reservat9_19_0_, p2_.Id as Id21_1_, p2_.Date as Date21_1_, p2_.Price as Price21_1_, p2_.ReservationItemId as Reservat4_21_1_ FROM Reservations this_ left outer join ReservationItems i1_ on this_.Id=i1_.ReservationId inner join ReservationPrices p2_ on i1_.Id=p2_.ReservationItemId WHERE this_.HotelId in (@p0) and p2_.Date &gt;= @p1 and p2_.Date &lt;= @p2;@p0 = 1 [Type: Int32 (0)], @p1 = 02-09-2013 00:00:00 [Type: DateTime (0)], @p2 = 04-09-2013 00:00:00 [Type: DateTime (0)]
NHibernate: SELECT roomtypes0_.HotelId as HotelId1_, roomtypes0_.Id as Id1_, roomtypes0_.Id as Id23_0_, roomtypes0_.BedTypes as BedTypes23_0_, roomtypes0_.RoomView as RoomView23_0_, roomtypes0_.Capacity as Capacity23_0_, roomtypes0_.PhysicalRooms as Physical5_23_0_, roomtypes0_.RoomSize as RoomSize23_0_, roomtypes0_.Quantity as Quantity23_0_, roomtypes0_.Price as Price23_0_, roomtypes0_.Smoking as Smoking23_0_, roomtypes0_.HotelId as HotelId23_0_, roomtypes0_.NameMultiLanguageId as NameMul11_23_0_, roomtypes0_.DescriptionMultiLanguageId as Descrip12_23_0_ FROM RoomTypes roomtypes0_ WHERE roomtypes0_.HotelId=@p0;@p0 = 1 [Type: Int32 (0)]
NHibernate: SELECT this_.Id as Id22_1_, this_.Quantity as Quantity22_1_, this_.RateCategoryId as RateCate3_22_1_, this_.RoomTypeId as RoomTypeId22_1_, this_.CalendarId as CalendarId22_1_, d1_.Id as Id7_0_, d1_.Value as Value7_0_ FROM RoomTypeInventory this_ inner join Calendar d1_ on this_.CalendarId=d1_.Id WHERE this_.RoomTypeId in (@p0, @p1, @p2, @p3, @p4, @p5) and d1_.Value &gt;= @p6 and d1_.Value &lt;= @p7;@p0 = 1 [Type: Int32 (0)], @p1 = 6 [Type: Int32 (0)], @p2 = 12 [Type: Int32 (0)], @p3 = 13 [Type: Int32 (0)], @p4 = 14 [Type: Int32 (0)], @p5 = 15 [Type: Int32 (0)], @p6 = 02-09-2013 00:00:00 [Type: DateTime (0)], @p7 = 04-09-2013 00:00:00 [Type: DateTime (0)]
NHibernate: SELECT this_.Id as Id16_0_, this_.Name as Name16_0_, this_.Description as Descript3_16_0_, this_.Color as Color16_0_, this_.HotelId as HotelId16_0_ FROM RateCategories this_ WHERE this_.HotelId in (@p0);@p0 = 1 [Type: Int32 (0)]
NHibernate: SELECT multilangu0_.Id as Id13_0_ FROM MultiLanguageText multilangu0_ WHERE multilangu0_.Id=@p0;@p0 = 17 [Type: Int32 (0)]
NHibernate: SELECT texts0_.MultiLanguageTextId as MultiLan3_1_, texts0_.Id as Id1_, texts0_.Id as Id28_0_, texts0_.Value as Value28_0_, texts0_.MultiLanguageTextId as MultiLan3_28_0_, texts0_.LanguageId as LanguageId28_0_ FROM Texts texts0_ WHERE texts0_.MultiLanguageTextId=@p0;@p0 = 17 [Type: Int32 (0)]
NHibernate: SELECT multilangu0_.Id as Id13_0_ FROM MultiLanguageText multilangu0_ WHERE multilangu0_.Id=@p0;@p0 = 18 [Type: Int32 (0)]
NHibernate: SELECT texts0_.MultiLanguageTextId as MultiLan3_1_, texts0_.Id as Id1_, texts0_.Id as Id28_0_, texts0_.Value as Value28_0_, texts0_.MultiLanguageTextId as MultiLan3_28_0_, texts0_.LanguageId as LanguageId28_0_ FROM Texts texts0_ WHERE texts0_.MultiLanguageTextId=@p0;@p0 = 18 [Type: Int32 (0)]
NHibernate: SELECT multilangu0_.Id as Id13_0_ FROM MultiLanguageText multilangu0_ WHERE multilangu0_.Id=@p0;@p0 = 33 [Type: Int32 (0)]
NHibernate: SELECT texts0_.MultiLanguageTextId as MultiLan3_1_, texts0_.Id as Id1_, texts0_.Id as Id28_0_, texts0_.Value as Value28_0_, texts0_.MultiLanguageTextId as MultiLan3_28_0_, texts0_.LanguageId as LanguageId28_0_ FROM Texts texts0_ WHERE texts0_.MultiLanguageTextId=@p0;@p0 = 33 [Type: Int32 (0)]
NHibernate: SELECT multilangu0_.Id as Id13_0_ FROM MultiLanguageText multilangu0_ WHERE multilangu0_.Id=@p0;@p0 = 34 [Type: Int32 (0)]
NHibernate: SELECT texts0_.MultiLanguageTextId as MultiLan3_1_, texts0_.Id as Id1_, texts0_.Id as Id28_0_, texts0_.Value as Value28_0_, texts0_.MultiLanguageTextId as MultiLan3_28_0_, texts0_.LanguageId as LanguageId28_0_ FROM Texts texts0_ WHERE texts0_.MultiLanguageTextId=@p0;@p0 = 34 [Type: Int32 (0)]
NHibernate: SELECT multilangu0_.Id as Id13_0_ FROM MultiLanguageText multilangu0_ WHERE multilangu0_.Id=@p0;@p0 = 68 [Type: Int32 (0)]
NHibernate: SELECT texts0_.MultiLanguageTextId as MultiLan3_1_, texts0_.Id as Id1_, texts0_.Id as Id28_0_, texts0_.Value as Value28_0_, texts0_.MultiLanguageTextId as MultiLan3_28_0_, texts0_.LanguageId as LanguageId28_0_ FROM Texts texts0_ WHERE texts0_.MultiLanguageTextId=@p0;@p0 = 68 [Type: Int32 (0)]
NHibernate: SELECT multilangu0_.Id as Id13_0_ FROM MultiLanguageText multilangu0_ WHERE multilangu0_.Id=@p0;@p0 = 69 [Type: Int32 (0)]
NHibernate: SELECT texts0_.MultiLanguageTextId as MultiLan3_1_, texts0_.Id as Id1_, texts0_.Id as Id28_0_, texts0_.Value as Value28_0_, texts0_.MultiLanguageTextId as MultiLan3_28_0_, texts0_.LanguageId as LanguageId28_0_ FROM Texts texts0_ WHERE texts0_.MultiLanguageTextId=@p0;@p0 = 69 [Type: Int32 (0)]
NHibernate: SELECT multilangu0_.Id as Id13_0_ FROM MultiLanguageText multilangu0_ WHERE multilangu0_.Id=@p0;@p0 = 70 [Type: Int32 (0)]
NHibernate: SELECT texts0_.MultiLanguageTextId as MultiLan3_1_, texts0_.Id as Id1_, texts0_.Id as Id28_0_, texts0_.Value as Value28_0_, texts0_.MultiLanguageTextId as MultiLan3_28_0_, texts0_.LanguageId as LanguageId28_0_ FROM Texts texts0_ WHERE texts0_.MultiLanguageTextId=@p0;@p0 = 70 [Type: Int32 (0)]
NHibernate: SELECT multilangu0_.Id as Id13_0_ FROM MultiLanguageText multilangu0_ WHERE multilangu0_.Id=@p0;@p0 = 71 [Type: Int32 (0)]
NHibernate: SELECT texts0_.MultiLanguageTextId as MultiLan3_1_, texts0_.Id as Id1_, texts0_.Id as Id28_0_, texts0_.Value as Value28_0_, texts0_.MultiLanguageTextId as MultiLan3_28_0_, texts0_.LanguageId as LanguageId28_0_ FROM Texts texts0_ WHERE texts0_.MultiLanguageTextId=@p0;@p0 = 71 [Type: Int32 (0)]
NHibernate: SELECT multilangu0_.Id as Id13_0_ FROM MultiLanguageText multilangu0_ WHERE multilangu0_.Id=@p0;@p0 = 72 [Type: Int32 (0)]
NHibernate: SELECT texts0_.MultiLanguageTextId as MultiLan3_1_, texts0_.Id as Id1_, texts0_.Id as Id28_0_, texts0_.Value as Value28_0_, texts0_.MultiLanguageTextId as MultiLan3_28_0_, texts0_.LanguageId as LanguageId28_0_ FROM Texts texts0_ WHERE texts0_.MultiLanguageTextId=@p0;@p0 = 72 [Type: Int32 (0)]
NHibernate: SELECT multilangu0_.Id as Id13_0_ FROM MultiLanguageText multilangu0_ WHERE multilangu0_.Id=@p0;@p0 = 73 [Type: Int32 (0)]
NHibernate: SELECT texts0_.MultiLanguageTextId as MultiLan3_1_, texts0_.Id as Id1_, texts0_.Id as Id28_0_, texts0_.Value as Value28_0_, texts0_.MultiLanguageTextId as MultiLan3_28_0_, texts0_.LanguageId as LanguageId28_0_ FROM Texts texts0_ WHERE texts0_.MultiLanguageTextId=@p0;@p0 = 73 [Type: Int32 (0)]
NHibernate: SELECT multilangu0_.Id as Id13_0_ FROM MultiLanguageText multilangu0_ WHERE multilangu0_.Id=@p0;@p0 = 74 [Type: Int32 (0)]
NHibernate: SELECT texts0_.MultiLanguageTextId as MultiLan3_1_, texts0_.Id as Id1_, texts0_.Id as Id28_0_, texts0_.Value as Value28_0_, texts0_.MultiLanguageTextId as MultiLan3_28_0_, texts0_.LanguageId as LanguageId28_0_ FROM Texts texts0_ WHERE texts0_.MultiLanguageTextId=@p0;@p0 = 74 [Type: Int32 (0)]
NHibernate: SELECT multilangu0_.Id as Id13_0_ FROM MultiLanguageText multilangu0_ WHERE multilangu0_.Id=@p0;@p0 = 75 [Type: Int32 (0)]
NHibernate: SELECT texts0_.MultiLanguageTextId as MultiLan3_1_, texts0_.Id as Id1_, texts0_.Id as Id28_0_, texts0_.Value as Value28_0_, texts0_.MultiLanguageTextId as MultiLan3_28_0_, texts0_.LanguageId as LanguageId28_0_ FROM Texts texts0_ WHERE texts0_.MultiLanguageTextId=@p0;@p0 = 75 [Type: Int32 (0)]
NHibernate: SELECT multilangu0_.Id as Id13_0_ FROM MultiLanguageText multilangu0_ WHERE multilangu0_.Id=@p0;@p0 = 1 [Type: Int32 (0)]
NHibernate: SELECT texts0_.MultiLanguageTextId as MultiLan3_1_, texts0_.Id as Id1_, texts0_.Id as Id28_0_, texts0_.Value as Value28_0_, texts0_.MultiLanguageTextId as MultiLan3_28_0_, texts0_.LanguageId as LanguageId28_0_ FROM Texts texts0_ WHERE texts0_.MultiLanguageTextId=@p0;@p0 = 1 [Type: Int32 (0)]
Ending NH Session</StdOut>
        <DebugTrace>SessionScope BeginTransaction
SessionScope EndTransaction
</DebugTrace>
      </Output>
    </UnitTestResult>
  </Results>
</TestRun>