<?xml version="1.0" encoding="UTF-8"?>
<TestRun id="0d264611-b091-4411-8705-b4978117f252" name="Mark@MACPC 2013-01-03 19:44:52" runUser="MacPc\Mark" xmlns="http://microsoft.com/schemas/VisualStudio/TeamTest/2010">
  <TestSettings name="Local" id="f45b0aff-07a5-4726-a4ce-984b897c8a14">
    <Description>These are default test settings for a local test run.</Description>
    <Deployment enabled="false" runDeploymentRoot="Mark_MACPC 2013-01-03 19_44_52" />
    <Execution>
      <TestTypeSpecific />
      <AgentRule name="Execution Agents">
      </AgentRule>
    </Execution>
  </TestSettings>
  <Times creation="2013-01-03T19:44:52.0186211+01:00" queuing="2013-01-03T19:44:52.4837207+01:00" start="2013-01-03T19:44:53.1872327+01:00" finish="2013-01-03T19:44:58.5124277+01:00" />
  <ResultSummary outcome="Completed">
    <Counters total="1" executed="1" passed="1" error="0" failed="0" timeout="0" aborted="0" inconclusive="0" passedButRunAborted="0" notRunnable="0" notExecuted="0" disconnected="0" warning="0" completed="0" inProgress="0" pending="0" />
  </ResultSummary>
  <TestDefinitions>
    <UnitTest name="Can_persist_entity" storage="c:\sourcecode\ecohotels\ecohotels.core.tests\bin\debug\ecohotels.core.tests.dll" id="0e9ccde3-606f-d55a-757a-8f455e305efe">
      <Execution timeOut="1800000" id="69fac922-d005-44e1-9cd9-d309c03d6330" />
      <TestMethod codeBase="C:/SourceCode/EcoHotels/EcoHotels.Core.Tests/bin/Debug/EcoHotels.Core.Tests.DLL" adapterTypeName="Microsoft.VisualStudio.TestTools.TestTypes.Unit.UnitTestAdapter, Microsoft.VisualStudio.QualityTools.Tips.UnitTest.Adapter, Version=10.0.0.0, Culture=neutral, PublicKeyToken=b03f5f7f11d50a3a" className="EcoHotels.Core.Tests.Integration.Services.OrganizationServiceTester, EcoHotels.Core.Tests, Version=1.0.0.0, Culture=neutral, PublicKeyToken=null" name="Can_persist_entity" />
    </UnitTest>
  </TestDefinitions>
  <TestLists>
    <TestList name="Results Not in a List" id="8c84fa94-04c1-424b-9868-57a2d4851a1d" />
    <TestList name="All Loaded Results" id="19431567-8539-422a-85d7-44ee4e166bda" />
  </TestLists>
  <TestEntries>
    <TestEntry testId="0e9ccde3-606f-d55a-757a-8f455e305efe" executionId="69fac922-d005-44e1-9cd9-d309c03d6330" testListId="8c84fa94-04c1-424b-9868-57a2d4851a1d" />
  </TestEntries>
  <Results>
    <UnitTestResult executionId="69fac922-d005-44e1-9cd9-d309c03d6330" testId="0e9ccde3-606f-d55a-757a-8f455e305efe" testName="Can_persist_entity" computerName="MACPC" duration="00:00:04.6564113" startTime="2013-01-03T19:44:53.3484542+01:00" endTime="2013-01-03T19:44:58.3981070+01:00" testType="13cdc9d9-ddb5-4fa4-a97d-d965ccfc6d4b" outcome="Passed" testListId="8c84fa94-04c1-424b-9868-57a2d4851a1d" relativeResultsDirectory="69fac922-d005-44e1-9cd9-d309c03d6330">
      <Output>
        <StdOut>Starting NH Session
NHibernate: INSERT INTO Organizations (Name, VatNo, Phone, Email, Address1, Address2, City, Zipcode, Country, Created) VALUES (@p0, @p1, @p2, @p3, @p4, @p5, @p6, @p7, @p8, @p9); select SCOPE_IDENTITY();@p0 = 'I Love Eco Hotels' [Type: String (4000)], @p1 = '9999999999' [Type: String (4000)], @p2 = '' [Type: String (4000)], @p3 = '' [Type: String (4000)], @p4 = '' [Type: String (4000)], @p5 = '' [Type: String (4000)], @p6 = '' [Type: String (4000)], @p7 = '' [Type: String (4000)], @p8 = '' [Type: String (4000)], @p9 = 03-01-2013 19:44:58 [Type: DateTime (0)]
Ending NH Session</StdOut>
        <DebugTrace>SessionScope Initializing...
SessionScope BeginTransaction
SessionScope EndTransaction
</DebugTrace>
      </Output>
    </UnitTestResult>
  </Results>
</TestRun>