<?xml version="1.0" encoding="UTF-8"?>
<TestRun id="2edbacc8-1bf4-458c-802b-68789db4d8e3" name="Mark@MACPC 2012-06-29 00:03:22" runUser="MacPc\Mark" xmlns="http://microsoft.com/schemas/VisualStudio/TeamTest/2010">
  <TestSettings name="Local" id="f45b0aff-07a5-4726-a4ce-984b897c8a14">
    <Description>These are default test settings for a local test run.</Description>
    <Deployment enabled="false" runDeploymentRoot="Mark_MACPC 2012-06-29 00_03_22" />
    <Execution>
      <TestTypeSpecific />
      <AgentRule name="Execution Agents">
      </AgentRule>
    </Execution>
  </TestSettings>
  <Times creation="2012-06-29T00:03:22.6999608+02:00" queuing="2012-06-29T00:03:23.0390839+02:00" start="2012-06-29T00:03:23.5863719+02:00" finish="2012-06-29T00:03:24.3818941+02:00" />
  <ResultSummary outcome="Completed">
    <Counters total="1" executed="1" passed="1" error="0" failed="0" timeout="0" aborted="0" inconclusive="0" passedButRunAborted="0" notRunnable="0" notExecuted="0" disconnected="0" warning="0" completed="0" inProgress="0" pending="0" />
  </ResultSummary>
  <TestDefinitions>
    <UnitTest name="TestMethod2" storage="c:\sourcecode\ecohotels\ecohotels.core.tests\bin\debug\ecohotels.core.tests.dll" id="4a446110-e4cd-75b0-cc3f-b76248508346">
      <Execution timeOut="1800000" id="9c4b911a-6780-42c0-ad83-ef4bca657d2f" />
      <TestMethod codeBase="C:/SourceCode/EcoHotels/EcoHotels.Core.Tests/bin/Debug/EcoHotels.Core.Tests.DLL" adapterTypeName="Microsoft.VisualStudio.TestTools.TestTypes.Unit.UnitTestAdapter, Microsoft.VisualStudio.QualityTools.Tips.UnitTest.Adapter, Version=10.0.0.0, Culture=neutral, PublicKeyToken=b03f5f7f11d50a3a" className="EcoHotels.Core.Tests.Unit.CultureTester, EcoHotels.Core.Tests, Version=1.0.0.0, Culture=neutral, PublicKeyToken=null" name="TestMethod2" />
    </UnitTest>
  </TestDefinitions>
  <TestLists>
    <TestList name="Results Not in a List" id="8c84fa94-04c1-424b-9868-57a2d4851a1d" />
    <TestList name="All Loaded Results" id="19431567-8539-422a-85d7-44ee4e166bda" />
  </TestLists>
  <TestEntries>
    <TestEntry testId="4a446110-e4cd-75b0-cc3f-b76248508346" executionId="9c4b911a-6780-42c0-ad83-ef4bca657d2f" testListId="8c84fa94-04c1-424b-9868-57a2d4851a1d" />
  </TestEntries>
  <Results>
    <UnitTestResult executionId="9c4b911a-6780-42c0-ad83-ef4bca657d2f" testId="4a446110-e4cd-75b0-cc3f-b76248508346" testName="TestMethod2" computerName="MACPC" duration="00:00:00.0726391" startTime="2012-06-29T00:03:23.8658797+02:00" endTime="2012-06-29T00:03:24.2773230+02:00" testType="13cdc9d9-ddb5-4fa4-a97d-d965ccfc6d4b" outcome="Passed" testListId="8c84fa94-04c1-424b-9868-57a2d4851a1d" relativeResultsDirectory="9c4b911a-6780-42c0-ad83-ef4bca657d2f">
      <Output>
        <StdOut>129853946042411629
06/29/2012 00:03:24
2012-06-28T22:03:24+02:00
2012-06-29T00:03:24
2012-06-29 00:03:24Z</StdOut>
      </Output>
    </UnitTestResult>
  </Results>
</TestRun>