<?xml version="1.0" encoding="UTF-8"?>
<TestRun id="c669dc4a-560c-495e-8668-40fa1263a066" name="Mark@MACPC 2013-01-01 19:28:49" runUser="MacPc\Mark" xmlns="http://microsoft.com/schemas/VisualStudio/TeamTest/2010">
  <TestSettings name="Local" id="f45b0aff-07a5-4726-a4ce-984b897c8a14">
    <Description>These are default test settings for a local test run.</Description>
    <Deployment enabled="false" runDeploymentRoot="Mark_MACPC 2013-01-01 19_28_49" />
    <Execution>
      <TestTypeSpecific />
      <AgentRule name="Execution Agents">
      </AgentRule>
    </Execution>
  </TestSettings>
  <Times creation="2013-01-01T19:28:49.2417589+01:00" queuing="2013-01-01T19:28:50.0382584+01:00" start="2013-01-01T19:28:50.7399598+01:00" finish="2013-01-01T19:28:57.5204672+01:00" />
  <ResultSummary outcome="Failed">
    <Counters total="1" executed="1" error="0" failed="1" timeout="0" aborted="0" inconclusive="0" passedButRunAborted="0" notRunnable="0" notExecuted="0" disconnected="0" warning="0" passed="0" completed="0" inProgress="0" pending="0" />
  </ResultSummary>
  <TestDefinitions>
    <UnitTest name="TestMethod1" storage="c:\sourcecode\ecohotels\ecohotels.core.tests\bin\debug\ecohotels.core.tests.dll" id="b89f4b58-d56b-7f24-c5dc-b60b14545fb4">
      <Execution timeOut="1800000" id="7b53f813-3450-4a21-a66d-8691c28c560c" />
      <TestMethod codeBase="C:/SourceCode/EcoHotels/EcoHotels.Core.Tests/bin/Debug/EcoHotels.Core.Tests.DLL" adapterTypeName="Microsoft.VisualStudio.TestTools.TestTypes.Unit.UnitTestAdapter, Microsoft.VisualStudio.QualityTools.Tips.UnitTest.Adapter, Version=10.0.0.0, Culture=neutral, PublicKeyToken=b03f5f7f11d50a3a" className="EcoHotels.Core.Tests.Integration.Services.RateServiceTester, EcoHotels.Core.Tests, Version=1.0.0.0, Culture=neutral, PublicKeyToken=null" name="TestMethod1" />
    </UnitTest>
  </TestDefinitions>
  <TestLists>
    <TestList name="Results Not in a List" id="8c84fa94-04c1-424b-9868-57a2d4851a1d" />
    <TestList name="All Loaded Results" id="19431567-8539-422a-85d7-44ee4e166bda" />
  </TestLists>
  <TestEntries>
    <TestEntry testId="b89f4b58-d56b-7f24-c5dc-b60b14545fb4" executionId="7b53f813-3450-4a21-a66d-8691c28c560c" testListId="8c84fa94-04c1-424b-9868-57a2d4851a1d" />
  </TestEntries>
  <Results>
    <UnitTestResult executionId="7b53f813-3450-4a21-a66d-8691c28c560c" testId="b89f4b58-d56b-7f24-c5dc-b60b14545fb4" testName="TestMethod1" computerName="MACPC" duration="00:00:05.1514974" startTime="2013-01-01T19:28:51.4240698+01:00" endTime="2013-01-01T19:28:57.2790741+01:00" testType="13cdc9d9-ddb5-4fa4-a97d-d965ccfc6d4b" outcome="Failed" testListId="8c84fa94-04c1-424b-9868-57a2d4851a1d" relativeResultsDirectory="7b53f813-3450-4a21-a66d-8691c28c560c">
      <Output>
        <StdOut>Starting NH Session</StdOut>
        <DebugTrace>SessionScope Initializing...
</DebugTrace>
        <ErrorInfo>
          <Message>Initialization method EcoHotels.Core.Tests.Integration.Services.RateServiceTester.CreateSessionFactory threw exception. System.TypeInitializationException: System.TypeInitializationException: The type initializer for 'EcoHotels.Core.Infrastructure.NH.SessionFactory' threw an exception. ---&gt; FluentNHibernate.Cfg.FluentConfigurationException: An invalid or incomplete configuration was used while creating a SessionFactory. Check PotentialReasons collection, and InnerException for more detail.

 ---&gt; NHibernate.InvalidProxyTypeException: The following types may not be used as proxies:
EcoHotels.Core.Domain.Models.Commerce.RatePrice: method get_Category should be 'public/protected virtual' or 'protected internal virtual'
EcoHotels.Core.Domain.Models.Commerce.RatePrice: method set_Category should be 'public/protected virtual' or 'protected internal virtual'.</Message>
          <StackTrace>    at NHibernate.Cfg.Configuration.ValidateEntities()
   at NHibernate.Cfg.Configuration.Validate()
   at NHibernate.Cfg.Configuration.BuildSessionFactory()
   at FluentNHibernate.Cfg.FluentConfiguration.BuildSessionFactory() in C:\SourceCode\Hotelr - Copy\Libraries\Fluent NHibernate\src\FluentNHibernate\Cfg\FluentConfiguration.cs:line 230
 --- End of inner exception stack trace ---
    at FluentNHibernate.Cfg.FluentConfiguration.BuildSessionFactory() in C:\SourceCode\Hotelr - Copy\Libraries\Fluent NHibernate\src\FluentNHibernate\Cfg\FluentConfiguration.cs:line 235
   at EcoHotels.Core.Infrastructure.NH.SessionFactory.Init() in C:\SourceCode\EcoHotels\EcoHotels.Core\Infrastructure\NH\SessionFactory.cs:line 39
   at EcoHotels.Core.Infrastructure.NH.SessionFactory..cctor() in C:\SourceCode\EcoHotels\EcoHotels.Core\Infrastructure\NH\SessionFactory.cs:line 24
 --- End of inner exception stack trace ---
    at EcoHotels.Core.Infrastructure.NH.SessionFactory.BeginTransaction()
   at EcoHotels.Core.Tests.UnittestContext.CreateSessionFactory() in C:\SourceCode\EcoHotels\EcoHotels.Core.Tests\UnittestContext.cs:line 49
</StackTrace>
        </ErrorInfo>
      </Output>
    </UnitTestResult>
  </Results>
</TestRun>