<?xml version="1.0" encoding="UTF-8"?>
<TestRun id="dabc5c0a-6ea6-4d0f-a2b1-4fb5f4514d82" name="Mark@MACPC 2012-06-12 23:51:37" runUser="MacPc\Mark" xmlns="http://microsoft.com/schemas/VisualStudio/TeamTest/2010">
  <TestSettings name="Local" id="f45b0aff-07a5-4726-a4ce-984b897c8a14">
    <Description>These are default test settings for a local test run.</Description>
    <Deployment enabled="false" runDeploymentRoot="Mark_MACPC 2012-06-12 23_51_37" />
    <Execution>
      <TestTypeSpecific />
      <AgentRule name="Execution Agents">
      </AgentRule>
    </Execution>
  </TestSettings>
  <Times creation="2012-06-12T23:51:37.6506936+02:00" queuing="2012-06-12T23:51:38.1158408+02:00" start="2012-06-12T23:51:38.8506952+02:00" finish="2012-06-12T23:51:44.1246436+02:00" />
  <ResultSummary outcome="Failed">
    <Counters total="1" executed="1" error="0" failed="1" timeout="0" aborted="0" inconclusive="0" passedButRunAborted="0" notRunnable="0" notExecuted="0" disconnected="0" warning="0" passed="0" completed="0" inProgress="0" pending="0" />
  </ResultSummary>
  <TestDefinitions>
    <UnitTest name="TestMethod1" storage="c:\sourcecode\ecohotels\ecohotels.core.tests\bin\debug\ecohotels.core.tests.dll" id="31853b94-b4e6-faf6-dab5-9fbef20709e9">
      <Execution timeOut="1800000" id="3c2e00b8-3a28-431b-a2ea-2a4d1c8e6055" />
      <TestMethod codeBase="C:/SourceCode/EcoHotels/EcoHotels.Core.Tests/bin/Debug/EcoHotels.Core.Tests.DLL" adapterTypeName="Microsoft.VisualStudio.TestTools.TestTypes.Unit.UnitTestAdapter, Microsoft.VisualStudio.QualityTools.Tips.UnitTest.Adapter, Version=10.0.0.0, Culture=neutral, PublicKeyToken=b03f5f7f11d50a3a" className="EcoHotels.Core.Tests.Integration.Repositories.Ip2LocationRepoTester, EcoHotels.Core.Tests, Version=1.0.0.0, Culture=neutral, PublicKeyToken=null" name="TestMethod1" />
    </UnitTest>
  </TestDefinitions>
  <TestLists>
    <TestList name="Results Not in a List" id="8c84fa94-04c1-424b-9868-57a2d4851a1d" />
    <TestList name="All Loaded Results" id="19431567-8539-422a-85d7-44ee4e166bda" />
  </TestLists>
  <TestEntries>
    <TestEntry testId="31853b94-b4e6-faf6-dab5-9fbef20709e9" executionId="3c2e00b8-3a28-431b-a2ea-2a4d1c8e6055" testListId="8c84fa94-04c1-424b-9868-57a2d4851a1d" />
  </TestEntries>
  <Results>
    <UnitTestResult executionId="3c2e00b8-3a28-431b-a2ea-2a4d1c8e6055" testId="31853b94-b4e6-faf6-dab5-9fbef20709e9" testName="TestMethod1" computerName="MACPC" duration="00:00:04.4501404" startTime="2012-06-12T23:51:39.0637248+02:00" endTime="2012-06-12T23:51:43.9370212+02:00" testType="13cdc9d9-ddb5-4fa4-a97d-d965ccfc6d4b" outcome="Failed" testListId="8c84fa94-04c1-424b-9868-57a2d4851a1d" relativeResultsDirectory="3c2e00b8-3a28-431b-a2ea-2a4d1c8e6055">
      <Output>
        <DebugTrace>CreateSessionFactory
</DebugTrace>
        <ErrorInfo>
          <Message>Test method EcoHotels.Core.Tests.Integration.Repositories.Ip2LocationRepoTester.TestMethod1 threw exception: 
System.NullReferenceException: Object reference not set to an instance of an object.</Message>
          <StackTrace>    at lambda_method(Closure , Object )
   at NHibernate.Context.ReflectiveHttpContext.get_HttpContextCurrentItems() in c:\Users\oskar.berggren\Documents\Projects\nhibernate-core-3\src\NHibernate\Context\ReflectiveHttpContext.cs:line 26
   at NHibernate.Context.WebSessionContext.GetMap() in c:\Users\oskar.berggren\Documents\Projects\nhibernate-core-3\src\NHibernate\Context\WebSessionContext.cs:line 20
   at NHibernate.Context.MapBasedSessionContext.get_Session() in c:\Users\oskar.berggren\Documents\Projects\nhibernate-core-3\src\NHibernate\Context\MapBasedSessionContext.cs:line 23
   at NHibernate.Context.CurrentSessionContext.CurrentSession() in c:\Users\oskar.berggren\Documents\Projects\nhibernate-core-3\src\NHibernate\Context\CurrentSessionContext.cs:line 33
   at NHibernate.Impl.SessionFactoryImpl.GetCurrentSession() in c:\Users\oskar.berggren\Documents\Projects\nhibernate-core-3\src\NHibernate\Impl\SessionFactoryImpl.cs:line 1042
   at EcoHotels.Core.Infrastructure.SessionScopeWebModule.GetCurrentSession() in C:\SourceCode\EcoHotels\EcoHotels.Core\Infrastructure\SessionScopeWebModule.cs:line 86
   at EcoHotels.Core.Infrastructure.Repositories.NH.RepositoryBase`1.get_Session() in C:\SourceCode\EcoHotels\EcoHotels.Core\Infrastructure\Repositories\NH\RepositoryBase.cs:line 20
   at EcoHotels.Core.Infrastructure.Repositories.NH.Ip2LocationRepo.FindIP2Location(Single ipx) in C:\SourceCode\EcoHotels\EcoHotels.Core\Infrastructure\Repositories\NH\Ip2LocationRepo.cs:line 14
   at EcoHotels.Core.Infrastructure.Services.IP2LocationService.GetLocation(String IP) in C:\SourceCode\EcoHotels\EcoHotels.Core\Infrastructure\Services\IP2LocationService.cs:line 23
   at EcoHotels.Core.Tests.Integration.Repositories.Ip2LocationRepoTester.TestMethod1() in C:\SourceCode\EcoHotels\EcoHotels.Core.Tests\Integration\Repositories\Ip2LocationRepoTester.cs:line 38
</StackTrace>
        </ErrorInfo>
      </Output>
    </UnitTestResult>
  </Results>
</TestRun>