<?xml version="1.0" encoding="UTF-8"?>
<TestRun id="605ddac8-c946-42cd-8b32-03a8b8ddf975" name="Mark@MACPC 2012-09-20 19:01:27" runUser="MacPc\Mark" xmlns="http://microsoft.com/schemas/VisualStudio/TeamTest/2010">
  <TestSettings name="Local" id="f45b0aff-07a5-4726-a4ce-984b897c8a14">
    <Description>These are default test settings for a local test run.</Description>
    <Deployment enabled="false" runDeploymentRoot="Mark_MACPC 2012-09-20 19_01_27" />
    <Execution>
      <TestTypeSpecific />
      <AgentRule name="Execution Agents">
      </AgentRule>
    </Execution>
  </TestSettings>
  <Times creation="2012-09-20T19:01:27.6413642+02:00" queuing="2012-09-20T19:01:28.0849222+02:00" start="2012-09-20T19:01:28.6066402+02:00" finish="2012-09-20T19:01:33.7544532+02:00" />
  <ResultSummary outcome="Completed">
    <Counters total="1" executed="1" passed="1" error="0" failed="0" timeout="0" aborted="0" inconclusive="0" passedButRunAborted="0" notRunnable="0" notExecuted="0" disconnected="0" warning="0" completed="0" inProgress="0" pending="0" />
  </ResultSummary>
  <TestDefinitions>
    <UnitTest name="Will_fetch_from_First_Level_Cache_when_using_Id_in_same_SessionScope" storage="c:\sourcecode\ecohotels\ecohotels.core.tests\bin\debug\ecohotels.core.tests.dll" id="2f40d87f-3d39-4b7d-f3cc-9859612d2852">
      <Execution timeOut="1800000" id="59861ba9-fcd6-4699-9605-b800d4aadb27" />
      <TestMethod codeBase="C:/SourceCode/EcoHotels/EcoHotels.Core.Tests/bin/Debug/EcoHotels.Core.Tests.DLL" adapterTypeName="Microsoft.VisualStudio.TestTools.TestTypes.Unit.UnitTestAdapter, Microsoft.VisualStudio.QualityTools.Tips.UnitTest.Adapter, Version=10.0.0.0, Culture=neutral, PublicKeyToken=b03f5f7f11d50a3a" className="EcoHotels.Core.Tests.Integration.NHCachingTester, EcoHotels.Core.Tests, Version=1.0.0.0, Culture=neutral, PublicKeyToken=null" name="Will_fetch_from_First_Level_Cache_when_using_Id_in_same_SessionScope" />
    </UnitTest>
  </TestDefinitions>
  <TestLists>
    <TestList name="Results Not in a List" id="8c84fa94-04c1-424b-9868-57a2d4851a1d" />
    <TestList name="All Loaded Results" id="19431567-8539-422a-85d7-44ee4e166bda" />
  </TestLists>
  <TestEntries>
    <TestEntry testId="2f40d87f-3d39-4b7d-f3cc-9859612d2852" executionId="59861ba9-fcd6-4699-9605-b800d4aadb27" testListId="8c84fa94-04c1-424b-9868-57a2d4851a1d" />
  </TestEntries>
  <Results>
    <UnitTestResult executionId="59861ba9-fcd6-4699-9605-b800d4aadb27" testId="2f40d87f-3d39-4b7d-f3cc-9859612d2852" testName="Will_fetch_from_First_Level_Cache_when_using_Id_in_same_SessionScope" computerName="MACPC" duration="00:00:04.4729659" startTime="2012-09-20T19:01:28.8225572+02:00" endTime="2012-09-20T19:01:33.6352592+02:00" testType="13cdc9d9-ddb5-4fa4-a97d-d965ccfc6d4b" outcome="Passed" testListId="8c84fa94-04c1-424b-9868-57a2d4851a1d" relativeResultsDirectory="59861ba9-fcd6-4699-9605-b800d4aadb27">
      <Output>
        <StdOut>Starting NH Session
NHibernate: SELECT country0_.Id as Id4_0_, country0_.Name as Name4_0_, country0_.[Alpha-2 code] as column3_4_0_, country0_.CurrencyId as CurrencyId4_0_, country0_.LanguageId as LanguageId4_0_ FROM Countries country0_ WHERE country0_.Id=@p0;@p0 = 61 [Type: Int32 (0)]
Ending NH Session</StdOut>
        <DebugTrace>SessionScope Initializing...
SessionScope BeginTransaction
SessionScope EndTransaction
</DebugTrace>
      </Output>
    </UnitTestResult>
  </Results>
</TestRun>