<?xml version="1.0" encoding="UTF-8"?>
<TestRun id="42d62fdc-2e07-40ea-a261-cc74ab53b990" name="Mark@MACPC 2013-06-13 15:04:01" runUser="MacPc\Mark" xmlns="http://microsoft.com/schemas/VisualStudio/TeamTest/2010">
  <TestSettings name="Local" id="f45b0aff-07a5-4726-a4ce-984b897c8a14">
    <Description>These are default test settings for a local test run.</Description>
    <Deployment enabled="false" runDeploymentRoot="Mark_MACPC 2013-06-13 15_04_01" />
    <Execution>
      <TestTypeSpecific />
      <AgentRule name="Execution Agents">
      </AgentRule>
    </Execution>
  </TestSettings>
  <Times creation="2013-06-13T15:04:01.7463281+02:00" queuing="2013-06-13T15:04:02.3082181+02:00" start="2013-06-13T15:04:02.8857433+02:00" finish="2013-06-13T15:04:08.9873801+02:00" />
  <ResultSummary outcome="Failed">
    <Counters total="1" executed="1" error="0" failed="1" timeout="0" aborted="0" inconclusive="0" passedButRunAborted="0" notRunnable="0" notExecuted="0" disconnected="0" warning="0" passed="0" completed="0" inProgress="0" pending="0" />
  </ResultSummary>
  <TestDefinitions>
    <UnitTest name="TestMethod1" storage="c:\sourcecode\ecohotels\ecohotels.core.tests\bin\release\ecohotels.core.tests.dll" id="f5cbb49f-8f1e-de5b-196c-c5c7dc58693c">
      <Execution timeOut="1800000" id="cfd2340a-6bfd-4ed5-a27c-a61c3ea8ae3a" />
      <TestMethod codeBase="C:/SourceCode/EcoHotels/EcoHotels.Core.Tests/bin/Release/EcoHotels.Core.Tests.DLL" adapterTypeName="Microsoft.VisualStudio.TestTools.TestTypes.Unit.UnitTestAdapter, Microsoft.VisualStudio.QualityTools.Tips.UnitTest.Adapter, Version=10.0.0.0, Culture=neutral, PublicKeyToken=b03f5f7f11d50a3a" className="EcoHotels.Core.Tests.Integration.Services.SearchServiceTester, EcoHotels.Core.Tests, Version=1.0.0.0, Culture=neutral, PublicKeyToken=null" name="TestMethod1" />
    </UnitTest>
  </TestDefinitions>
  <TestLists>
    <TestList name="Results Not in a List" id="8c84fa94-04c1-424b-9868-57a2d4851a1d" />
    <TestList name="All Loaded Results" id="19431567-8539-422a-85d7-44ee4e166bda" />
  </TestLists>
  <TestEntries>
    <TestEntry testId="f5cbb49f-8f1e-de5b-196c-c5c7dc58693c" executionId="cfd2340a-6bfd-4ed5-a27c-a61c3ea8ae3a" testListId="8c84fa94-04c1-424b-9868-57a2d4851a1d" />
  </TestEntries>
  <Results>
    <UnitTestResult executionId="cfd2340a-6bfd-4ed5-a27c-a61c3ea8ae3a" testId="f5cbb49f-8f1e-de5b-196c-c5c7dc58693c" testName="TestMethod1" computerName="MACPC" duration="00:00:04.8302136" startTime="2013-06-13T15:04:03.1339521+02:00" endTime="2013-06-13T15:04:08.8779337+02:00" testType="13cdc9d9-ddb5-4fa4-a97d-d965ccfc6d4b" outcome="Failed" testListId="8c84fa94-04c1-424b-9868-57a2d4851a1d" relativeResultsDirectory="cfd2340a-6bfd-4ed5-a27c-a61c3ea8ae3a">
      <Output>
        <StdOut>Starting NH Session
NHibernate: SELECT searchtagc0_.Id as Id26_0_, searchtagc0_.Name as Name26_0_, searchtagc0_.CountryId as CountryId26_0_ FROM SearchTagCities searchtagc0_ WHERE searchtagc0_.Id=@p0;@p0 = 0 [Type: Int32 (0)]
Ending NH Session</StdOut>
        <DebugTrace>SessionScope Initializing...
SessionScope BeginTransaction
SessionScope EndTransaction
</DebugTrace>
        <ErrorInfo>
          <Message>Test method EcoHotels.Core.Tests.Integration.Services.SearchServiceTester.TestMethod1 threw exception: 
System.NullReferenceException: Object reference not set to an instance of an object.</Message>
          <StackTrace>    at EcoHotels.Core.Infrastructure.Services.SearchService.Find(Int32 searchTagCityId, DateTime arrival, DateTime depature) in C:\SourceCode\EcoHotels\EcoHotels.Core\Infrastructure\Services\SearchService.cs:line 40
   at EcoHotels.Core.Tests.Integration.Services.SearchServiceTester.TestMethod1() in C:\SourceCode\EcoHotels\EcoHotels.Core.Tests\Integration\Services\SearchServiceTester.cs:line 55
</StackTrace>
        </ErrorInfo>
      </Output>
    </UnitTestResult>
  </Results>
</TestRun>