<?xml version="1.0" encoding="UTF-8"?>
<TestRun id="0ba44f7d-64ab-4dd1-aa62-177a1bcb5fe3" name="Mark@MACPC 2013-06-13 19:56:08" runUser="MacPc\Mark" xmlns="http://microsoft.com/schemas/VisualStudio/TeamTest/2010">
  <TestSettings name="Local" id="f45b0aff-07a5-4726-a4ce-984b897c8a14">
    <Description>These are default test settings for a local test run.</Description>
    <Deployment enabled="false" runDeploymentRoot="Mark_MACPC 2013-06-13 19_56_08" />
    <Execution>
      <TestTypeSpecific />
      <AgentRule name="Execution Agents">
      </AgentRule>
    </Execution>
  </TestSettings>
  <Times creation="2013-06-13T19:56:08.4640717+02:00" queuing="2013-06-13T19:56:09.0122248+02:00" start="2013-06-13T19:56:09.5085916+02:00" finish="2013-06-13T19:56:15.1650235+02:00" />
  <ResultSummary outcome="Completed">
    <Counters total="1" executed="1" passed="1" error="0" failed="0" timeout="0" aborted="0" inconclusive="0" passedButRunAborted="0" notRunnable="0" notExecuted="0" disconnected="0" warning="0" completed="0" inProgress="0" pending="0" />
  </ResultSummary>
  <TestDefinitions>
    <UnitTest name="TestMethod3" storage="c:\sourcecode\ecohotels\ecohotels.core.tests\bin\release\ecohotels.core.tests.dll" id="ba44b44f-1145-95b8-e5be-2d6c54a44d9e">
      <Execution timeOut="1800000" id="9a1e8da1-5387-4704-b0e1-7a954629eba7" />
      <TestMethod codeBase="C:/SourceCode/EcoHotels/EcoHotels.Core.Tests/bin/Release/EcoHotels.Core.Tests.DLL" adapterTypeName="Microsoft.VisualStudio.TestTools.TestTypes.Unit.UnitTestAdapter, Microsoft.VisualStudio.QualityTools.Tips.UnitTest.Adapter, Version=10.0.0.0, Culture=neutral, PublicKeyToken=b03f5f7f11d50a3a" className="EcoHotels.Core.Tests.Integration.Services.SearchServiceTester, EcoHotels.Core.Tests, Version=1.0.0.0, Culture=neutral, PublicKeyToken=null" name="TestMethod3" />
    </UnitTest>
  </TestDefinitions>
  <TestLists>
    <TestList name="Results Not in a List" id="8c84fa94-04c1-424b-9868-57a2d4851a1d" />
    <TestList name="All Loaded Results" id="19431567-8539-422a-85d7-44ee4e166bda" />
  </TestLists>
  <TestEntries>
    <TestEntry testId="ba44b44f-1145-95b8-e5be-2d6c54a44d9e" executionId="9a1e8da1-5387-4704-b0e1-7a954629eba7" testListId="8c84fa94-04c1-424b-9868-57a2d4851a1d" />
  </TestEntries>
  <Results>
    <UnitTestResult executionId="9a1e8da1-5387-4704-b0e1-7a954629eba7" testId="ba44b44f-1145-95b8-e5be-2d6c54a44d9e" testName="TestMethod3" computerName="MACPC" duration="00:00:04.8519437" startTime="2013-06-13T19:56:09.7567750+02:00" endTime="2013-06-13T19:56:15.0409318+02:00" testType="13cdc9d9-ddb5-4fa4-a97d-d965ccfc6d4b" outcome="Passed" testListId="8c84fa94-04c1-424b-9868-57a2d4851a1d" relativeResultsDirectory="9a1e8da1-5387-4704-b0e1-7a954629eba7">
      <Output>
        <StdOut>Starting NH Session
NHibernate: INSERT INTO Reservations (IpAddress, HotelId, HotelName, HotelAddress, HotelPhoneNumber, HotelEmail, Arrival, Departure, CurrencySymbol, Firstname, Lastname, PhoneNumber, Country, Email, CreditCardHolder, CreditCardNumber, CreditCardMonth, CreditCardYear, CreditCardCvc, Type, Created, Modified, Cancelled, CustomerId) VALUES (@p0, @p1, @p2, @p3, @p4, @p5, @p6, @p7, @p8, @p9, @p10, @p11, @p12, @p13, @p14, @p15, @p16, @p17, @p18, @p19, @p20, @p21, @p22, @p23); select SCOPE_IDENTITY();@p0 = '10.0.0.1' [Type: String (4000)], @p1 = 1 [Type: Int32 (0)], @p2 = '' [Type: String (4000)], @p3 = '' [Type: String (4000)], @p4 = '' [Type: String (4000)], @p5 = '' [Type: String (4000)], @p6 = 13-06-2013 19:56:14 [Type: DateTime (0)], @p7 = 19-06-2013 19:56:14 [Type: DateTime (0)], @p8 = 'DKK' [Type: String (4000)], @p9 = 'Lise' [Type: String (4000)], @p10 = 'Elle' [Type: String (4000)], @p11 = '45000000' [Type: String (4000)], @p12 = 'Denmark' [Type: String (4000)], @p13 = 'my@email.com' [Type: String (4000)], @p14 = '' [Type: String (4000)], @p15 = '' [Type: String (4000)], @p16 = '' [Type: String (4000)], @p17 = '' [Type: String (4000)], @p18 = '' [Type: String (4000)], @p19 = 0 [Type: Int32 (0)], @p20 = 13-06-2013 19:56:14 [Type: DateTime (0)], @p21 = NULL [Type: DateTime (0)], @p22 = NULL [Type: DateTime (0)], @p23 = NULL [Type: Int32 (0)]
NHibernate: INSERT INTO ReservationItems (RoomTypeId, Description, GuestName, Adults, Children, Babies, Type, ReservationId) VALUES (@p0, @p1, @p2, @p3, @p4, @p5, @p6, @p7); select SCOPE_IDENTITY();@p0 = 1 [Type: Int32 (0)], @p1 = 'Penthouse' [Type: String (4000)], @p2 = 'Lise Elle' [Type: String (4000)], @p3 = 2 [Type: Int32 (0)], @p4 = 0 [Type: Int32 (0)], @p5 = 0 [Type: Int32 (0)], @p6 = 0 [Type: Int32 (0)], @p7 = 7 [Type: Int32 (0)]
NHibernate: INSERT INTO ReservationPrices (Date, Price, ReservationItemId) VALUES (@p0, @p1, @p2); select SCOPE_IDENTITY();@p0 = 13-06-2013 00:00:00 [Type: DateTime (0)], @p1 = 380 [Type: Double (0)], @p2 = 5 [Type: Int32 (0)]
NHibernate: INSERT INTO ReservationPrices (Date, Price, ReservationItemId) VALUES (@p0, @p1, @p2); select SCOPE_IDENTITY();@p0 = 14-06-2013 00:00:00 [Type: DateTime (0)], @p1 = 380 [Type: Double (0)], @p2 = 5 [Type: Int32 (0)]
NHibernate: INSERT INTO ReservationPrices (Date, Price, ReservationItemId) VALUES (@p0, @p1, @p2); select SCOPE_IDENTITY();@p0 = 15-06-2013 00:00:00 [Type: DateTime (0)], @p1 = 380 [Type: Double (0)], @p2 = 5 [Type: Int32 (0)]
NHibernate: INSERT INTO ReservationPrices (Date, Price, ReservationItemId) VALUES (@p0, @p1, @p2); select SCOPE_IDENTITY();@p0 = 16-06-2013 00:00:00 [Type: DateTime (0)], @p1 = 380 [Type: Double (0)], @p2 = 5 [Type: Int32 (0)]
NHibernate: INSERT INTO ReservationPrices (Date, Price, ReservationItemId) VALUES (@p0, @p1, @p2); select SCOPE_IDENTITY();@p0 = 17-06-2013 00:00:00 [Type: DateTime (0)], @p1 = 360 [Type: Double (0)], @p2 = 5 [Type: Int32 (0)]
Ending NH Session</StdOut>
        <DebugTrace>SessionScope Initializing...
SessionScope BeginTransaction
SessionScope EndTransaction
</DebugTrace>
      </Output>
    </UnitTestResult>
  </Results>
</TestRun>