<?xml version="1.0" encoding="UTF-8"?>
<TestRun id="40b10320-1398-4d6f-a1a3-31d4e48c37b9" name="Mark@MACPC 2013-06-13 15:01:38" runUser="MacPc\Mark" xmlns="http://microsoft.com/schemas/VisualStudio/TeamTest/2010">
  <TestSettings name="Local" id="f45b0aff-07a5-4726-a4ce-984b897c8a14">
    <Description>These are default test settings for a local test run.</Description>
    <Deployment enabled="false" runDeploymentRoot="Mark_MACPC 2013-06-13 15_01_38" />
    <Execution>
      <TestTypeSpecific />
      <AgentRule name="Execution Agents">
      </AgentRule>
    </Execution>
  </TestSettings>
  <Times creation="2013-06-13T15:01:38.8308281+02:00" queuing="2013-06-13T15:01:39.3927181+02:00" start="2013-06-13T15:01:39.9995593+02:00" finish="2013-06-13T15:01:48.0213941+02:00" />
  <ResultSummary outcome="Failed">
    <Counters total="1" executed="1" error="0" failed="1" timeout="0" aborted="0" inconclusive="0" passedButRunAborted="0" notRunnable="0" notExecuted="0" disconnected="0" warning="0" passed="0" completed="0" inProgress="0" pending="0" />
  </ResultSummary>
  <TestDefinitions>
    <UnitTest name="TestMethod1" storage="c:\sourcecode\ecohotels\ecohotels.core.tests\bin\release\ecohotels.core.tests.dll" id="f5cbb49f-8f1e-de5b-196c-c5c7dc58693c">
      <Execution timeOut="1800000" id="4c740ed7-d270-459e-9d6c-1a3fdf308101" />
      <TestMethod codeBase="C:/SourceCode/EcoHotels/EcoHotels.Core.Tests/bin/Release/EcoHotels.Core.Tests.DLL" adapterTypeName="Microsoft.VisualStudio.TestTools.TestTypes.Unit.UnitTestAdapter, Microsoft.VisualStudio.QualityTools.Tips.UnitTest.Adapter, Version=10.0.0.0, Culture=neutral, PublicKeyToken=b03f5f7f11d50a3a" className="EcoHotels.Core.Tests.Integration.Services.SearchServiceTester, EcoHotels.Core.Tests, Version=1.0.0.0, Culture=neutral, PublicKeyToken=null" name="TestMethod1" />
    </UnitTest>
  </TestDefinitions>
  <TestLists>
    <TestList name="Results Not in a List" id="8c84fa94-04c1-424b-9868-57a2d4851a1d" />
    <TestList name="All Loaded Results" id="19431567-8539-422a-85d7-44ee4e166bda" />
  </TestLists>
  <TestEntries>
    <TestEntry testId="f5cbb49f-8f1e-de5b-196c-c5c7dc58693c" executionId="4c740ed7-d270-459e-9d6c-1a3fdf308101" testListId="8c84fa94-04c1-424b-9868-57a2d4851a1d" />
  </TestEntries>
  <Results>
    <UnitTestResult executionId="4c740ed7-d270-459e-9d6c-1a3fdf308101" testId="f5cbb49f-8f1e-de5b-196c-c5c7dc58693c" testName="TestMethod1" computerName="MACPC" duration="00:00:06.8206414" startTime="2013-06-13T15:01:40.3112861+02:00" endTime="2013-06-13T15:01:47.8699281+02:00" testType="13cdc9d9-ddb5-4fa4-a97d-d965ccfc6d4b" outcome="Failed" testListId="8c84fa94-04c1-424b-9868-57a2d4851a1d" relativeResultsDirectory="4c740ed7-d270-459e-9d6c-1a3fdf308101">
      <Output>
        <StdOut>Starting NH Session
Ending NH Session</StdOut>
        <DebugTrace>SessionScope Initializing...
SessionScope BeginTransaction
SessionScope EndTransaction
</DebugTrace>
        <ErrorInfo>
          <Message>Test method EcoHotels.Core.Tests.Integration.Services.SearchServiceTester.TestMethod1 threw exception: 
System.NullReferenceException: Object reference not set to an instance of an object.</Message>
          <StackTrace>    at EcoHotels.Core.Infrastructure.Services.SearchService.Find(Int32 searchTagCityId, DateTime arrival, DateTime depature) in C:\SourceCode\EcoHotels\EcoHotels.Core\Infrastructure\Services\SearchService.cs:line 38
   at EcoHotels.Core.Tests.Integration.Services.SearchServiceTester.TestMethod1() in C:\SourceCode\EcoHotels\EcoHotels.Core.Tests\Integration\Services\SearchServiceTester.cs:line 55
</StackTrace>
        </ErrorInfo>
      </Output>
    </UnitTestResult>
  </Results>
</TestRun>