<?xml version="1.0" encoding="UTF-8"?>
<TestRun id="cfb7fcc0-130b-4174-a26d-36797018461d" name="Mark@MACPC 2013-06-12 22:40:37" runUser="MacPc\Mark" xmlns="http://microsoft.com/schemas/VisualStudio/TeamTest/2010">
  <TestSettings name="Local" id="f45b0aff-07a5-4726-a4ce-984b897c8a14">
    <Description>These are default test settings for a local test run.</Description>
    <Deployment enabled="false" runDeploymentRoot="Mark_MACPC 2013-06-12 22_40_37" />
    <Execution>
      <TestTypeSpecific />
      <AgentRule name="Execution Agents">
      </AgentRule>
    </Execution>
  </TestSettings>
  <Times creation="2013-06-12T22:40:37.8976622+02:00" queuing="2013-06-12T22:40:39.1130502+02:00" start="2013-06-12T22:40:40.0656252+02:00" finish="2013-06-12T22:41:27.1918722+02:00" />
  <ResultSummary outcome="Completed">
    <Counters total="1" executed="1" passed="1" error="0" failed="0" timeout="0" aborted="0" inconclusive="0" passedButRunAborted="0" notRunnable="0" notExecuted="0" disconnected="0" warning="0" completed="0" inProgress="0" pending="0" />
  </ResultSummary>
  <TestDefinitions>
    <UnitTest name="TestMethod1" storage="c:\sourcecode\ecohotels\ecohotels.core.tests\bin\release\ecohotels.core.tests.dll" id="f5cbb49f-8f1e-de5b-196c-c5c7dc58693c">
      <Execution timeOut="1800000" id="9eec167c-69b4-4050-8922-408971960c02" />
      <TestMethod codeBase="C:/SourceCode/EcoHotels/EcoHotels.Core.Tests/bin/Release/EcoHotels.Core.Tests.DLL" adapterTypeName="Microsoft.VisualStudio.TestTools.TestTypes.Unit.UnitTestAdapter, Microsoft.VisualStudio.QualityTools.Tips.UnitTest.Adapter, Version=10.0.0.0, Culture=neutral, PublicKeyToken=b03f5f7f11d50a3a" className="EcoHotels.Core.Tests.Integration.Services.SearchServiceTester, EcoHotels.Core.Tests, Version=1.0.0.0, Culture=neutral, PublicKeyToken=null" name="TestMethod1" />
    </UnitTest>
  </TestDefinitions>
  <TestLists>
    <TestList name="Results Not in a List" id="8c84fa94-04c1-424b-9868-57a2d4851a1d" />
    <TestList name="All Loaded Results" id="19431567-8539-422a-85d7-44ee4e166bda" />
  </TestLists>
  <TestEntries>
    <TestEntry testId="f5cbb49f-8f1e-de5b-196c-c5c7dc58693c" executionId="9eec167c-69b4-4050-8922-408971960c02" testListId="8c84fa94-04c1-424b-9868-57a2d4851a1d" />
  </TestEntries>
  <Results>
    <UnitTestResult executionId="9eec167c-69b4-4050-8922-408971960c02" testId="f5cbb49f-8f1e-de5b-196c-c5c7dc58693c" testName="TestMethod1" computerName="MACPC" duration="00:00:45.4598782" startTime="2013-06-12T22:40:40.4163682+02:00" endTime="2013-06-12T22:41:26.9534354+02:00" testType="13cdc9d9-ddb5-4fa4-a97d-d965ccfc6d4b" outcome="Passed" testListId="8c84fa94-04c1-424b-9868-57a2d4851a1d" relativeResultsDirectory="9eec167c-69b4-4050-8922-408971960c02">
      <Output>
        <StdOut>Starting NH Session
NHibernate: SELECT this_.Id as Id9_0_, this_.Name as Name9_0_, this_.Address1 as Address3_9_0_, this_.Address2 as Address4_9_0_, this_.Zipcode as Zipcode9_0_, this_.City as City9_0_, this_.Country as Country9_0_, this_.Phone as Phone9_0_, this_.Fax as Fax9_0_, this_.Email as Email9_0_, this_.WWW as WWW9_0_, this_.VatNo as VatNo9_0_, this_.CategoryOneId as Categor13_9_0_, this_.CategoryTwoId as Categor14_9_0_, this_.CategoryThreeId as Categor15_9_0_, this_.IsActive as IsActive9_0_, this_.CheckIn as CheckIn9_0_, this_.CheckOut as CheckOut9_0_, this_.Created as Created9_0_, this_.Modified as Modified9_0_, this_.Verified as Verified9_0_, this_.AboutMultiLanguageId as AboutMu22_9_0_, this_.OrganizationId as Organiz23_9_0_, this_.LocalCurrencyId as LocalCu24_9_0_, this_.CancellationPolicyMultiLanguageId as Cancell25_9_0_, this_.PaymentPolicyMultiLanguageId as Payment26_9_0_, this_.PageInformationId as PageInf27_9_0_ FROM Hotels this_
NHibernate: SELECT this_.Id as Id21_1_, this_.Quantity as Quantity21_1_, this_.RateCategoryId as RateCate3_21_1_, this_.RoomTypeId as RoomTypeId21_1_, this_.CalendarId as CalendarId21_1_, d1_.Id as Id7_0_, d1_.Value as Value7_0_ FROM RoomTypeInventory this_ inner join Calendar d1_ on this_.CalendarId=d1_.Id WHERE this_.RoomTypeId in (@p0) and d1_.Value &gt;= @p1 and d1_.Value &lt;= @p2;@p0 = 1 [Type: Int32 (0)], @p1 = 12-06-2013 00:00:00 [Type: DateTime (0)], @p2 = 15-06-2013 00:00:00 [Type: DateTime (0)]
NHibernate: SELECT this_.Id as Id15_0_, this_.Name as Name15_0_, this_.Description as Descript3_15_0_, this_.HotelId as HotelId15_0_ FROM RateCategories this_ WHERE this_.HotelId in (@p0);@p0 = 1 [Type: Int32 (0)]
NHibernate: SELECT roomtypes0_.HotelId as HotelId1_, roomtypes0_.Id as Id1_, roomtypes0_.Id as Id22_0_, roomtypes0_.BedTypes as BedTypes22_0_, roomtypes0_.RoomView as RoomView22_0_, roomtypes0_.Capacity as Capacity22_0_, roomtypes0_.PhysicalRooms as Physical5_22_0_, roomtypes0_.RoomSize as RoomSize22_0_, roomtypes0_.Quantity as Quantity22_0_, roomtypes0_.Price as Price22_0_, roomtypes0_.Smoking as Smoking22_0_, roomtypes0_.HotelId as HotelId22_0_, roomtypes0_.NameMultiLanguageId as NameMul11_22_0_, roomtypes0_.DescriptionMultiLanguageId as Descrip12_22_0_ FROM RoomTypes roomtypes0_ WHERE roomtypes0_.HotelId=@p0;@p0 = 1 [Type: Int32 (0)]
NHibernate: SELECT items0_.RateCategoryId as RateCate5_1_, items0_.Id as Id1_, items0_.Id as Id16_0_, items0_.RoomTypeId as RoomTypeId16_0_, items0_.Value as Value16_0_, items0_.IsActive as IsActive16_0_, items0_.RateCategoryId as RateCate5_16_0_ FROM RatePrices items0_ WHERE items0_.RateCategoryId=@p0;@p0 = 5 [Type: Int32 (0)]
Ending NH Session</StdOut>
        <DebugTrace>SessionScope Initializing...
SessionScope BeginTransaction
SessionScope EndTransaction
</DebugTrace>
      </Output>
    </UnitTestResult>
  </Results>
</TestRun>