<?xml version="1.0" encoding="UTF-8"?>
<TestRun id="9bfb3944-3cc4-4319-ba81-63c6f29ac842" name="Mark@MACPC 2013-06-12 19:03:38" runUser="MacPc\Mark" xmlns="http://microsoft.com/schemas/VisualStudio/TeamTest/2010">
  <TestSettings name="Local" id="f45b0aff-07a5-4726-a4ce-984b897c8a14">
    <Description>These are default test settings for a local test run.</Description>
    <Deployment enabled="false" runDeploymentRoot="Mark_MACPC 2013-06-12 19_03_38" />
    <Execution>
      <TestTypeSpecific />
      <AgentRule name="Execution Agents">
      </AgentRule>
    </Execution>
  </TestSettings>
  <Times creation="2013-06-12T19:03:38.7119602+02:00" queuing="2013-06-12T19:03:39.1936212+02:00" start="2013-06-12T19:03:39.8257402+02:00" finish="2013-06-12T19:03:46.0912412+02:00" />
  <ResultSummary outcome="Completed">
    <Counters total="1" executed="1" passed="1" error="0" failed="0" timeout="0" aborted="0" inconclusive="0" passedButRunAborted="0" notRunnable="0" notExecuted="0" disconnected="0" warning="0" completed="0" inProgress="0" pending="0" />
  </ResultSummary>
  <TestDefinitions>
    <UnitTest name="TestMethod2" storage="c:\sourcecode\ecohotels\ecohotels.core.tests\bin\release\ecohotels.core.tests.dll" id="e48ea03b-3824-520d-d073-b8714634fb84">
      <Execution timeOut="1800000" id="c44ebce6-06c9-44d1-8222-2afc0fd1f480" />
      <TestMethod codeBase="C:/SourceCode/EcoHotels/EcoHotels.Core.Tests/bin/Release/EcoHotels.Core.Tests.DLL" adapterTypeName="Microsoft.VisualStudio.TestTools.TestTypes.Unit.UnitTestAdapter, Microsoft.VisualStudio.QualityTools.Tips.UnitTest.Adapter, Version=10.0.0.0, Culture=neutral, PublicKeyToken=b03f5f7f11d50a3a" className="EcoHotels.Core.Tests.Integration.Services.SearchServiceTester, EcoHotels.Core.Tests, Version=1.0.0.0, Culture=neutral, PublicKeyToken=null" name="TestMethod2" />
    </UnitTest>
  </TestDefinitions>
  <TestLists>
    <TestList name="Results Not in a List" id="8c84fa94-04c1-424b-9868-57a2d4851a1d" />
    <TestList name="All Loaded Results" id="19431567-8539-422a-85d7-44ee4e166bda" />
  </TestLists>
  <TestEntries>
    <TestEntry testId="e48ea03b-3824-520d-d073-b8714634fb84" executionId="c44ebce6-06c9-44d1-8222-2afc0fd1f480" testListId="8c84fa94-04c1-424b-9868-57a2d4851a1d" />
  </TestEntries>
  <Results>
    <UnitTestResult executionId="c44ebce6-06c9-44d1-8222-2afc0fd1f480" testId="e48ea03b-3824-520d-d073-b8714634fb84" testName="TestMethod2" computerName="MACPC" duration="00:00:05.5086794" startTime="2013-06-12T19:03:40.0621742+02:00" endTime="2013-06-12T19:03:45.9827942+02:00" testType="13cdc9d9-ddb5-4fa4-a97d-d965ccfc6d4b" outcome="Passed" testListId="8c84fa94-04c1-424b-9868-57a2d4851a1d" relativeResultsDirectory="c44ebce6-06c9-44d1-8222-2afc0fd1f480">
      <Output>
        <StdOut>Starting NH Session
NHibernate: SELECT this_.Id as Id7_0_, this_.Value as Value7_0_ FROM Calendar this_ WHERE this_.Value &gt;= @p0 and this_.Value &lt;= @p1;@p0 = 01-06-2013 00:00:00 [Type: DateTime (0)], @p1 = 30-06-2013 00:00:00 [Type: DateTime (0)]
NHibernate: SELECT this_.Id as Id15_0_, this_.Name as Name15_0_, this_.Description as Descript3_15_0_, this_.HotelId as HotelId15_0_ FROM RateCategories this_ WHERE this_.HotelId = @p0;@p0 = 1 [Type: Int32 (0)]
NHibernate: SELECT this_.Id as Id21_1_, this_.Quantity as Quantity21_1_, this_.RateCategoryId as RateCate3_21_1_, this_.RoomTypeId as RoomTypeId21_1_, this_.CalendarId as CalendarId21_1_, d1_.Id as Id7_0_, d1_.Value as Value7_0_ FROM RoomTypeInventory this_ inner join Calendar d1_ on this_.CalendarId=d1_.Id WHERE this_.RoomTypeId = @p0 and d1_.Value &gt;= @p1 and d1_.Value &lt;= @p2;@p0 = 1 [Type: Int32 (0)], @p1 = 01-06-2013 00:00:00 [Type: DateTime (0)], @p2 = 30-06-2013 00:00:00 [Type: DateTime (0)]
NHibernate: INSERT INTO RoomTypeInventory (Quantity, RateCategoryId, RoomTypeId, CalendarId) VALUES (@p0, @p1, @p2, @p3); select SCOPE_IDENTITY();@p0 = 10 [Type: Int32 (0)], @p1 = 5 [Type: Int32 (0)], @p2 = 1 [Type: Int32 (0)], @p3 = 183 [Type: Int32 (0)]
NHibernate: INSERT INTO RoomTypeInventory (Quantity, RateCategoryId, RoomTypeId, CalendarId) VALUES (@p0, @p1, @p2, @p3); select SCOPE_IDENTITY();@p0 = 10 [Type: Int32 (0)], @p1 = 5 [Type: Int32 (0)], @p2 = 1 [Type: Int32 (0)], @p3 = 184 [Type: Int32 (0)]
NHibernate: INSERT INTO RoomTypeInventory (Quantity, RateCategoryId, RoomTypeId, CalendarId) VALUES (@p0, @p1, @p2, @p3); select SCOPE_IDENTITY();@p0 = 10 [Type: Int32 (0)], @p1 = 5 [Type: Int32 (0)], @p2 = 1 [Type: Int32 (0)], @p3 = 185 [Type: Int32 (0)]
NHibernate: INSERT INTO RoomTypeInventory (Quantity, RateCategoryId, RoomTypeId, CalendarId) VALUES (@p0, @p1, @p2, @p3); select SCOPE_IDENTITY();@p0 = 10 [Type: Int32 (0)], @p1 = 5 [Type: Int32 (0)], @p2 = 1 [Type: Int32 (0)], @p3 = 186 [Type: Int32 (0)]
NHibernate: INSERT INTO RoomTypeInventory (Quantity, RateCategoryId, RoomTypeId, CalendarId) VALUES (@p0, @p1, @p2, @p3); select SCOPE_IDENTITY();@p0 = 10 [Type: Int32 (0)], @p1 = 5 [Type: Int32 (0)], @p2 = 1 [Type: Int32 (0)], @p3 = 187 [Type: Int32 (0)]
NHibernate: INSERT INTO RoomTypeInventory (Quantity, RateCategoryId, RoomTypeId, CalendarId) VALUES (@p0, @p1, @p2, @p3); select SCOPE_IDENTITY();@p0 = 10 [Type: Int32 (0)], @p1 = 5 [Type: Int32 (0)], @p2 = 1 [Type: Int32 (0)], @p3 = 188 [Type: Int32 (0)]
NHibernate: INSERT INTO RoomTypeInventory (Quantity, RateCategoryId, RoomTypeId, CalendarId) VALUES (@p0, @p1, @p2, @p3); select SCOPE_IDENTITY();@p0 = 10 [Type: Int32 (0)], @p1 = 5 [Type: Int32 (0)], @p2 = 1 [Type: Int32 (0)], @p3 = 189 [Type: Int32 (0)]
NHibernate: INSERT INTO RoomTypeInventory (Quantity, RateCategoryId, RoomTypeId, CalendarId) VALUES (@p0, @p1, @p2, @p3); select SCOPE_IDENTITY();@p0 = 10 [Type: Int32 (0)], @p1 = 5 [Type: Int32 (0)], @p2 = 1 [Type: Int32 (0)], @p3 = 190 [Type: Int32 (0)]
NHibernate: INSERT INTO RoomTypeInventory (Quantity, RateCategoryId, RoomTypeId, CalendarId) VALUES (@p0, @p1, @p2, @p3); select SCOPE_IDENTITY();@p0 = 10 [Type: Int32 (0)], @p1 = 5 [Type: Int32 (0)], @p2 = 1 [Type: Int32 (0)], @p3 = 191 [Type: Int32 (0)]
NHibernate: INSERT INTO RoomTypeInventory (Quantity, RateCategoryId, RoomTypeId, CalendarId) VALUES (@p0, @p1, @p2, @p3); select SCOPE_IDENTITY();@p0 = 10 [Type: Int32 (0)], @p1 = 5 [Type: Int32 (0)], @p2 = 1 [Type: Int32 (0)], @p3 = 192 [Type: Int32 (0)]
NHibernate: INSERT INTO RoomTypeInventory (Quantity, RateCategoryId, RoomTypeId, CalendarId) VALUES (@p0, @p1, @p2, @p3); select SCOPE_IDENTITY();@p0 = 10 [Type: Int32 (0)], @p1 = 5 [Type: Int32 (0)], @p2 = 1 [Type: Int32 (0)], @p3 = 193 [Type: Int32 (0)]
NHibernate: INSERT INTO RoomTypeInventory (Quantity, RateCategoryId, RoomTypeId, CalendarId) VALUES (@p0, @p1, @p2, @p3); select SCOPE_IDENTITY();@p0 = 10 [Type: Int32 (0)], @p1 = 5 [Type: Int32 (0)], @p2 = 1 [Type: Int32 (0)], @p3 = 194 [Type: Int32 (0)]
NHibernate: INSERT INTO RoomTypeInventory (Quantity, RateCategoryId, RoomTypeId, CalendarId) VALUES (@p0, @p1, @p2, @p3); select SCOPE_IDENTITY();@p0 = 10 [Type: Int32 (0)], @p1 = 5 [Type: Int32 (0)], @p2 = 1 [Type: Int32 (0)], @p3 = 195 [Type: Int32 (0)]
NHibernate: INSERT INTO RoomTypeInventory (Quantity, RateCategoryId, RoomTypeId, CalendarId) VALUES (@p0, @p1, @p2, @p3); select SCOPE_IDENTITY();@p0 = 10 [Type: Int32 (0)], @p1 = 5 [Type: Int32 (0)], @p2 = 1 [Type: Int32 (0)], @p3 = 196 [Type: Int32 (0)]
NHibernate: INSERT INTO RoomTypeInventory (Quantity, RateCategoryId, RoomTypeId, CalendarId) VALUES (@p0, @p1, @p2, @p3); select SCOPE_IDENTITY();@p0 = 10 [Type: Int32 (0)], @p1 = 5 [Type: Int32 (0)], @p2 = 1 [Type: Int32 (0)], @p3 = 197 [Type: Int32 (0)]
NHibernate: INSERT INTO RoomTypeInventory (Quantity, RateCategoryId, RoomTypeId, CalendarId) VALUES (@p0, @p1, @p2, @p3); select SCOPE_IDENTITY();@p0 = 10 [Type: Int32 (0)], @p1 = 5 [Type: Int32 (0)], @p2 = 1 [Type: Int32 (0)], @p3 = 198 [Type: Int32 (0)]
NHibernate: INSERT INTO RoomTypeInventory (Quantity, RateCategoryId, RoomTypeId, CalendarId) VALUES (@p0, @p1, @p2, @p3); select SCOPE_IDENTITY();@p0 = 10 [Type: Int32 (0)], @p1 = 5 [Type: Int32 (0)], @p2 = 1 [Type: Int32 (0)], @p3 = 199 [Type: Int32 (0)]
NHibernate: INSERT INTO RoomTypeInventory (Quantity, RateCategoryId, RoomTypeId, CalendarId) VALUES (@p0, @p1, @p2, @p3); select SCOPE_IDENTITY();@p0 = 10 [Type: Int32 (0)], @p1 = 5 [Type: Int32 (0)], @p2 = 1 [Type: Int32 (0)], @p3 = 200 [Type: Int32 (0)]
NHibernate: INSERT INTO RoomTypeInventory (Quantity, RateCategoryId, RoomTypeId, CalendarId) VALUES (@p0, @p1, @p2, @p3); select SCOPE_IDENTITY();@p0 = 10 [Type: Int32 (0)], @p1 = 5 [Type: Int32 (0)], @p2 = 1 [Type: Int32 (0)], @p3 = 201 [Type: Int32 (0)]
NHibernate: INSERT INTO RoomTypeInventory (Quantity, RateCategoryId, RoomTypeId, CalendarId) VALUES (@p0, @p1, @p2, @p3); select SCOPE_IDENTITY();@p0 = 10 [Type: Int32 (0)], @p1 = 5 [Type: Int32 (0)], @p2 = 1 [Type: Int32 (0)], @p3 = 202 [Type: Int32 (0)]
NHibernate: INSERT INTO RoomTypeInventory (Quantity, RateCategoryId, RoomTypeId, CalendarId) VALUES (@p0, @p1, @p2, @p3); select SCOPE_IDENTITY();@p0 = 10 [Type: Int32 (0)], @p1 = 5 [Type: Int32 (0)], @p2 = 1 [Type: Int32 (0)], @p3 = 203 [Type: Int32 (0)]
NHibernate: INSERT INTO RoomTypeInventory (Quantity, RateCategoryId, RoomTypeId, CalendarId) VALUES (@p0, @p1, @p2, @p3); select SCOPE_IDENTITY();@p0 = 10 [Type: Int32 (0)], @p1 = 5 [Type: Int32 (0)], @p2 = 1 [Type: Int32 (0)], @p3 = 204 [Type: Int32 (0)]
NHibernate: INSERT INTO RoomTypeInventory (Quantity, RateCategoryId, RoomTypeId, CalendarId) VALUES (@p0, @p1, @p2, @p3); select SCOPE_IDENTITY();@p0 = 10 [Type: Int32 (0)], @p1 = 5 [Type: Int32 (0)], @p2 = 1 [Type: Int32 (0)], @p3 = 205 [Type: Int32 (0)]
NHibernate: INSERT INTO RoomTypeInventory (Quantity, RateCategoryId, RoomTypeId, CalendarId) VALUES (@p0, @p1, @p2, @p3); select SCOPE_IDENTITY();@p0 = 10 [Type: Int32 (0)], @p1 = 5 [Type: Int32 (0)], @p2 = 1 [Type: Int32 (0)], @p3 = 206 [Type: Int32 (0)]
NHibernate: INSERT INTO RoomTypeInventory (Quantity, RateCategoryId, RoomTypeId, CalendarId) VALUES (@p0, @p1, @p2, @p3); select SCOPE_IDENTITY();@p0 = 10 [Type: Int32 (0)], @p1 = 5 [Type: Int32 (0)], @p2 = 1 [Type: Int32 (0)], @p3 = 207 [Type: Int32 (0)]
NHibernate: INSERT INTO RoomTypeInventory (Quantity, RateCategoryId, RoomTypeId, CalendarId) VALUES (@p0, @p1, @p2, @p3); select SCOPE_IDENTITY();@p0 = 10 [Type: Int32 (0)], @p1 = 5 [Type: Int32 (0)], @p2 = 1 [Type: Int32 (0)], @p3 = 208 [Type: Int32 (0)]
NHibernate: INSERT INTO RoomTypeInventory (Quantity, RateCategoryId, RoomTypeId, CalendarId) VALUES (@p0, @p1, @p2, @p3); select SCOPE_IDENTITY();@p0 = 10 [Type: Int32 (0)], @p1 = 5 [Type: Int32 (0)], @p2 = 1 [Type: Int32 (0)], @p3 = 209 [Type: Int32 (0)]
NHibernate: INSERT INTO RoomTypeInventory (Quantity, RateCategoryId, RoomTypeId, CalendarId) VALUES (@p0, @p1, @p2, @p3); select SCOPE_IDENTITY();@p0 = 10 [Type: Int32 (0)], @p1 = 5 [Type: Int32 (0)], @p2 = 1 [Type: Int32 (0)], @p3 = 210 [Type: Int32 (0)]
NHibernate: INSERT INTO RoomTypeInventory (Quantity, RateCategoryId, RoomTypeId, CalendarId) VALUES (@p0, @p1, @p2, @p3); select SCOPE_IDENTITY();@p0 = 10 [Type: Int32 (0)], @p1 = 5 [Type: Int32 (0)], @p2 = 1 [Type: Int32 (0)], @p3 = 211 [Type: Int32 (0)]
NHibernate: INSERT INTO RoomTypeInventory (Quantity, RateCategoryId, RoomTypeId, CalendarId) VALUES (@p0, @p1, @p2, @p3); select SCOPE_IDENTITY();@p0 = 10 [Type: Int32 (0)], @p1 = 5 [Type: Int32 (0)], @p2 = 1 [Type: Int32 (0)], @p3 = 212 [Type: Int32 (0)]
Ending NH Session</StdOut>
        <DebugTrace>SessionScope Initializing...
SessionScope BeginTransaction
SessionScope EndTransaction
</DebugTrace>
      </Output>
    </UnitTestResult>
  </Results>
</TestRun>