<?xml version="1.0" encoding="UTF-8"?>
<TestRun id="df63fd7c-029b-46db-9012-7c1264702874" name="Mark@MACPC 2012-09-19 14:18:28" runUser="MacPc\Mark" xmlns="http://microsoft.com/schemas/VisualStudio/TeamTest/2010">
  <TestSettings name="Local" id="f45b0aff-07a5-4726-a4ce-984b897c8a14">
    <Description>These are default test settings for a local test run.</Description>
    <Deployment enabled="false" runDeploymentRoot="Mark_MACPC 2012-09-19 14_18_28" />
    <Execution>
      <TestTypeSpecific />
      <AgentRule name="Execution Agents">
      </AgentRule>
    </Execution>
  </TestSettings>
  <Times creation="2012-09-19T14:18:28.0787386+02:00" queuing="2012-09-19T14:18:28.9690589+02:00" start="2012-09-19T14:18:29.6336229+02:00" finish="2012-09-19T14:18:37.6983025+02:00" />
  <ResultSummary outcome="Completed">
    <Counters total="1" executed="1" passed="1" error="0" failed="0" timeout="0" aborted="0" inconclusive="0" passedButRunAborted="0" notRunnable="0" notExecuted="0" disconnected="0" warning="0" completed="0" inProgress="0" pending="0" />
  </ResultSummary>
  <TestDefinitions>
    <UnitTest name="TestMethod1" storage="c:\sourcecode\ecohotels\ecohotels.core.tests\bin\release\ecohotels.core.tests.dll" id="31853b94-b4e6-faf6-dab5-9fbef20709e9">
      <Execution timeOut="1800000" id="1e4d4180-e012-42ee-ad16-6ca77ca1a3ce" />
      <TestMethod codeBase="C:/SourceCode/EcoHotels/EcoHotels.Core.Tests/bin/Release/EcoHotels.Core.Tests.DLL" adapterTypeName="Microsoft.VisualStudio.TestTools.TestTypes.Unit.UnitTestAdapter, Microsoft.VisualStudio.QualityTools.Tips.UnitTest.Adapter, Version=10.0.0.0, Culture=neutral, PublicKeyToken=b03f5f7f11d50a3a" className="EcoHotels.Core.Tests.Integration.Repositories.Ip2LocationRepoTester, EcoHotels.Core.Tests, Version=1.0.0.0, Culture=neutral, PublicKeyToken=null" name="TestMethod1" />
    </UnitTest>
  </TestDefinitions>
  <TestLists>
    <TestList name="Results Not in a List" id="8c84fa94-04c1-424b-9868-57a2d4851a1d" />
    <TestList name="All Loaded Results" id="19431567-8539-422a-85d7-44ee4e166bda" />
  </TestLists>
  <TestEntries>
    <TestEntry testId="31853b94-b4e6-faf6-dab5-9fbef20709e9" executionId="1e4d4180-e012-42ee-ad16-6ca77ca1a3ce" testListId="8c84fa94-04c1-424b-9868-57a2d4851a1d" />
  </TestEntries>
  <Results>
    <UnitTestResult executionId="1e4d4180-e012-42ee-ad16-6ca77ca1a3ce" testId="31853b94-b4e6-faf6-dab5-9fbef20709e9" testName="TestMethod1" computerName="MACPC" duration="00:00:06.0596559" startTime="2012-09-19T14:18:30.3060053+02:00" endTime="2012-09-19T14:18:37.3728616+02:00" testType="13cdc9d9-ddb5-4fa4-a97d-d965ccfc6d4b" outcome="Passed" testListId="8c84fa94-04c1-424b-9868-57a2d4851a1d" relativeResultsDirectory="1e4d4180-e012-42ee-ad16-6ca77ca1a3ce">
      <Output>
        <StdOut>NHibernate: SELECT TOP (@p0)  ip.countrySHORT FROM IP2Location ip WHERE ipFROM &lt;= @p1 AND @p1 &lt;= ipTO;@p0 = 1 [Type: Int32 (0)], @p1 = 16776331264 [Type: Double (0)]</StdOut>
      </Output>
    </UnitTestResult>
  </Results>
</TestRun>